[0.215s] Invoking command in '/home/vboxuser/turtlebot3_ws/build/custom_interface': CMAKE_PREFIX_PATH=${CMAKE_PREFIX_PATH}:/home/vboxuser/turtlebot3_ws/install/show_msg:/home/vboxuser/turtlebot3_ws/install/my_first_subscriber:/home/vboxuser/turtlebot3_ws/install/my_first_service:/home/vboxuser/turtlebot3_ws/install/my_first_publisher:/home/vboxuser/turtlebot3_ws/install/my_first_node:/opt/ros/galactic /usr/bin/cmake --build /home/vboxuser/turtlebot3_ws/build/custom_interface -- -j4 -l4
[0.396s] -- Found ament_cmake: 1.1.6 (/opt/ros/galactic/share/ament_cmake/cmake)
[0.449s] -- Found PythonInterp: /usr/bin/python3 (found suitable version "3.8.10", minimum required is "3") 
[0.449s] -- Using PYTHON_EXECUTABLE: /usr/bin/python3
[0.607s] -- Found rclcpp: 9.2.2 (/opt/ros/galactic/share/rclcpp/cmake)
[0.727s] -- Using all available rosidl_typesupport_c: rosidl_typesupport_fastrtps_c;rosidl_typesupport_introspection_c
[0.741s] -- Found rosidl_adapter: 2.2.3 (/opt/ros/galactic/share/rosidl_adapter/cmake)
[0.961s] -- Using all available rosidl_typesupport_cpp: rosidl_typesupport_fastrtps_cpp;rosidl_typesupport_introspection_cpp
[1.087s] -- Found rmw_implementation_cmake: 3.3.1 (/opt/ros/galactic/share/rmw_implementation_cmake/cmake)
[1.096s] -- Found rmw_cyclonedds_cpp: 0.22.6 (/opt/ros/galactic/share/rmw_cyclonedds_cpp/cmake)
[1.132s] -- Using RMW implementation 'rmw_cyclonedds_cpp' as default
[1.372s] -- Found rosidl_default_generators: 1.1.1 (/opt/ros/galactic/share/rosidl_default_generators/cmake)
[1.402s] -- Found ament_lint_auto: 0.10.7 (/opt/ros/galactic/share/ament_lint_auto/cmake)
[1.549s] -- Found PythonInterp: /usr/bin/python3 (found version "3.8.10") 
[1.766s] -- Found ament_cmake_ros: 0.9.2 (/opt/ros/galactic/share/ament_cmake_ros/cmake)
[1.975s] -- Using all available rosidl_typesupport_c: rosidl_typesupport_fastrtps_c;rosidl_typesupport_introspection_c
[2.012s] -- Using all available rosidl_typesupport_cpp: rosidl_typesupport_fastrtps_cpp;rosidl_typesupport_introspection_cpp
[2.049s] -- Found PythonInterp: /usr/bin/python3 (found suitable version "3.8.10", minimum required is "3.5") 
[2.052s] -- Found python_cmake_module: 0.8.1 (/opt/ros/galactic/share/python_cmake_module/cmake)
[2.092s] -- Using PYTHON_EXECUTABLE: /usr/bin/python3
[2.092s] -- Using PYTHON_INCLUDE_DIRS: /usr/include/python3.8
[2.092s] -- Using PYTHON_LIBRARIES: /usr/lib/x86_64-linux-gnu/libpython3.8.so
[2.146s] -- Added test 'copyright' to check source files copyright and LICENSE
[2.152s] -- Added test 'lint_cmake' to check CMake code style
[2.154s] -- Added test 'xmllint' to check XML markup files
[2.178s] -- Configuring done
[2.266s] -- Generating done
[2.272s] -- Build files have been written to: /home/vboxuser/turtlebot3_ws/build/custom_interface
[2.309s] [  2%] [34m[1mGenerating C code for ROS interfaces[0m
[2.312s] [35m[1mScanning dependencies of target custom_interface__cpp[0m
[2.333s] [  4%] [34m[1mGenerating C++ code for ROS interfaces[0m
[2.863s] [  4%] Built target custom_interface__cpp
[2.896s] [  6%] [34m[1mGenerating C++ introspection for ROS interfaces[0m
[2.898s] [  8%] [34m[1mGenerating C++ type support dispatch for ROS interfaces[0m
[2.900s] [35m[1mScanning dependencies of target custom_interface__rosidl_generator_c[0m
[2.909s] [ 10%] [34m[1mGenerating C++ type support for eProsima Fast-RTPS[0m
[2.928s] [ 12%] [32mBuilding C object CMakeFiles/custom_interface__rosidl_generator_c.dir/rosidl_generator_c/custom_interface/msg/detail/distvel__functions.c.o[0m
[3.141s] [ 14%] [32mBuilding C object CMakeFiles/custom_interface__rosidl_generator_c.dir/rosidl_generator_c/custom_interface/srv/detail/my_move_msg__functions.c.o[0m
[3.210s] [ 17%] [32mBuilding C object CMakeFiles/custom_interface__rosidl_generator_c.dir/rosidl_generator_c/custom_interface/action/detail/move__functions.c.o[0m
[3.286s] [35m[1mScanning dependencies of target custom_interface__rosidl_typesupport_cpp[0m
[3.320s] [ 19%] [32mBuilding CXX object CMakeFiles/custom_interface__rosidl_typesupport_cpp.dir/rosidl_typesupport_cpp/custom_interface/msg/distvel__type_support.cpp.o[0m
[3.332s] [35m[1mScanning dependencies of target custom_interface__rosidl_typesupport_introspection_cpp[0m
[3.345s] [ 21%] [32m[1mLinking C shared library libcustom_interface__rosidl_generator_c.so[0m
[3.361s] [ 23%] [32mBuilding CXX object CMakeFiles/custom_interface__rosidl_typesupport_introspection_cpp.dir/rosidl_typesupport_introspection_cpp/custom_interface/msg/detail/distvel__type_support.cpp.o[0m
[3.451s] [ 23%] Built target custom_interface__rosidl_generator_c
[3.462s] [35m[1mScanning dependencies of target custom_interface__rosidl_typesupport_fastrtps_cpp[0m
[3.466s] [ 25%] [32mBuilding CXX object CMakeFiles/custom_interface__rosidl_typesupport_cpp.dir/rosidl_typesupport_cpp/custom_interface/srv/my_move_msg__type_support.cpp.o[0m
[3.502s] [ 27%] [32mBuilding CXX object CMakeFiles/custom_interface__rosidl_typesupport_fastrtps_cpp.dir/rosidl_typesupport_fastrtps_cpp/custom_interface/msg/detail/dds_fastrtps/distvel__type_support.cpp.o[0m
[3.852s] [ 29%] [32mBuilding CXX object CMakeFiles/custom_interface__rosidl_typesupport_introspection_cpp.dir/rosidl_typesupport_introspection_cpp/custom_interface/action/detail/move__type_support.cpp.o[0m
[3.852s] [ 31%] [32mBuilding CXX object CMakeFiles/custom_interface__rosidl_typesupport_cpp.dir/rosidl_typesupport_cpp/custom_interface/action/move__type_support.cpp.o[0m
[3.856s] [ 34%] [32mBuilding CXX object CMakeFiles/custom_interface__rosidl_typesupport_introspection_cpp.dir/rosidl_typesupport_introspection_cpp/custom_interface/srv/detail/my_move_msg__type_support.cpp.o[0m
[4.018s] [ 36%] [32mBuilding CXX object CMakeFiles/custom_interface__rosidl_typesupport_fastrtps_cpp.dir/rosidl_typesupport_fastrtps_cpp/custom_interface/srv/detail/dds_fastrtps/my_move_msg__type_support.cpp.o[0m
[4.158s] [ 38%] [32mBuilding CXX object CMakeFiles/custom_interface__rosidl_typesupport_fastrtps_cpp.dir/rosidl_typesupport_fastrtps_cpp/custom_interface/action/detail/dds_fastrtps/move__type_support.cpp.o[0m
[4.407s] [ 40%] [32m[1mLinking CXX shared library libcustom_interface__rosidl_typesupport_introspection_cpp.so[0m
[4.413s] [ 42%] [32m[1mLinking CXX shared library libcustom_interface__rosidl_typesupport_cpp.so[0m
[4.459s] [ 42%] Built target custom_interface__rosidl_typesupport_cpp
[4.480s] [ 44%] [34m[1mGenerating C introspection for ROS interfaces[0m
[4.500s] [ 44%] Built target custom_interface__rosidl_typesupport_introspection_cpp
[4.519s] [ 46%] [34m[1mGenerating C type support dispatch for ROS interfaces[0m
[4.853s] [35m[1mScanning dependencies of target custom_interface__rosidl_typesupport_c[0m
[4.856s] [ 48%] [32m[1mLinking CXX shared library libcustom_interface__rosidl_typesupport_fastrtps_cpp.so[0m
[4.891s] [ 51%] [32mBuilding CXX object CMakeFiles/custom_interface__rosidl_typesupport_c.dir/rosidl_typesupport_c/custom_interface/msg/distvel__type_support.cpp.o[0m
[4.894s] [ 53%] [32mBuilding CXX object CMakeFiles/custom_interface__rosidl_typesupport_c.dir/rosidl_typesupport_c/custom_interface/srv/my_move_msg__type_support.cpp.o[0m
[4.902s] [35m[1mScanning dependencies of target custom_interface__rosidl_typesupport_introspection_c[0m
[4.930s] [ 57%] [32mBuilding C object CMakeFiles/custom_interface__rosidl_typesupport_introspection_c.dir/rosidl_typesupport_introspection_c/custom_interface/msg/detail/distvel__type_support.c.o[0m
[4.930s] [ 57%] [32mBuilding CXX object CMakeFiles/custom_interface__rosidl_typesupport_c.dir/rosidl_typesupport_c/custom_interface/action/move__type_support.cpp.o[0m
[4.950s] [ 59%] [32mBuilding C object CMakeFiles/custom_interface__rosidl_typesupport_introspection_c.dir/rosidl_typesupport_introspection_c/custom_interface/srv/detail/my_move_msg__type_support.c.o[0m
[4.963s] [ 61%] [32mBuilding C object CMakeFiles/custom_interface__rosidl_typesupport_introspection_c.dir/rosidl_typesupport_introspection_c/custom_interface/action/detail/move__type_support.c.o[0m
[4.978s] [ 63%] [32m[1mLinking CXX shared library libcustom_interface__rosidl_typesupport_c.so[0m
[4.980s] [ 63%] Built target custom_interface__rosidl_typesupport_fastrtps_cpp
[4.994s] [ 65%] [34m[1mGenerating C type support for eProsima Fast-RTPS[0m
[5.010s] [ 68%] [32m[1mLinking C shared library libcustom_interface__rosidl_typesupport_introspection_c.so[0m
[5.026s] [ 68%] Built target custom_interface__rosidl_typesupport_c
[5.052s] [ 68%] Built target custom_interface__rosidl_typesupport_introspection_c
[5.398s] [35m[1mScanning dependencies of target custom_interface__rosidl_typesupport_fastrtps_c[0m
[5.421s] [ 70%] [32mBuilding CXX object CMakeFiles/custom_interface__rosidl_typesupport_fastrtps_c.dir/rosidl_typesupport_fastrtps_c/custom_interface/srv/detail/my_move_msg__type_support_c.cpp.o[0m
[5.422s] [ 72%] [32mBuilding CXX object CMakeFiles/custom_interface__rosidl_typesupport_fastrtps_c.dir/rosidl_typesupport_fastrtps_c/custom_interface/msg/detail/distvel__type_support_c.cpp.o[0m
[5.429s] [ 74%] [32mBuilding CXX object CMakeFiles/custom_interface__rosidl_typesupport_fastrtps_c.dir/rosidl_typesupport_fastrtps_c/custom_interface/action/detail/move__type_support_c.cpp.o[0m
[5.827s] [ 76%] [32m[1mLinking CXX shared library libcustom_interface__rosidl_typesupport_fastrtps_c.so[0m
[5.920s] [ 76%] Built target custom_interface__rosidl_typesupport_fastrtps_c
[5.956s] [ 76%] Built target custom_interface
[5.979s] [35m[1mScanning dependencies of target custom_interface__py[0m
[6.004s] [ 78%] [34m[1mGenerating Python code for ROS interfaces[0m
[7.157s] [ 78%] Built target custom_interface__py
[7.176s] [35m[1mScanning dependencies of target custom_interface__python[0m
[7.198s] [ 80%] [32mBuilding C object CMakeFiles/custom_interface__python.dir/rosidl_generator_py/custom_interface/msg/_distvel_s.c.o[0m
[7.200s] [ 82%] [32mBuilding C object CMakeFiles/custom_interface__python.dir/rosidl_generator_py/custom_interface/srv/_my_move_msg_s.c.o[0m
[7.206s] [ 85%] [32mBuilding C object CMakeFiles/custom_interface__python.dir/rosidl_generator_py/custom_interface/action/_move_s.c.o[0m
[7.460s] [ 87%] [32m[1mLinking C shared library rosidl_generator_py/custom_interface/libcustom_interface__python.so[0m
[7.533s] [ 87%] Built target custom_interface__python
[7.551s] [35m[1mScanning dependencies of target custom_interface__rosidl_typesupport_introspection_c__pyext[0m
[7.551s] [35m[1mScanning dependencies of target custom_interface__rosidl_typesupport_c__pyext[0m
[7.551s] [35m[1mScanning dependencies of target custom_interface__rosidl_typesupport_fastrtps_c__pyext[0m
[7.580s] [ 89%] [32mBuilding C object CMakeFiles/custom_interface__rosidl_typesupport_c__pyext.dir/rosidl_generator_py/custom_interface/_custom_interface_s.ep.rosidl_typesupport_c.c.o[0m
[7.581s] [ 91%] [32mBuilding C object CMakeFiles/custom_interface__rosidl_typesupport_fastrtps_c__pyext.dir/rosidl_generator_py/custom_interface/_custom_interface_s.ep.rosidl_typesupport_fastrtps_c.c.o[0m
[7.592s] [ 93%] [32mBuilding C object CMakeFiles/custom_interface__rosidl_typesupport_introspection_c__pyext.dir/rosidl_generator_py/custom_interface/_custom_interface_s.ep.rosidl_typesupport_introspection_c.c.o[0m
[7.807s] [ 95%] [32m[1mLinking CXX shared library rosidl_generator_py/custom_interface/custom_interface_s__rosidl_typesupport_fastrtps_c.cpython-38-x86_64-linux-gnu.so[0m
[7.829s] [ 97%] [32m[1mLinking C shared library rosidl_generator_py/custom_interface/custom_interface_s__rosidl_typesupport_c.cpython-38-x86_64-linux-gnu.so[0m
[7.852s] [100%] [32m[1mLinking C shared library rosidl_generator_py/custom_interface/custom_interface_s__rosidl_typesupport_introspection_c.cpython-38-x86_64-linux-gnu.so[0m
[7.933s] [100%] Built target custom_interface__rosidl_typesupport_introspection_c__pyext
[7.945s] [100%] Built target custom_interface__rosidl_typesupport_c__pyext
[7.981s] [100%] Built target custom_interface__rosidl_typesupport_fastrtps_c__pyext
[8.004s] Invoked command in '/home/vboxuser/turtlebot3_ws/build/custom_interface' returned '0': CMAKE_PREFIX_PATH=${CMAKE_PREFIX_PATH}:/home/vboxuser/turtlebot3_ws/install/show_msg:/home/vboxuser/turtlebot3_ws/install/my_first_subscriber:/home/vboxuser/turtlebot3_ws/install/my_first_service:/home/vboxuser/turtlebot3_ws/install/my_first_publisher:/home/vboxuser/turtlebot3_ws/install/my_first_node:/opt/ros/galactic /usr/bin/cmake --build /home/vboxuser/turtlebot3_ws/build/custom_interface -- -j4 -l4
[8.212s] Invoking command in '/home/vboxuser/turtlebot3_ws/build/custom_interface': CMAKE_PREFIX_PATH=${CMAKE_PREFIX_PATH}:/home/vboxuser/turtlebot3_ws/install/show_msg:/home/vboxuser/turtlebot3_ws/install/my_first_subscriber:/home/vboxuser/turtlebot3_ws/install/my_first_service:/home/vboxuser/turtlebot3_ws/install/my_first_publisher:/home/vboxuser/turtlebot3_ws/install/my_first_node:/opt/ros/galactic /usr/bin/cmake --install /home/vboxuser/turtlebot3_ws/build/custom_interface
[8.226s] -- Install configuration: ""
[8.227s] -- Installing: /home/vboxuser/turtlebot3_ws/install/custom_interface/share/ament_index/resource_index/rosidl_interfaces/custom_interface
[8.227s] -- Up-to-date: /home/vboxuser/turtlebot3_ws/install/custom_interface/include/custom_interface
[8.227s] -- Installing: /home/vboxuser/turtlebot3_ws/install/custom_interface/include/custom_interface/action
[8.227s] -- Installing: /home/vboxuser/turtlebot3_ws/install/custom_interface/include/custom_interface/action/move.h
[8.227s] -- Installing: /home/vboxuser/turtlebot3_ws/install/custom_interface/include/custom_interface/action/detail
[8.227s] -- Installing: /home/vboxuser/turtlebot3_ws/install/custom_interface/include/custom_interface/action/detail/move__functions.h
[8.227s] -- Installing: /home/vboxuser/turtlebot3_ws/install/custom_interface/include/custom_interface/action/detail/move__struct.h
[8.228s] -- Installing: /home/vboxuser/turtlebot3_ws/install/custom_interface/include/custom_interface/action/detail/move__type_support.h
[8.228s] -- Installing: /home/vboxuser/turtlebot3_ws/install/custom_interface/include/custom_interface/action/detail/move__functions.c
[8.228s] -- Up-to-date: /home/vboxuser/turtlebot3_ws/install/custom_interface/include/custom_interface/srv
[8.228s] -- Installing: /home/vboxuser/turtlebot3_ws/install/custom_interface/include/custom_interface/srv/my_move_msg.h
[8.228s] -- Up-to-date: /home/vboxuser/turtlebot3_ws/install/custom_interface/include/custom_interface/srv/detail
[8.228s] -- Installing: /home/vboxuser/turtlebot3_ws/install/custom_interface/include/custom_interface/srv/detail/my_move_msg__functions.h
[8.229s] -- Installing: /home/vboxuser/turtlebot3_ws/install/custom_interface/include/custom_interface/srv/detail/my_move_msg__functions.c
[8.229s] -- Installing: /home/vboxuser/turtlebot3_ws/install/custom_interface/include/custom_interface/srv/detail/my_move_msg__struct.h
[8.229s] -- Installing: /home/vboxuser/turtlebot3_ws/install/custom_interface/include/custom_interface/srv/detail/my_move_msg__type_support.h
[8.229s] -- Up-to-date: /home/vboxuser/turtlebot3_ws/install/custom_interface/include/custom_interface/msg
[8.229s] -- Installing: /home/vboxuser/turtlebot3_ws/install/custom_interface/include/custom_interface/msg/distvel.h
[8.229s] -- Up-to-date: /home/vboxuser/turtlebot3_ws/install/custom_interface/include/custom_interface/msg/rosidl_generator_c__visibility_control.h
[8.230s] -- Up-to-date: /home/vboxuser/turtlebot3_ws/install/custom_interface/include/custom_interface/msg/detail
[8.230s] -- Installing: /home/vboxuser/turtlebot3_ws/install/custom_interface/include/custom_interface/msg/detail/distvel__struct.h
[8.230s] -- Installing: /home/vboxuser/turtlebot3_ws/install/custom_interface/include/custom_interface/msg/detail/distvel__functions.c
[8.230s] -- Installing: /home/vboxuser/turtlebot3_ws/install/custom_interface/include/custom_interface/msg/detail/distvel__functions.h
[8.230s] -- Installing: /home/vboxuser/turtlebot3_ws/install/custom_interface/include/custom_interface/msg/detail/distvel__type_support.h
[8.230s] -- Up-to-date: /home/vboxuser/turtlebot3_ws/install/custom_interface/share/custom_interface/environment/library_path.sh
[8.230s] -- Installing: /home/vboxuser/turtlebot3_ws/install/custom_interface/share/custom_interface/environment/library_path.dsv
[8.265s] -- Installing: /home/vboxuser/turtlebot3_ws/install/custom_interface/lib/libcustom_interface__rosidl_generator_c.so
[8.266s] -- Set runtime path of "/home/vboxuser/turtlebot3_ws/install/custom_interface/lib/libcustom_interface__rosidl_generator_c.so" to ""
[8.266s] -- Up-to-date: /home/vboxuser/turtlebot3_ws/install/custom_interface/include/custom_interface
[8.267s] -- Up-to-date: /home/vboxuser/turtlebot3_ws/install/custom_interface/include/custom_interface/action
[8.267s] -- Up-to-date: /home/vboxuser/turtlebot3_ws/install/custom_interface/include/custom_interface/action/detail
[8.267s] -- Installing: /home/vboxuser/turtlebot3_ws/install/custom_interface/include/custom_interface/action/detail/move__rosidl_typesupport_fastrtps_c.h
[8.267s] -- Up-to-date: /home/vboxuser/turtlebot3_ws/install/custom_interface/include/custom_interface/srv
[8.267s] -- Up-to-date: /home/vboxuser/turtlebot3_ws/install/custom_interface/include/custom_interface/srv/detail
[8.267s] -- Installing: /home/vboxuser/turtlebot3_ws/install/custom_interface/include/custom_interface/srv/detail/my_move_msg__rosidl_typesupport_fastrtps_c.h
[8.267s] -- Up-to-date: /home/vboxuser/turtlebot3_ws/install/custom_interface/include/custom_interface/msg
[8.267s] -- Up-to-date: /home/vboxuser/turtlebot3_ws/install/custom_interface/include/custom_interface/msg/rosidl_typesupport_fastrtps_c__visibility_control.h
[8.267s] -- Up-to-date: /home/vboxuser/turtlebot3_ws/install/custom_interface/include/custom_interface/msg/detail
[8.268s] -- Installing: /home/vboxuser/turtlebot3_ws/install/custom_interface/include/custom_interface/msg/detail/distvel__rosidl_typesupport_fastrtps_c.h
[8.271s] -- Installing: /home/vboxuser/turtlebot3_ws/install/custom_interface/lib/libcustom_interface__rosidl_typesupport_fastrtps_c.so
[8.271s] -- Set runtime path of "/home/vboxuser/turtlebot3_ws/install/custom_interface/lib/libcustom_interface__rosidl_typesupport_fastrtps_c.so" to ""
[8.271s] -- Up-to-date: /home/vboxuser/turtlebot3_ws/install/custom_interface/include/custom_interface
[8.272s] -- Up-to-date: /home/vboxuser/turtlebot3_ws/install/custom_interface/include/custom_interface/action
[8.272s] -- Up-to-date: /home/vboxuser/turtlebot3_ws/install/custom_interface/include/custom_interface/action/detail
[8.272s] -- Installing: /home/vboxuser/turtlebot3_ws/install/custom_interface/include/custom_interface/action/detail/move__rosidl_typesupport_fastrtps_cpp.hpp
[8.272s] -- Installing: /home/vboxuser/turtlebot3_ws/install/custom_interface/include/custom_interface/action/detail/dds_fastrtps
[8.272s] -- Up-to-date: /home/vboxuser/turtlebot3_ws/install/custom_interface/include/custom_interface/srv
[8.272s] -- Up-to-date: /home/vboxuser/turtlebot3_ws/install/custom_interface/include/custom_interface/srv/detail
[8.272s] -- Installing: /home/vboxuser/turtlebot3_ws/install/custom_interface/include/custom_interface/srv/detail/my_move_msg__rosidl_typesupport_fastrtps_cpp.hpp
[8.272s] -- Up-to-date: /home/vboxuser/turtlebot3_ws/install/custom_interface/include/custom_interface/srv/detail/dds_fastrtps
[8.272s] -- Up-to-date: /home/vboxuser/turtlebot3_ws/install/custom_interface/include/custom_interface/msg
[8.273s] -- Up-to-date: /home/vboxuser/turtlebot3_ws/install/custom_interface/include/custom_interface/msg/rosidl_typesupport_fastrtps_cpp__visibility_control.h
[8.273s] -- Up-to-date: /home/vboxuser/turtlebot3_ws/install/custom_interface/include/custom_interface/msg/detail
[8.273s] -- Up-to-date: /home/vboxuser/turtlebot3_ws/install/custom_interface/include/custom_interface/msg/detail/dds_fastrtps
[8.273s] -- Installing: /home/vboxuser/turtlebot3_ws/install/custom_interface/include/custom_interface/msg/detail/distvel__rosidl_typesupport_fastrtps_cpp.hpp
[8.276s] -- Installing: /home/vboxuser/turtlebot3_ws/install/custom_interface/lib/libcustom_interface__rosidl_typesupport_fastrtps_cpp.so
[8.276s] -- Set runtime path of "/home/vboxuser/turtlebot3_ws/install/custom_interface/lib/libcustom_interface__rosidl_typesupport_fastrtps_cpp.so" to ""
[8.276s] -- Up-to-date: /home/vboxuser/turtlebot3_ws/install/custom_interface/include/custom_interface
[8.276s] -- Up-to-date: /home/vboxuser/turtlebot3_ws/install/custom_interface/include/custom_interface/action
[8.277s] -- Up-to-date: /home/vboxuser/turtlebot3_ws/install/custom_interface/include/custom_interface/action/detail
[8.277s] -- Installing: /home/vboxuser/turtlebot3_ws/install/custom_interface/include/custom_interface/action/detail/move__type_support.c
[8.277s] -- Installing: /home/vboxuser/turtlebot3_ws/install/custom_interface/include/custom_interface/action/detail/move__rosidl_typesupport_introspection_c.h
[8.277s] -- Up-to-date: /home/vboxuser/turtlebot3_ws/install/custom_interface/include/custom_interface/srv
[8.277s] -- Up-to-date: /home/vboxuser/turtlebot3_ws/install/custom_interface/include/custom_interface/srv/detail
[8.277s] -- Installing: /home/vboxuser/turtlebot3_ws/install/custom_interface/include/custom_interface/srv/detail/my_move_msg__rosidl_typesupport_introspection_c.h
[8.277s] -- Installing: /home/vboxuser/turtlebot3_ws/install/custom_interface/include/custom_interface/srv/detail/my_move_msg__type_support.c
[8.277s] -- Up-to-date: /home/vboxuser/turtlebot3_ws/install/custom_interface/include/custom_interface/msg
[8.277s] -- Up-to-date: /home/vboxuser/turtlebot3_ws/install/custom_interface/include/custom_interface/msg/rosidl_typesupport_introspection_c__visibility_control.h
[8.277s] -- Up-to-date: /home/vboxuser/turtlebot3_ws/install/custom_interface/include/custom_interface/msg/detail
[8.278s] -- Installing: /home/vboxuser/turtlebot3_ws/install/custom_interface/include/custom_interface/msg/detail/distvel__type_support.c
[8.278s] -- Installing: /home/vboxuser/turtlebot3_ws/install/custom_interface/include/custom_interface/msg/detail/distvel__rosidl_typesupport_introspection_c.h
[8.278s] -- Installing: /home/vboxuser/turtlebot3_ws/install/custom_interface/lib/libcustom_interface__rosidl_typesupport_introspection_c.so
[8.278s] -- Set runtime path of "/home/vboxuser/turtlebot3_ws/install/custom_interface/lib/libcustom_interface__rosidl_typesupport_introspection_c.so" to ""
[8.280s] -- Installing: /home/vboxuser/turtlebot3_ws/install/custom_interface/lib/libcustom_interface__rosidl_typesupport_c.so
[8.280s] -- Set runtime path of "/home/vboxuser/turtlebot3_ws/install/custom_interface/lib/libcustom_interface__rosidl_typesupport_c.so" to ""
[8.281s] -- Up-to-date: /home/vboxuser/turtlebot3_ws/install/custom_interface/include/custom_interface
[8.281s] -- Up-to-date: /home/vboxuser/turtlebot3_ws/install/custom_interface/include/custom_interface/action
[8.281s] -- Installing: /home/vboxuser/turtlebot3_ws/install/custom_interface/include/custom_interface/action/move.hpp
[8.281s] -- Up-to-date: /home/vboxuser/turtlebot3_ws/install/custom_interface/include/custom_interface/action/detail
[8.281s] -- Installing: /home/vboxuser/turtlebot3_ws/install/custom_interface/include/custom_interface/action/detail/move__builder.hpp
[8.281s] -- Installing: /home/vboxuser/turtlebot3_ws/install/custom_interface/include/custom_interface/action/detail/move__traits.hpp
[8.281s] -- Installing: /home/vboxuser/turtlebot3_ws/install/custom_interface/include/custom_interface/action/detail/move__struct.hpp
[8.281s] -- Up-to-date: /home/vboxuser/turtlebot3_ws/install/custom_interface/include/custom_interface/srv
[8.282s] -- Installing: /home/vboxuser/turtlebot3_ws/install/custom_interface/include/custom_interface/srv/my_move_msg.hpp
[8.282s] -- Up-to-date: /home/vboxuser/turtlebot3_ws/install/custom_interface/include/custom_interface/srv/detail
[8.282s] -- Installing: /home/vboxuser/turtlebot3_ws/install/custom_interface/include/custom_interface/srv/detail/my_move_msg__traits.hpp
[8.282s] -- Installing: /home/vboxuser/turtlebot3_ws/install/custom_interface/include/custom_interface/srv/detail/my_move_msg__struct.hpp
[8.282s] -- Installing: /home/vboxuser/turtlebot3_ws/install/custom_interface/include/custom_interface/srv/detail/my_move_msg__builder.hpp
[8.282s] -- Up-to-date: /home/vboxuser/turtlebot3_ws/install/custom_interface/include/custom_interface/msg
[8.282s] -- Installing: /home/vboxuser/turtlebot3_ws/install/custom_interface/include/custom_interface/msg/distvel.hpp
[8.283s] -- Up-to-date: /home/vboxuser/turtlebot3_ws/install/custom_interface/include/custom_interface/msg/detail
[8.283s] -- Installing: /home/vboxuser/turtlebot3_ws/install/custom_interface/include/custom_interface/msg/detail/distvel__traits.hpp
[8.283s] -- Installing: /home/vboxuser/turtlebot3_ws/install/custom_interface/include/custom_interface/msg/detail/distvel__builder.hpp
[8.283s] -- Installing: /home/vboxuser/turtlebot3_ws/install/custom_interface/include/custom_interface/msg/detail/distvel__struct.hpp
[8.283s] -- Up-to-date: /home/vboxuser/turtlebot3_ws/install/custom_interface/include/custom_interface
[8.284s] -- Up-to-date: /home/vboxuser/turtlebot3_ws/install/custom_interface/include/custom_interface/action
[8.284s] -- Up-to-date: /home/vboxuser/turtlebot3_ws/install/custom_interface/include/custom_interface/action/detail
[8.284s] -- Installing: /home/vboxuser/turtlebot3_ws/install/custom_interface/include/custom_interface/action/detail/move__type_support.cpp
[8.284s] -- Installing: /home/vboxuser/turtlebot3_ws/install/custom_interface/include/custom_interface/action/detail/move__rosidl_typesupport_introspection_cpp.hpp
[8.284s] -- Up-to-date: /home/vboxuser/turtlebot3_ws/install/custom_interface/include/custom_interface/srv
[8.284s] -- Up-to-date: /home/vboxuser/turtlebot3_ws/install/custom_interface/include/custom_interface/srv/detail
[8.284s] -- Installing: /home/vboxuser/turtlebot3_ws/install/custom_interface/include/custom_interface/srv/detail/my_move_msg__rosidl_typesupport_introspection_cpp.hpp
[8.284s] -- Installing: /home/vboxuser/turtlebot3_ws/install/custom_interface/include/custom_interface/srv/detail/my_move_msg__type_support.cpp
[8.285s] -- Up-to-date: /home/vboxuser/turtlebot3_ws/install/custom_interface/include/custom_interface/msg
[8.285s] -- Up-to-date: /home/vboxuser/turtlebot3_ws/install/custom_interface/include/custom_interface/msg/detail
[8.285s] -- Installing: /home/vboxuser/turtlebot3_ws/install/custom_interface/include/custom_interface/msg/detail/distvel__rosidl_typesupport_introspection_cpp.hpp
[8.285s] -- Installing: /home/vboxuser/turtlebot3_ws/install/custom_interface/include/custom_interface/msg/detail/distvel__type_support.cpp
[8.288s] -- Installing: /home/vboxuser/turtlebot3_ws/install/custom_interface/lib/libcustom_interface__rosidl_typesupport_introspection_cpp.so
[8.293s] -- Set runtime path of "/home/vboxuser/turtlebot3_ws/install/custom_interface/lib/libcustom_interface__rosidl_typesupport_introspection_cpp.so" to ""
[8.293s] -- Installing: /home/vboxuser/turtlebot3_ws/install/custom_interface/lib/libcustom_interface__rosidl_typesupport_cpp.so
[8.293s] -- Set runtime path of "/home/vboxuser/turtlebot3_ws/install/custom_interface/lib/libcustom_interface__rosidl_typesupport_cpp.so" to ""
[8.293s] -- Up-to-date: /home/vboxuser/turtlebot3_ws/install/custom_interface/share/custom_interface/environment/pythonpath.sh
[8.294s] -- Installing: /home/vboxuser/turtlebot3_ws/install/custom_interface/share/custom_interface/environment/pythonpath.dsv
[8.294s] -- Installing: /home/vboxuser/turtlebot3_ws/install/custom_interface/lib/python3.8/site-packages/custom_interface/__init__.py
[8.352s] Compiling '/home/vboxuser/turtlebot3_ws/install/custom_interface/lib/python3.8/site-packages/custom_interface/__init__.py'...
[8.360s] -- Up-to-date: /home/vboxuser/turtlebot3_ws/install/custom_interface/lib/python3.8/site-packages/custom_interface/msg
[8.360s] -- Installing: /home/vboxuser/turtlebot3_ws/install/custom_interface/lib/python3.8/site-packages/custom_interface/msg/_distvel.py
[8.361s] -- Installing: /home/vboxuser/turtlebot3_ws/install/custom_interface/lib/python3.8/site-packages/custom_interface/msg/__init__.py
[8.361s] -- Installing: /home/vboxuser/turtlebot3_ws/install/custom_interface/lib/python3.8/site-packages/custom_interface/msg/_distvel_s.c
[8.361s] -- Up-to-date: /home/vboxuser/turtlebot3_ws/install/custom_interface/lib/python3.8/site-packages/custom_interface/srv
[8.361s] -- Installing: /home/vboxuser/turtlebot3_ws/install/custom_interface/lib/python3.8/site-packages/custom_interface/srv/_my_move_msg.py
[8.361s] -- Installing: /home/vboxuser/turtlebot3_ws/install/custom_interface/lib/python3.8/site-packages/custom_interface/srv/__init__.py
[8.361s] -- Installing: /home/vboxuser/turtlebot3_ws/install/custom_interface/lib/python3.8/site-packages/custom_interface/srv/_my_move_msg_s.c
[8.361s] -- Installing: /home/vboxuser/turtlebot3_ws/install/custom_interface/lib/python3.8/site-packages/custom_interface/action
[8.361s] -- Installing: /home/vboxuser/turtlebot3_ws/install/custom_interface/lib/python3.8/site-packages/custom_interface/action/__init__.py
[8.362s] -- Installing: /home/vboxuser/turtlebot3_ws/install/custom_interface/lib/python3.8/site-packages/custom_interface/action/_move_s.c
[8.362s] -- Installing: /home/vboxuser/turtlebot3_ws/install/custom_interface/lib/python3.8/site-packages/custom_interface/action/_move.py
[8.365s] -- Installing: /home/vboxuser/turtlebot3_ws/install/custom_interface/lib/python3.8/site-packages/custom_interface/custom_interface_s__rosidl_typesupport_fastrtps_c.cpython-38-x86_64-linux-gnu.so
[8.365s] -- Set runtime path of "/home/vboxuser/turtlebot3_ws/install/custom_interface/lib/python3.8/site-packages/custom_interface/custom_interface_s__rosidl_typesupport_fastrtps_c.cpython-38-x86_64-linux-gnu.so" to ""
[8.367s] -- Installing: /home/vboxuser/turtlebot3_ws/install/custom_interface/lib/python3.8/site-packages/custom_interface/custom_interface_s__rosidl_typesupport_introspection_c.cpython-38-x86_64-linux-gnu.so
[8.368s] -- Set runtime path of "/home/vboxuser/turtlebot3_ws/install/custom_interface/lib/python3.8/site-packages/custom_interface/custom_interface_s__rosidl_typesupport_introspection_c.cpython-38-x86_64-linux-gnu.so" to ""
[8.370s] -- Installing: /home/vboxuser/turtlebot3_ws/install/custom_interface/lib/python3.8/site-packages/custom_interface/custom_interface_s__rosidl_typesupport_c.cpython-38-x86_64-linux-gnu.so
[8.372s] -- Set runtime path of "/home/vboxuser/turtlebot3_ws/install/custom_interface/lib/python3.8/site-packages/custom_interface/custom_interface_s__rosidl_typesupport_c.cpython-38-x86_64-linux-gnu.so" to ""
[8.375s] -- Installing: /home/vboxuser/turtlebot3_ws/install/custom_interface/lib/libcustom_interface__python.so
[8.376s] -- Set runtime path of "/home/vboxuser/turtlebot3_ws/install/custom_interface/lib/libcustom_interface__python.so" to ""
[8.377s] -- Up-to-date: /home/vboxuser/turtlebot3_ws/install/custom_interface/share/custom_interface/msg/Distvel.idl
[8.377s] -- Up-to-date: /home/vboxuser/turtlebot3_ws/install/custom_interface/share/custom_interface/srv/MyMoveMsg.idl
[8.378s] -- Installing: /home/vboxuser/turtlebot3_ws/install/custom_interface/share/custom_interface/action/Move.idl
[8.378s] -- Up-to-date: /home/vboxuser/turtlebot3_ws/install/custom_interface/share/custom_interface/msg/Distvel.msg
[8.378s] -- Up-to-date: /home/vboxuser/turtlebot3_ws/install/custom_interface/share/custom_interface/srv/MyMoveMsg.srv
[8.379s] -- Up-to-date: /home/vboxuser/turtlebot3_ws/install/custom_interface/share/custom_interface/srv/MyMoveMsg_Request.msg
[8.379s] -- Up-to-date: /home/vboxuser/turtlebot3_ws/install/custom_interface/share/custom_interface/srv/MyMoveMsg_Response.msg
[8.379s] -- Installing: /home/vboxuser/turtlebot3_ws/install/custom_interface/share/custom_interface/action/Move.action
[8.380s] -- Up-to-date: /home/vboxuser/turtlebot3_ws/install/custom_interface/share/ament_index/resource_index/package_run_dependencies/custom_interface
[8.380s] -- Installing: /home/vboxuser/turtlebot3_ws/install/custom_interface/share/ament_index/resource_index/parent_prefix_path/custom_interface
[8.381s] -- Up-to-date: /home/vboxuser/turtlebot3_ws/install/custom_interface/share/custom_interface/environment/ament_prefix_path.sh
[8.381s] -- Installing: /home/vboxuser/turtlebot3_ws/install/custom_interface/share/custom_interface/environment/ament_prefix_path.dsv
[8.382s] -- Up-to-date: /home/vboxuser/turtlebot3_ws/install/custom_interface/share/custom_interface/environment/path.sh
[8.382s] -- Installing: /home/vboxuser/turtlebot3_ws/install/custom_interface/share/custom_interface/environment/path.dsv
[8.382s] -- Up-to-date: /home/vboxuser/turtlebot3_ws/install/custom_interface/share/custom_interface/local_setup.bash
[8.383s] -- Up-to-date: /home/vboxuser/turtlebot3_ws/install/custom_interface/share/custom_interface/local_setup.sh
[8.383s] -- Up-to-date: /home/vboxuser/turtlebot3_ws/install/custom_interface/share/custom_interface/local_setup.zsh
[8.384s] -- Installing: /home/vboxuser/turtlebot3_ws/install/custom_interface/share/custom_interface/local_setup.dsv
[8.384s] -- Installing: /home/vboxuser/turtlebot3_ws/install/custom_interface/share/custom_interface/package.dsv
[8.385s] -- Up-to-date: /home/vboxuser/turtlebot3_ws/install/custom_interface/share/ament_index/resource_index/packages/custom_interface
[8.386s] -- Old export file "/home/vboxuser/turtlebot3_ws/install/custom_interface/share/custom_interface/cmake/custom_interface__rosidl_generator_cExport.cmake" will be replaced.  Removing files [/home/vboxuser/turtlebot3_ws/install/custom_interface/share/custom_interface/cmake/custom_interface__rosidl_generator_cExport-noconfig.cmake].
[8.386s] -- Installing: /home/vboxuser/turtlebot3_ws/install/custom_interface/share/custom_interface/cmake/custom_interface__rosidl_generator_cExport.cmake
[8.390s] -- Installing: /home/vboxuser/turtlebot3_ws/install/custom_interface/share/custom_interface/cmake/custom_interface__rosidl_generator_cExport-noconfig.cmake
[8.391s] -- Old export file "/home/vboxuser/turtlebot3_ws/install/custom_interface/share/custom_interface/cmake/custom_interface__rosidl_typesupport_introspection_cExport.cmake" will be replaced.  Removing files [/home/vboxuser/turtlebot3_ws/install/custom_interface/share/custom_interface/cmake/custom_interface__rosidl_typesupport_introspection_cExport-noconfig.cmake].
[8.391s] -- Installing: /home/vboxuser/turtlebot3_ws/install/custom_interface/share/custom_interface/cmake/custom_interface__rosidl_typesupport_introspection_cExport.cmake
[8.392s] -- Installing: /home/vboxuser/turtlebot3_ws/install/custom_interface/share/custom_interface/cmake/custom_interface__rosidl_typesupport_introspection_cExport-noconfig.cmake
[8.394s] -- Old export file "/home/vboxuser/turtlebot3_ws/install/custom_interface/share/custom_interface/cmake/custom_interface__rosidl_typesupport_cExport.cmake" will be replaced.  Removing files [/home/vboxuser/turtlebot3_ws/install/custom_interface/share/custom_interface/cmake/custom_interface__rosidl_typesupport_cExport-noconfig.cmake].
[8.394s] -- Installing: /home/vboxuser/turtlebot3_ws/install/custom_interface/share/custom_interface/cmake/custom_interface__rosidl_typesupport_cExport.cmake
[8.394s] -- Installing: /home/vboxuser/turtlebot3_ws/install/custom_interface/share/custom_interface/cmake/custom_interface__rosidl_typesupport_cExport-noconfig.cmake
[8.395s] -- Installing: /home/vboxuser/turtlebot3_ws/install/custom_interface/share/custom_interface/cmake/custom_interface__rosidl_generator_cppExport.cmake
[8.396s] -- Old export file "/home/vboxuser/turtlebot3_ws/install/custom_interface/share/custom_interface/cmake/custom_interface__rosidl_typesupport_introspection_cppExport.cmake" will be replaced.  Removing files [/home/vboxuser/turtlebot3_ws/install/custom_interface/share/custom_interface/cmake/custom_interface__rosidl_typesupport_introspection_cppExport-noconfig.cmake].
[8.397s] -- Installing: /home/vboxuser/turtlebot3_ws/install/custom_interface/share/custom_interface/cmake/custom_interface__rosidl_typesupport_introspection_cppExport.cmake
[8.397s] -- Installing: /home/vboxuser/turtlebot3_ws/install/custom_interface/share/custom_interface/cmake/custom_interface__rosidl_typesupport_introspection_cppExport-noconfig.cmake
[8.398s] -- Old export file "/home/vboxuser/turtlebot3_ws/install/custom_interface/share/custom_interface/cmake/custom_interface__rosidl_typesupport_cppExport.cmake" will be replaced.  Removing files [/home/vboxuser/turtlebot3_ws/install/custom_interface/share/custom_interface/cmake/custom_interface__rosidl_typesupport_cppExport-noconfig.cmake].
[8.398s] -- Installing: /home/vboxuser/turtlebot3_ws/install/custom_interface/share/custom_interface/cmake/custom_interface__rosidl_typesupport_cppExport.cmake
[8.399s] -- Installing: /home/vboxuser/turtlebot3_ws/install/custom_interface/share/custom_interface/cmake/custom_interface__rosidl_typesupport_cppExport-noconfig.cmake
[8.400s] -- Installing: /home/vboxuser/turtlebot3_ws/install/custom_interface/share/custom_interface/cmake/rosidl_cmake-extras.cmake
[8.400s] -- Installing: /home/vboxuser/turtlebot3_ws/install/custom_interface/share/custom_interface/cmake/ament_cmake_export_dependencies-extras.cmake
[8.401s] -- Up-to-date: /home/vboxuser/turtlebot3_ws/install/custom_interface/share/custom_interface/cmake/ament_cmake_export_libraries-extras.cmake
[8.401s] -- Up-to-date: /home/vboxuser/turtlebot3_ws/install/custom_interface/share/custom_interface/cmake/ament_cmake_export_targets-extras.cmake
[8.402s] -- Up-to-date: /home/vboxuser/turtlebot3_ws/install/custom_interface/share/custom_interface/cmake/ament_cmake_export_include_directories-extras.cmake
[8.402s] -- Up-to-date: /home/vboxuser/turtlebot3_ws/install/custom_interface/share/custom_interface/cmake/rosidl_cmake_export_typesupport_libraries-extras.cmake
[8.402s] -- Up-to-date: /home/vboxuser/turtlebot3_ws/install/custom_interface/share/custom_interface/cmake/rosidl_cmake_export_typesupport_targets-extras.cmake
[8.403s] -- Up-to-date: /home/vboxuser/turtlebot3_ws/install/custom_interface/share/custom_interface/cmake/custom_interfaceConfig.cmake
[8.403s] -- Up-to-date: /home/vboxuser/turtlebot3_ws/install/custom_interface/share/custom_interface/cmake/custom_interfaceConfig-version.cmake
[8.403s] -- Up-to-date: /home/vboxuser/turtlebot3_ws/install/custom_interface/share/custom_interface/package.xml
[8.408s] Invoked command in '/home/vboxuser/turtlebot3_ws/build/custom_interface' returned '0': CMAKE_PREFIX_PATH=${CMAKE_PREFIX_PATH}:/home/vboxuser/turtlebot3_ws/install/show_msg:/home/vboxuser/turtlebot3_ws/install/my_first_subscriber:/home/vboxuser/turtlebot3_ws/install/my_first_service:/home/vboxuser/turtlebot3_ws/install/my_first_publisher:/home/vboxuser/turtlebot3_ws/install/my_first_node:/opt/ros/galactic /usr/bin/cmake --install /home/vboxuser/turtlebot3_ws/build/custom_interface
