[0.240s] Invoking command in '/home/vboxuser/turtlebot3_ws/build/my_world': CMAKE_PREFIX_PATH=${CMAKE_PREFIX_PATH}:/home/vboxuser/turtlebot3_ws/install/show_msg:/home/vboxuser/turtlebot3_ws/install/my_first_subscriber:/home/vboxuser/turtlebot3_ws/install/my_first_service:/home/vboxuser/turtlebot3_ws/install/my_first_publisher:/home/vboxuser/turtlebot3_ws/install/my_first_node:/home/vboxuser/turtlebot3_ws/install/my_first_action:/opt/ros/galactic /usr/bin/cmake /home/vboxuser/turtlebot3_ws/src/my_world -DCMAKE_INSTALL_PREFIX=/home/vboxuser/turtlebot3_ws/install/my_world
[0.588s] -- The C compiler identification is GNU 9.4.0
[0.732s] -- The CXX compiler identification is GNU 9.4.0
[0.751s] -- Check for working C compiler: /usr/bin/cc
[0.848s] -- Check for working C compiler: /usr/bin/cc -- works
[0.851s] -- Detecting C compiler ABI info
[0.950s] -- Detecting C compiler ABI info - done
[0.965s] -- Detecting C compile features
[0.966s] -- Detecting C compile features - done
[0.972s] -- Check for working CXX compiler: /usr/bin/c++
[1.076s] -- Check for working CXX compiler: /usr/bin/c++ -- works
[1.076s] -- Detecting CXX compiler ABI info
[1.220s] -- Detecting CXX compiler ABI info - done
[1.235s] -- Detecting CXX compile features
[1.235s] -- Detecting CXX compile features - done
[1.282s] -- Found ament_cmake: 1.1.6 (/opt/ros/galactic/share/ament_cmake/cmake)
[1.329s] -- Found PythonInterp: /usr/bin/python3 (found suitable version "3.8.10", minimum required is "3") 
[1.330s] -- Using PYTHON_EXECUTABLE: /usr/bin/python3
[1.516s] -- Found PkgConfig: /usr/bin/pkg-config (found version "0.29.1") 
[1.524s] -- Checking for module 'bullet>=2.82'
[1.555s] --   Found bullet, version 2.88
[1.761s] -- Found ccd: /usr/include (found suitable version "2.0", minimum required is "2.0") 
[1.845s] -- Found fcl: /usr/include (found suitable version "0.5.0", minimum required is "0.3.2") 
[1.922s] -- Found assimp: /usr/include (found version "5.0.0") 
[1.984s] -- Found DART: /usr/include (Required is at least version "6.6") found components: dart 
[2.470s] -- Found Boost: /usr/lib/x86_64-linux-gnu/cmake/Boost-1.71.0/BoostConfig.cmake (found suitable version "1.71.0", minimum required is "1.40.0") found components: thread system filesystem program_options regex iostreams date_time 
[2.517s] -- Found Protobuf: /usr/lib/x86_64-linux-gnu/libprotobuf.so;-lpthread (found version "3.6.1") 
[2.530s] -- Looking for ignition-math6 -- found version 6.15.1
[2.554s] -- Searching for dependencies of ignition-math6
[2.560s] -- Looking for OGRE...
[2.561s] -- OGRE_PREFIX_WATCH changed.
[2.568s] -- Checking for module 'OGRE'
[2.590s] --   Found OGRE, version 1.9.0
[2.642s] -- Found Ogre Ghadamon (1.9.0)
[2.655s] -- Found OGRE: optimized;/usr/lib/x86_64-linux-gnu/libOgreMain.so;debug;/usr/lib/x86_64-linux-gnu/libOgreMain.so
[2.671s] -- Looking for OGRE_Paging...
[2.681s] -- Found OGRE_Paging: optimized;/usr/lib/x86_64-linux-gnu/libOgrePaging.so;debug;/usr/lib/x86_64-linux-gnu/libOgrePaging.so
[2.681s] -- Looking for OGRE_Terrain...
[2.694s] -- Found OGRE_Terrain: optimized;/usr/lib/x86_64-linux-gnu/libOgreTerrain.so;debug;/usr/lib/x86_64-linux-gnu/libOgreTerrain.so
[2.694s] -- Looking for OGRE_Property...
[2.702s] -- Found OGRE_Property: optimized;/usr/lib/x86_64-linux-gnu/libOgreProperty.so;debug;/usr/lib/x86_64-linux-gnu/libOgreProperty.so
[2.702s] -- Looking for OGRE_RTShaderSystem...
[2.711s] -- Found OGRE_RTShaderSystem: optimized;/usr/lib/x86_64-linux-gnu/libOgreRTShaderSystem.so;debug;/usr/lib/x86_64-linux-gnu/libOgreRTShaderSystem.so
[2.711s] -- Looking for OGRE_Volume...
[2.720s] -- Found OGRE_Volume: optimized;/usr/lib/x86_64-linux-gnu/libOgreVolume.so;debug;/usr/lib/x86_64-linux-gnu/libOgreVolume.so
[2.720s] -- Looking for OGRE_Overlay...
[2.728s] -- Found OGRE_Overlay: optimized;/usr/lib/x86_64-linux-gnu/libOgreOverlay.so;debug;/usr/lib/x86_64-linux-gnu/libOgreOverlay.so
[2.906s] -- Looking for ignition-math6 -- found version 6.15.1
[2.944s] -- Looking for ignition-transport8 -- found version 8.3.0
[2.944s] -- Searching for dependencies of ignition-transport8
[2.972s] -- Found Protobuf: /usr/lib/x86_64-linux-gnu/libprotobuf.so;-lpthread (found suitable version "3.6.1", minimum required is "3") 
[2.990s] -- Config-file not installed for ZeroMQ -- checking for pkg-config
[2.997s] -- Checking for module 'libzmq >= 4'
[3.023s] --   Found libzmq , version 4.3.2
[3.074s] -- Found ZeroMQ: TRUE (Required is at least version "4") 
[3.082s] -- Checking for module 'uuid'
[3.102s] --   Found uuid, version 2.34.0
[3.149s] -- Found UUID: TRUE  
[3.156s] -- Looking for ignition-msgs5 -- found version 5.10.0
[3.156s] -- Searching for dependencies of ignition-msgs5
[3.192s] -- Looking for ignition-math6 -- found version 6.15.1
[3.199s] -- Checking for module 'tinyxml2'
[3.220s] --   Found tinyxml2, version 6.2.0
[3.279s] -- Looking for ignition-msgs5 -- found version 5.10.0
[3.285s] -- Looking for ignition-common3 -- found version 3.14.2
[3.286s] -- Searching for dependencies of ignition-common3
[3.288s] -- Looking for dlfcn.h - found
[3.289s] -- Looking for libdl - found
[3.291s] -- Found DL: TRUE  
[3.304s] -- Searching for <ignition-common3> component [graphics]
[3.309s] -- Looking for ignition-common3-graphics -- found version 3.14.2
[3.310s] -- Searching for dependencies of ignition-common3-graphics
[3.311s] -- Looking for ignition-math6 -- found version 6.15.1
[3.319s] -- Looking for ignition-fuel_tools4 -- found version 4.6.0
[3.320s] -- Searching for dependencies of ignition-fuel_tools4
[3.432s] -- Found CURL: /usr/lib/x86_64-linux-gnu/libcurl.so (found version "7.68.0")  
[3.447s] -- Checking for module 'jsoncpp'
[3.472s] --   Found jsoncpp, version 1.7.4
[3.524s] -- Found JSONCPP: TRUE  
[3.539s] -- Checking for module 'libzip'
[3.563s] --   Found libzip, version 1.5.1
[3.619s] -- Found ZIP: TRUE  
[3.620s] -- Looking for ignition-common3 -- found version 3.14.2
[3.620s] -- Looking for ignition-math6 -- found version 6.15.1
[3.621s] -- Looking for ignition-msgs5 -- found version 5.10.0
[3.629s] -- Found gazebo_ros_pkgs: 3.5.2 (/opt/ros/galactic/share/gazebo_ros_pkgs/cmake)
[3.633s] -- Found geometry_msgs: 2.2.4 (/opt/ros/galactic/share/geometry_msgs/cmake)
[3.711s] -- Using all available rosidl_typesupport_c: rosidl_typesupport_fastrtps_c;rosidl_typesupport_introspection_c
[3.732s] -- Found rosidl_adapter: 2.2.3 (/opt/ros/galactic/share/rosidl_adapter/cmake)
[3.870s] -- Found OpenSSL: /usr/lib/x86_64-linux-gnu/libcrypto.so (found version "1.1.1f")  
[3.913s] -- Found FastRTPS: /opt/ros/galactic/include  
[4.060s] -- Using all available rosidl_typesupport_cpp: rosidl_typesupport_fastrtps_cpp;rosidl_typesupport_introspection_cpp
[4.206s] -- Found nav_msgs: 2.2.4 (/opt/ros/galactic/share/nav_msgs/cmake)
[4.304s] -- Found rclcpp: 9.2.2 (/opt/ros/galactic/share/rclcpp/cmake)
[4.437s] -- Found rmw_implementation_cmake: 3.3.1 (/opt/ros/galactic/share/rmw_implementation_cmake/cmake)
[4.447s] -- Found rmw_cyclonedds_cpp: 0.22.6 (/opt/ros/galactic/share/rmw_cyclonedds_cpp/cmake)
[4.494s] -- Using RMW implementation 'rmw_cyclonedds_cpp' as default
[4.497s] -- Found Threads: TRUE  
[4.724s] -- Found sensor_msgs: 2.2.4 (/opt/ros/galactic/share/sensor_msgs/cmake)
[4.828s] -- Found tf2: 0.17.5 (/opt/ros/galactic/share/tf2/cmake)
[4.849s] -- Found turtlebot3_gazebo: 2.2.4 (/home/vboxuser/turtlebot3_ws/install/turtlebot3_gazebo/share/turtlebot3_gazebo/cmake)
[4.986s] -- Configuring done
[4.999s] -- Generating done
[5.001s] -- Build files have been written to: /home/vboxuser/turtlebot3_ws/build/my_world
[5.015s] Invoked command in '/home/vboxuser/turtlebot3_ws/build/my_world' returned '0': CMAKE_PREFIX_PATH=${CMAKE_PREFIX_PATH}:/home/vboxuser/turtlebot3_ws/install/show_msg:/home/vboxuser/turtlebot3_ws/install/my_first_subscriber:/home/vboxuser/turtlebot3_ws/install/my_first_service:/home/vboxuser/turtlebot3_ws/install/my_first_publisher:/home/vboxuser/turtlebot3_ws/install/my_first_node:/home/vboxuser/turtlebot3_ws/install/my_first_action:/opt/ros/galactic /usr/bin/cmake /home/vboxuser/turtlebot3_ws/src/my_world -DCMAKE_INSTALL_PREFIX=/home/vboxuser/turtlebot3_ws/install/my_world
[5.020s] Invoking command in '/home/vboxuser/turtlebot3_ws/build/my_world': CMAKE_PREFIX_PATH=${CMAKE_PREFIX_PATH}:/home/vboxuser/turtlebot3_ws/install/show_msg:/home/vboxuser/turtlebot3_ws/install/my_first_subscriber:/home/vboxuser/turtlebot3_ws/install/my_first_service:/home/vboxuser/turtlebot3_ws/install/my_first_publisher:/home/vboxuser/turtlebot3_ws/install/my_first_node:/home/vboxuser/turtlebot3_ws/install/my_first_action:/opt/ros/galactic /usr/bin/cmake --build /home/vboxuser/turtlebot3_ws/build/my_world -- -j4 -l4
[5.075s] [35m[1mScanning dependencies of target turtlebot3_drive[0m
[5.283s] [ 50%] [32mBuilding CXX object CMakeFiles/turtlebot3_drive.dir/src/turtlebot3_drive.cpp.o[0m
[17.489s] [100%] [32m[1mLinking CXX executable turtlebot3_drive[0m
[18.067s] [100%] Built target turtlebot3_drive
[18.085s] Invoked command in '/home/vboxuser/turtlebot3_ws/build/my_world' returned '0': CMAKE_PREFIX_PATH=${CMAKE_PREFIX_PATH}:/home/vboxuser/turtlebot3_ws/install/show_msg:/home/vboxuser/turtlebot3_ws/install/my_first_subscriber:/home/vboxuser/turtlebot3_ws/install/my_first_service:/home/vboxuser/turtlebot3_ws/install/my_first_publisher:/home/vboxuser/turtlebot3_ws/install/my_first_node:/home/vboxuser/turtlebot3_ws/install/my_first_action:/opt/ros/galactic /usr/bin/cmake --build /home/vboxuser/turtlebot3_ws/build/my_world -- -j4 -l4
[18.136s] Invoking command in '/home/vboxuser/turtlebot3_ws/build/my_world': CMAKE_PREFIX_PATH=${CMAKE_PREFIX_PATH}:/home/vboxuser/turtlebot3_ws/install/show_msg:/home/vboxuser/turtlebot3_ws/install/my_first_subscriber:/home/vboxuser/turtlebot3_ws/install/my_first_service:/home/vboxuser/turtlebot3_ws/install/my_first_publisher:/home/vboxuser/turtlebot3_ws/install/my_first_node:/home/vboxuser/turtlebot3_ws/install/my_first_action:/opt/ros/galactic /usr/bin/cmake --install /home/vboxuser/turtlebot3_ws/build/my_world
[18.140s] -- Install configuration: ""
[18.141s] -- Installing: /home/vboxuser/turtlebot3_ws/install/my_world/lib/my_world/turtlebot3_drive
[18.146s] -- Set runtime path of "/home/vboxuser/turtlebot3_ws/install/my_world/lib/my_world/turtlebot3_drive" to ""
[18.146s] -- Installing: /home/vboxuser/turtlebot3_ws/install/my_world/share/my_world//launch
[18.147s] -- Installing: /home/vboxuser/turtlebot3_ws/install/my_world/share/my_world//launch/turtlebot3_my_world.launch.py
[18.147s] -- Installing: /home/vboxuser/turtlebot3_ws/install/my_world/share/my_world//models
[18.147s] -- Installing: /home/vboxuser/turtlebot3_ws/install/my_world/share/my_world//models/my_world
[18.147s] -- Installing: /home/vboxuser/turtlebot3_ws/install/my_world/share/my_world//models/my_world/model.config
[18.147s] -- Installing: /home/vboxuser/turtlebot3_ws/install/my_world/share/my_world//models/my_world/model.sdf
[18.147s] -- Installing: /home/vboxuser/turtlebot3_ws/install/my_world/share/my_world//models/turtlebot3_burger
[18.147s] -- Installing: /home/vboxuser/turtlebot3_ws/install/my_world/share/my_world//models/turtlebot3_burger/meshes
[18.147s] -- Installing: /home/vboxuser/turtlebot3_ws/install/my_world/share/my_world//models/turtlebot3_burger/meshes/tire.dae
[18.181s] -- Installing: /home/vboxuser/turtlebot3_ws/install/my_world/share/my_world//models/turtlebot3_burger/meshes/burger_base.dae
[18.182s] -- Installing: /home/vboxuser/turtlebot3_ws/install/my_world/share/my_world//models/turtlebot3_burger/meshes/lds.dae
[18.183s] -- Installing: /home/vboxuser/turtlebot3_ws/install/my_world/share/my_world//models/turtlebot3_burger/model-1_4.sdf
[18.184s] -- Installing: /home/vboxuser/turtlebot3_ws/install/my_world/share/my_world//models/turtlebot3_burger/model.config
[18.186s] -- Installing: /home/vboxuser/turtlebot3_ws/install/my_world/share/my_world//models/turtlebot3_burger/model.sdf
[18.186s] -- Installing: /home/vboxuser/turtlebot3_ws/install/my_world/share/my_world//world
[18.187s] -- Installing: /home/vboxuser/turtlebot3_ws/install/my_world/share/my_world//world/burguer.model
[18.187s] -- Installing: /home/vboxuser/turtlebot3_ws/install/my_world/share/my_world//urdf
[18.188s] -- Installing: /home/vboxuser/turtlebot3_ws/install/my_world/share/my_world//urdf/turtlebot3_burger.urdf
[18.188s] -- Installing: /home/vboxuser/turtlebot3_ws/install/my_world/share/my_world//urdf/turtlebot3_burger_pi.urdf
[18.190s] -- Installing: /home/vboxuser/turtlebot3_ws/install/my_world/include/
[18.190s] -- Installing: /home/vboxuser/turtlebot3_ws/install/my_world/include//my_world
[18.190s] -- Installing: /home/vboxuser/turtlebot3_ws/install/my_world/share/ament_index/resource_index/package_run_dependencies/my_world
[18.190s] -- Installing: /home/vboxuser/turtlebot3_ws/install/my_world/share/ament_index/resource_index/parent_prefix_path/my_world
[18.190s] -- Installing: /home/vboxuser/turtlebot3_ws/install/my_world/share/my_world/environment/ament_prefix_path.sh
[18.190s] -- Installing: /home/vboxuser/turtlebot3_ws/install/my_world/share/my_world/environment/ament_prefix_path.dsv
[18.191s] -- Installing: /home/vboxuser/turtlebot3_ws/install/my_world/share/my_world/environment/path.sh
[18.191s] -- Installing: /home/vboxuser/turtlebot3_ws/install/my_world/share/my_world/environment/path.dsv
[18.191s] -- Installing: /home/vboxuser/turtlebot3_ws/install/my_world/share/my_world/local_setup.bash
[18.191s] -- Installing: /home/vboxuser/turtlebot3_ws/install/my_world/share/my_world/local_setup.sh
[18.192s] -- Installing: /home/vboxuser/turtlebot3_ws/install/my_world/share/my_world/local_setup.zsh
[18.192s] -- Installing: /home/vboxuser/turtlebot3_ws/install/my_world/share/my_world/local_setup.dsv
[18.192s] -- Installing: /home/vboxuser/turtlebot3_ws/install/my_world/share/my_world/package.dsv
[18.192s] -- Installing: /home/vboxuser/turtlebot3_ws/install/my_world/share/ament_index/resource_index/packages/my_world
[18.193s] -- Installing: /home/vboxuser/turtlebot3_ws/install/my_world/share/my_world/cmake/ament_cmake_export_include_directories-extras.cmake
[18.193s] -- Installing: /home/vboxuser/turtlebot3_ws/install/my_world/share/my_world/cmake/ament_cmake_export_dependencies-extras.cmake
[18.193s] -- Installing: /home/vboxuser/turtlebot3_ws/install/my_world/share/my_world/cmake/my_worldConfig.cmake
[18.193s] -- Installing: /home/vboxuser/turtlebot3_ws/install/my_world/share/my_world/cmake/my_worldConfig-version.cmake
[18.194s] -- Installing: /home/vboxuser/turtlebot3_ws/install/my_world/share/my_world/package.xml
[18.197s] Invoked command in '/home/vboxuser/turtlebot3_ws/build/my_world' returned '0': CMAKE_PREFIX_PATH=${CMAKE_PREFIX_PATH}:/home/vboxuser/turtlebot3_ws/install/show_msg:/home/vboxuser/turtlebot3_ws/install/my_first_subscriber:/home/vboxuser/turtlebot3_ws/install/my_first_service:/home/vboxuser/turtlebot3_ws/install/my_first_publisher:/home/vboxuser/turtlebot3_ws/install/my_first_node:/home/vboxuser/turtlebot3_ws/install/my_first_action:/opt/ros/galactic /usr/bin/cmake --install /home/vboxuser/turtlebot3_ws/build/my_world
