[0.835s] Invoking command in '/home/vboxuser/turtlebot3_ws/src/proy_eq1/proy_eq1_slam': PYTHONPATH=/home/vboxuser/turtlebot3_ws/build/proy_eq1_slam/prefix_override:/home/vboxuser/turtlebot3_ws/install/proy_eq1_slam/lib/python3.8/site-packages:${PYTHONPATH} /usr/bin/python3 setup.py egg_info --egg-base ../../../build/proy_eq1_slam build --build-base /home/vboxuser/turtlebot3_ws/build/proy_eq1_slam/build install --record /home/vboxuser/turtlebot3_ws/build/proy_eq1_slam/install.log --single-version-externally-managed
[1.014s] running egg_info
[1.014s] writing ../../../build/proy_eq1_slam/proy_eq1_slam.egg-info/PKG-INFO
[1.015s] writing dependency_links to ../../../build/proy_eq1_slam/proy_eq1_slam.egg-info/dependency_links.txt
[1.015s] writing entry points to ../../../build/proy_eq1_slam/proy_eq1_slam.egg-info/entry_points.txt
[1.015s] writing requirements to ../../../build/proy_eq1_slam/proy_eq1_slam.egg-info/requires.txt
[1.015s] writing top-level names to ../../../build/proy_eq1_slam/proy_eq1_slam.egg-info/top_level.txt
[1.041s] reading manifest file '../../../build/proy_eq1_slam/proy_eq1_slam.egg-info/SOURCES.txt'
[1.042s] writing manifest file '../../../build/proy_eq1_slam/proy_eq1_slam.egg-info/SOURCES.txt'
[1.042s] running build
[1.042s] running build_py
[1.043s] running install
[1.043s] running install_lib
[1.044s] running install_data
[1.045s] running install_egg_info
[1.047s] removing '/home/vboxuser/turtlebot3_ws/install/proy_eq1_slam/lib/python3.8/site-packages/proy_eq1_slam-0.0.0-py3.8.egg-info' (and everything under it)
[1.058s] Copying ../../../build/proy_eq1_slam/proy_eq1_slam.egg-info to /home/vboxuser/turtlebot3_ws/install/proy_eq1_slam/lib/python3.8/site-packages/proy_eq1_slam-0.0.0-py3.8.egg-info
[1.060s] running install_scripts
[1.076s] writing list of installed files to '/home/vboxuser/turtlebot3_ws/build/proy_eq1_slam/install.log'
[1.091s] Invoked command in '/home/vboxuser/turtlebot3_ws/src/proy_eq1/proy_eq1_slam' returned '0': PYTHONPATH=/home/vboxuser/turtlebot3_ws/build/proy_eq1_slam/prefix_override:/home/vboxuser/turtlebot3_ws/install/proy_eq1_slam/lib/python3.8/site-packages:${PYTHONPATH} /usr/bin/python3 setup.py egg_info --egg-base ../../../build/proy_eq1_slam build --build-base /home/vboxuser/turtlebot3_ws/build/proy_eq1_slam/build install --record /home/vboxuser/turtlebot3_ws/build/proy_eq1_slam/install.log --single-version-externally-managed
