[0.131s] Invoking command in '/home/vboxuser/turtlebot3_ws/build/custom_interface': CMAKE_PREFIX_PATH=${CMAKE_PREFIX_PATH}:/home/vboxuser/turtlebot3_ws/install/my_first_subscriber:/home/vboxuser/turtlebot3_ws/install/my_first_publisher:/home/vboxuser/turtlebot3_ws/install/my_first_node:/opt/ros/galactic /usr/bin/cmake --build /home/vboxuser/turtlebot3_ws/build/custom_interface -- -j4 -l4
[0.204s] [  9%] Built target custom_interface__rosidl_generator_c
[0.205s] [ 12%] Built target custom_interface__cpp
[0.222s] [ 22%] Built target custom_interface__rosidl_typesupport_c
[0.225s] [ 32%] Built target custom_interface__rosidl_typesupport_introspection_c
[0.226s] [ 41%] Built target custom_interface__rosidl_typesupport_cpp
[0.227s] [ 51%] Built target custom_interface__rosidl_typesupport_introspection_cpp
[0.251s] [ 61%] Built target custom_interface__rosidl_typesupport_fastrtps_cpp
[0.294s] [ 70%] Built target custom_interface__rosidl_typesupport_fastrtps_c
[0.322s] [ 70%] Built target custom_interface
[0.365s] [ 74%] Built target custom_interface__py
[0.403s] [ 80%] Built target custom_interface__python
[0.432s] [ 87%] Built target custom_interface__rosidl_typesupport_c__pyext
[0.438s] [ 93%] Built target custom_interface__rosidl_typesupport_fastrtps_c__pyext
[0.440s] [100%] Built target custom_interface__rosidl_typesupport_introspection_c__pyext
[0.457s] Invoked command in '/home/vboxuser/turtlebot3_ws/build/custom_interface' returned '0': CMAKE_PREFIX_PATH=${CMAKE_PREFIX_PATH}:/home/vboxuser/turtlebot3_ws/install/my_first_subscriber:/home/vboxuser/turtlebot3_ws/install/my_first_publisher:/home/vboxuser/turtlebot3_ws/install/my_first_node:/opt/ros/galactic /usr/bin/cmake --build /home/vboxuser/turtlebot3_ws/build/custom_interface -- -j4 -l4
[0.561s] Invoking command in '/home/vboxuser/turtlebot3_ws/build/custom_interface': CMAKE_PREFIX_PATH=${CMAKE_PREFIX_PATH}:/home/vboxuser/turtlebot3_ws/install/my_first_subscriber:/home/vboxuser/turtlebot3_ws/install/my_first_publisher:/home/vboxuser/turtlebot3_ws/install/my_first_node:/opt/ros/galactic /usr/bin/cmake --install /home/vboxuser/turtlebot3_ws/build/custom_interface
[0.573s] -- Install configuration: ""
[0.574s] -- Up-to-date: /home/vboxuser/turtlebot3_ws/install/custom_interface/share/ament_index/resource_index/rosidl_interfaces/custom_interface
[0.574s] -- Up-to-date: /home/vboxuser/turtlebot3_ws/install/custom_interface/include/custom_interface
[0.575s] -- Up-to-date: /home/vboxuser/turtlebot3_ws/install/custom_interface/include/custom_interface/msg
[0.575s] -- Up-to-date: /home/vboxuser/turtlebot3_ws/install/custom_interface/include/custom_interface/msg/distvel.h
[0.575s] -- Up-to-date: /home/vboxuser/turtlebot3_ws/install/custom_interface/include/custom_interface/msg/rosidl_generator_c__visibility_control.h
[0.575s] -- Up-to-date: /home/vboxuser/turtlebot3_ws/install/custom_interface/include/custom_interface/msg/detail
[0.575s] -- Up-to-date: /home/vboxuser/turtlebot3_ws/install/custom_interface/include/custom_interface/msg/detail/distvel__struct.h
[0.575s] -- Up-to-date: /home/vboxuser/turtlebot3_ws/install/custom_interface/include/custom_interface/msg/detail/distvel__functions.c
[0.575s] -- Up-to-date: /home/vboxuser/turtlebot3_ws/install/custom_interface/include/custom_interface/msg/detail/distvel__functions.h
[0.575s] -- Up-to-date: /home/vboxuser/turtlebot3_ws/install/custom_interface/include/custom_interface/msg/detail/distvel__type_support.h
[0.576s] -- Up-to-date: /home/vboxuser/turtlebot3_ws/install/custom_interface/share/custom_interface/environment/library_path.sh
[0.576s] -- Up-to-date: /home/vboxuser/turtlebot3_ws/install/custom_interface/share/custom_interface/environment/library_path.dsv
[0.576s] -- Up-to-date: /home/vboxuser/turtlebot3_ws/install/custom_interface/lib/libcustom_interface__rosidl_generator_c.so
[0.576s] -- Up-to-date: /home/vboxuser/turtlebot3_ws/install/custom_interface/include/custom_interface
[0.576s] -- Up-to-date: /home/vboxuser/turtlebot3_ws/install/custom_interface/include/custom_interface/msg
[0.577s] -- Up-to-date: /home/vboxuser/turtlebot3_ws/install/custom_interface/include/custom_interface/msg/rosidl_typesupport_fastrtps_c__visibility_control.h
[0.577s] -- Up-to-date: /home/vboxuser/turtlebot3_ws/install/custom_interface/include/custom_interface/msg/detail
[0.577s] -- Up-to-date: /home/vboxuser/turtlebot3_ws/install/custom_interface/include/custom_interface/msg/detail/distvel__rosidl_typesupport_fastrtps_c.h
[0.577s] -- Up-to-date: /home/vboxuser/turtlebot3_ws/install/custom_interface/lib/libcustom_interface__rosidl_typesupport_fastrtps_c.so
[0.578s] -- Up-to-date: /home/vboxuser/turtlebot3_ws/install/custom_interface/include/custom_interface
[0.578s] -- Up-to-date: /home/vboxuser/turtlebot3_ws/install/custom_interface/include/custom_interface/msg
[0.578s] -- Up-to-date: /home/vboxuser/turtlebot3_ws/install/custom_interface/include/custom_interface/msg/rosidl_typesupport_fastrtps_cpp__visibility_control.h
[0.578s] -- Up-to-date: /home/vboxuser/turtlebot3_ws/install/custom_interface/include/custom_interface/msg/detail
[0.578s] -- Up-to-date: /home/vboxuser/turtlebot3_ws/install/custom_interface/include/custom_interface/msg/detail/dds_fastrtps
[0.578s] -- Up-to-date: /home/vboxuser/turtlebot3_ws/install/custom_interface/include/custom_interface/msg/detail/distvel__rosidl_typesupport_fastrtps_cpp.hpp
[0.579s] -- Up-to-date: /home/vboxuser/turtlebot3_ws/install/custom_interface/lib/libcustom_interface__rosidl_typesupport_fastrtps_cpp.so
[0.579s] -- Up-to-date: /home/vboxuser/turtlebot3_ws/install/custom_interface/include/custom_interface
[0.579s] -- Up-to-date: /home/vboxuser/turtlebot3_ws/install/custom_interface/include/custom_interface/msg
[0.579s] -- Up-to-date: /home/vboxuser/turtlebot3_ws/install/custom_interface/include/custom_interface/msg/rosidl_typesupport_introspection_c__visibility_control.h
[0.580s] -- Up-to-date: /home/vboxuser/turtlebot3_ws/install/custom_interface/include/custom_interface/msg/detail
[0.580s] -- Up-to-date: /home/vboxuser/turtlebot3_ws/install/custom_interface/include/custom_interface/msg/detail/distvel__type_support.c
[0.580s] -- Up-to-date: /home/vboxuser/turtlebot3_ws/install/custom_interface/include/custom_interface/msg/detail/distvel__rosidl_typesupport_introspection_c.h
[0.580s] -- Up-to-date: /home/vboxuser/turtlebot3_ws/install/custom_interface/lib/libcustom_interface__rosidl_typesupport_introspection_c.so
[0.580s] -- Up-to-date: /home/vboxuser/turtlebot3_ws/install/custom_interface/lib/libcustom_interface__rosidl_typesupport_c.so
[0.581s] -- Up-to-date: /home/vboxuser/turtlebot3_ws/install/custom_interface/include/custom_interface
[0.581s] -- Up-to-date: /home/vboxuser/turtlebot3_ws/install/custom_interface/include/custom_interface/msg
[0.581s] -- Up-to-date: /home/vboxuser/turtlebot3_ws/install/custom_interface/include/custom_interface/msg/distvel.hpp
[0.581s] -- Up-to-date: /home/vboxuser/turtlebot3_ws/install/custom_interface/include/custom_interface/msg/detail
[0.582s] -- Up-to-date: /home/vboxuser/turtlebot3_ws/install/custom_interface/include/custom_interface/msg/detail/distvel__traits.hpp
[0.582s] -- Up-to-date: /home/vboxuser/turtlebot3_ws/install/custom_interface/include/custom_interface/msg/detail/distvel__builder.hpp
[0.582s] -- Up-to-date: /home/vboxuser/turtlebot3_ws/install/custom_interface/include/custom_interface/msg/detail/distvel__struct.hpp
[0.582s] -- Up-to-date: /home/vboxuser/turtlebot3_ws/install/custom_interface/include/custom_interface
[0.582s] -- Up-to-date: /home/vboxuser/turtlebot3_ws/install/custom_interface/include/custom_interface/msg
[0.582s] -- Up-to-date: /home/vboxuser/turtlebot3_ws/install/custom_interface/include/custom_interface/msg/detail
[0.582s] -- Up-to-date: /home/vboxuser/turtlebot3_ws/install/custom_interface/include/custom_interface/msg/detail/distvel__rosidl_typesupport_introspection_cpp.hpp
[0.583s] -- Up-to-date: /home/vboxuser/turtlebot3_ws/install/custom_interface/include/custom_interface/msg/detail/distvel__type_support.cpp
[0.583s] -- Up-to-date: /home/vboxuser/turtlebot3_ws/install/custom_interface/lib/libcustom_interface__rosidl_typesupport_introspection_cpp.so
[0.583s] -- Up-to-date: /home/vboxuser/turtlebot3_ws/install/custom_interface/lib/libcustom_interface__rosidl_typesupport_cpp.so
[0.584s] -- Up-to-date: /home/vboxuser/turtlebot3_ws/install/custom_interface/share/custom_interface/environment/pythonpath.sh
[0.584s] -- Up-to-date: /home/vboxuser/turtlebot3_ws/install/custom_interface/share/custom_interface/environment/pythonpath.dsv
[0.584s] -- Up-to-date: /home/vboxuser/turtlebot3_ws/install/custom_interface/lib/python3.8/site-packages/custom_interface/__init__.py
[0.620s] -- Up-to-date: /home/vboxuser/turtlebot3_ws/install/custom_interface/lib/python3.8/site-packages/custom_interface/msg
[0.620s] -- Up-to-date: /home/vboxuser/turtlebot3_ws/install/custom_interface/lib/python3.8/site-packages/custom_interface/msg/_distvel.py
[0.620s] -- Up-to-date: /home/vboxuser/turtlebot3_ws/install/custom_interface/lib/python3.8/site-packages/custom_interface/msg/__init__.py
[0.620s] -- Up-to-date: /home/vboxuser/turtlebot3_ws/install/custom_interface/lib/python3.8/site-packages/custom_interface/msg/_distvel_s.c
[0.621s] -- Up-to-date: /home/vboxuser/turtlebot3_ws/install/custom_interface/lib/python3.8/site-packages/custom_interface/custom_interface_s__rosidl_typesupport_fastrtps_c.cpython-38-x86_64-linux-gnu.so
[0.622s] -- Up-to-date: /home/vboxuser/turtlebot3_ws/install/custom_interface/lib/python3.8/site-packages/custom_interface/custom_interface_s__rosidl_typesupport_introspection_c.cpython-38-x86_64-linux-gnu.so
[0.622s] -- Up-to-date: /home/vboxuser/turtlebot3_ws/install/custom_interface/lib/python3.8/site-packages/custom_interface/custom_interface_s__rosidl_typesupport_c.cpython-38-x86_64-linux-gnu.so
[0.623s] -- Up-to-date: /home/vboxuser/turtlebot3_ws/install/custom_interface/lib/libcustom_interface__python.so
[0.623s] -- Up-to-date: /home/vboxuser/turtlebot3_ws/install/custom_interface/share/custom_interface/msg/Distvel.idl
[0.624s] -- Up-to-date: /home/vboxuser/turtlebot3_ws/install/custom_interface/share/custom_interface/msg/Distvel.msg
[0.624s] -- Up-to-date: /home/vboxuser/turtlebot3_ws/install/custom_interface/share/ament_index/resource_index/package_run_dependencies/custom_interface
[0.624s] -- Up-to-date: /home/vboxuser/turtlebot3_ws/install/custom_interface/share/ament_index/resource_index/parent_prefix_path/custom_interface
[0.624s] -- Up-to-date: /home/vboxuser/turtlebot3_ws/install/custom_interface/share/custom_interface/environment/ament_prefix_path.sh
[0.624s] -- Up-to-date: /home/vboxuser/turtlebot3_ws/install/custom_interface/share/custom_interface/environment/ament_prefix_path.dsv
[0.624s] -- Up-to-date: /home/vboxuser/turtlebot3_ws/install/custom_interface/share/custom_interface/environment/path.sh
[0.624s] -- Up-to-date: /home/vboxuser/turtlebot3_ws/install/custom_interface/share/custom_interface/environment/path.dsv
[0.625s] -- Up-to-date: /home/vboxuser/turtlebot3_ws/install/custom_interface/share/custom_interface/local_setup.bash
[0.625s] -- Up-to-date: /home/vboxuser/turtlebot3_ws/install/custom_interface/share/custom_interface/local_setup.sh
[0.625s] -- Up-to-date: /home/vboxuser/turtlebot3_ws/install/custom_interface/share/custom_interface/local_setup.zsh
[0.625s] -- Up-to-date: /home/vboxuser/turtlebot3_ws/install/custom_interface/share/custom_interface/local_setup.dsv
[0.625s] -- Installing: /home/vboxuser/turtlebot3_ws/install/custom_interface/share/custom_interface/package.dsv
[0.625s] -- Up-to-date: /home/vboxuser/turtlebot3_ws/install/custom_interface/share/ament_index/resource_index/packages/custom_interface
[0.626s] -- Up-to-date: /home/vboxuser/turtlebot3_ws/install/custom_interface/share/custom_interface/cmake/custom_interface__rosidl_generator_cExport.cmake
[0.626s] -- Up-to-date: /home/vboxuser/turtlebot3_ws/install/custom_interface/share/custom_interface/cmake/custom_interface__rosidl_generator_cExport-noconfig.cmake
[0.626s] -- Up-to-date: /home/vboxuser/turtlebot3_ws/install/custom_interface/share/custom_interface/cmake/custom_interface__rosidl_typesupport_introspection_cExport.cmake
[0.626s] -- Up-to-date: /home/vboxuser/turtlebot3_ws/install/custom_interface/share/custom_interface/cmake/custom_interface__rosidl_typesupport_introspection_cExport-noconfig.cmake
[0.626s] -- Up-to-date: /home/vboxuser/turtlebot3_ws/install/custom_interface/share/custom_interface/cmake/custom_interface__rosidl_typesupport_cExport.cmake
[0.627s] -- Up-to-date: /home/vboxuser/turtlebot3_ws/install/custom_interface/share/custom_interface/cmake/custom_interface__rosidl_typesupport_cExport-noconfig.cmake
[0.627s] -- Up-to-date: /home/vboxuser/turtlebot3_ws/install/custom_interface/share/custom_interface/cmake/custom_interface__rosidl_generator_cppExport.cmake
[0.627s] -- Up-to-date: /home/vboxuser/turtlebot3_ws/install/custom_interface/share/custom_interface/cmake/custom_interface__rosidl_typesupport_introspection_cppExport.cmake
[0.628s] -- Up-to-date: /home/vboxuser/turtlebot3_ws/install/custom_interface/share/custom_interface/cmake/custom_interface__rosidl_typesupport_introspection_cppExport-noconfig.cmake
[0.628s] -- Up-to-date: /home/vboxuser/turtlebot3_ws/install/custom_interface/share/custom_interface/cmake/custom_interface__rosidl_typesupport_cppExport.cmake
[0.628s] -- Up-to-date: /home/vboxuser/turtlebot3_ws/install/custom_interface/share/custom_interface/cmake/custom_interface__rosidl_typesupport_cppExport-noconfig.cmake
[0.628s] -- Up-to-date: /home/vboxuser/turtlebot3_ws/install/custom_interface/share/custom_interface/cmake/rosidl_cmake-extras.cmake
[0.629s] -- Up-to-date: /home/vboxuser/turtlebot3_ws/install/custom_interface/share/custom_interface/cmake/ament_cmake_export_dependencies-extras.cmake
[0.629s] -- Up-to-date: /home/vboxuser/turtlebot3_ws/install/custom_interface/share/custom_interface/cmake/ament_cmake_export_libraries-extras.cmake
[0.629s] -- Up-to-date: /home/vboxuser/turtlebot3_ws/install/custom_interface/share/custom_interface/cmake/ament_cmake_export_targets-extras.cmake
[0.629s] -- Up-to-date: /home/vboxuser/turtlebot3_ws/install/custom_interface/share/custom_interface/cmake/ament_cmake_export_include_directories-extras.cmake
[0.629s] -- Up-to-date: /home/vboxuser/turtlebot3_ws/install/custom_interface/share/custom_interface/cmake/rosidl_cmake_export_typesupport_libraries-extras.cmake
[0.629s] -- Up-to-date: /home/vboxuser/turtlebot3_ws/install/custom_interface/share/custom_interface/cmake/rosidl_cmake_export_typesupport_targets-extras.cmake
[0.630s] -- Up-to-date: /home/vboxuser/turtlebot3_ws/install/custom_interface/share/custom_interface/cmake/custom_interfaceConfig.cmake
[0.630s] -- Up-to-date: /home/vboxuser/turtlebot3_ws/install/custom_interface/share/custom_interface/cmake/custom_interfaceConfig-version.cmake
[0.631s] -- Up-to-date: /home/vboxuser/turtlebot3_ws/install/custom_interface/share/custom_interface/package.xml
[0.633s] Invoked command in '/home/vboxuser/turtlebot3_ws/build/custom_interface' returned '0': CMAKE_PREFIX_PATH=${CMAKE_PREFIX_PATH}:/home/vboxuser/turtlebot3_ws/install/my_first_subscriber:/home/vboxuser/turtlebot3_ws/install/my_first_publisher:/home/vboxuser/turtlebot3_ws/install/my_first_node:/opt/ros/galactic /usr/bin/cmake --install /home/vboxuser/turtlebot3_ws/build/custom_interface
