[2.128s] Invoking command in '/home/vboxuser/turtlebot3_ws/src/my_first_node': PYTHONPATH=/home/vboxuser/turtlebot3_ws/build/my_first_node/prefix_override:/home/vboxuser/turtlebot3_ws/install/my_first_node/lib/python3.8/site-packages:${PYTHONPATH} /usr/bin/python3 setup.py egg_info --egg-base ../../build/my_first_node build --build-base /home/vboxuser/turtlebot3_ws/build/my_first_node/build install --record /home/vboxuser/turtlebot3_ws/build/my_first_node/install.log --single-version-externally-managed
[2.390s] running egg_info
[2.394s] writing ../../build/my_first_node/my_first_node.egg-info/PKG-INFO
[2.400s] writing dependency_links to ../../build/my_first_node/my_first_node.egg-info/dependency_links.txt
[2.405s] writing entry points to ../../build/my_first_node/my_first_node.egg-info/entry_points.txt
[2.410s] writing requirements to ../../build/my_first_node/my_first_node.egg-info/requires.txt
[2.415s] writing top-level names to ../../build/my_first_node/my_first_node.egg-info/top_level.txt
[2.431s] reading manifest file '../../build/my_first_node/my_first_node.egg-info/SOURCES.txt'
[2.434s] writing manifest file '../../build/my_first_node/my_first_node.egg-info/SOURCES.txt'
[2.435s] running build
[2.435s] running build_py
[2.436s] running install
[2.438s] running install_lib
[2.448s] running install_data
[2.457s] running install_egg_info
[2.462s] removing '/home/vboxuser/turtlebot3_ws/install/my_first_node/lib/python3.8/site-packages/my_first_node-0.0.0-py3.8.egg-info' (and everything under it)
[2.468s] Copying ../../build/my_first_node/my_first_node.egg-info to /home/vboxuser/turtlebot3_ws/install/my_first_node/lib/python3.8/site-packages/my_first_node-0.0.0-py3.8.egg-info
[2.471s] running install_scripts
[2.474s] Installing simple_node script to /home/vboxuser/turtlebot3_ws/install/my_first_node/lib/my_first_node
[2.479s] writing list of installed files to '/home/vboxuser/turtlebot3_ws/build/my_first_node/install.log'
[2.540s] Invoked command in '/home/vboxuser/turtlebot3_ws/src/my_first_node' returned '0': PYTHONPATH=/home/vboxuser/turtlebot3_ws/build/my_first_node/prefix_override:/home/vboxuser/turtlebot3_ws/install/my_first_node/lib/python3.8/site-packages:${PYTHONPATH} /usr/bin/python3 setup.py egg_info --egg-base ../../build/my_first_node build --build-base /home/vboxuser/turtlebot3_ws/build/my_first_node/build install --record /home/vboxuser/turtlebot3_ws/build/my_first_node/install.log --single-version-externally-managed
