[2.780s] DEBUG:colcon:Command line arguments: ['/usr/bin/colcon', 'build', '--packages-select', 'proy_eq1_nav2_system']
[2.780s] DEBUG:colcon:Parsed command line arguments: Namespace(allow_overriding=[], ament_cmake_args=None, base_paths=['.'], build_base='build', catkin_cmake_args=None, catkin_skip_building_tests=False, cmake_args=None, cmake_clean_cache=False, cmake_clean_first=False, cmake_force_configure=False, cmake_target=None, cmake_target_skip_unavailable=False, continue_on_error=False, event_handlers=None, executor='parallel', ignore_user_meta=False, install_base='install', log_base=None, log_level=None, main=<bound method BuildVerb.main of <colcon_core.verb.build.BuildVerb object at 0x7f1044329220>>, merge_install=False, metas=['./colcon.meta'], packages_above=None, packages_above_and_dependencies=None, packages_above_depth=None, packages_end=None, packages_ignore=None, packages_ignore_regex=None, packages_select=['proy_eq1_nav2_system'], packages_select_build_failed=False, packages_select_by_dep=None, packages_select_regex=None, packages_select_test_failures=False, packages_skip=None, packages_skip_build_finished=False, packages_skip_by_dep=None, packages_skip_regex=None, packages_skip_test_passed=False, packages_skip_up_to=None, packages_start=None, packages_up_to=None, packages_up_to_regex=None, parallel_workers=4, paths=None, symlink_install=False, test_result_base=None, verb_extension=<colcon_core.verb.build.BuildVerb object at 0x7f1044329220>, verb_name='build', verb_parser=<colcon_defaults.argument_parser.defaults.DefaultArgumentsDecorator object at 0x7f104418a5b0>)
[2.975s] Level 1:colcon.colcon_core.package_discovery:discover_packages(colcon_meta) check parameters
[2.975s] Level 1:colcon.colcon_core.package_discovery:discover_packages(recursive) check parameters
[2.975s] Level 1:colcon.colcon_core.package_discovery:discover_packages(ignore) check parameters
[2.976s] Level 1:colcon.colcon_core.package_discovery:discover_packages(path) check parameters
[2.976s] Level 1:colcon.colcon_core.package_discovery:discover_packages(colcon_meta) discover
[2.976s] Level 1:colcon.colcon_core.package_discovery:discover_packages(recursive) discover
[2.976s] INFO:colcon.colcon_core.package_discovery:Crawling recursively for packages in '/home/vboxuser/turtlebot3_ws'
[2.976s] Level 1:colcon.colcon_core.package_identification:_identify(.) by extensions ['ignore', 'ignore_ament_install']
[2.977s] Level 1:colcon.colcon_core.package_identification:_identify(.) by extension 'ignore'
[2.977s] Level 1:colcon.colcon_core.package_identification:_identify(.) by extension 'ignore_ament_install'
[2.977s] Level 1:colcon.colcon_core.package_identification:_identify(.) by extensions ['colcon_pkg']
[2.977s] Level 1:colcon.colcon_core.package_identification:_identify(.) by extension 'colcon_pkg'
[2.977s] Level 1:colcon.colcon_core.package_identification:_identify(.) by extensions ['colcon_meta']
[2.977s] Level 1:colcon.colcon_core.package_identification:_identify(.) by extension 'colcon_meta'
[2.977s] Level 1:colcon.colcon_core.package_identification:_identify(.) by extensions ['ros']
[2.978s] Level 1:colcon.colcon_core.package_identification:_identify(.) by extension 'ros'
[2.996s] Level 1:colcon.colcon_core.package_identification:_identify(.) by extensions ['cmake', 'python']
[2.996s] Level 1:colcon.colcon_core.package_identification:_identify(.) by extension 'cmake'
[2.996s] Level 1:colcon.colcon_core.package_identification:_identify(.) by extension 'python'
[2.997s] Level 1:colcon.colcon_core.package_identification:_identify(.) by extensions ['python_setup_py']
[2.997s] Level 1:colcon.colcon_core.package_identification:_identify(.) by extension 'python_setup_py'
[2.997s] Level 1:colcon.colcon_core.package_identification:_identify(build) by extensions ['ignore', 'ignore_ament_install']
[2.997s] Level 1:colcon.colcon_core.package_identification:_identify(build) by extension 'ignore'
[2.998s] Level 1:colcon.colcon_core.package_identification:_identify(build) ignored
[2.998s] Level 1:colcon.colcon_core.package_identification:_identify(install) by extensions ['ignore', 'ignore_ament_install']
[2.998s] Level 1:colcon.colcon_core.package_identification:_identify(install) by extension 'ignore'
[2.998s] Level 1:colcon.colcon_core.package_identification:_identify(install) ignored
[2.999s] Level 1:colcon.colcon_core.package_identification:_identify(log) by extensions ['ignore', 'ignore_ament_install']
[2.999s] Level 1:colcon.colcon_core.package_identification:_identify(log) by extension 'ignore'
[2.999s] Level 1:colcon.colcon_core.package_identification:_identify(log) ignored
[2.999s] Level 1:colcon.colcon_core.package_identification:_identify(src) by extensions ['ignore', 'ignore_ament_install']
[2.999s] Level 1:colcon.colcon_core.package_identification:_identify(src) by extension 'ignore'
[2.999s] Level 1:colcon.colcon_core.package_identification:_identify(src) by extension 'ignore_ament_install'
[3.000s] Level 1:colcon.colcon_core.package_identification:_identify(src) by extensions ['colcon_pkg']
[3.000s] Level 1:colcon.colcon_core.package_identification:_identify(src) by extension 'colcon_pkg'
[3.000s] Level 1:colcon.colcon_core.package_identification:_identify(src) by extensions ['colcon_meta']
[3.000s] Level 1:colcon.colcon_core.package_identification:_identify(src) by extension 'colcon_meta'
[3.000s] Level 1:colcon.colcon_core.package_identification:_identify(src) by extensions ['ros']
[3.000s] Level 1:colcon.colcon_core.package_identification:_identify(src) by extension 'ros'
[3.001s] Level 1:colcon.colcon_core.package_identification:_identify(src) by extensions ['cmake', 'python']
[3.001s] Level 1:colcon.colcon_core.package_identification:_identify(src) by extension 'cmake'
[3.001s] Level 1:colcon.colcon_core.package_identification:_identify(src) by extension 'python'
[3.001s] Level 1:colcon.colcon_core.package_identification:_identify(src) by extensions ['python_setup_py']
[3.001s] Level 1:colcon.colcon_core.package_identification:_identify(src) by extension 'python_setup_py'
[3.001s] Level 1:colcon.colcon_core.package_identification:_identify(src/proy_eq1) by extensions ['ignore', 'ignore_ament_install']
[3.001s] Level 1:colcon.colcon_core.package_identification:_identify(src/proy_eq1) by extension 'ignore'
[3.001s] Level 1:colcon.colcon_core.package_identification:_identify(src/proy_eq1) by extension 'ignore_ament_install'
[3.002s] Level 1:colcon.colcon_core.package_identification:_identify(src/proy_eq1) by extensions ['colcon_pkg']
[3.002s] Level 1:colcon.colcon_core.package_identification:_identify(src/proy_eq1) by extension 'colcon_pkg'
[3.002s] Level 1:colcon.colcon_core.package_identification:_identify(src/proy_eq1) by extensions ['colcon_meta']
[3.002s] Level 1:colcon.colcon_core.package_identification:_identify(src/proy_eq1) by extension 'colcon_meta'
[3.002s] Level 1:colcon.colcon_core.package_identification:_identify(src/proy_eq1) by extensions ['ros']
[3.002s] Level 1:colcon.colcon_core.package_identification:_identify(src/proy_eq1) by extension 'ros'
[3.002s] Level 1:colcon.colcon_core.package_identification:_identify(src/proy_eq1) by extensions ['cmake', 'python']
[3.003s] Level 1:colcon.colcon_core.package_identification:_identify(src/proy_eq1) by extension 'cmake'
[3.003s] Level 1:colcon.colcon_core.package_identification:_identify(src/proy_eq1) by extension 'python'
[3.003s] Level 1:colcon.colcon_core.package_identification:_identify(src/proy_eq1) by extensions ['python_setup_py']
[3.003s] Level 1:colcon.colcon_core.package_identification:_identify(src/proy_eq1) by extension 'python_setup_py'
[3.003s] Level 1:colcon.colcon_core.package_identification:_identify(src/proy_eq1/proy_eq1) by extensions ['ignore', 'ignore_ament_install']
[3.003s] Level 1:colcon.colcon_core.package_identification:_identify(src/proy_eq1/proy_eq1) by extension 'ignore'
[3.003s] Level 1:colcon.colcon_core.package_identification:_identify(src/proy_eq1/proy_eq1) by extension 'ignore_ament_install'
[3.003s] Level 1:colcon.colcon_core.package_identification:_identify(src/proy_eq1/proy_eq1) by extensions ['colcon_pkg']
[3.004s] Level 1:colcon.colcon_core.package_identification:_identify(src/proy_eq1/proy_eq1) by extension 'colcon_pkg'
[3.004s] Level 1:colcon.colcon_core.package_identification:_identify(src/proy_eq1/proy_eq1) by extensions ['colcon_meta']
[3.004s] Level 1:colcon.colcon_core.package_identification:_identify(src/proy_eq1/proy_eq1) by extension 'colcon_meta'
[3.004s] Level 1:colcon.colcon_core.package_identification:_identify(src/proy_eq1/proy_eq1) by extensions ['ros']
[3.004s] Level 1:colcon.colcon_core.package_identification:_identify(src/proy_eq1/proy_eq1) by extension 'ros'
[3.009s] DEBUG:colcon.colcon_core.package_identification:Package 'src/proy_eq1/proy_eq1' with type 'ros.ament_cmake' and name 'proy_eq1'
[3.009s] Level 1:colcon.colcon_core.package_identification:_identify(src/proy_eq1/proy_eq1_custom_interface) by extensions ['ignore', 'ignore_ament_install']
[3.009s] Level 1:colcon.colcon_core.package_identification:_identify(src/proy_eq1/proy_eq1_custom_interface) by extension 'ignore'
[3.010s] Level 1:colcon.colcon_core.package_identification:_identify(src/proy_eq1/proy_eq1_custom_interface) by extension 'ignore_ament_install'
[3.010s] Level 1:colcon.colcon_core.package_identification:_identify(src/proy_eq1/proy_eq1_custom_interface) by extensions ['colcon_pkg']
[3.010s] Level 1:colcon.colcon_core.package_identification:_identify(src/proy_eq1/proy_eq1_custom_interface) by extension 'colcon_pkg'
[3.010s] Level 1:colcon.colcon_core.package_identification:_identify(src/proy_eq1/proy_eq1_custom_interface) by extensions ['colcon_meta']
[3.010s] Level 1:colcon.colcon_core.package_identification:_identify(src/proy_eq1/proy_eq1_custom_interface) by extension 'colcon_meta'
[3.010s] Level 1:colcon.colcon_core.package_identification:_identify(src/proy_eq1/proy_eq1_custom_interface) by extensions ['ros']
[3.010s] Level 1:colcon.colcon_core.package_identification:_identify(src/proy_eq1/proy_eq1_custom_interface) by extension 'ros'
[3.012s] DEBUG:colcon.colcon_core.package_identification:Package 'src/proy_eq1/proy_eq1_custom_interface' with type 'ros.ament_cmake' and name 'proy_eq1_custom_interface'
[3.012s] Level 1:colcon.colcon_core.package_identification:_identify(src/proy_eq1/proy_eq1_mundo) by extensions ['ignore', 'ignore_ament_install']
[3.012s] Level 1:colcon.colcon_core.package_identification:_identify(src/proy_eq1/proy_eq1_mundo) by extension 'ignore'
[3.012s] Level 1:colcon.colcon_core.package_identification:_identify(src/proy_eq1/proy_eq1_mundo) by extension 'ignore_ament_install'
[3.012s] Level 1:colcon.colcon_core.package_identification:_identify(src/proy_eq1/proy_eq1_mundo) by extensions ['colcon_pkg']
[3.012s] Level 1:colcon.colcon_core.package_identification:_identify(src/proy_eq1/proy_eq1_mundo) by extension 'colcon_pkg'
[3.012s] Level 1:colcon.colcon_core.package_identification:_identify(src/proy_eq1/proy_eq1_mundo) by extensions ['colcon_meta']
[3.013s] Level 1:colcon.colcon_core.package_identification:_identify(src/proy_eq1/proy_eq1_mundo) by extension 'colcon_meta'
[3.013s] Level 1:colcon.colcon_core.package_identification:_identify(src/proy_eq1/proy_eq1_mundo) by extensions ['ros']
[3.013s] Level 1:colcon.colcon_core.package_identification:_identify(src/proy_eq1/proy_eq1_mundo) by extension 'ros'
[3.014s] DEBUG:colcon.colcon_core.package_identification:Package 'src/proy_eq1/proy_eq1_mundo' with type 'ros.ament_cmake' and name 'proy_eq1_mundo'
[3.014s] Level 1:colcon.colcon_core.package_identification:_identify(src/proy_eq1/proy_eq1_nav2_system) by extensions ['ignore', 'ignore_ament_install']
[3.014s] Level 1:colcon.colcon_core.package_identification:_identify(src/proy_eq1/proy_eq1_nav2_system) by extension 'ignore'
[3.014s] Level 1:colcon.colcon_core.package_identification:_identify(src/proy_eq1/proy_eq1_nav2_system) by extension 'ignore_ament_install'
[3.015s] Level 1:colcon.colcon_core.package_identification:_identify(src/proy_eq1/proy_eq1_nav2_system) by extensions ['colcon_pkg']
[3.015s] Level 1:colcon.colcon_core.package_identification:_identify(src/proy_eq1/proy_eq1_nav2_system) by extension 'colcon_pkg'
[3.015s] Level 1:colcon.colcon_core.package_identification:_identify(src/proy_eq1/proy_eq1_nav2_system) by extensions ['colcon_meta']
[3.015s] Level 1:colcon.colcon_core.package_identification:_identify(src/proy_eq1/proy_eq1_nav2_system) by extension 'colcon_meta'
[3.015s] Level 1:colcon.colcon_core.package_identification:_identify(src/proy_eq1/proy_eq1_nav2_system) by extensions ['ros']
[3.015s] Level 1:colcon.colcon_core.package_identification:_identify(src/proy_eq1/proy_eq1_nav2_system) by extension 'ros'
[3.016s] DEBUG:colcon.colcon_core.package_identification:Package 'src/proy_eq1/proy_eq1_nav2_system' with type 'ros.ament_python' and name 'proy_eq1_nav2_system'
[3.016s] Level 1:colcon.colcon_core.package_identification:_identify(src/proy_eq1/proy_eq1_nav_manual) by extensions ['ignore', 'ignore_ament_install']
[3.016s] Level 1:colcon.colcon_core.package_identification:_identify(src/proy_eq1/proy_eq1_nav_manual) by extension 'ignore'
[3.017s] Level 1:colcon.colcon_core.package_identification:_identify(src/proy_eq1/proy_eq1_nav_manual) by extension 'ignore_ament_install'
[3.017s] Level 1:colcon.colcon_core.package_identification:_identify(src/proy_eq1/proy_eq1_nav_manual) by extensions ['colcon_pkg']
[3.017s] Level 1:colcon.colcon_core.package_identification:_identify(src/proy_eq1/proy_eq1_nav_manual) by extension 'colcon_pkg'
[3.017s] Level 1:colcon.colcon_core.package_identification:_identify(src/proy_eq1/proy_eq1_nav_manual) by extensions ['colcon_meta']
[3.017s] Level 1:colcon.colcon_core.package_identification:_identify(src/proy_eq1/proy_eq1_nav_manual) by extension 'colcon_meta'
[3.017s] Level 1:colcon.colcon_core.package_identification:_identify(src/proy_eq1/proy_eq1_nav_manual) by extensions ['ros']
[3.017s] Level 1:colcon.colcon_core.package_identification:_identify(src/proy_eq1/proy_eq1_nav_manual) by extension 'ros'
[3.019s] DEBUG:colcon.colcon_core.package_identification:Package 'src/proy_eq1/proy_eq1_nav_manual' with type 'ros.ament_python' and name 'proy_eq1_nav_manual'
[3.019s] Level 1:colcon.colcon_core.package_identification:_identify(src/proy_eq1/proy_eq1_provide_map) by extensions ['ignore', 'ignore_ament_install']
[3.019s] Level 1:colcon.colcon_core.package_identification:_identify(src/proy_eq1/proy_eq1_provide_map) by extension 'ignore'
[3.019s] Level 1:colcon.colcon_core.package_identification:_identify(src/proy_eq1/proy_eq1_provide_map) by extension 'ignore_ament_install'
[3.019s] Level 1:colcon.colcon_core.package_identification:_identify(src/proy_eq1/proy_eq1_provide_map) by extensions ['colcon_pkg']
[3.019s] Level 1:colcon.colcon_core.package_identification:_identify(src/proy_eq1/proy_eq1_provide_map) by extension 'colcon_pkg'
[3.020s] Level 1:colcon.colcon_core.package_identification:_identify(src/proy_eq1/proy_eq1_provide_map) by extensions ['colcon_meta']
[3.020s] Level 1:colcon.colcon_core.package_identification:_identify(src/proy_eq1/proy_eq1_provide_map) by extension 'colcon_meta'
[3.020s] Level 1:colcon.colcon_core.package_identification:_identify(src/proy_eq1/proy_eq1_provide_map) by extensions ['ros']
[3.020s] Level 1:colcon.colcon_core.package_identification:_identify(src/proy_eq1/proy_eq1_provide_map) by extension 'ros'
[3.021s] DEBUG:colcon.colcon_core.package_identification:Package 'src/proy_eq1/proy_eq1_provide_map' with type 'ros.ament_python' and name 'proy_eq1_provide_map'
[3.021s] Level 1:colcon.colcon_core.package_identification:_identify(src/proy_eq1/proy_eq1_slam) by extensions ['ignore', 'ignore_ament_install']
[3.021s] Level 1:colcon.colcon_core.package_identification:_identify(src/proy_eq1/proy_eq1_slam) by extension 'ignore'
[3.021s] Level 1:colcon.colcon_core.package_identification:_identify(src/proy_eq1/proy_eq1_slam) by extension 'ignore_ament_install'
[3.021s] Level 1:colcon.colcon_core.package_identification:_identify(src/proy_eq1/proy_eq1_slam) by extensions ['colcon_pkg']
[3.021s] Level 1:colcon.colcon_core.package_identification:_identify(src/proy_eq1/proy_eq1_slam) by extension 'colcon_pkg'
[3.022s] Level 1:colcon.colcon_core.package_identification:_identify(src/proy_eq1/proy_eq1_slam) by extensions ['colcon_meta']
[3.022s] Level 1:colcon.colcon_core.package_identification:_identify(src/proy_eq1/proy_eq1_slam) by extension 'colcon_meta'
[3.022s] Level 1:colcon.colcon_core.package_identification:_identify(src/proy_eq1/proy_eq1_slam) by extensions ['ros']
[3.022s] Level 1:colcon.colcon_core.package_identification:_identify(src/proy_eq1/proy_eq1_slam) by extension 'ros'
[3.023s] DEBUG:colcon.colcon_core.package_identification:Package 'src/proy_eq1/proy_eq1_slam' with type 'ros.ament_python' and name 'proy_eq1_slam'
[3.023s] Level 1:colcon.colcon_core.package_identification:_identify(src/turtlebot3_simulations) by extensions ['ignore', 'ignore_ament_install']
[3.023s] Level 1:colcon.colcon_core.package_identification:_identify(src/turtlebot3_simulations) by extension 'ignore'
[3.023s] Level 1:colcon.colcon_core.package_identification:_identify(src/turtlebot3_simulations) by extension 'ignore_ament_install'
[3.024s] Level 1:colcon.colcon_core.package_identification:_identify(src/turtlebot3_simulations) by extensions ['colcon_pkg']
[3.024s] Level 1:colcon.colcon_core.package_identification:_identify(src/turtlebot3_simulations) by extension 'colcon_pkg'
[3.024s] Level 1:colcon.colcon_core.package_identification:_identify(src/turtlebot3_simulations) by extensions ['colcon_meta']
[3.024s] Level 1:colcon.colcon_core.package_identification:_identify(src/turtlebot3_simulations) by extension 'colcon_meta'
[3.024s] Level 1:colcon.colcon_core.package_identification:_identify(src/turtlebot3_simulations) by extensions ['ros']
[3.024s] Level 1:colcon.colcon_core.package_identification:_identify(src/turtlebot3_simulations) by extension 'ros'
[3.024s] Level 1:colcon.colcon_core.package_identification:_identify(src/turtlebot3_simulations) by extensions ['cmake', 'python']
[3.024s] Level 1:colcon.colcon_core.package_identification:_identify(src/turtlebot3_simulations) by extension 'cmake'
[3.024s] Level 1:colcon.colcon_core.package_identification:_identify(src/turtlebot3_simulations) by extension 'python'
[3.024s] Level 1:colcon.colcon_core.package_identification:_identify(src/turtlebot3_simulations) by extensions ['python_setup_py']
[3.024s] Level 1:colcon.colcon_core.package_identification:_identify(src/turtlebot3_simulations) by extension 'python_setup_py'
[3.024s] Level 1:colcon.colcon_core.package_identification:_identify(src/turtlebot3_simulations/turtlebot3_fake_node) by extensions ['ignore', 'ignore_ament_install']
[3.025s] Level 1:colcon.colcon_core.package_identification:_identify(src/turtlebot3_simulations/turtlebot3_fake_node) by extension 'ignore'
[3.025s] Level 1:colcon.colcon_core.package_identification:_identify(src/turtlebot3_simulations/turtlebot3_fake_node) by extension 'ignore_ament_install'
[3.025s] Level 1:colcon.colcon_core.package_identification:_identify(src/turtlebot3_simulations/turtlebot3_fake_node) by extensions ['colcon_pkg']
[3.025s] Level 1:colcon.colcon_core.package_identification:_identify(src/turtlebot3_simulations/turtlebot3_fake_node) by extension 'colcon_pkg'
[3.025s] Level 1:colcon.colcon_core.package_identification:_identify(src/turtlebot3_simulations/turtlebot3_fake_node) by extensions ['colcon_meta']
[3.025s] Level 1:colcon.colcon_core.package_identification:_identify(src/turtlebot3_simulations/turtlebot3_fake_node) by extension 'colcon_meta'
[3.025s] Level 1:colcon.colcon_core.package_identification:_identify(src/turtlebot3_simulations/turtlebot3_fake_node) by extensions ['ros']
[3.025s] Level 1:colcon.colcon_core.package_identification:_identify(src/turtlebot3_simulations/turtlebot3_fake_node) by extension 'ros'
[3.026s] DEBUG:colcon.colcon_core.package_identification:Package 'src/turtlebot3_simulations/turtlebot3_fake_node' with type 'ros.ament_cmake' and name 'turtlebot3_fake_node'
[3.026s] Level 1:colcon.colcon_core.package_identification:_identify(src/turtlebot3_simulations/turtlebot3_gazebo) by extensions ['ignore', 'ignore_ament_install']
[3.026s] Level 1:colcon.colcon_core.package_identification:_identify(src/turtlebot3_simulations/turtlebot3_gazebo) by extension 'ignore'
[3.026s] Level 1:colcon.colcon_core.package_identification:_identify(src/turtlebot3_simulations/turtlebot3_gazebo) by extension 'ignore_ament_install'
[3.026s] Level 1:colcon.colcon_core.package_identification:_identify(src/turtlebot3_simulations/turtlebot3_gazebo) by extensions ['colcon_pkg']
[3.027s] Level 1:colcon.colcon_core.package_identification:_identify(src/turtlebot3_simulations/turtlebot3_gazebo) by extension 'colcon_pkg'
[3.027s] Level 1:colcon.colcon_core.package_identification:_identify(src/turtlebot3_simulations/turtlebot3_gazebo) by extensions ['colcon_meta']
[3.027s] Level 1:colcon.colcon_core.package_identification:_identify(src/turtlebot3_simulations/turtlebot3_gazebo) by extension 'colcon_meta'
[3.027s] Level 1:colcon.colcon_core.package_identification:_identify(src/turtlebot3_simulations/turtlebot3_gazebo) by extensions ['ros']
[3.027s] Level 1:colcon.colcon_core.package_identification:_identify(src/turtlebot3_simulations/turtlebot3_gazebo) by extension 'ros'
[3.028s] DEBUG:colcon.colcon_core.package_identification:Package 'src/turtlebot3_simulations/turtlebot3_gazebo' with type 'ros.ament_cmake' and name 'turtlebot3_gazebo'
[3.028s] Level 1:colcon.colcon_core.package_identification:_identify(src/turtlebot3_simulations/turtlebot3_simulations) by extensions ['ignore', 'ignore_ament_install']
[3.028s] Level 1:colcon.colcon_core.package_identification:_identify(src/turtlebot3_simulations/turtlebot3_simulations) by extension 'ignore'
[3.028s] Level 1:colcon.colcon_core.package_identification:_identify(src/turtlebot3_simulations/turtlebot3_simulations) by extension 'ignore_ament_install'
[3.028s] Level 1:colcon.colcon_core.package_identification:_identify(src/turtlebot3_simulations/turtlebot3_simulations) by extensions ['colcon_pkg']
[3.028s] Level 1:colcon.colcon_core.package_identification:_identify(src/turtlebot3_simulations/turtlebot3_simulations) by extension 'colcon_pkg'
[3.028s] Level 1:colcon.colcon_core.package_identification:_identify(src/turtlebot3_simulations/turtlebot3_simulations) by extensions ['colcon_meta']
[3.029s] Level 1:colcon.colcon_core.package_identification:_identify(src/turtlebot3_simulations/turtlebot3_simulations) by extension 'colcon_meta'
[3.029s] Level 1:colcon.colcon_core.package_identification:_identify(src/turtlebot3_simulations/turtlebot3_simulations) by extensions ['ros']
[3.029s] Level 1:colcon.colcon_core.package_identification:_identify(src/turtlebot3_simulations/turtlebot3_simulations) by extension 'ros'
[3.029s] DEBUG:colcon.colcon_core.package_identification:Package 'src/turtlebot3_simulations/turtlebot3_simulations' with type 'ros.ament_cmake' and name 'turtlebot3_simulations'
[3.029s] Level 1:colcon.colcon_core.package_discovery:discover_packages(recursive) using defaults
[3.030s] Level 1:colcon.colcon_core.package_discovery:discover_packages(ignore) discover
[3.030s] Level 1:colcon.colcon_core.package_discovery:discover_packages(ignore) using defaults
[3.030s] Level 1:colcon.colcon_core.package_discovery:discover_packages(path) discover
[3.030s] Level 1:colcon.colcon_core.package_discovery:discover_packages(path) using defaults
[3.167s] INFO:colcon.colcon_core.package_selection:Skipping not selected package 'proy_eq1_custom_interface' in 'src/proy_eq1/proy_eq1_custom_interface'
[3.167s] INFO:colcon.colcon_core.package_selection:Skipping not selected package 'proy_eq1_nav_manual' in 'src/proy_eq1/proy_eq1_nav_manual'
[3.167s] INFO:colcon.colcon_core.package_selection:Skipping not selected package 'proy_eq1_provide_map' in 'src/proy_eq1/proy_eq1_provide_map'
[3.167s] INFO:colcon.colcon_core.package_selection:Skipping not selected package 'proy_eq1_slam' in 'src/proy_eq1/proy_eq1_slam'
[3.167s] INFO:colcon.colcon_core.package_selection:Skipping not selected package 'turtlebot3_fake_node' in 'src/turtlebot3_simulations/turtlebot3_fake_node'
[3.167s] INFO:colcon.colcon_core.package_selection:Skipping not selected package 'turtlebot3_gazebo' in 'src/turtlebot3_simulations/turtlebot3_gazebo'
[3.167s] INFO:colcon.colcon_core.package_selection:Skipping not selected package 'proy_eq1' in 'src/proy_eq1/proy_eq1'
[3.167s] INFO:colcon.colcon_core.package_selection:Skipping not selected package 'proy_eq1_mundo' in 'src/proy_eq1/proy_eq1_mundo'
[3.167s] INFO:colcon.colcon_core.package_selection:Skipping not selected package 'turtlebot3_simulations' in 'src/turtlebot3_simulations/turtlebot3_simulations'
[3.239s] Level 1:colcon.colcon_core.package_discovery:discover_packages(prefix_path) check parameters
[3.240s] Level 1:colcon.colcon_core.package_discovery:discover_packages(prefix_path) discover
[3.308s] DEBUG:colcon.colcon_installed_package_information.package_discovery:Found 19 installed packages in /home/vboxuser/turtlebot3_ws/install
[3.339s] DEBUG:colcon.colcon_installed_package_information.package_discovery:Found 336 installed packages in /opt/ros/galactic
[3.340s] Level 1:colcon.colcon_core.package_discovery:discover_packages(prefix_path) using defaults
[3.532s] Level 5:colcon.colcon_core.verb:set package 'proy_eq1_nav2_system' build argument 'cmake_args' from command line to 'None'
[3.532s] Level 5:colcon.colcon_core.verb:set package 'proy_eq1_nav2_system' build argument 'cmake_target' from command line to 'None'
[3.532s] Level 5:colcon.colcon_core.verb:set package 'proy_eq1_nav2_system' build argument 'cmake_target_skip_unavailable' from command line to 'False'
[3.532s] Level 5:colcon.colcon_core.verb:set package 'proy_eq1_nav2_system' build argument 'cmake_clean_cache' from command line to 'False'
[3.532s] Level 5:colcon.colcon_core.verb:set package 'proy_eq1_nav2_system' build argument 'cmake_clean_first' from command line to 'False'
[3.532s] Level 5:colcon.colcon_core.verb:set package 'proy_eq1_nav2_system' build argument 'cmake_force_configure' from command line to 'False'
[3.532s] Level 5:colcon.colcon_core.verb:set package 'proy_eq1_nav2_system' build argument 'ament_cmake_args' from command line to 'None'
[3.532s] Level 5:colcon.colcon_core.verb:set package 'proy_eq1_nav2_system' build argument 'catkin_cmake_args' from command line to 'None'
[3.532s] Level 5:colcon.colcon_core.verb:set package 'proy_eq1_nav2_system' build argument 'catkin_skip_building_tests' from command line to 'False'
[3.532s] DEBUG:colcon.colcon_core.verb:Building package 'proy_eq1_nav2_system' with the following arguments: {'ament_cmake_args': None, 'build_base': '/home/vboxuser/turtlebot3_ws/build/proy_eq1_nav2_system', 'catkin_cmake_args': None, 'catkin_skip_building_tests': False, 'cmake_args': None, 'cmake_clean_cache': False, 'cmake_clean_first': False, 'cmake_force_configure': False, 'cmake_target': None, 'cmake_target_skip_unavailable': False, 'install_base': '/home/vboxuser/turtlebot3_ws/install/proy_eq1_nav2_system', 'merge_install': False, 'path': '/home/vboxuser/turtlebot3_ws/src/proy_eq1/proy_eq1_nav2_system', 'symlink_install': False, 'test_result_base': None}
[3.562s] INFO:colcon.colcon_core.executor:Executing jobs using 'parallel' executor
[3.592s] DEBUG:colcon.colcon_parallel_executor.executor.parallel:run_until_complete
[3.593s] INFO:colcon.colcon_ros.task.ament_python.build:Building ROS package in '/home/vboxuser/turtlebot3_ws/src/proy_eq1/proy_eq1_nav2_system' with build type 'ament_python'
[3.593s] Level 1:colcon.colcon_core.shell:create_environment_hook('proy_eq1_nav2_system', 'ament_prefix_path')
[3.674s] INFO:colcon.colcon_core.plugin_system:Skipping extension 'colcon_core.shell.bat': Not used on non-Windows systems
[3.674s] INFO:colcon.colcon_core.shell:Creating environment hook '/home/vboxuser/turtlebot3_ws/install/proy_eq1_nav2_system/share/proy_eq1_nav2_system/hook/ament_prefix_path.ps1'
[3.677s] INFO:colcon.colcon_core.shell:Creating environment descriptor '/home/vboxuser/turtlebot3_ws/install/proy_eq1_nav2_system/share/proy_eq1_nav2_system/hook/ament_prefix_path.dsv'
[3.680s] INFO:colcon.colcon_core.shell:Creating environment hook '/home/vboxuser/turtlebot3_ws/install/proy_eq1_nav2_system/share/proy_eq1_nav2_system/hook/ament_prefix_path.sh'
[3.733s] INFO:colcon.colcon_core.shell:Skip shell extension 'powershell' for command environment: Not usable outside of PowerShell
[3.733s] DEBUG:colcon.colcon_core.shell:Skip shell extension 'dsv' for command environment
[4.181s] INFO:colcon.colcon_core.task.python.build:Building Python package in '/home/vboxuser/turtlebot3_ws/src/proy_eq1/proy_eq1_nav2_system'
[4.221s] INFO:colcon.colcon_core.shell:Skip shell extension 'powershell' for command environment: Not usable outside of PowerShell
[4.221s] DEBUG:colcon.colcon_core.shell:Skip shell extension 'dsv' for command environment
[4.989s] DEBUG:colcon.colcon_core.event_handler.log_command:Invoking command in '/home/vboxuser/turtlebot3_ws/src/proy_eq1/proy_eq1_nav2_system': PYTHONPATH=/home/vboxuser/turtlebot3_ws/build/proy_eq1_nav2_system/prefix_override:/home/vboxuser/turtlebot3_ws/install/proy_eq1_nav2_system/lib/python3.8/site-packages:${PYTHONPATH} /usr/bin/python3 setup.py egg_info --egg-base ../../../build/proy_eq1_nav2_system build --build-base /home/vboxuser/turtlebot3_ws/build/proy_eq1_nav2_system/build install --record /home/vboxuser/turtlebot3_ws/build/proy_eq1_nav2_system/install.log --single-version-externally-managed
[5.290s] DEBUG:colcon.colcon_core.event_handler.log_command:Invoked command in '/home/vboxuser/turtlebot3_ws/src/proy_eq1/proy_eq1_nav2_system' returned '0': PYTHONPATH=/home/vboxuser/turtlebot3_ws/build/proy_eq1_nav2_system/prefix_override:/home/vboxuser/turtlebot3_ws/install/proy_eq1_nav2_system/lib/python3.8/site-packages:${PYTHONPATH} /usr/bin/python3 setup.py egg_info --egg-base ../../../build/proy_eq1_nav2_system build --build-base /home/vboxuser/turtlebot3_ws/build/proy_eq1_nav2_system/build install --record /home/vboxuser/turtlebot3_ws/build/proy_eq1_nav2_system/install.log --single-version-externally-managed
[5.350s] Level 1:colcon.colcon_core.environment:checking '/home/vboxuser/turtlebot3_ws/install/proy_eq1_nav2_system' for CMake module files
[5.350s] Level 1:colcon.colcon_core.environment:checking '/home/vboxuser/turtlebot3_ws/install/proy_eq1_nav2_system' for CMake config files
[5.351s] Level 1:colcon.colcon_core.environment:checking '/home/vboxuser/turtlebot3_ws/install/proy_eq1_nav2_system/lib'
[5.351s] Level 1:colcon.colcon_core.environment:checking '/home/vboxuser/turtlebot3_ws/install/proy_eq1_nav2_system/bin'
[5.351s] Level 1:colcon.colcon_core.environment:checking '/home/vboxuser/turtlebot3_ws/install/proy_eq1_nav2_system/lib/pkgconfig/proy_eq1_nav2_system.pc'
[5.351s] Level 1:colcon.colcon_core.environment:checking '/home/vboxuser/turtlebot3_ws/install/proy_eq1_nav2_system/lib/python3.8/site-packages'
[5.351s] Level 1:colcon.colcon_core.shell:create_environment_hook('proy_eq1_nav2_system', 'pythonpath')
[5.383s] INFO:colcon.colcon_core.shell:Creating environment hook '/home/vboxuser/turtlebot3_ws/install/proy_eq1_nav2_system/share/proy_eq1_nav2_system/hook/pythonpath.ps1'
[5.383s] INFO:colcon.colcon_core.shell:Creating environment descriptor '/home/vboxuser/turtlebot3_ws/install/proy_eq1_nav2_system/share/proy_eq1_nav2_system/hook/pythonpath.dsv'
[5.384s] INFO:colcon.colcon_core.shell:Creating environment hook '/home/vboxuser/turtlebot3_ws/install/proy_eq1_nav2_system/share/proy_eq1_nav2_system/hook/pythonpath.sh'
[5.384s] Level 1:colcon.colcon_core.environment:checking '/home/vboxuser/turtlebot3_ws/install/proy_eq1_nav2_system/bin'
[5.384s] Level 1:colcon.colcon_core.environment:create_environment_scripts_only(proy_eq1_nav2_system)
[5.415s] INFO:colcon.colcon_core.shell:Creating package script '/home/vboxuser/turtlebot3_ws/install/proy_eq1_nav2_system/share/proy_eq1_nav2_system/package.ps1'
[5.416s] INFO:colcon.colcon_core.shell:Creating package descriptor '/home/vboxuser/turtlebot3_ws/install/proy_eq1_nav2_system/share/proy_eq1_nav2_system/package.dsv'
[5.417s] INFO:colcon.colcon_core.shell:Creating package script '/home/vboxuser/turtlebot3_ws/install/proy_eq1_nav2_system/share/proy_eq1_nav2_system/package.sh'
[5.418s] INFO:colcon.colcon_core.shell:Creating package script '/home/vboxuser/turtlebot3_ws/install/proy_eq1_nav2_system/share/proy_eq1_nav2_system/package.bash'
[5.421s] INFO:colcon.colcon_core.shell:Creating package script '/home/vboxuser/turtlebot3_ws/install/proy_eq1_nav2_system/share/proy_eq1_nav2_system/package.zsh'
[5.423s] Level 1:colcon.colcon_core.environment:create_file_with_runtime_dependencies(/home/vboxuser/turtlebot3_ws/install/proy_eq1_nav2_system/share/colcon-core/packages/proy_eq1_nav2_system)
[5.423s] DEBUG:colcon.colcon_parallel_executor.executor.parallel:closing loop
[5.424s] DEBUG:colcon.colcon_parallel_executor.executor.parallel:loop closed
[5.424s] DEBUG:colcon.colcon_parallel_executor.executor.parallel:run_until_complete finished with '0'
[5.424s] DEBUG:colcon.colcon_core.event_reactor:joining thread
[5.481s] INFO:colcon.colcon_core.plugin_system:Skipping extension 'colcon_notification.desktop_notification.terminal_notifier': Not used on non-Darwin systems
[5.482s] INFO:colcon.colcon_core.plugin_system:Skipping extension 'colcon_notification.desktop_notification.win32': Not used on non-Windows systems
[5.482s] INFO:colcon.colcon_notification.desktop_notification:Sending desktop notification using 'notify2'
[5.508s] DEBUG:colcon.colcon_core.event_reactor:joined thread
[5.563s] INFO:colcon.colcon_core.shell:Creating prefix script '/home/vboxuser/turtlebot3_ws/install/local_setup.ps1'
[5.565s] INFO:colcon.colcon_core.shell:Creating prefix util module '/home/vboxuser/turtlebot3_ws/install/_local_setup_util_ps1.py'
[5.567s] INFO:colcon.colcon_core.shell:Creating prefix chain script '/home/vboxuser/turtlebot3_ws/install/setup.ps1'
[5.608s] INFO:colcon.colcon_core.shell:Creating prefix script '/home/vboxuser/turtlebot3_ws/install/local_setup.sh'
[5.609s] INFO:colcon.colcon_core.shell:Creating prefix util module '/home/vboxuser/turtlebot3_ws/install/_local_setup_util_sh.py'
[5.610s] INFO:colcon.colcon_core.shell:Creating prefix chain script '/home/vboxuser/turtlebot3_ws/install/setup.sh'
[5.652s] INFO:colcon.colcon_core.shell:Creating prefix script '/home/vboxuser/turtlebot3_ws/install/local_setup.bash'
[5.653s] INFO:colcon.colcon_core.shell:Creating prefix chain script '/home/vboxuser/turtlebot3_ws/install/setup.bash'
[5.693s] INFO:colcon.colcon_core.shell:Creating prefix script '/home/vboxuser/turtlebot3_ws/install/local_setup.zsh'
[5.694s] INFO:colcon.colcon_core.shell:Creating prefix chain script '/home/vboxuser/turtlebot3_ws/install/setup.zsh'
