[1.304s] Invoking command in '/home/vboxuser/turtlebot3_ws/src/proy_eq1/proy_eq1_nav2_system': PYTHONPATH=/home/vboxuser/turtlebot3_ws/build/proy_eq1_nav2_system/prefix_override:/home/vboxuser/turtlebot3_ws/install/proy_eq1_nav2_system/lib/python3.8/site-packages:${PYTHONPATH} /usr/bin/python3 setup.py egg_info --egg-base ../../../build/proy_eq1_nav2_system build --build-base /home/vboxuser/turtlebot3_ws/build/proy_eq1_nav2_system/build install --record /home/vboxuser/turtlebot3_ws/build/proy_eq1_nav2_system/install.log --single-version-externally-managed
[1.563s] running egg_info
[1.563s] writing ../../../build/proy_eq1_nav2_system/proy_eq1_nav2_system.egg-info/PKG-INFO
[1.563s] writing dependency_links to ../../../build/proy_eq1_nav2_system/proy_eq1_nav2_system.egg-info/dependency_links.txt
[1.564s] writing entry points to ../../../build/proy_eq1_nav2_system/proy_eq1_nav2_system.egg-info/entry_points.txt
[1.564s] writing requirements to ../../../build/proy_eq1_nav2_system/proy_eq1_nav2_system.egg-info/requires.txt
[1.564s] writing top-level names to ../../../build/proy_eq1_nav2_system/proy_eq1_nav2_system.egg-info/top_level.txt
[1.630s] reading manifest file '../../../build/proy_eq1_nav2_system/proy_eq1_nav2_system.egg-info/SOURCES.txt'
[1.631s] writing manifest file '../../../build/proy_eq1_nav2_system/proy_eq1_nav2_system.egg-info/SOURCES.txt'
[1.631s] running build
[1.631s] running build_py
[1.632s] running install
[1.633s] running install_lib
[1.634s] running install_data
[1.634s] copying launch/proy_eq1_tb3_real_nav2.launch.py -> /home/vboxuser/turtlebot3_ws/install/proy_eq1_nav2_system/share/proy_eq1_nav2_system/launch
[1.635s] running install_egg_info
[1.636s] removing '/home/vboxuser/turtlebot3_ws/install/proy_eq1_nav2_system/lib/python3.8/site-packages/proy_eq1_nav2_system-0.0.0-py3.8.egg-info' (and everything under it)
[1.637s] Copying ../../../build/proy_eq1_nav2_system/proy_eq1_nav2_system.egg-info to /home/vboxuser/turtlebot3_ws/install/proy_eq1_nav2_system/lib/python3.8/site-packages/proy_eq1_nav2_system-0.0.0-py3.8.egg-info
[1.638s] running install_scripts
[1.655s] Installing initial_pose_pub script to /home/vboxuser/turtlebot3_ws/install/proy_eq1_nav2_system/lib/proy_eq1_nav2_system
[1.656s] writing list of installed files to '/home/vboxuser/turtlebot3_ws/build/proy_eq1_nav2_system/install.log'
[1.675s] Invoked command in '/home/vboxuser/turtlebot3_ws/src/proy_eq1/proy_eq1_nav2_system' returned '0': PYTHONPATH=/home/vboxuser/turtlebot3_ws/build/proy_eq1_nav2_system/prefix_override:/home/vboxuser/turtlebot3_ws/install/proy_eq1_nav2_system/lib/python3.8/site-packages:${PYTHONPATH} /usr/bin/python3 setup.py egg_info --egg-base ../../../build/proy_eq1_nav2_system build --build-base /home/vboxuser/turtlebot3_ws/build/proy_eq1_nav2_system/build install --record /home/vboxuser/turtlebot3_ws/build/proy_eq1_nav2_system/install.log --single-version-externally-managed
