[0.000000] (-) TimerEvent: {}
[0.000101] (-) JobUnselected: {'identifier': 'custom_interface'}
[0.000119] (-) JobUnselected: {'identifier': 'movimiento_manual_service'}
[0.000131] (-) JobUnselected: {'identifier': 'my_first_action'}
[0.000140] (-) JobUnselected: {'identifier': 'my_first_node'}
[0.000149] (-) JobUnselected: {'identifier': 'my_first_publisher'}
[0.000158] (-) JobUnselected: {'identifier': 'my_first_subscriber'}
[0.000166] (-) JobUnselected: {'identifier': 'my_world'}
[0.000174] (-) JobUnselected: {'identifier': 'proy_asun'}
[0.000183] (-) JobUnselected: {'identifier': 'proy_eq1_custom_interface'}
[0.000191] (-) JobUnselected: {'identifier': 'proy_eq1_nav_manual'}
[0.000199] (-) JobUnselected: {'identifier': 'show_msg'}
[0.000207] (-) JobUnselected: {'identifier': 'turtlebot3_fake_node'}
[0.000215] (-) JobUnselected: {'identifier': 'turtlebot3_gazebo'}
[0.000224] (-) JobUnselected: {'identifier': 'turtlebot3_simulations'}
[0.000234] (proy_eq1) JobQueued: {'identifier': 'proy_eq1', 'dependencies': OrderedDict([('custom_interface', '/home/vboxuser/turtlebot3_ws/install/custom_interface'), ('proy_eq1_custom_interface', '/home/vboxuser/turtlebot3_ws/install/proy_eq1_custom_interface'), ('proy_eq1_nav_manual', '/home/vboxuser/turtlebot3_ws/install/proy_eq1_nav_manual')])}
[0.000254] (proy_eq1) JobStarted: {'identifier': 'proy_eq1'}
[0.100345] (-) TimerEvent: {}
[0.197223] (proy_eq1) JobEnded: {'identifier': 'proy_eq1', 'rc': 1}
[0.203482] (-) TimerEvent: {}
[0.207583] (-) EventReactorShutdown: {}
