[0.140s] Invoking command in '/home/vboxuser/turtlebot3_ws/build/custom_interface': CMAKE_PREFIX_PATH=${CMAKE_PREFIX_PATH}:/home/vboxuser/turtlebot3_ws/install/show_msg:/home/vboxuser/turtlebot3_ws/install/my_first_subscriber:/home/vboxuser/turtlebot3_ws/install/my_first_service:/home/vboxuser/turtlebot3_ws/install/my_first_publisher:/home/vboxuser/turtlebot3_ws/install/my_first_node:/home/vboxuser/turtlebot3_ws/install/my_first_action:/home/vboxuser/turtlebot3_ws/install/movimiento_manual_service:/opt/ros/galactic /usr/bin/cmake --build /home/vboxuser/turtlebot3_ws/build/custom_interface -- -j4 -l4
[0.172s] -- Found ament_cmake: 1.1.6 (/opt/ros/galactic/share/ament_cmake/cmake)
[0.224s] -- Found PythonInterp: /usr/bin/python3 (found suitable version "3.8.10", minimum required is "3") 
[0.224s] -- Using PYTHON_EXECUTABLE: /usr/bin/python3
[0.277s] -- Found rclcpp: 9.2.2 (/opt/ros/galactic/share/rclcpp/cmake)
[0.305s] -- Using all available rosidl_typesupport_c: rosidl_typesupport_fastrtps_c;rosidl_typesupport_introspection_c
[0.307s] -- Found rosidl_adapter: 2.2.3 (/opt/ros/galactic/share/rosidl_adapter/cmake)
[0.414s] -- Using all available rosidl_typesupport_cpp: rosidl_typesupport_fastrtps_cpp;rosidl_typesupport_introspection_cpp
[0.453s] -- Found rmw_implementation_cmake: 3.3.1 (/opt/ros/galactic/share/rmw_implementation_cmake/cmake)
[0.455s] -- Found rmw_cyclonedds_cpp: 0.22.6 (/opt/ros/galactic/share/rmw_cyclonedds_cpp/cmake)
[0.469s] -- Using RMW implementation 'rmw_cyclonedds_cpp' as default
[0.573s] -- Found rosidl_default_generators: 1.1.1 (/opt/ros/galactic/share/rosidl_default_generators/cmake)
[0.581s] -- Found ament_lint_auto: 0.10.7 (/opt/ros/galactic/share/ament_lint_auto/cmake)
[0.667s] -- Found PythonInterp: /usr/bin/python3 (found version "3.8.10") 
[0.773s] -- Found ament_cmake_ros: 0.9.2 (/opt/ros/galactic/share/ament_cmake_ros/cmake)
[0.888s] -- Using all available rosidl_typesupport_c: rosidl_typesupport_fastrtps_c;rosidl_typesupport_introspection_c
[0.908s] -- Using all available rosidl_typesupport_cpp: rosidl_typesupport_fastrtps_cpp;rosidl_typesupport_introspection_cpp
[0.931s] -- Found PythonInterp: /usr/bin/python3 (found suitable version "3.8.10", minimum required is "3.5") 
[0.932s] -- Found python_cmake_module: 0.8.1 (/opt/ros/galactic/share/python_cmake_module/cmake)
[0.952s] -- Using PYTHON_EXECUTABLE: /usr/bin/python3
[0.952s] -- Using PYTHON_INCLUDE_DIRS: /usr/include/python3.8
[0.952s] -- Using PYTHON_LIBRARIES: /usr/lib/x86_64-linux-gnu/libpython3.8.so
[0.980s] -- Added test 'copyright' to check source files copyright and LICENSE
[0.981s] -- Added test 'lint_cmake' to check CMake code style
[0.982s] -- Added test 'xmllint' to check XML markup files
[0.990s] -- Configuring done
[1.077s] -- Generating done
[1.081s] -- Build files have been written to: /home/vboxuser/turtlebot3_ws/build/custom_interface
[1.108s] [  2%] [34m[1mGenerating C code for ROS interfaces[0m
[1.118s] [  4%] [34m[1mGenerating C++ code for ROS interfaces[0m
[1.583s] [  4%] Built target custom_interface__cpp
[1.605s] [ 10%] [34m[1mGenerating C++ type support for eProsima Fast-RTPS[0m
[1.605s] [ 10%] [34m[1mGenerating C++ introspection for ROS interfaces[0m
[1.605s] [ 10%] [34m[1mGenerating C++ type support dispatch for ROS interfaces[0m
[1.607s] [35m[1mScanning dependencies of target custom_interface__rosidl_generator_c[0m
[1.637s] [ 12%] [32mBuilding C object CMakeFiles/custom_interface__rosidl_generator_c.dir/rosidl_generator_c/custom_interface/msg/detail/distvel__functions.c.o[0m
[1.676s] [ 14%] [32mBuilding C object CMakeFiles/custom_interface__rosidl_generator_c.dir/rosidl_generator_c/custom_interface/srv/detail/my_move_msg__functions.c.o[0m
[1.724s] [ 17%] [32mBuilding C object CMakeFiles/custom_interface__rosidl_generator_c.dir/rosidl_generator_c/custom_interface/action/detail/move__functions.c.o[0m
[1.828s] [ 19%] [32m[1mLinking C shared library libcustom_interface__rosidl_generator_c.so[0m
[1.870s] [ 19%] Built target custom_interface__rosidl_generator_c
[1.883s] [ 21%] [34m[1mGenerating C introspection for ROS interfaces[0m
[1.952s] [35m[1mScanning dependencies of target custom_interface__rosidl_typesupport_cpp[0m
[1.967s] [ 23%] [32mBuilding CXX object CMakeFiles/custom_interface__rosidl_typesupport_cpp.dir/rosidl_typesupport_cpp/custom_interface/msg/distvel__type_support.cpp.o[0m
[2.021s] [35m[1mScanning dependencies of target custom_interface__rosidl_typesupport_introspection_cpp[0m
[2.033s] [ 25%] [32mBuilding CXX object CMakeFiles/custom_interface__rosidl_typesupport_introspection_cpp.dir/rosidl_typesupport_introspection_cpp/custom_interface/msg/detail/distvel__type_support.cpp.o[0m
[2.077s] [35m[1mScanning dependencies of target custom_interface__rosidl_typesupport_fastrtps_cpp[0m
[2.094s] [ 27%] [32mBuilding CXX object CMakeFiles/custom_interface__rosidl_typesupport_fastrtps_cpp.dir/rosidl_typesupport_fastrtps_cpp/custom_interface/msg/detail/dds_fastrtps/distvel__type_support.cpp.o[0m
[2.203s] [ 29%] [32mBuilding CXX object CMakeFiles/custom_interface__rosidl_typesupport_cpp.dir/rosidl_typesupport_cpp/custom_interface/srv/my_move_msg__type_support.cpp.o[0m
[2.274s] [ 31%] [32mBuilding CXX object CMakeFiles/custom_interface__rosidl_typesupport_introspection_cpp.dir/rosidl_typesupport_introspection_cpp/custom_interface/srv/detail/my_move_msg__type_support.cpp.o[0m
[2.309s] [35m[1mScanning dependencies of target custom_interface__rosidl_typesupport_introspection_c[0m
[2.323s] [ 34%] [32mBuilding C object CMakeFiles/custom_interface__rosidl_typesupport_introspection_c.dir/rosidl_typesupport_introspection_c/custom_interface/msg/detail/distvel__type_support.c.o[0m
[2.359s] [ 36%] [32mBuilding C object CMakeFiles/custom_interface__rosidl_typesupport_introspection_c.dir/rosidl_typesupport_introspection_c/custom_interface/srv/detail/my_move_msg__type_support.c.o[0m
[2.392s] [ 38%] [32mBuilding C object CMakeFiles/custom_interface__rosidl_typesupport_introspection_c.dir/rosidl_typesupport_introspection_c/custom_interface/action/detail/move__type_support.c.o[0m
[2.408s] [ 40%] [32mBuilding CXX object CMakeFiles/custom_interface__rosidl_typesupport_fastrtps_cpp.dir/rosidl_typesupport_fastrtps_cpp/custom_interface/srv/detail/dds_fastrtps/my_move_msg__type_support.cpp.o[0m
[2.419s] [ 42%] [32mBuilding CXX object CMakeFiles/custom_interface__rosidl_typesupport_cpp.dir/rosidl_typesupport_cpp/custom_interface/action/move__type_support.cpp.o[0m
[2.434s] [ 44%] [32m[1mLinking C shared library libcustom_interface__rosidl_typesupport_introspection_c.so[0m
[2.483s] [ 44%] Built target custom_interface__rosidl_typesupport_introspection_c
[2.494s] [ 46%] [34m[1mGenerating C type support dispatch for ROS interfaces[0m
[2.517s] [ 48%] [32mBuilding CXX object CMakeFiles/custom_interface__rosidl_typesupport_introspection_cpp.dir/rosidl_typesupport_introspection_cpp/custom_interface/action/detail/move__type_support.cpp.o[0m
[2.762s] [ 51%] [32mBuilding CXX object CMakeFiles/custom_interface__rosidl_typesupport_fastrtps_cpp.dir/rosidl_typesupport_fastrtps_cpp/custom_interface/action/detail/dds_fastrtps/move__type_support.cpp.o[0m
[2.804s] [35m[1mScanning dependencies of target custom_interface__rosidl_typesupport_c[0m
[2.818s] [ 53%] [32mBuilding CXX object CMakeFiles/custom_interface__rosidl_typesupport_c.dir/rosidl_typesupport_c/custom_interface/msg/distvel__type_support.cpp.o[0m
[2.845s] [ 55%] [32mBuilding CXX object CMakeFiles/custom_interface__rosidl_typesupport_c.dir/rosidl_typesupport_c/custom_interface/srv/my_move_msg__type_support.cpp.o[0m
[2.850s] [ 57%] [32m[1mLinking CXX shared library libcustom_interface__rosidl_typesupport_cpp.so[0m
[2.874s] [ 59%] [32mBuilding CXX object CMakeFiles/custom_interface__rosidl_typesupport_c.dir/rosidl_typesupport_c/custom_interface/action/move__type_support.cpp.o[0m
[2.889s] [ 59%] Built target custom_interface__rosidl_typesupport_cpp
[2.933s] [ 61%] [32m[1mLinking CXX shared library libcustom_interface__rosidl_typesupport_c.so[0m
[2.948s] [ 63%] [32m[1mLinking CXX shared library libcustom_interface__rosidl_typesupport_introspection_cpp.so[0m
[2.971s] [ 63%] Built target custom_interface__rosidl_typesupport_c
[3.020s] [ 63%] Built target custom_interface__rosidl_typesupport_introspection_cpp
[3.224s] [ 65%] [32m[1mLinking CXX shared library libcustom_interface__rosidl_typesupport_fastrtps_cpp.so[0m
[3.298s] [ 65%] Built target custom_interface__rosidl_typesupport_fastrtps_cpp
[3.310s] [ 68%] [34m[1mGenerating C type support for eProsima Fast-RTPS[0m
[3.682s] [35m[1mScanning dependencies of target custom_interface__rosidl_typesupport_fastrtps_c[0m
[3.701s] [ 70%] [32mBuilding CXX object CMakeFiles/custom_interface__rosidl_typesupport_fastrtps_c.dir/rosidl_typesupport_fastrtps_c/custom_interface/msg/detail/distvel__type_support_c.cpp.o[0m
[3.701s] [ 72%] [32mBuilding CXX object CMakeFiles/custom_interface__rosidl_typesupport_fastrtps_c.dir/rosidl_typesupport_fastrtps_c/custom_interface/action/detail/move__type_support_c.cpp.o[0m
[3.703s] [ 74%] [32mBuilding CXX object CMakeFiles/custom_interface__rosidl_typesupport_fastrtps_c.dir/rosidl_typesupport_fastrtps_c/custom_interface/srv/detail/my_move_msg__type_support_c.cpp.o[0m
[4.049s] [ 76%] [32m[1mLinking CXX shared library libcustom_interface__rosidl_typesupport_fastrtps_c.so[0m
[4.121s] [ 76%] Built target custom_interface__rosidl_typesupport_fastrtps_c
[4.138s] [ 76%] Built target custom_interface
[4.158s] [ 78%] [34m[1mGenerating Python code for ROS interfaces[0m
[4.997s] [ 78%] Built target custom_interface__py
[5.009s] [35m[1mScanning dependencies of target custom_interface__python[0m
[5.026s] [ 85%] [32mBuilding C object CMakeFiles/custom_interface__python.dir/rosidl_generator_py/custom_interface/srv/_my_move_msg_s.c.o[0m
[5.026s] [ 85%] [32mBuilding C object CMakeFiles/custom_interface__python.dir/rosidl_generator_py/custom_interface/action/_move_s.c.o[0m
[5.026s] [ 85%] [32mBuilding C object CMakeFiles/custom_interface__python.dir/rosidl_generator_py/custom_interface/msg/_distvel_s.c.o[0m
[5.122s] [ 87%] [32m[1mLinking C shared library rosidl_generator_py/custom_interface/libcustom_interface__python.so[0m
[5.168s] [ 87%] Built target custom_interface__python
[5.188s] [35m[1mScanning dependencies of target custom_interface__rosidl_typesupport_fastrtps_c__pyext[0m
[5.195s] [35m[1mScanning dependencies of target custom_interface__rosidl_typesupport_c__pyext[0m
[5.196s] [35m[1mScanning dependencies of target custom_interface__rosidl_typesupport_introspection_c__pyext[0m
[5.203s] [ 89%] [32mBuilding C object CMakeFiles/custom_interface__rosidl_typesupport_fastrtps_c__pyext.dir/rosidl_generator_py/custom_interface/_custom_interface_s.ep.rosidl_typesupport_fastrtps_c.c.o[0m
[5.210s] [ 91%] [32mBuilding C object CMakeFiles/custom_interface__rosidl_typesupport_c__pyext.dir/rosidl_generator_py/custom_interface/_custom_interface_s.ep.rosidl_typesupport_c.c.o[0m
[5.210s] [ 93%] [32mBuilding C object CMakeFiles/custom_interface__rosidl_typesupport_introspection_c__pyext.dir/rosidl_generator_py/custom_interface/_custom_interface_s.ep.rosidl_typesupport_introspection_c.c.o[0m
[5.296s] [ 95%] [32m[1mLinking CXX shared library rosidl_generator_py/custom_interface/custom_interface_s__rosidl_typesupport_fastrtps_c.cpython-38-x86_64-linux-gnu.so[0m
[5.297s] [ 97%] [32m[1mLinking C shared library rosidl_generator_py/custom_interface/custom_interface_s__rosidl_typesupport_introspection_c.cpython-38-x86_64-linux-gnu.so[0m
[5.297s] [100%] [32m[1mLinking C shared library rosidl_generator_py/custom_interface/custom_interface_s__rosidl_typesupport_c.cpython-38-x86_64-linux-gnu.so[0m
[5.329s] [100%] Built target custom_interface__rosidl_typesupport_c__pyext
[5.329s] [100%] Built target custom_interface__rosidl_typesupport_introspection_c__pyext
[5.355s] [100%] Built target custom_interface__rosidl_typesupport_fastrtps_c__pyext
[5.368s] Invoked command in '/home/vboxuser/turtlebot3_ws/build/custom_interface' returned '0': CMAKE_PREFIX_PATH=${CMAKE_PREFIX_PATH}:/home/vboxuser/turtlebot3_ws/install/show_msg:/home/vboxuser/turtlebot3_ws/install/my_first_subscriber:/home/vboxuser/turtlebot3_ws/install/my_first_service:/home/vboxuser/turtlebot3_ws/install/my_first_publisher:/home/vboxuser/turtlebot3_ws/install/my_first_node:/home/vboxuser/turtlebot3_ws/install/my_first_action:/home/vboxuser/turtlebot3_ws/install/movimiento_manual_service:/opt/ros/galactic /usr/bin/cmake --build /home/vboxuser/turtlebot3_ws/build/custom_interface -- -j4 -l4
[5.443s] Invoking command in '/home/vboxuser/turtlebot3_ws/build/custom_interface': CMAKE_PREFIX_PATH=${CMAKE_PREFIX_PATH}:/home/vboxuser/turtlebot3_ws/install/show_msg:/home/vboxuser/turtlebot3_ws/install/my_first_subscriber:/home/vboxuser/turtlebot3_ws/install/my_first_service:/home/vboxuser/turtlebot3_ws/install/my_first_publisher:/home/vboxuser/turtlebot3_ws/install/my_first_node:/home/vboxuser/turtlebot3_ws/install/my_first_action:/home/vboxuser/turtlebot3_ws/install/movimiento_manual_service:/opt/ros/galactic /usr/bin/cmake --install /home/vboxuser/turtlebot3_ws/build/custom_interface
[5.451s] -- Install configuration: ""
[5.452s] -- Up-to-date: /home/vboxuser/turtlebot3_ws/install/custom_interface/share/ament_index/resource_index/rosidl_interfaces/custom_interface
[5.452s] -- Up-to-date: /home/vboxuser/turtlebot3_ws/install/custom_interface/include/custom_interface
[5.452s] -- Up-to-date: /home/vboxuser/turtlebot3_ws/install/custom_interface/include/custom_interface/action
[5.452s] -- Installing: /home/vboxuser/turtlebot3_ws/install/custom_interface/include/custom_interface/action/move.h
[5.452s] -- Up-to-date: /home/vboxuser/turtlebot3_ws/install/custom_interface/include/custom_interface/action/detail
[5.452s] -- Installing: /home/vboxuser/turtlebot3_ws/install/custom_interface/include/custom_interface/action/detail/move__functions.h
[5.453s] -- Installing: /home/vboxuser/turtlebot3_ws/install/custom_interface/include/custom_interface/action/detail/move__struct.h
[5.453s] -- Installing: /home/vboxuser/turtlebot3_ws/install/custom_interface/include/custom_interface/action/detail/move__type_support.h
[5.453s] -- Installing: /home/vboxuser/turtlebot3_ws/install/custom_interface/include/custom_interface/action/detail/move__functions.c
[5.453s] -- Up-to-date: /home/vboxuser/turtlebot3_ws/install/custom_interface/include/custom_interface/srv
[5.453s] -- Installing: /home/vboxuser/turtlebot3_ws/install/custom_interface/include/custom_interface/srv/my_move_msg.h
[5.453s] -- Up-to-date: /home/vboxuser/turtlebot3_ws/install/custom_interface/include/custom_interface/srv/detail
[5.453s] -- Installing: /home/vboxuser/turtlebot3_ws/install/custom_interface/include/custom_interface/srv/detail/my_move_msg__functions.h
[5.454s] -- Installing: /home/vboxuser/turtlebot3_ws/install/custom_interface/include/custom_interface/srv/detail/my_move_msg__functions.c
[5.454s] -- Installing: /home/vboxuser/turtlebot3_ws/install/custom_interface/include/custom_interface/srv/detail/my_move_msg__struct.h
[5.454s] -- Installing: /home/vboxuser/turtlebot3_ws/install/custom_interface/include/custom_interface/srv/detail/my_move_msg__type_support.h
[5.454s] -- Up-to-date: /home/vboxuser/turtlebot3_ws/install/custom_interface/include/custom_interface/msg
[5.454s] -- Installing: /home/vboxuser/turtlebot3_ws/install/custom_interface/include/custom_interface/msg/distvel.h
[5.454s] -- Up-to-date: /home/vboxuser/turtlebot3_ws/install/custom_interface/include/custom_interface/msg/rosidl_generator_c__visibility_control.h
[5.454s] -- Up-to-date: /home/vboxuser/turtlebot3_ws/install/custom_interface/include/custom_interface/msg/detail
[5.454s] -- Installing: /home/vboxuser/turtlebot3_ws/install/custom_interface/include/custom_interface/msg/detail/distvel__struct.h
[5.454s] -- Installing: /home/vboxuser/turtlebot3_ws/install/custom_interface/include/custom_interface/msg/detail/distvel__functions.c
[5.454s] -- Installing: /home/vboxuser/turtlebot3_ws/install/custom_interface/include/custom_interface/msg/detail/distvel__functions.h
[5.454s] -- Installing: /home/vboxuser/turtlebot3_ws/install/custom_interface/include/custom_interface/msg/detail/distvel__type_support.h
[5.455s] -- Up-to-date: /home/vboxuser/turtlebot3_ws/install/custom_interface/share/custom_interface/environment/library_path.sh
[5.455s] -- Installing: /home/vboxuser/turtlebot3_ws/install/custom_interface/share/custom_interface/environment/library_path.dsv
[5.455s] -- Installing: /home/vboxuser/turtlebot3_ws/install/custom_interface/lib/libcustom_interface__rosidl_generator_c.so
[5.455s] -- Set runtime path of "/home/vboxuser/turtlebot3_ws/install/custom_interface/lib/libcustom_interface__rosidl_generator_c.so" to ""
[5.455s] -- Up-to-date: /home/vboxuser/turtlebot3_ws/install/custom_interface/include/custom_interface
[5.455s] -- Up-to-date: /home/vboxuser/turtlebot3_ws/install/custom_interface/include/custom_interface/action
[5.455s] -- Up-to-date: /home/vboxuser/turtlebot3_ws/install/custom_interface/include/custom_interface/action/detail
[5.455s] -- Installing: /home/vboxuser/turtlebot3_ws/install/custom_interface/include/custom_interface/action/detail/move__rosidl_typesupport_fastrtps_c.h
[5.456s] -- Up-to-date: /home/vboxuser/turtlebot3_ws/install/custom_interface/include/custom_interface/srv
[5.456s] -- Up-to-date: /home/vboxuser/turtlebot3_ws/install/custom_interface/include/custom_interface/srv/detail
[5.456s] -- Installing: /home/vboxuser/turtlebot3_ws/install/custom_interface/include/custom_interface/srv/detail/my_move_msg__rosidl_typesupport_fastrtps_c.h
[5.456s] -- Up-to-date: /home/vboxuser/turtlebot3_ws/install/custom_interface/include/custom_interface/msg
[5.456s] -- Up-to-date: /home/vboxuser/turtlebot3_ws/install/custom_interface/include/custom_interface/msg/rosidl_typesupport_fastrtps_c__visibility_control.h
[5.456s] -- Up-to-date: /home/vboxuser/turtlebot3_ws/install/custom_interface/include/custom_interface/msg/detail
[5.456s] -- Installing: /home/vboxuser/turtlebot3_ws/install/custom_interface/include/custom_interface/msg/detail/distvel__rosidl_typesupport_fastrtps_c.h
[5.457s] -- Installing: /home/vboxuser/turtlebot3_ws/install/custom_interface/lib/libcustom_interface__rosidl_typesupport_fastrtps_c.so
[5.457s] -- Set runtime path of "/home/vboxuser/turtlebot3_ws/install/custom_interface/lib/libcustom_interface__rosidl_typesupport_fastrtps_c.so" to ""
[5.457s] -- Up-to-date: /home/vboxuser/turtlebot3_ws/install/custom_interface/include/custom_interface
[5.457s] -- Up-to-date: /home/vboxuser/turtlebot3_ws/install/custom_interface/include/custom_interface/action
[5.457s] -- Up-to-date: /home/vboxuser/turtlebot3_ws/install/custom_interface/include/custom_interface/action/detail
[5.458s] -- Installing: /home/vboxuser/turtlebot3_ws/install/custom_interface/include/custom_interface/action/detail/move__rosidl_typesupport_fastrtps_cpp.hpp
[5.458s] -- Up-to-date: /home/vboxuser/turtlebot3_ws/install/custom_interface/include/custom_interface/action/detail/dds_fastrtps
[5.458s] -- Up-to-date: /home/vboxuser/turtlebot3_ws/install/custom_interface/include/custom_interface/srv
[5.458s] -- Up-to-date: /home/vboxuser/turtlebot3_ws/install/custom_interface/include/custom_interface/srv/detail
[5.458s] -- Installing: /home/vboxuser/turtlebot3_ws/install/custom_interface/include/custom_interface/srv/detail/my_move_msg__rosidl_typesupport_fastrtps_cpp.hpp
[5.458s] -- Up-to-date: /home/vboxuser/turtlebot3_ws/install/custom_interface/include/custom_interface/srv/detail/dds_fastrtps
[5.458s] -- Up-to-date: /home/vboxuser/turtlebot3_ws/install/custom_interface/include/custom_interface/msg
[5.458s] -- Up-to-date: /home/vboxuser/turtlebot3_ws/install/custom_interface/include/custom_interface/msg/rosidl_typesupport_fastrtps_cpp__visibility_control.h
[5.458s] -- Up-to-date: /home/vboxuser/turtlebot3_ws/install/custom_interface/include/custom_interface/msg/detail
[5.458s] -- Up-to-date: /home/vboxuser/turtlebot3_ws/install/custom_interface/include/custom_interface/msg/detail/dds_fastrtps
[5.458s] -- Installing: /home/vboxuser/turtlebot3_ws/install/custom_interface/include/custom_interface/msg/detail/distvel__rosidl_typesupport_fastrtps_cpp.hpp
[5.459s] -- Installing: /home/vboxuser/turtlebot3_ws/install/custom_interface/lib/libcustom_interface__rosidl_typesupport_fastrtps_cpp.so
[5.459s] -- Set runtime path of "/home/vboxuser/turtlebot3_ws/install/custom_interface/lib/libcustom_interface__rosidl_typesupport_fastrtps_cpp.so" to ""
[5.459s] -- Up-to-date: /home/vboxuser/turtlebot3_ws/install/custom_interface/include/custom_interface
[5.459s] -- Up-to-date: /home/vboxuser/turtlebot3_ws/install/custom_interface/include/custom_interface/action
[5.459s] -- Up-to-date: /home/vboxuser/turtlebot3_ws/install/custom_interface/include/custom_interface/action/detail
[5.459s] -- Installing: /home/vboxuser/turtlebot3_ws/install/custom_interface/include/custom_interface/action/detail/move__type_support.c
[5.460s] -- Installing: /home/vboxuser/turtlebot3_ws/install/custom_interface/include/custom_interface/action/detail/move__rosidl_typesupport_introspection_c.h
[5.460s] -- Up-to-date: /home/vboxuser/turtlebot3_ws/install/custom_interface/include/custom_interface/srv
[5.460s] -- Up-to-date: /home/vboxuser/turtlebot3_ws/install/custom_interface/include/custom_interface/srv/detail
[5.460s] -- Installing: /home/vboxuser/turtlebot3_ws/install/custom_interface/include/custom_interface/srv/detail/my_move_msg__rosidl_typesupport_introspection_c.h
[5.460s] -- Installing: /home/vboxuser/turtlebot3_ws/install/custom_interface/include/custom_interface/srv/detail/my_move_msg__type_support.c
[5.460s] -- Up-to-date: /home/vboxuser/turtlebot3_ws/install/custom_interface/include/custom_interface/msg
[5.460s] -- Up-to-date: /home/vboxuser/turtlebot3_ws/install/custom_interface/include/custom_interface/msg/rosidl_typesupport_introspection_c__visibility_control.h
[5.460s] -- Up-to-date: /home/vboxuser/turtlebot3_ws/install/custom_interface/include/custom_interface/msg/detail
[5.460s] -- Installing: /home/vboxuser/turtlebot3_ws/install/custom_interface/include/custom_interface/msg/detail/distvel__type_support.c
[5.460s] -- Installing: /home/vboxuser/turtlebot3_ws/install/custom_interface/include/custom_interface/msg/detail/distvel__rosidl_typesupport_introspection_c.h
[5.460s] -- Installing: /home/vboxuser/turtlebot3_ws/install/custom_interface/lib/libcustom_interface__rosidl_typesupport_introspection_c.so
[5.460s] -- Set runtime path of "/home/vboxuser/turtlebot3_ws/install/custom_interface/lib/libcustom_interface__rosidl_typesupport_introspection_c.so" to ""
[5.461s] -- Installing: /home/vboxuser/turtlebot3_ws/install/custom_interface/lib/libcustom_interface__rosidl_typesupport_c.so
[5.461s] -- Set runtime path of "/home/vboxuser/turtlebot3_ws/install/custom_interface/lib/libcustom_interface__rosidl_typesupport_c.so" to ""
[5.461s] -- Up-to-date: /home/vboxuser/turtlebot3_ws/install/custom_interface/include/custom_interface
[5.461s] -- Up-to-date: /home/vboxuser/turtlebot3_ws/install/custom_interface/include/custom_interface/action
[5.461s] -- Installing: /home/vboxuser/turtlebot3_ws/install/custom_interface/include/custom_interface/action/move.hpp
[5.461s] -- Up-to-date: /home/vboxuser/turtlebot3_ws/install/custom_interface/include/custom_interface/action/detail
[5.461s] -- Installing: /home/vboxuser/turtlebot3_ws/install/custom_interface/include/custom_interface/action/detail/move__builder.hpp
[5.461s] -- Installing: /home/vboxuser/turtlebot3_ws/install/custom_interface/include/custom_interface/action/detail/move__traits.hpp
[5.462s] -- Installing: /home/vboxuser/turtlebot3_ws/install/custom_interface/include/custom_interface/action/detail/move__struct.hpp
[5.462s] -- Up-to-date: /home/vboxuser/turtlebot3_ws/install/custom_interface/include/custom_interface/srv
[5.462s] -- Installing: /home/vboxuser/turtlebot3_ws/install/custom_interface/include/custom_interface/srv/my_move_msg.hpp
[5.462s] -- Up-to-date: /home/vboxuser/turtlebot3_ws/install/custom_interface/include/custom_interface/srv/detail
[5.462s] -- Installing: /home/vboxuser/turtlebot3_ws/install/custom_interface/include/custom_interface/srv/detail/my_move_msg__traits.hpp
[5.462s] -- Installing: /home/vboxuser/turtlebot3_ws/install/custom_interface/include/custom_interface/srv/detail/my_move_msg__struct.hpp
[5.462s] -- Installing: /home/vboxuser/turtlebot3_ws/install/custom_interface/include/custom_interface/srv/detail/my_move_msg__builder.hpp
[5.462s] -- Up-to-date: /home/vboxuser/turtlebot3_ws/install/custom_interface/include/custom_interface/msg
[5.462s] -- Installing: /home/vboxuser/turtlebot3_ws/install/custom_interface/include/custom_interface/msg/distvel.hpp
[5.462s] -- Up-to-date: /home/vboxuser/turtlebot3_ws/install/custom_interface/include/custom_interface/msg/detail
[5.462s] -- Installing: /home/vboxuser/turtlebot3_ws/install/custom_interface/include/custom_interface/msg/detail/distvel__traits.hpp
[5.462s] -- Installing: /home/vboxuser/turtlebot3_ws/install/custom_interface/include/custom_interface/msg/detail/distvel__builder.hpp
[5.462s] -- Installing: /home/vboxuser/turtlebot3_ws/install/custom_interface/include/custom_interface/msg/detail/distvel__struct.hpp
[5.462s] -- Up-to-date: /home/vboxuser/turtlebot3_ws/install/custom_interface/include/custom_interface
[5.462s] -- Up-to-date: /home/vboxuser/turtlebot3_ws/install/custom_interface/include/custom_interface/action
[5.462s] -- Up-to-date: /home/vboxuser/turtlebot3_ws/install/custom_interface/include/custom_interface/action/detail
[5.463s] -- Installing: /home/vboxuser/turtlebot3_ws/install/custom_interface/include/custom_interface/action/detail/move__type_support.cpp
[5.463s] -- Installing: /home/vboxuser/turtlebot3_ws/install/custom_interface/include/custom_interface/action/detail/move__rosidl_typesupport_introspection_cpp.hpp
[5.463s] -- Up-to-date: /home/vboxuser/turtlebot3_ws/install/custom_interface/include/custom_interface/srv
[5.463s] -- Up-to-date: /home/vboxuser/turtlebot3_ws/install/custom_interface/include/custom_interface/srv/detail
[5.463s] -- Installing: /home/vboxuser/turtlebot3_ws/install/custom_interface/include/custom_interface/srv/detail/my_move_msg__rosidl_typesupport_introspection_cpp.hpp
[5.463s] -- Installing: /home/vboxuser/turtlebot3_ws/install/custom_interface/include/custom_interface/srv/detail/my_move_msg__type_support.cpp
[5.463s] -- Up-to-date: /home/vboxuser/turtlebot3_ws/install/custom_interface/include/custom_interface/msg
[5.463s] -- Up-to-date: /home/vboxuser/turtlebot3_ws/install/custom_interface/include/custom_interface/msg/detail
[5.463s] -- Installing: /home/vboxuser/turtlebot3_ws/install/custom_interface/include/custom_interface/msg/detail/distvel__rosidl_typesupport_introspection_cpp.hpp
[5.463s] -- Installing: /home/vboxuser/turtlebot3_ws/install/custom_interface/include/custom_interface/msg/detail/distvel__type_support.cpp
[5.464s] -- Installing: /home/vboxuser/turtlebot3_ws/install/custom_interface/lib/libcustom_interface__rosidl_typesupport_introspection_cpp.so
[5.466s] -- Set runtime path of "/home/vboxuser/turtlebot3_ws/install/custom_interface/lib/libcustom_interface__rosidl_typesupport_introspection_cpp.so" to ""
[5.466s] -- Installing: /home/vboxuser/turtlebot3_ws/install/custom_interface/lib/libcustom_interface__rosidl_typesupport_cpp.so
[5.466s] -- Set runtime path of "/home/vboxuser/turtlebot3_ws/install/custom_interface/lib/libcustom_interface__rosidl_typesupport_cpp.so" to ""
[5.466s] -- Up-to-date: /home/vboxuser/turtlebot3_ws/install/custom_interface/share/custom_interface/environment/pythonpath.sh
[5.467s] -- Installing: /home/vboxuser/turtlebot3_ws/install/custom_interface/share/custom_interface/environment/pythonpath.dsv
[5.467s] -- Installing: /home/vboxuser/turtlebot3_ws/install/custom_interface/lib/python3.8/site-packages/custom_interface/__init__.py
[5.493s] Compiling '/home/vboxuser/turtlebot3_ws/install/custom_interface/lib/python3.8/site-packages/custom_interface/__init__.py'...
[5.497s] -- Up-to-date: /home/vboxuser/turtlebot3_ws/install/custom_interface/lib/python3.8/site-packages/custom_interface/msg
[5.497s] -- Installing: /home/vboxuser/turtlebot3_ws/install/custom_interface/lib/python3.8/site-packages/custom_interface/msg/_distvel.py
[5.497s] -- Installing: /home/vboxuser/turtlebot3_ws/install/custom_interface/lib/python3.8/site-packages/custom_interface/msg/__init__.py
[5.497s] -- Installing: /home/vboxuser/turtlebot3_ws/install/custom_interface/lib/python3.8/site-packages/custom_interface/msg/_distvel_s.c
[5.497s] -- Up-to-date: /home/vboxuser/turtlebot3_ws/install/custom_interface/lib/python3.8/site-packages/custom_interface/srv
[5.497s] -- Installing: /home/vboxuser/turtlebot3_ws/install/custom_interface/lib/python3.8/site-packages/custom_interface/srv/_my_move_msg.py
[5.497s] -- Installing: /home/vboxuser/turtlebot3_ws/install/custom_interface/lib/python3.8/site-packages/custom_interface/srv/__init__.py
[5.498s] -- Installing: /home/vboxuser/turtlebot3_ws/install/custom_interface/lib/python3.8/site-packages/custom_interface/srv/_my_move_msg_s.c
[5.498s] -- Up-to-date: /home/vboxuser/turtlebot3_ws/install/custom_interface/lib/python3.8/site-packages/custom_interface/action
[5.498s] -- Installing: /home/vboxuser/turtlebot3_ws/install/custom_interface/lib/python3.8/site-packages/custom_interface/action/__init__.py
[5.498s] -- Installing: /home/vboxuser/turtlebot3_ws/install/custom_interface/lib/python3.8/site-packages/custom_interface/action/_move_s.c
[5.498s] -- Installing: /home/vboxuser/turtlebot3_ws/install/custom_interface/lib/python3.8/site-packages/custom_interface/action/_move.py
[5.500s] -- Installing: /home/vboxuser/turtlebot3_ws/install/custom_interface/lib/python3.8/site-packages/custom_interface/custom_interface_s__rosidl_typesupport_fastrtps_c.cpython-38-x86_64-linux-gnu.so
[5.502s] -- Set runtime path of "/home/vboxuser/turtlebot3_ws/install/custom_interface/lib/python3.8/site-packages/custom_interface/custom_interface_s__rosidl_typesupport_fastrtps_c.cpython-38-x86_64-linux-gnu.so" to ""
[5.503s] -- Installing: /home/vboxuser/turtlebot3_ws/install/custom_interface/lib/python3.8/site-packages/custom_interface/custom_interface_s__rosidl_typesupport_introspection_c.cpython-38-x86_64-linux-gnu.so
[5.506s] -- Set runtime path of "/home/vboxuser/turtlebot3_ws/install/custom_interface/lib/python3.8/site-packages/custom_interface/custom_interface_s__rosidl_typesupport_introspection_c.cpython-38-x86_64-linux-gnu.so" to ""
[5.506s] -- Installing: /home/vboxuser/turtlebot3_ws/install/custom_interface/lib/python3.8/site-packages/custom_interface/custom_interface_s__rosidl_typesupport_c.cpython-38-x86_64-linux-gnu.so
[5.508s] -- Set runtime path of "/home/vboxuser/turtlebot3_ws/install/custom_interface/lib/python3.8/site-packages/custom_interface/custom_interface_s__rosidl_typesupport_c.cpython-38-x86_64-linux-gnu.so" to ""
[5.508s] -- Installing: /home/vboxuser/turtlebot3_ws/install/custom_interface/lib/libcustom_interface__python.so
[5.508s] -- Set runtime path of "/home/vboxuser/turtlebot3_ws/install/custom_interface/lib/libcustom_interface__python.so" to ""
[5.509s] -- Up-to-date: /home/vboxuser/turtlebot3_ws/install/custom_interface/share/custom_interface/msg/Distvel.idl
[5.509s] -- Installing: /home/vboxuser/turtlebot3_ws/install/custom_interface/share/custom_interface/srv/MyMoveMsg.idl
[5.509s] -- Up-to-date: /home/vboxuser/turtlebot3_ws/install/custom_interface/share/custom_interface/action/Move.idl
[5.510s] -- Up-to-date: /home/vboxuser/turtlebot3_ws/install/custom_interface/share/custom_interface/msg/Distvel.msg
[5.510s] -- Installing: /home/vboxuser/turtlebot3_ws/install/custom_interface/share/custom_interface/srv/MyMoveMsg.srv
[5.510s] -- Installing: /home/vboxuser/turtlebot3_ws/install/custom_interface/share/custom_interface/srv/MyMoveMsg_Request.msg
[5.510s] -- Up-to-date: /home/vboxuser/turtlebot3_ws/install/custom_interface/share/custom_interface/srv/MyMoveMsg_Response.msg
[5.510s] -- Up-to-date: /home/vboxuser/turtlebot3_ws/install/custom_interface/share/custom_interface/action/Move.action
[5.511s] -- Up-to-date: /home/vboxuser/turtlebot3_ws/install/custom_interface/share/ament_index/resource_index/package_run_dependencies/custom_interface
[5.511s] -- Installing: /home/vboxuser/turtlebot3_ws/install/custom_interface/share/ament_index/resource_index/parent_prefix_path/custom_interface
[5.511s] -- Up-to-date: /home/vboxuser/turtlebot3_ws/install/custom_interface/share/custom_interface/environment/ament_prefix_path.sh
[5.511s] -- Installing: /home/vboxuser/turtlebot3_ws/install/custom_interface/share/custom_interface/environment/ament_prefix_path.dsv
[5.511s] -- Up-to-date: /home/vboxuser/turtlebot3_ws/install/custom_interface/share/custom_interface/environment/path.sh
[5.511s] -- Installing: /home/vboxuser/turtlebot3_ws/install/custom_interface/share/custom_interface/environment/path.dsv
[5.511s] -- Up-to-date: /home/vboxuser/turtlebot3_ws/install/custom_interface/share/custom_interface/local_setup.bash
[5.511s] -- Up-to-date: /home/vboxuser/turtlebot3_ws/install/custom_interface/share/custom_interface/local_setup.sh
[5.511s] -- Up-to-date: /home/vboxuser/turtlebot3_ws/install/custom_interface/share/custom_interface/local_setup.zsh
[5.511s] -- Installing: /home/vboxuser/turtlebot3_ws/install/custom_interface/share/custom_interface/local_setup.dsv
[5.511s] -- Installing: /home/vboxuser/turtlebot3_ws/install/custom_interface/share/custom_interface/package.dsv
[5.512s] -- Up-to-date: /home/vboxuser/turtlebot3_ws/install/custom_interface/share/ament_index/resource_index/packages/custom_interface
[5.512s] -- Up-to-date: /home/vboxuser/turtlebot3_ws/install/custom_interface/share/custom_interface/cmake/custom_interface__rosidl_generator_cExport.cmake
[5.512s] -- Installing: /home/vboxuser/turtlebot3_ws/install/custom_interface/share/custom_interface/cmake/custom_interface__rosidl_generator_cExport-noconfig.cmake
[5.513s] -- Up-to-date: /home/vboxuser/turtlebot3_ws/install/custom_interface/share/custom_interface/cmake/custom_interface__rosidl_typesupport_introspection_cExport.cmake
[5.513s] -- Installing: /home/vboxuser/turtlebot3_ws/install/custom_interface/share/custom_interface/cmake/custom_interface__rosidl_typesupport_introspection_cExport-noconfig.cmake
[5.514s] -- Up-to-date: /home/vboxuser/turtlebot3_ws/install/custom_interface/share/custom_interface/cmake/custom_interface__rosidl_typesupport_cExport.cmake
[5.514s] -- Installing: /home/vboxuser/turtlebot3_ws/install/custom_interface/share/custom_interface/cmake/custom_interface__rosidl_typesupport_cExport-noconfig.cmake
[5.514s] -- Up-to-date: /home/vboxuser/turtlebot3_ws/install/custom_interface/share/custom_interface/cmake/custom_interface__rosidl_generator_cppExport.cmake
[5.514s] -- Up-to-date: /home/vboxuser/turtlebot3_ws/install/custom_interface/share/custom_interface/cmake/custom_interface__rosidl_typesupport_introspection_cppExport.cmake
[5.515s] -- Installing: /home/vboxuser/turtlebot3_ws/install/custom_interface/share/custom_interface/cmake/custom_interface__rosidl_typesupport_introspection_cppExport-noconfig.cmake
[5.515s] -- Up-to-date: /home/vboxuser/turtlebot3_ws/install/custom_interface/share/custom_interface/cmake/custom_interface__rosidl_typesupport_cppExport.cmake
[5.515s] -- Installing: /home/vboxuser/turtlebot3_ws/install/custom_interface/share/custom_interface/cmake/custom_interface__rosidl_typesupport_cppExport-noconfig.cmake
[5.515s] -- Up-to-date: /home/vboxuser/turtlebot3_ws/install/custom_interface/share/custom_interface/cmake/rosidl_cmake-extras.cmake
[5.515s] -- Up-to-date: /home/vboxuser/turtlebot3_ws/install/custom_interface/share/custom_interface/cmake/ament_cmake_export_dependencies-extras.cmake
[5.515s] -- Up-to-date: /home/vboxuser/turtlebot3_ws/install/custom_interface/share/custom_interface/cmake/ament_cmake_export_libraries-extras.cmake
[5.515s] -- Up-to-date: /home/vboxuser/turtlebot3_ws/install/custom_interface/share/custom_interface/cmake/ament_cmake_export_targets-extras.cmake
[5.515s] -- Up-to-date: /home/vboxuser/turtlebot3_ws/install/custom_interface/share/custom_interface/cmake/ament_cmake_export_include_directories-extras.cmake
[5.516s] -- Up-to-date: /home/vboxuser/turtlebot3_ws/install/custom_interface/share/custom_interface/cmake/rosidl_cmake_export_typesupport_libraries-extras.cmake
[5.516s] -- Up-to-date: /home/vboxuser/turtlebot3_ws/install/custom_interface/share/custom_interface/cmake/rosidl_cmake_export_typesupport_targets-extras.cmake
[5.516s] -- Up-to-date: /home/vboxuser/turtlebot3_ws/install/custom_interface/share/custom_interface/cmake/custom_interfaceConfig.cmake
[5.516s] -- Up-to-date: /home/vboxuser/turtlebot3_ws/install/custom_interface/share/custom_interface/cmake/custom_interfaceConfig-version.cmake
[5.516s] -- Up-to-date: /home/vboxuser/turtlebot3_ws/install/custom_interface/share/custom_interface/package.xml
[5.518s] Invoked command in '/home/vboxuser/turtlebot3_ws/build/custom_interface' returned '0': CMAKE_PREFIX_PATH=${CMAKE_PREFIX_PATH}:/home/vboxuser/turtlebot3_ws/install/show_msg:/home/vboxuser/turtlebot3_ws/install/my_first_subscriber:/home/vboxuser/turtlebot3_ws/install/my_first_service:/home/vboxuser/turtlebot3_ws/install/my_first_publisher:/home/vboxuser/turtlebot3_ws/install/my_first_node:/home/vboxuser/turtlebot3_ws/install/my_first_action:/home/vboxuser/turtlebot3_ws/install/movimiento_manual_service:/opt/ros/galactic /usr/bin/cmake --install /home/vboxuser/turtlebot3_ws/build/custom_interface
