[1.847s] DEBUG:colcon:Command line arguments: ['/usr/bin/colcon', 'build', '--packages-select', 'proy_eq1_mundo']
[1.847s] DEBUG:colcon:Parsed command line arguments: Namespace(allow_overriding=[], ament_cmake_args=None, base_paths=['.'], build_base='build', catkin_cmake_args=None, catkin_skip_building_tests=False, cmake_args=None, cmake_clean_cache=False, cmake_clean_first=False, cmake_force_configure=False, cmake_target=None, cmake_target_skip_unavailable=False, continue_on_error=False, event_handlers=None, executor='parallel', ignore_user_meta=False, install_base='install', log_base=None, log_level=None, main=<bound method BuildVerb.main of <colcon_core.verb.build.BuildVerb object at 0x7fdf7a225070>>, merge_install=False, metas=['./colcon.meta'], packages_above=None, packages_above_and_dependencies=None, packages_above_depth=None, packages_end=None, packages_ignore=None, packages_ignore_regex=None, packages_select=['proy_eq1_mundo'], packages_select_build_failed=False, packages_select_by_dep=None, packages_select_regex=None, packages_select_test_failures=False, packages_skip=None, packages_skip_build_finished=False, packages_skip_by_dep=None, packages_skip_regex=None, packages_skip_test_passed=False, packages_skip_up_to=None, packages_start=None, packages_up_to=None, packages_up_to_regex=None, parallel_workers=4, paths=None, symlink_install=False, test_result_base=None, verb_extension=<colcon_core.verb.build.BuildVerb object at 0x7fdf7a225070>, verb_name='build', verb_parser=<colcon_defaults.argument_parser.defaults.DefaultArgumentsDecorator object at 0x7fdf7a2253a0>)
[1.953s] Level 1:colcon.colcon_core.package_discovery:discover_packages(colcon_meta) check parameters
[1.954s] Level 1:colcon.colcon_core.package_discovery:discover_packages(recursive) check parameters
[1.954s] Level 1:colcon.colcon_core.package_discovery:discover_packages(ignore) check parameters
[1.954s] Level 1:colcon.colcon_core.package_discovery:discover_packages(path) check parameters
[1.954s] Level 1:colcon.colcon_core.package_discovery:discover_packages(colcon_meta) discover
[1.954s] Level 1:colcon.colcon_core.package_discovery:discover_packages(recursive) discover
[1.954s] INFO:colcon.colcon_core.package_discovery:Crawling recursively for packages in '/home/vboxuser/turtlebot3_ws'
[1.954s] Level 1:colcon.colcon_core.package_identification:_identify(.) by extensions ['ignore', 'ignore_ament_install']
[1.954s] Level 1:colcon.colcon_core.package_identification:_identify(.) by extension 'ignore'
[1.954s] Level 1:colcon.colcon_core.package_identification:_identify(.) by extension 'ignore_ament_install'
[1.954s] Level 1:colcon.colcon_core.package_identification:_identify(.) by extensions ['colcon_pkg']
[1.954s] Level 1:colcon.colcon_core.package_identification:_identify(.) by extension 'colcon_pkg'
[1.954s] Level 1:colcon.colcon_core.package_identification:_identify(.) by extensions ['colcon_meta']
[1.954s] Level 1:colcon.colcon_core.package_identification:_identify(.) by extension 'colcon_meta'
[1.954s] Level 1:colcon.colcon_core.package_identification:_identify(.) by extensions ['ros']
[1.955s] Level 1:colcon.colcon_core.package_identification:_identify(.) by extension 'ros'
[1.968s] Level 1:colcon.colcon_core.package_identification:_identify(.) by extensions ['cmake', 'python']
[1.968s] Level 1:colcon.colcon_core.package_identification:_identify(.) by extension 'cmake'
[1.968s] Level 1:colcon.colcon_core.package_identification:_identify(.) by extension 'python'
[1.968s] Level 1:colcon.colcon_core.package_identification:_identify(.) by extensions ['python_setup_py']
[1.968s] Level 1:colcon.colcon_core.package_identification:_identify(.) by extension 'python_setup_py'
[1.968s] Level 1:colcon.colcon_core.package_identification:_identify(build) by extensions ['ignore', 'ignore_ament_install']
[1.968s] Level 1:colcon.colcon_core.package_identification:_identify(build) by extension 'ignore'
[1.969s] Level 1:colcon.colcon_core.package_identification:_identify(build) ignored
[1.969s] Level 1:colcon.colcon_core.package_identification:_identify(install) by extensions ['ignore', 'ignore_ament_install']
[1.969s] Level 1:colcon.colcon_core.package_identification:_identify(install) by extension 'ignore'
[1.969s] Level 1:colcon.colcon_core.package_identification:_identify(install) ignored
[1.969s] Level 1:colcon.colcon_core.package_identification:_identify(log) by extensions ['ignore', 'ignore_ament_install']
[1.969s] Level 1:colcon.colcon_core.package_identification:_identify(log) by extension 'ignore'
[1.969s] Level 1:colcon.colcon_core.package_identification:_identify(log) ignored
[1.969s] Level 1:colcon.colcon_core.package_identification:_identify(src) by extensions ['ignore', 'ignore_ament_install']
[1.969s] Level 1:colcon.colcon_core.package_identification:_identify(src) by extension 'ignore'
[1.969s] Level 1:colcon.colcon_core.package_identification:_identify(src) by extension 'ignore_ament_install'
[1.969s] Level 1:colcon.colcon_core.package_identification:_identify(src) by extensions ['colcon_pkg']
[1.969s] Level 1:colcon.colcon_core.package_identification:_identify(src) by extension 'colcon_pkg'
[1.969s] Level 1:colcon.colcon_core.package_identification:_identify(src) by extensions ['colcon_meta']
[1.969s] Level 1:colcon.colcon_core.package_identification:_identify(src) by extension 'colcon_meta'
[1.969s] Level 1:colcon.colcon_core.package_identification:_identify(src) by extensions ['ros']
[1.969s] Level 1:colcon.colcon_core.package_identification:_identify(src) by extension 'ros'
[1.969s] Level 1:colcon.colcon_core.package_identification:_identify(src) by extensions ['cmake', 'python']
[1.969s] Level 1:colcon.colcon_core.package_identification:_identify(src) by extension 'cmake'
[1.969s] Level 1:colcon.colcon_core.package_identification:_identify(src) by extension 'python'
[1.970s] Level 1:colcon.colcon_core.package_identification:_identify(src) by extensions ['python_setup_py']
[1.970s] Level 1:colcon.colcon_core.package_identification:_identify(src) by extension 'python_setup_py'
[1.970s] Level 1:colcon.colcon_core.package_identification:_identify(src/proy_eq1) by extensions ['ignore', 'ignore_ament_install']
[1.970s] Level 1:colcon.colcon_core.package_identification:_identify(src/proy_eq1) by extension 'ignore'
[1.970s] Level 1:colcon.colcon_core.package_identification:_identify(src/proy_eq1) by extension 'ignore_ament_install'
[1.970s] Level 1:colcon.colcon_core.package_identification:_identify(src/proy_eq1) by extensions ['colcon_pkg']
[1.970s] Level 1:colcon.colcon_core.package_identification:_identify(src/proy_eq1) by extension 'colcon_pkg'
[1.970s] Level 1:colcon.colcon_core.package_identification:_identify(src/proy_eq1) by extensions ['colcon_meta']
[1.970s] Level 1:colcon.colcon_core.package_identification:_identify(src/proy_eq1) by extension 'colcon_meta'
[1.970s] Level 1:colcon.colcon_core.package_identification:_identify(src/proy_eq1) by extensions ['ros']
[1.970s] Level 1:colcon.colcon_core.package_identification:_identify(src/proy_eq1) by extension 'ros'
[1.970s] Level 1:colcon.colcon_core.package_identification:_identify(src/proy_eq1) by extensions ['cmake', 'python']
[1.970s] Level 1:colcon.colcon_core.package_identification:_identify(src/proy_eq1) by extension 'cmake'
[1.970s] Level 1:colcon.colcon_core.package_identification:_identify(src/proy_eq1) by extension 'python'
[1.970s] Level 1:colcon.colcon_core.package_identification:_identify(src/proy_eq1) by extensions ['python_setup_py']
[1.970s] Level 1:colcon.colcon_core.package_identification:_identify(src/proy_eq1) by extension 'python_setup_py'
[1.970s] Level 1:colcon.colcon_core.package_identification:_identify(src/proy_eq1/proy_eq1) by extensions ['ignore', 'ignore_ament_install']
[1.970s] Level 1:colcon.colcon_core.package_identification:_identify(src/proy_eq1/proy_eq1) by extension 'ignore'
[1.970s] Level 1:colcon.colcon_core.package_identification:_identify(src/proy_eq1/proy_eq1) by extension 'ignore_ament_install'
[1.970s] Level 1:colcon.colcon_core.package_identification:_identify(src/proy_eq1/proy_eq1) by extensions ['colcon_pkg']
[1.970s] Level 1:colcon.colcon_core.package_identification:_identify(src/proy_eq1/proy_eq1) by extension 'colcon_pkg'
[1.970s] Level 1:colcon.colcon_core.package_identification:_identify(src/proy_eq1/proy_eq1) by extensions ['colcon_meta']
[1.970s] Level 1:colcon.colcon_core.package_identification:_identify(src/proy_eq1/proy_eq1) by extension 'colcon_meta'
[1.970s] Level 1:colcon.colcon_core.package_identification:_identify(src/proy_eq1/proy_eq1) by extensions ['ros']
[1.970s] Level 1:colcon.colcon_core.package_identification:_identify(src/proy_eq1/proy_eq1) by extension 'ros'
[1.973s] DEBUG:colcon.colcon_core.package_identification:Package 'src/proy_eq1/proy_eq1' with type 'ros.ament_cmake' and name 'proy_eq1'
[1.973s] Level 1:colcon.colcon_core.package_identification:_identify(src/proy_eq1/proy_eq1_custom_interface) by extensions ['ignore', 'ignore_ament_install']
[1.973s] Level 1:colcon.colcon_core.package_identification:_identify(src/proy_eq1/proy_eq1_custom_interface) by extension 'ignore'
[1.973s] Level 1:colcon.colcon_core.package_identification:_identify(src/proy_eq1/proy_eq1_custom_interface) by extension 'ignore_ament_install'
[1.973s] Level 1:colcon.colcon_core.package_identification:_identify(src/proy_eq1/proy_eq1_custom_interface) by extensions ['colcon_pkg']
[1.973s] Level 1:colcon.colcon_core.package_identification:_identify(src/proy_eq1/proy_eq1_custom_interface) by extension 'colcon_pkg'
[1.974s] Level 1:colcon.colcon_core.package_identification:_identify(src/proy_eq1/proy_eq1_custom_interface) by extensions ['colcon_meta']
[1.974s] Level 1:colcon.colcon_core.package_identification:_identify(src/proy_eq1/proy_eq1_custom_interface) by extension 'colcon_meta'
[1.974s] Level 1:colcon.colcon_core.package_identification:_identify(src/proy_eq1/proy_eq1_custom_interface) by extensions ['ros']
[1.974s] Level 1:colcon.colcon_core.package_identification:_identify(src/proy_eq1/proy_eq1_custom_interface) by extension 'ros'
[1.974s] DEBUG:colcon.colcon_core.package_identification:Package 'src/proy_eq1/proy_eq1_custom_interface' with type 'ros.ament_cmake' and name 'proy_eq1_custom_interface'
[1.975s] Level 1:colcon.colcon_core.package_identification:_identify(src/proy_eq1/proy_eq1_mundo) by extensions ['ignore', 'ignore_ament_install']
[1.975s] Level 1:colcon.colcon_core.package_identification:_identify(src/proy_eq1/proy_eq1_mundo) by extension 'ignore'
[1.975s] Level 1:colcon.colcon_core.package_identification:_identify(src/proy_eq1/proy_eq1_mundo) by extension 'ignore_ament_install'
[1.975s] Level 1:colcon.colcon_core.package_identification:_identify(src/proy_eq1/proy_eq1_mundo) by extensions ['colcon_pkg']
[1.975s] Level 1:colcon.colcon_core.package_identification:_identify(src/proy_eq1/proy_eq1_mundo) by extension 'colcon_pkg'
[1.975s] Level 1:colcon.colcon_core.package_identification:_identify(src/proy_eq1/proy_eq1_mundo) by extensions ['colcon_meta']
[1.975s] Level 1:colcon.colcon_core.package_identification:_identify(src/proy_eq1/proy_eq1_mundo) by extension 'colcon_meta'
[1.975s] Level 1:colcon.colcon_core.package_identification:_identify(src/proy_eq1/proy_eq1_mundo) by extensions ['ros']
[1.975s] Level 1:colcon.colcon_core.package_identification:_identify(src/proy_eq1/proy_eq1_mundo) by extension 'ros'
[1.976s] DEBUG:colcon.colcon_core.package_identification:Package 'src/proy_eq1/proy_eq1_mundo' with type 'ros.ament_cmake' and name 'proy_eq1_mundo'
[1.976s] Level 1:colcon.colcon_core.package_identification:_identify(src/proy_eq1/proy_eq1_nav2_system) by extensions ['ignore', 'ignore_ament_install']
[1.976s] Level 1:colcon.colcon_core.package_identification:_identify(src/proy_eq1/proy_eq1_nav2_system) by extension 'ignore'
[1.976s] Level 1:colcon.colcon_core.package_identification:_identify(src/proy_eq1/proy_eq1_nav2_system) by extension 'ignore_ament_install'
[1.976s] Level 1:colcon.colcon_core.package_identification:_identify(src/proy_eq1/proy_eq1_nav2_system) by extensions ['colcon_pkg']
[1.976s] Level 1:colcon.colcon_core.package_identification:_identify(src/proy_eq1/proy_eq1_nav2_system) by extension 'colcon_pkg'
[1.976s] Level 1:colcon.colcon_core.package_identification:_identify(src/proy_eq1/proy_eq1_nav2_system) by extensions ['colcon_meta']
[1.976s] Level 1:colcon.colcon_core.package_identification:_identify(src/proy_eq1/proy_eq1_nav2_system) by extension 'colcon_meta'
[1.976s] Level 1:colcon.colcon_core.package_identification:_identify(src/proy_eq1/proy_eq1_nav2_system) by extensions ['ros']
[1.976s] Level 1:colcon.colcon_core.package_identification:_identify(src/proy_eq1/proy_eq1_nav2_system) by extension 'ros'
[1.977s] DEBUG:colcon.colcon_core.package_identification:Package 'src/proy_eq1/proy_eq1_nav2_system' with type 'ros.ament_python' and name 'proy_eq1_nav2_system'
[1.977s] Level 1:colcon.colcon_core.package_identification:_identify(src/proy_eq1/proy_eq1_nav_manual) by extensions ['ignore', 'ignore_ament_install']
[1.977s] Level 1:colcon.colcon_core.package_identification:_identify(src/proy_eq1/proy_eq1_nav_manual) by extension 'ignore'
[1.977s] Level 1:colcon.colcon_core.package_identification:_identify(src/proy_eq1/proy_eq1_nav_manual) by extension 'ignore_ament_install'
[1.977s] Level 1:colcon.colcon_core.package_identification:_identify(src/proy_eq1/proy_eq1_nav_manual) by extensions ['colcon_pkg']
[1.977s] Level 1:colcon.colcon_core.package_identification:_identify(src/proy_eq1/proy_eq1_nav_manual) by extension 'colcon_pkg'
[1.977s] Level 1:colcon.colcon_core.package_identification:_identify(src/proy_eq1/proy_eq1_nav_manual) by extensions ['colcon_meta']
[1.977s] Level 1:colcon.colcon_core.package_identification:_identify(src/proy_eq1/proy_eq1_nav_manual) by extension 'colcon_meta'
[1.977s] Level 1:colcon.colcon_core.package_identification:_identify(src/proy_eq1/proy_eq1_nav_manual) by extensions ['ros']
[1.977s] Level 1:colcon.colcon_core.package_identification:_identify(src/proy_eq1/proy_eq1_nav_manual) by extension 'ros'
[1.978s] DEBUG:colcon.colcon_core.package_identification:Package 'src/proy_eq1/proy_eq1_nav_manual' with type 'ros.ament_python' and name 'proy_eq1_nav_manual'
[1.978s] Level 1:colcon.colcon_core.package_identification:_identify(src/proy_eq1/proy_eq1_provide_map) by extensions ['ignore', 'ignore_ament_install']
[1.978s] Level 1:colcon.colcon_core.package_identification:_identify(src/proy_eq1/proy_eq1_provide_map) by extension 'ignore'
[1.978s] Level 1:colcon.colcon_core.package_identification:_identify(src/proy_eq1/proy_eq1_provide_map) by extension 'ignore_ament_install'
[1.978s] Level 1:colcon.colcon_core.package_identification:_identify(src/proy_eq1/proy_eq1_provide_map) by extensions ['colcon_pkg']
[1.978s] Level 1:colcon.colcon_core.package_identification:_identify(src/proy_eq1/proy_eq1_provide_map) by extension 'colcon_pkg'
[1.978s] Level 1:colcon.colcon_core.package_identification:_identify(src/proy_eq1/proy_eq1_provide_map) by extensions ['colcon_meta']
[1.978s] Level 1:colcon.colcon_core.package_identification:_identify(src/proy_eq1/proy_eq1_provide_map) by extension 'colcon_meta'
[1.978s] Level 1:colcon.colcon_core.package_identification:_identify(src/proy_eq1/proy_eq1_provide_map) by extensions ['ros']
[1.978s] Level 1:colcon.colcon_core.package_identification:_identify(src/proy_eq1/proy_eq1_provide_map) by extension 'ros'
[1.979s] DEBUG:colcon.colcon_core.package_identification:Package 'src/proy_eq1/proy_eq1_provide_map' with type 'ros.ament_python' and name 'proy_eq1_provide_map'
[1.979s] Level 1:colcon.colcon_core.package_identification:_identify(src/proy_eq1/proy_eq1_slam) by extensions ['ignore', 'ignore_ament_install']
[1.979s] Level 1:colcon.colcon_core.package_identification:_identify(src/proy_eq1/proy_eq1_slam) by extension 'ignore'
[1.979s] Level 1:colcon.colcon_core.package_identification:_identify(src/proy_eq1/proy_eq1_slam) by extension 'ignore_ament_install'
[1.979s] Level 1:colcon.colcon_core.package_identification:_identify(src/proy_eq1/proy_eq1_slam) by extensions ['colcon_pkg']
[1.979s] Level 1:colcon.colcon_core.package_identification:_identify(src/proy_eq1/proy_eq1_slam) by extension 'colcon_pkg'
[1.979s] Level 1:colcon.colcon_core.package_identification:_identify(src/proy_eq1/proy_eq1_slam) by extensions ['colcon_meta']
[1.979s] Level 1:colcon.colcon_core.package_identification:_identify(src/proy_eq1/proy_eq1_slam) by extension 'colcon_meta'
[1.979s] Level 1:colcon.colcon_core.package_identification:_identify(src/proy_eq1/proy_eq1_slam) by extensions ['ros']
[1.979s] Level 1:colcon.colcon_core.package_identification:_identify(src/proy_eq1/proy_eq1_slam) by extension 'ros'
[1.980s] DEBUG:colcon.colcon_core.package_identification:Package 'src/proy_eq1/proy_eq1_slam' with type 'ros.ament_python' and name 'proy_eq1_slam'
[1.980s] Level 1:colcon.colcon_core.package_identification:_identify(src/turtlebot3_simulations) by extensions ['ignore', 'ignore_ament_install']
[1.980s] Level 1:colcon.colcon_core.package_identification:_identify(src/turtlebot3_simulations) by extension 'ignore'
[1.980s] Level 1:colcon.colcon_core.package_identification:_identify(src/turtlebot3_simulations) by extension 'ignore_ament_install'
[1.980s] Level 1:colcon.colcon_core.package_identification:_identify(src/turtlebot3_simulations) by extensions ['colcon_pkg']
[1.980s] Level 1:colcon.colcon_core.package_identification:_identify(src/turtlebot3_simulations) by extension 'colcon_pkg'
[1.980s] Level 1:colcon.colcon_core.package_identification:_identify(src/turtlebot3_simulations) by extensions ['colcon_meta']
[1.980s] Level 1:colcon.colcon_core.package_identification:_identify(src/turtlebot3_simulations) by extension 'colcon_meta'
[1.980s] Level 1:colcon.colcon_core.package_identification:_identify(src/turtlebot3_simulations) by extensions ['ros']
[1.980s] Level 1:colcon.colcon_core.package_identification:_identify(src/turtlebot3_simulations) by extension 'ros'
[1.980s] Level 1:colcon.colcon_core.package_identification:_identify(src/turtlebot3_simulations) by extensions ['cmake', 'python']
[1.980s] Level 1:colcon.colcon_core.package_identification:_identify(src/turtlebot3_simulations) by extension 'cmake'
[1.980s] Level 1:colcon.colcon_core.package_identification:_identify(src/turtlebot3_simulations) by extension 'python'
[1.980s] Level 1:colcon.colcon_core.package_identification:_identify(src/turtlebot3_simulations) by extensions ['python_setup_py']
[1.980s] Level 1:colcon.colcon_core.package_identification:_identify(src/turtlebot3_simulations) by extension 'python_setup_py'
[1.980s] Level 1:colcon.colcon_core.package_identification:_identify(src/turtlebot3_simulations/turtlebot3_fake_node) by extensions ['ignore', 'ignore_ament_install']
[1.980s] Level 1:colcon.colcon_core.package_identification:_identify(src/turtlebot3_simulations/turtlebot3_fake_node) by extension 'ignore'
[1.980s] Level 1:colcon.colcon_core.package_identification:_identify(src/turtlebot3_simulations/turtlebot3_fake_node) by extension 'ignore_ament_install'
[1.980s] Level 1:colcon.colcon_core.package_identification:_identify(src/turtlebot3_simulations/turtlebot3_fake_node) by extensions ['colcon_pkg']
[1.980s] Level 1:colcon.colcon_core.package_identification:_identify(src/turtlebot3_simulations/turtlebot3_fake_node) by extension 'colcon_pkg'
[1.980s] Level 1:colcon.colcon_core.package_identification:_identify(src/turtlebot3_simulations/turtlebot3_fake_node) by extensions ['colcon_meta']
[1.980s] Level 1:colcon.colcon_core.package_identification:_identify(src/turtlebot3_simulations/turtlebot3_fake_node) by extension 'colcon_meta'
[1.980s] Level 1:colcon.colcon_core.package_identification:_identify(src/turtlebot3_simulations/turtlebot3_fake_node) by extensions ['ros']
[1.980s] Level 1:colcon.colcon_core.package_identification:_identify(src/turtlebot3_simulations/turtlebot3_fake_node) by extension 'ros'
[1.981s] DEBUG:colcon.colcon_core.package_identification:Package 'src/turtlebot3_simulations/turtlebot3_fake_node' with type 'ros.ament_cmake' and name 'turtlebot3_fake_node'
[1.981s] Level 1:colcon.colcon_core.package_identification:_identify(src/turtlebot3_simulations/turtlebot3_gazebo) by extensions ['ignore', 'ignore_ament_install']
[1.981s] Level 1:colcon.colcon_core.package_identification:_identify(src/turtlebot3_simulations/turtlebot3_gazebo) by extension 'ignore'
[1.981s] Level 1:colcon.colcon_core.package_identification:_identify(src/turtlebot3_simulations/turtlebot3_gazebo) by extension 'ignore_ament_install'
[1.981s] Level 1:colcon.colcon_core.package_identification:_identify(src/turtlebot3_simulations/turtlebot3_gazebo) by extensions ['colcon_pkg']
[1.981s] Level 1:colcon.colcon_core.package_identification:_identify(src/turtlebot3_simulations/turtlebot3_gazebo) by extension 'colcon_pkg'
[1.981s] Level 1:colcon.colcon_core.package_identification:_identify(src/turtlebot3_simulations/turtlebot3_gazebo) by extensions ['colcon_meta']
[1.981s] Level 1:colcon.colcon_core.package_identification:_identify(src/turtlebot3_simulations/turtlebot3_gazebo) by extension 'colcon_meta'
[1.981s] Level 1:colcon.colcon_core.package_identification:_identify(src/turtlebot3_simulations/turtlebot3_gazebo) by extensions ['ros']
[1.981s] Level 1:colcon.colcon_core.package_identification:_identify(src/turtlebot3_simulations/turtlebot3_gazebo) by extension 'ros'
[1.982s] DEBUG:colcon.colcon_core.package_identification:Package 'src/turtlebot3_simulations/turtlebot3_gazebo' with type 'ros.ament_cmake' and name 'turtlebot3_gazebo'
[1.982s] Level 1:colcon.colcon_core.package_identification:_identify(src/turtlebot3_simulations/turtlebot3_simulations) by extensions ['ignore', 'ignore_ament_install']
[1.982s] Level 1:colcon.colcon_core.package_identification:_identify(src/turtlebot3_simulations/turtlebot3_simulations) by extension 'ignore'
[1.982s] Level 1:colcon.colcon_core.package_identification:_identify(src/turtlebot3_simulations/turtlebot3_simulations) by extension 'ignore_ament_install'
[1.982s] Level 1:colcon.colcon_core.package_identification:_identify(src/turtlebot3_simulations/turtlebot3_simulations) by extensions ['colcon_pkg']
[1.982s] Level 1:colcon.colcon_core.package_identification:_identify(src/turtlebot3_simulations/turtlebot3_simulations) by extension 'colcon_pkg'
[1.982s] Level 1:colcon.colcon_core.package_identification:_identify(src/turtlebot3_simulations/turtlebot3_simulations) by extensions ['colcon_meta']
[1.982s] Level 1:colcon.colcon_core.package_identification:_identify(src/turtlebot3_simulations/turtlebot3_simulations) by extension 'colcon_meta'
[1.982s] Level 1:colcon.colcon_core.package_identification:_identify(src/turtlebot3_simulations/turtlebot3_simulations) by extensions ['ros']
[1.982s] Level 1:colcon.colcon_core.package_identification:_identify(src/turtlebot3_simulations/turtlebot3_simulations) by extension 'ros'
[1.983s] DEBUG:colcon.colcon_core.package_identification:Package 'src/turtlebot3_simulations/turtlebot3_simulations' with type 'ros.ament_cmake' and name 'turtlebot3_simulations'
[1.983s] Level 1:colcon.colcon_core.package_discovery:discover_packages(recursive) using defaults
[1.983s] Level 1:colcon.colcon_core.package_discovery:discover_packages(ignore) discover
[1.983s] Level 1:colcon.colcon_core.package_discovery:discover_packages(ignore) using defaults
[1.983s] Level 1:colcon.colcon_core.package_discovery:discover_packages(path) discover
[1.983s] Level 1:colcon.colcon_core.package_discovery:discover_packages(path) using defaults
[2.092s] INFO:colcon.colcon_core.package_selection:Skipping not selected package 'proy_eq1_custom_interface' in 'src/proy_eq1/proy_eq1_custom_interface'
[2.092s] INFO:colcon.colcon_core.package_selection:Skipping not selected package 'proy_eq1_nav2_system' in 'src/proy_eq1/proy_eq1_nav2_system'
[2.092s] INFO:colcon.colcon_core.package_selection:Skipping not selected package 'proy_eq1_nav_manual' in 'src/proy_eq1/proy_eq1_nav_manual'
[2.092s] INFO:colcon.colcon_core.package_selection:Skipping not selected package 'proy_eq1_provide_map' in 'src/proy_eq1/proy_eq1_provide_map'
[2.092s] INFO:colcon.colcon_core.package_selection:Skipping not selected package 'proy_eq1_slam' in 'src/proy_eq1/proy_eq1_slam'
[2.092s] INFO:colcon.colcon_core.package_selection:Skipping not selected package 'turtlebot3_fake_node' in 'src/turtlebot3_simulations/turtlebot3_fake_node'
[2.092s] INFO:colcon.colcon_core.package_selection:Skipping not selected package 'turtlebot3_gazebo' in 'src/turtlebot3_simulations/turtlebot3_gazebo'
[2.092s] INFO:colcon.colcon_core.package_selection:Skipping not selected package 'proy_eq1' in 'src/proy_eq1/proy_eq1'
[2.092s] INFO:colcon.colcon_core.package_selection:Skipping not selected package 'turtlebot3_simulations' in 'src/turtlebot3_simulations/turtlebot3_simulations'
[2.148s] Level 1:colcon.colcon_core.package_discovery:discover_packages(prefix_path) check parameters
[2.148s] Level 1:colcon.colcon_core.package_discovery:discover_packages(prefix_path) discover
[2.207s] DEBUG:colcon.colcon_installed_package_information.package_discovery:Found 19 installed packages in /home/vboxuser/turtlebot3_ws/install
[2.235s] DEBUG:colcon.colcon_installed_package_information.package_discovery:Found 336 installed packages in /opt/ros/galactic
[2.236s] Level 1:colcon.colcon_core.package_discovery:discover_packages(prefix_path) using defaults
[2.378s] Level 5:colcon.colcon_core.verb:set package 'proy_eq1_mundo' build argument 'cmake_args' from command line to 'None'
[2.379s] Level 5:colcon.colcon_core.verb:set package 'proy_eq1_mundo' build argument 'cmake_target' from command line to 'None'
[2.379s] Level 5:colcon.colcon_core.verb:set package 'proy_eq1_mundo' build argument 'cmake_target_skip_unavailable' from command line to 'False'
[2.379s] Level 5:colcon.colcon_core.verb:set package 'proy_eq1_mundo' build argument 'cmake_clean_cache' from command line to 'False'
[2.379s] Level 5:colcon.colcon_core.verb:set package 'proy_eq1_mundo' build argument 'cmake_clean_first' from command line to 'False'
[2.379s] Level 5:colcon.colcon_core.verb:set package 'proy_eq1_mundo' build argument 'cmake_force_configure' from command line to 'False'
[2.379s] Level 5:colcon.colcon_core.verb:set package 'proy_eq1_mundo' build argument 'ament_cmake_args' from command line to 'None'
[2.379s] Level 5:colcon.colcon_core.verb:set package 'proy_eq1_mundo' build argument 'catkin_cmake_args' from command line to 'None'
[2.379s] Level 5:colcon.colcon_core.verb:set package 'proy_eq1_mundo' build argument 'catkin_skip_building_tests' from command line to 'False'
[2.379s] DEBUG:colcon.colcon_core.verb:Building package 'proy_eq1_mundo' with the following arguments: {'ament_cmake_args': None, 'build_base': '/home/vboxuser/turtlebot3_ws/build/proy_eq1_mundo', 'catkin_cmake_args': None, 'catkin_skip_building_tests': False, 'cmake_args': None, 'cmake_clean_cache': False, 'cmake_clean_first': False, 'cmake_force_configure': False, 'cmake_target': None, 'cmake_target_skip_unavailable': False, 'install_base': '/home/vboxuser/turtlebot3_ws/install/proy_eq1_mundo', 'merge_install': False, 'path': '/home/vboxuser/turtlebot3_ws/src/proy_eq1/proy_eq1_mundo', 'symlink_install': False, 'test_result_base': None}
[2.405s] INFO:colcon.colcon_core.executor:Executing jobs using 'parallel' executor
[2.432s] DEBUG:colcon.colcon_parallel_executor.executor.parallel:run_until_complete
[2.432s] INFO:colcon.colcon_ros.task.ament_cmake.build:Building ROS package in '/home/vboxuser/turtlebot3_ws/src/proy_eq1/proy_eq1_mundo' with build type 'ament_cmake'
[2.433s] INFO:colcon.colcon_cmake.task.cmake.build:Building CMake package in '/home/vboxuser/turtlebot3_ws/src/proy_eq1/proy_eq1_mundo'
[2.467s] INFO:colcon.colcon_core.plugin_system:Skipping extension 'colcon_core.shell.bat': Not used on non-Windows systems
[2.467s] INFO:colcon.colcon_core.shell:Skip shell extension 'powershell' for command environment: Not usable outside of PowerShell
[2.467s] DEBUG:colcon.colcon_core.shell:Skip shell extension 'dsv' for command environment
[2.564s] DEBUG:colcon.colcon_core.event_handler.log_command:Invoking command in '/home/vboxuser/turtlebot3_ws/build/proy_eq1_mundo': CMAKE_PREFIX_PATH=/home/vboxuser/turtlebot3_ws/install/turtlebot3_gazebo:/home/vboxuser/turtlebot3_ws/install/turtlebot3_simulations:/home/vboxuser/turtlebot3_ws/install/proy_eq1_mundo:/home/vboxuser/turtlebot3_ws/install/my_world:/home/vboxuser/turtlebot3_ws/install/turtlebot3_fake_node:/home/vboxuser/turtlebot3_ws/install/proy_eq1:/home/vboxuser/turtlebot3_ws/install/proy_eq1_custom_interface:/home/vboxuser/turtlebot3_ws/install/custom_interface:/home/vboxuser/turtlebot3_ws/install/show_msg:/home/vboxuser/turtlebot3_ws/install/proy_eq1_slam:/home/vboxuser/turtlebot3_ws/install/proy_eq1_provide_map:/home/vboxuser/turtlebot3_ws/install/proy_eq1_nav_manual:/home/vboxuser/turtlebot3_ws/install/proy_eq1_nav2_system:/home/vboxuser/turtlebot3_ws/install/my_first_subscriber:/home/vboxuser/turtlebot3_ws/install/my_first_service:/home/vboxuser/turtlebot3_ws/install/my_first_publisher:/home/vboxuser/turtlebot3_ws/install/my_first_node:/home/vboxuser/turtlebot3_ws/install/my_first_action:/home/vboxuser/turtlebot3_ws/install/movimiento_manual_service:/opt/ros/galactic /usr/bin/cmake --build /home/vboxuser/turtlebot3_ws/build/proy_eq1_mundo -- -j4 -l4
[2.697s] DEBUG:colcon.colcon_core.event_handler.log_command:Invoked command in '/home/vboxuser/turtlebot3_ws/build/proy_eq1_mundo' returned '0': CMAKE_PREFIX_PATH=/home/vboxuser/turtlebot3_ws/install/turtlebot3_gazebo:/home/vboxuser/turtlebot3_ws/install/turtlebot3_simulations:/home/vboxuser/turtlebot3_ws/install/proy_eq1_mundo:/home/vboxuser/turtlebot3_ws/install/my_world:/home/vboxuser/turtlebot3_ws/install/turtlebot3_fake_node:/home/vboxuser/turtlebot3_ws/install/proy_eq1:/home/vboxuser/turtlebot3_ws/install/proy_eq1_custom_interface:/home/vboxuser/turtlebot3_ws/install/custom_interface:/home/vboxuser/turtlebot3_ws/install/show_msg:/home/vboxuser/turtlebot3_ws/install/proy_eq1_slam:/home/vboxuser/turtlebot3_ws/install/proy_eq1_provide_map:/home/vboxuser/turtlebot3_ws/install/proy_eq1_nav_manual:/home/vboxuser/turtlebot3_ws/install/proy_eq1_nav2_system:/home/vboxuser/turtlebot3_ws/install/my_first_subscriber:/home/vboxuser/turtlebot3_ws/install/my_first_service:/home/vboxuser/turtlebot3_ws/install/my_first_publisher:/home/vboxuser/turtlebot3_ws/install/my_first_node:/home/vboxuser/turtlebot3_ws/install/my_first_action:/home/vboxuser/turtlebot3_ws/install/movimiento_manual_service:/opt/ros/galactic /usr/bin/cmake --build /home/vboxuser/turtlebot3_ws/build/proy_eq1_mundo -- -j4 -l4
[2.729s] DEBUG:colcon.colcon_core.event_handler.log_command:Invoking command in '/home/vboxuser/turtlebot3_ws/build/proy_eq1_mundo': CMAKE_PREFIX_PATH=/home/vboxuser/turtlebot3_ws/install/turtlebot3_gazebo:/home/vboxuser/turtlebot3_ws/install/turtlebot3_simulations:/home/vboxuser/turtlebot3_ws/install/proy_eq1_mundo:/home/vboxuser/turtlebot3_ws/install/my_world:/home/vboxuser/turtlebot3_ws/install/turtlebot3_fake_node:/home/vboxuser/turtlebot3_ws/install/proy_eq1:/home/vboxuser/turtlebot3_ws/install/proy_eq1_custom_interface:/home/vboxuser/turtlebot3_ws/install/custom_interface:/home/vboxuser/turtlebot3_ws/install/show_msg:/home/vboxuser/turtlebot3_ws/install/proy_eq1_slam:/home/vboxuser/turtlebot3_ws/install/proy_eq1_provide_map:/home/vboxuser/turtlebot3_ws/install/proy_eq1_nav_manual:/home/vboxuser/turtlebot3_ws/install/proy_eq1_nav2_system:/home/vboxuser/turtlebot3_ws/install/my_first_subscriber:/home/vboxuser/turtlebot3_ws/install/my_first_service:/home/vboxuser/turtlebot3_ws/install/my_first_publisher:/home/vboxuser/turtlebot3_ws/install/my_first_node:/home/vboxuser/turtlebot3_ws/install/my_first_action:/home/vboxuser/turtlebot3_ws/install/movimiento_manual_service:/opt/ros/galactic /usr/bin/cmake --install /home/vboxuser/turtlebot3_ws/build/proy_eq1_mundo
[2.822s] DEBUG:colcon.colcon_core.event_handler.log_command:Invoked command in '/home/vboxuser/turtlebot3_ws/build/proy_eq1_mundo' returned '1': CMAKE_PREFIX_PATH=/home/vboxuser/turtlebot3_ws/install/turtlebot3_gazebo:/home/vboxuser/turtlebot3_ws/install/turtlebot3_simulations:/home/vboxuser/turtlebot3_ws/install/proy_eq1_mundo:/home/vboxuser/turtlebot3_ws/install/my_world:/home/vboxuser/turtlebot3_ws/install/turtlebot3_fake_node:/home/vboxuser/turtlebot3_ws/install/proy_eq1:/home/vboxuser/turtlebot3_ws/install/proy_eq1_custom_interface:/home/vboxuser/turtlebot3_ws/install/custom_interface:/home/vboxuser/turtlebot3_ws/install/show_msg:/home/vboxuser/turtlebot3_ws/install/proy_eq1_slam:/home/vboxuser/turtlebot3_ws/install/proy_eq1_provide_map:/home/vboxuser/turtlebot3_ws/install/proy_eq1_nav_manual:/home/vboxuser/turtlebot3_ws/install/proy_eq1_nav2_system:/home/vboxuser/turtlebot3_ws/install/my_first_subscriber:/home/vboxuser/turtlebot3_ws/install/my_first_service:/home/vboxuser/turtlebot3_ws/install/my_first_publisher:/home/vboxuser/turtlebot3_ws/install/my_first_node:/home/vboxuser/turtlebot3_ws/install/my_first_action:/home/vboxuser/turtlebot3_ws/install/movimiento_manual_service:/opt/ros/galactic /usr/bin/cmake --install /home/vboxuser/turtlebot3_ws/build/proy_eq1_mundo
[2.881s] Level 1:colcon.colcon_core.environment:create_environment_scripts_only(proy_eq1_mundo)
[2.931s] Level 1:colcon.colcon_core.environment:checking '/home/vboxuser/turtlebot3_ws/install/proy_eq1_mundo' for CMake module files
[2.932s] Level 1:colcon.colcon_core.environment:checking '/home/vboxuser/turtlebot3_ws/install/proy_eq1_mundo' for CMake config files
[2.932s] Level 1:colcon.colcon_core.shell:create_environment_hook('proy_eq1_mundo', 'cmake_prefix_path')
[2.966s] INFO:colcon.colcon_core.shell:Creating environment hook '/home/vboxuser/turtlebot3_ws/install/proy_eq1_mundo/share/proy_eq1_mundo/hook/cmake_prefix_path.ps1'
[2.967s] INFO:colcon.colcon_core.shell:Creating environment descriptor '/home/vboxuser/turtlebot3_ws/install/proy_eq1_mundo/share/proy_eq1_mundo/hook/cmake_prefix_path.dsv'
[2.968s] INFO:colcon.colcon_core.shell:Creating environment hook '/home/vboxuser/turtlebot3_ws/install/proy_eq1_mundo/share/proy_eq1_mundo/hook/cmake_prefix_path.sh'
[2.969s] Level 1:colcon.colcon_core.environment:checking '/home/vboxuser/turtlebot3_ws/install/proy_eq1_mundo/lib'
[2.969s] Level 1:colcon.colcon_core.environment:checking '/home/vboxuser/turtlebot3_ws/install/proy_eq1_mundo/bin'
[2.969s] Level 1:colcon.colcon_core.environment:checking '/home/vboxuser/turtlebot3_ws/install/proy_eq1_mundo/lib/pkgconfig/proy_eq1_mundo.pc'
[2.969s] Level 1:colcon.colcon_core.environment:checking '/home/vboxuser/turtlebot3_ws/install/proy_eq1_mundo/lib/python3.8/site-packages'
[2.969s] Level 1:colcon.colcon_core.environment:checking '/home/vboxuser/turtlebot3_ws/install/proy_eq1_mundo/bin'
[3.001s] INFO:colcon.colcon_core.shell:Creating package script '/home/vboxuser/turtlebot3_ws/install/proy_eq1_mundo/share/proy_eq1_mundo/package.ps1'
[3.002s] INFO:colcon.colcon_core.shell:Creating package descriptor '/home/vboxuser/turtlebot3_ws/install/proy_eq1_mundo/share/proy_eq1_mundo/package.dsv'
[3.003s] INFO:colcon.colcon_core.shell:Creating package script '/home/vboxuser/turtlebot3_ws/install/proy_eq1_mundo/share/proy_eq1_mundo/package.sh'
[3.004s] INFO:colcon.colcon_core.shell:Creating package script '/home/vboxuser/turtlebot3_ws/install/proy_eq1_mundo/share/proy_eq1_mundo/package.bash'
[3.005s] INFO:colcon.colcon_core.shell:Creating package script '/home/vboxuser/turtlebot3_ws/install/proy_eq1_mundo/share/proy_eq1_mundo/package.zsh'
[3.006s] Level 1:colcon.colcon_core.environment:create_file_with_runtime_dependencies(/home/vboxuser/turtlebot3_ws/install/proy_eq1_mundo/share/colcon-core/packages/proy_eq1_mundo)
[3.017s] DEBUG:colcon.colcon_parallel_executor.executor.parallel:closing loop
[3.017s] DEBUG:colcon.colcon_parallel_executor.executor.parallel:loop closed
[3.017s] DEBUG:colcon.colcon_parallel_executor.executor.parallel:run_until_complete finished with '1'
[3.017s] DEBUG:colcon.colcon_core.event_reactor:joining thread
[3.063s] INFO:colcon.colcon_core.plugin_system:Skipping extension 'colcon_notification.desktop_notification.terminal_notifier': Not used on non-Darwin systems
[3.063s] INFO:colcon.colcon_core.plugin_system:Skipping extension 'colcon_notification.desktop_notification.win32': Not used on non-Windows systems
[3.063s] INFO:colcon.colcon_notification.desktop_notification:Sending desktop notification using 'notify2'
[3.080s] DEBUG:colcon.colcon_core.event_reactor:joined thread
[3.113s] INFO:colcon.colcon_core.shell:Creating prefix script '/home/vboxuser/turtlebot3_ws/install/local_setup.ps1'
[3.115s] INFO:colcon.colcon_core.shell:Creating prefix util module '/home/vboxuser/turtlebot3_ws/install/_local_setup_util_ps1.py'
[3.116s] INFO:colcon.colcon_core.shell:Creating prefix chain script '/home/vboxuser/turtlebot3_ws/install/setup.ps1'
[3.150s] INFO:colcon.colcon_core.shell:Creating prefix script '/home/vboxuser/turtlebot3_ws/install/local_setup.sh'
[3.151s] INFO:colcon.colcon_core.shell:Creating prefix util module '/home/vboxuser/turtlebot3_ws/install/_local_setup_util_sh.py'
[3.151s] INFO:colcon.colcon_core.shell:Creating prefix chain script '/home/vboxuser/turtlebot3_ws/install/setup.sh'
[3.182s] INFO:colcon.colcon_core.shell:Creating prefix script '/home/vboxuser/turtlebot3_ws/install/local_setup.bash'
[3.183s] INFO:colcon.colcon_core.shell:Creating prefix chain script '/home/vboxuser/turtlebot3_ws/install/setup.bash'
[3.214s] INFO:colcon.colcon_core.shell:Creating prefix script '/home/vboxuser/turtlebot3_ws/install/local_setup.zsh'
[3.215s] INFO:colcon.colcon_core.shell:Creating prefix chain script '/home/vboxuser/turtlebot3_ws/install/setup.zsh'
