[1.810s] DEBUG:colcon:Command line arguments: ['/usr/bin/colcon', 'build']
[1.810s] DEBUG:colcon:Parsed command line arguments: Namespace(allow_overriding=[], ament_cmake_args=None, base_paths=['.'], build_base='build', catkin_cmake_args=None, catkin_skip_building_tests=False, cmake_args=None, cmake_clean_cache=False, cmake_clean_first=False, cmake_force_configure=False, cmake_target=None, cmake_target_skip_unavailable=False, continue_on_error=False, event_handlers=None, executor='parallel', ignore_user_meta=False, install_base='install', log_base=None, log_level=None, main=<bound method BuildVerb.main of <colcon_core.verb.build.BuildVerb object at 0x7f32442ef130>>, merge_install=False, metas=['./colcon.meta'], packages_above=None, packages_above_and_dependencies=None, packages_above_depth=None, packages_end=None, packages_ignore=None, packages_ignore_regex=None, packages_select=None, packages_select_build_failed=False, packages_select_by_dep=None, packages_select_regex=None, packages_select_test_failures=False, packages_skip=None, packages_skip_build_finished=False, packages_skip_by_dep=None, packages_skip_regex=None, packages_skip_test_passed=False, packages_skip_up_to=None, packages_start=None, packages_up_to=None, packages_up_to_regex=None, parallel_workers=4, paths=None, symlink_install=False, test_result_base=None, verb_extension=<colcon_core.verb.build.BuildVerb object at 0x7f32442ef130>, verb_name='build', verb_parser=<colcon_defaults.argument_parser.defaults.DefaultArgumentsDecorator object at 0x7f32442ef3d0>)
[1.886s] Level 1:colcon.colcon_core.package_discovery:discover_packages(colcon_meta) check parameters
[1.886s] Level 1:colcon.colcon_core.package_discovery:discover_packages(recursive) check parameters
[1.886s] Level 1:colcon.colcon_core.package_discovery:discover_packages(ignore) check parameters
[1.886s] Level 1:colcon.colcon_core.package_discovery:discover_packages(path) check parameters
[1.886s] Level 1:colcon.colcon_core.package_discovery:discover_packages(colcon_meta) discover
[1.886s] Level 1:colcon.colcon_core.package_discovery:discover_packages(recursive) discover
[1.886s] INFO:colcon.colcon_core.package_discovery:Crawling recursively for packages in '/home/vboxuser/turtlebot3_ws'
[1.886s] Level 1:colcon.colcon_core.package_identification:_identify(.) by extensions ['ignore', 'ignore_ament_install']
[1.886s] Level 1:colcon.colcon_core.package_identification:_identify(.) by extension 'ignore'
[1.886s] Level 1:colcon.colcon_core.package_identification:_identify(.) by extension 'ignore_ament_install'
[1.886s] Level 1:colcon.colcon_core.package_identification:_identify(.) by extensions ['colcon_pkg']
[1.886s] Level 1:colcon.colcon_core.package_identification:_identify(.) by extension 'colcon_pkg'
[1.886s] Level 1:colcon.colcon_core.package_identification:_identify(.) by extensions ['colcon_meta']
[1.886s] Level 1:colcon.colcon_core.package_identification:_identify(.) by extension 'colcon_meta'
[1.886s] Level 1:colcon.colcon_core.package_identification:_identify(.) by extensions ['ros']
[1.886s] Level 1:colcon.colcon_core.package_identification:_identify(.) by extension 'ros'
[1.897s] Level 1:colcon.colcon_core.package_identification:_identify(.) by extensions ['cmake', 'python']
[1.897s] Level 1:colcon.colcon_core.package_identification:_identify(.) by extension 'cmake'
[1.897s] Level 1:colcon.colcon_core.package_identification:_identify(.) by extension 'python'
[1.897s] Level 1:colcon.colcon_core.package_identification:_identify(.) by extensions ['python_setup_py']
[1.897s] Level 1:colcon.colcon_core.package_identification:_identify(.) by extension 'python_setup_py'
[1.897s] Level 1:colcon.colcon_core.package_identification:_identify(build) by extensions ['ignore', 'ignore_ament_install']
[1.897s] Level 1:colcon.colcon_core.package_identification:_identify(build) by extension 'ignore'
[1.897s] Level 1:colcon.colcon_core.package_identification:_identify(build) ignored
[1.897s] Level 1:colcon.colcon_core.package_identification:_identify(install) by extensions ['ignore', 'ignore_ament_install']
[1.897s] Level 1:colcon.colcon_core.package_identification:_identify(install) by extension 'ignore'
[1.897s] Level 1:colcon.colcon_core.package_identification:_identify(install) ignored
[1.897s] Level 1:colcon.colcon_core.package_identification:_identify(log) by extensions ['ignore', 'ignore_ament_install']
[1.897s] Level 1:colcon.colcon_core.package_identification:_identify(log) by extension 'ignore'
[1.897s] Level 1:colcon.colcon_core.package_identification:_identify(log) ignored
[1.897s] Level 1:colcon.colcon_core.package_identification:_identify(src) by extensions ['ignore', 'ignore_ament_install']
[1.897s] Level 1:colcon.colcon_core.package_identification:_identify(src) by extension 'ignore'
[1.897s] Level 1:colcon.colcon_core.package_identification:_identify(src) by extension 'ignore_ament_install'
[1.897s] Level 1:colcon.colcon_core.package_identification:_identify(src) by extensions ['colcon_pkg']
[1.897s] Level 1:colcon.colcon_core.package_identification:_identify(src) by extension 'colcon_pkg'
[1.897s] Level 1:colcon.colcon_core.package_identification:_identify(src) by extensions ['colcon_meta']
[1.898s] Level 1:colcon.colcon_core.package_identification:_identify(src) by extension 'colcon_meta'
[1.898s] Level 1:colcon.colcon_core.package_identification:_identify(src) by extensions ['ros']
[1.898s] Level 1:colcon.colcon_core.package_identification:_identify(src) by extension 'ros'
[1.898s] Level 1:colcon.colcon_core.package_identification:_identify(src) by extensions ['cmake', 'python']
[1.898s] Level 1:colcon.colcon_core.package_identification:_identify(src) by extension 'cmake'
[1.898s] Level 1:colcon.colcon_core.package_identification:_identify(src) by extension 'python'
[1.898s] Level 1:colcon.colcon_core.package_identification:_identify(src) by extensions ['python_setup_py']
[1.898s] Level 1:colcon.colcon_core.package_identification:_identify(src) by extension 'python_setup_py'
[1.898s] Level 1:colcon.colcon_core.package_identification:_identify(src/my_first_node) by extensions ['ignore', 'ignore_ament_install']
[1.898s] Level 1:colcon.colcon_core.package_identification:_identify(src/my_first_node) by extension 'ignore'
[1.899s] Level 1:colcon.colcon_core.package_identification:_identify(src/my_first_node) by extension 'ignore_ament_install'
[1.899s] Level 1:colcon.colcon_core.package_identification:_identify(src/my_first_node) by extensions ['colcon_pkg']
[1.899s] Level 1:colcon.colcon_core.package_identification:_identify(src/my_first_node) by extension 'colcon_pkg'
[1.899s] Level 1:colcon.colcon_core.package_identification:_identify(src/my_first_node) by extensions ['colcon_meta']
[1.899s] Level 1:colcon.colcon_core.package_identification:_identify(src/my_first_node) by extension 'colcon_meta'
[1.899s] Level 1:colcon.colcon_core.package_identification:_identify(src/my_first_node) by extensions ['ros']
[1.899s] Level 1:colcon.colcon_core.package_identification:_identify(src/my_first_node) by extension 'ros'
[1.901s] DEBUG:colcon.colcon_core.package_identification:Package 'src/my_first_node' with type 'ros.ament_python' and name 'my_first_node'
[1.901s] Level 1:colcon.colcon_core.package_identification:_identify(src/my_first_publisher) by extensions ['ignore', 'ignore_ament_install']
[1.901s] Level 1:colcon.colcon_core.package_identification:_identify(src/my_first_publisher) by extension 'ignore'
[1.901s] Level 1:colcon.colcon_core.package_identification:_identify(src/my_first_publisher) by extension 'ignore_ament_install'
[1.901s] Level 1:colcon.colcon_core.package_identification:_identify(src/my_first_publisher) by extensions ['colcon_pkg']
[1.901s] Level 1:colcon.colcon_core.package_identification:_identify(src/my_first_publisher) by extension 'colcon_pkg'
[1.901s] Level 1:colcon.colcon_core.package_identification:_identify(src/my_first_publisher) by extensions ['colcon_meta']
[1.901s] Level 1:colcon.colcon_core.package_identification:_identify(src/my_first_publisher) by extension 'colcon_meta'
[1.901s] Level 1:colcon.colcon_core.package_identification:_identify(src/my_first_publisher) by extensions ['ros']
[1.901s] Level 1:colcon.colcon_core.package_identification:_identify(src/my_first_publisher) by extension 'ros'
[1.902s] DEBUG:colcon.colcon_core.package_identification:Package 'src/my_first_publisher' with type 'ros.ament_python' and name 'my_first_publisher'
[1.902s] Level 1:colcon.colcon_core.package_identification:_identify(src/turtlebot3_simulations) by extensions ['ignore', 'ignore_ament_install']
[1.902s] Level 1:colcon.colcon_core.package_identification:_identify(src/turtlebot3_simulations) by extension 'ignore'
[1.902s] Level 1:colcon.colcon_core.package_identification:_identify(src/turtlebot3_simulations) by extension 'ignore_ament_install'
[1.902s] Level 1:colcon.colcon_core.package_identification:_identify(src/turtlebot3_simulations) by extensions ['colcon_pkg']
[1.902s] Level 1:colcon.colcon_core.package_identification:_identify(src/turtlebot3_simulations) by extension 'colcon_pkg'
[1.902s] Level 1:colcon.colcon_core.package_identification:_identify(src/turtlebot3_simulations) by extensions ['colcon_meta']
[1.902s] Level 1:colcon.colcon_core.package_identification:_identify(src/turtlebot3_simulations) by extension 'colcon_meta'
[1.902s] Level 1:colcon.colcon_core.package_identification:_identify(src/turtlebot3_simulations) by extensions ['ros']
[1.902s] Level 1:colcon.colcon_core.package_identification:_identify(src/turtlebot3_simulations) by extension 'ros'
[1.902s] Level 1:colcon.colcon_core.package_identification:_identify(src/turtlebot3_simulations) by extensions ['cmake', 'python']
[1.902s] Level 1:colcon.colcon_core.package_identification:_identify(src/turtlebot3_simulations) by extension 'cmake'
[1.903s] Level 1:colcon.colcon_core.package_identification:_identify(src/turtlebot3_simulations) by extension 'python'
[1.903s] Level 1:colcon.colcon_core.package_identification:_identify(src/turtlebot3_simulations) by extensions ['python_setup_py']
[1.903s] Level 1:colcon.colcon_core.package_identification:_identify(src/turtlebot3_simulations) by extension 'python_setup_py'
[1.903s] Level 1:colcon.colcon_core.package_identification:_identify(src/turtlebot3_simulations/turtlebot3_fake_node) by extensions ['ignore', 'ignore_ament_install']
[1.903s] Level 1:colcon.colcon_core.package_identification:_identify(src/turtlebot3_simulations/turtlebot3_fake_node) by extension 'ignore'
[1.903s] Level 1:colcon.colcon_core.package_identification:_identify(src/turtlebot3_simulations/turtlebot3_fake_node) by extension 'ignore_ament_install'
[1.903s] Level 1:colcon.colcon_core.package_identification:_identify(src/turtlebot3_simulations/turtlebot3_fake_node) by extensions ['colcon_pkg']
[1.903s] Level 1:colcon.colcon_core.package_identification:_identify(src/turtlebot3_simulations/turtlebot3_fake_node) by extension 'colcon_pkg'
[1.903s] Level 1:colcon.colcon_core.package_identification:_identify(src/turtlebot3_simulations/turtlebot3_fake_node) by extensions ['colcon_meta']
[1.903s] Level 1:colcon.colcon_core.package_identification:_identify(src/turtlebot3_simulations/turtlebot3_fake_node) by extension 'colcon_meta'
[1.903s] Level 1:colcon.colcon_core.package_identification:_identify(src/turtlebot3_simulations/turtlebot3_fake_node) by extensions ['ros']
[1.903s] Level 1:colcon.colcon_core.package_identification:_identify(src/turtlebot3_simulations/turtlebot3_fake_node) by extension 'ros'
[1.904s] DEBUG:colcon.colcon_core.package_identification:Package 'src/turtlebot3_simulations/turtlebot3_fake_node' with type 'ros.ament_cmake' and name 'turtlebot3_fake_node'
[1.904s] Level 1:colcon.colcon_core.package_identification:_identify(src/turtlebot3_simulations/turtlebot3_gazebo) by extensions ['ignore', 'ignore_ament_install']
[1.904s] Level 1:colcon.colcon_core.package_identification:_identify(src/turtlebot3_simulations/turtlebot3_gazebo) by extension 'ignore'
[1.904s] Level 1:colcon.colcon_core.package_identification:_identify(src/turtlebot3_simulations/turtlebot3_gazebo) by extension 'ignore_ament_install'
[1.904s] Level 1:colcon.colcon_core.package_identification:_identify(src/turtlebot3_simulations/turtlebot3_gazebo) by extensions ['colcon_pkg']
[1.904s] Level 1:colcon.colcon_core.package_identification:_identify(src/turtlebot3_simulations/turtlebot3_gazebo) by extension 'colcon_pkg'
[1.905s] Level 1:colcon.colcon_core.package_identification:_identify(src/turtlebot3_simulations/turtlebot3_gazebo) by extensions ['colcon_meta']
[1.905s] Level 1:colcon.colcon_core.package_identification:_identify(src/turtlebot3_simulations/turtlebot3_gazebo) by extension 'colcon_meta'
[1.905s] Level 1:colcon.colcon_core.package_identification:_identify(src/turtlebot3_simulations/turtlebot3_gazebo) by extensions ['ros']
[1.905s] Level 1:colcon.colcon_core.package_identification:_identify(src/turtlebot3_simulations/turtlebot3_gazebo) by extension 'ros'
[1.905s] DEBUG:colcon.colcon_core.package_identification:Package 'src/turtlebot3_simulations/turtlebot3_gazebo' with type 'ros.ament_cmake' and name 'turtlebot3_gazebo'
[1.905s] Level 1:colcon.colcon_core.package_identification:_identify(src/turtlebot3_simulations/turtlebot3_simulations) by extensions ['ignore', 'ignore_ament_install']
[1.905s] Level 1:colcon.colcon_core.package_identification:_identify(src/turtlebot3_simulations/turtlebot3_simulations) by extension 'ignore'
[1.906s] Level 1:colcon.colcon_core.package_identification:_identify(src/turtlebot3_simulations/turtlebot3_simulations) by extension 'ignore_ament_install'
[1.906s] Level 1:colcon.colcon_core.package_identification:_identify(src/turtlebot3_simulations/turtlebot3_simulations) by extensions ['colcon_pkg']
[1.906s] Level 1:colcon.colcon_core.package_identification:_identify(src/turtlebot3_simulations/turtlebot3_simulations) by extension 'colcon_pkg'
[1.906s] Level 1:colcon.colcon_core.package_identification:_identify(src/turtlebot3_simulations/turtlebot3_simulations) by extensions ['colcon_meta']
[1.906s] Level 1:colcon.colcon_core.package_identification:_identify(src/turtlebot3_simulations/turtlebot3_simulations) by extension 'colcon_meta'
[1.906s] Level 1:colcon.colcon_core.package_identification:_identify(src/turtlebot3_simulations/turtlebot3_simulations) by extensions ['ros']
[1.906s] Level 1:colcon.colcon_core.package_identification:_identify(src/turtlebot3_simulations/turtlebot3_simulations) by extension 'ros'
[1.907s] DEBUG:colcon.colcon_core.package_identification:Package 'src/turtlebot3_simulations/turtlebot3_simulations' with type 'ros.ament_cmake' and name 'turtlebot3_simulations'
[1.907s] Level 1:colcon.colcon_core.package_discovery:discover_packages(recursive) using defaults
[1.907s] Level 1:colcon.colcon_core.package_discovery:discover_packages(ignore) discover
[1.907s] Level 1:colcon.colcon_core.package_discovery:discover_packages(ignore) using defaults
[1.907s] Level 1:colcon.colcon_core.package_discovery:discover_packages(path) discover
[1.907s] Level 1:colcon.colcon_core.package_discovery:discover_packages(path) using defaults
[2.077s] Level 1:colcon.colcon_core.package_discovery:discover_packages(prefix_path) check parameters
[2.077s] Level 1:colcon.colcon_core.package_discovery:discover_packages(prefix_path) discover
[2.137s] DEBUG:colcon.colcon_installed_package_information.package_discovery:Found 4 installed packages in /home/vboxuser/turtlebot3_ws/install
[2.167s] DEBUG:colcon.colcon_installed_package_information.package_discovery:Found 336 installed packages in /opt/ros/galactic
[2.169s] Level 1:colcon.colcon_core.package_discovery:discover_packages(prefix_path) using defaults
[2.322s] Level 5:colcon.colcon_core.verb:set package 'my_first_node' build argument 'cmake_args' from command line to 'None'
[2.323s] Level 5:colcon.colcon_core.verb:set package 'my_first_node' build argument 'cmake_target' from command line to 'None'
[2.323s] Level 5:colcon.colcon_core.verb:set package 'my_first_node' build argument 'cmake_target_skip_unavailable' from command line to 'False'
[2.323s] Level 5:colcon.colcon_core.verb:set package 'my_first_node' build argument 'cmake_clean_cache' from command line to 'False'
[2.323s] Level 5:colcon.colcon_core.verb:set package 'my_first_node' build argument 'cmake_clean_first' from command line to 'False'
[2.323s] Level 5:colcon.colcon_core.verb:set package 'my_first_node' build argument 'cmake_force_configure' from command line to 'False'
[2.323s] Level 5:colcon.colcon_core.verb:set package 'my_first_node' build argument 'ament_cmake_args' from command line to 'None'
[2.323s] Level 5:colcon.colcon_core.verb:set package 'my_first_node' build argument 'catkin_cmake_args' from command line to 'None'
[2.323s] Level 5:colcon.colcon_core.verb:set package 'my_first_node' build argument 'catkin_skip_building_tests' from command line to 'False'
[2.323s] DEBUG:colcon.colcon_core.verb:Building package 'my_first_node' with the following arguments: {'ament_cmake_args': None, 'build_base': '/home/vboxuser/turtlebot3_ws/build/my_first_node', 'catkin_cmake_args': None, 'catkin_skip_building_tests': False, 'cmake_args': None, 'cmake_clean_cache': False, 'cmake_clean_first': False, 'cmake_force_configure': False, 'cmake_target': None, 'cmake_target_skip_unavailable': False, 'install_base': '/home/vboxuser/turtlebot3_ws/install/my_first_node', 'merge_install': False, 'path': '/home/vboxuser/turtlebot3_ws/src/my_first_node', 'symlink_install': False, 'test_result_base': None}
[2.354s] Level 5:colcon.colcon_core.verb:set package 'my_first_publisher' build argument 'cmake_args' from command line to 'None'
[2.354s] Level 5:colcon.colcon_core.verb:set package 'my_first_publisher' build argument 'cmake_target' from command line to 'None'
[2.354s] Level 5:colcon.colcon_core.verb:set package 'my_first_publisher' build argument 'cmake_target_skip_unavailable' from command line to 'False'
[2.354s] Level 5:colcon.colcon_core.verb:set package 'my_first_publisher' build argument 'cmake_clean_cache' from command line to 'False'
[2.354s] Level 5:colcon.colcon_core.verb:set package 'my_first_publisher' build argument 'cmake_clean_first' from command line to 'False'
[2.354s] Level 5:colcon.colcon_core.verb:set package 'my_first_publisher' build argument 'cmake_force_configure' from command line to 'False'
[2.354s] Level 5:colcon.colcon_core.verb:set package 'my_first_publisher' build argument 'ament_cmake_args' from command line to 'None'
[2.354s] Level 5:colcon.colcon_core.verb:set package 'my_first_publisher' build argument 'catkin_cmake_args' from command line to 'None'
[2.354s] Level 5:colcon.colcon_core.verb:set package 'my_first_publisher' build argument 'catkin_skip_building_tests' from command line to 'False'
[2.354s] DEBUG:colcon.colcon_core.verb:Building package 'my_first_publisher' with the following arguments: {'ament_cmake_args': None, 'build_base': '/home/vboxuser/turtlebot3_ws/build/my_first_publisher', 'catkin_cmake_args': None, 'catkin_skip_building_tests': False, 'cmake_args': None, 'cmake_clean_cache': False, 'cmake_clean_first': False, 'cmake_force_configure': False, 'cmake_target': None, 'cmake_target_skip_unavailable': False, 'install_base': '/home/vboxuser/turtlebot3_ws/install/my_first_publisher', 'merge_install': False, 'path': '/home/vboxuser/turtlebot3_ws/src/my_first_publisher', 'symlink_install': False, 'test_result_base': None}
[2.386s] Level 5:colcon.colcon_core.verb:set package 'turtlebot3_fake_node' build argument 'cmake_args' from command line to 'None'
[2.386s] Level 5:colcon.colcon_core.verb:set package 'turtlebot3_fake_node' build argument 'cmake_target' from command line to 'None'
[2.386s] Level 5:colcon.colcon_core.verb:set package 'turtlebot3_fake_node' build argument 'cmake_target_skip_unavailable' from command line to 'False'
[2.386s] Level 5:colcon.colcon_core.verb:set package 'turtlebot3_fake_node' build argument 'cmake_clean_cache' from command line to 'False'
[2.386s] Level 5:colcon.colcon_core.verb:set package 'turtlebot3_fake_node' build argument 'cmake_clean_first' from command line to 'False'
[2.386s] Level 5:colcon.colcon_core.verb:set package 'turtlebot3_fake_node' build argument 'cmake_force_configure' from command line to 'False'
[2.386s] Level 5:colcon.colcon_core.verb:set package 'turtlebot3_fake_node' build argument 'ament_cmake_args' from command line to 'None'
[2.386s] Level 5:colcon.colcon_core.verb:set package 'turtlebot3_fake_node' build argument 'catkin_cmake_args' from command line to 'None'
[2.386s] Level 5:colcon.colcon_core.verb:set package 'turtlebot3_fake_node' build argument 'catkin_skip_building_tests' from command line to 'False'
[2.386s] DEBUG:colcon.colcon_core.verb:Building package 'turtlebot3_fake_node' with the following arguments: {'ament_cmake_args': None, 'build_base': '/home/vboxuser/turtlebot3_ws/build/turtlebot3_fake_node', 'catkin_cmake_args': None, 'catkin_skip_building_tests': False, 'cmake_args': None, 'cmake_clean_cache': False, 'cmake_clean_first': False, 'cmake_force_configure': False, 'cmake_target': None, 'cmake_target_skip_unavailable': False, 'install_base': '/home/vboxuser/turtlebot3_ws/install/turtlebot3_fake_node', 'merge_install': False, 'path': '/home/vboxuser/turtlebot3_ws/src/turtlebot3_simulations/turtlebot3_fake_node', 'symlink_install': False, 'test_result_base': None}
[2.416s] Level 5:colcon.colcon_core.verb:set package 'turtlebot3_gazebo' build argument 'cmake_args' from command line to 'None'
[2.416s] Level 5:colcon.colcon_core.verb:set package 'turtlebot3_gazebo' build argument 'cmake_target' from command line to 'None'
[2.416s] Level 5:colcon.colcon_core.verb:set package 'turtlebot3_gazebo' build argument 'cmake_target_skip_unavailable' from command line to 'False'
[2.416s] Level 5:colcon.colcon_core.verb:set package 'turtlebot3_gazebo' build argument 'cmake_clean_cache' from command line to 'False'
[2.416s] Level 5:colcon.colcon_core.verb:set package 'turtlebot3_gazebo' build argument 'cmake_clean_first' from command line to 'False'
[2.416s] Level 5:colcon.colcon_core.verb:set package 'turtlebot3_gazebo' build argument 'cmake_force_configure' from command line to 'False'
[2.416s] Level 5:colcon.colcon_core.verb:set package 'turtlebot3_gazebo' build argument 'ament_cmake_args' from command line to 'None'
[2.416s] Level 5:colcon.colcon_core.verb:set package 'turtlebot3_gazebo' build argument 'catkin_cmake_args' from command line to 'None'
[2.416s] Level 5:colcon.colcon_core.verb:set package 'turtlebot3_gazebo' build argument 'catkin_skip_building_tests' from command line to 'False'
[2.416s] DEBUG:colcon.colcon_core.verb:Building package 'turtlebot3_gazebo' with the following arguments: {'ament_cmake_args': None, 'build_base': '/home/vboxuser/turtlebot3_ws/build/turtlebot3_gazebo', 'catkin_cmake_args': None, 'catkin_skip_building_tests': False, 'cmake_args': None, 'cmake_clean_cache': False, 'cmake_clean_first': False, 'cmake_force_configure': False, 'cmake_target': None, 'cmake_target_skip_unavailable': False, 'install_base': '/home/vboxuser/turtlebot3_ws/install/turtlebot3_gazebo', 'merge_install': False, 'path': '/home/vboxuser/turtlebot3_ws/src/turtlebot3_simulations/turtlebot3_gazebo', 'symlink_install': False, 'test_result_base': None}
[2.446s] Level 5:colcon.colcon_core.verb:set package 'turtlebot3_simulations' build argument 'cmake_args' from command line to 'None'
[2.446s] Level 5:colcon.colcon_core.verb:set package 'turtlebot3_simulations' build argument 'cmake_target' from command line to 'None'
[2.446s] Level 5:colcon.colcon_core.verb:set package 'turtlebot3_simulations' build argument 'cmake_target_skip_unavailable' from command line to 'False'
[2.446s] Level 5:colcon.colcon_core.verb:set package 'turtlebot3_simulations' build argument 'cmake_clean_cache' from command line to 'False'
[2.446s] Level 5:colcon.colcon_core.verb:set package 'turtlebot3_simulations' build argument 'cmake_clean_first' from command line to 'False'
[2.446s] Level 5:colcon.colcon_core.verb:set package 'turtlebot3_simulations' build argument 'cmake_force_configure' from command line to 'False'
[2.446s] Level 5:colcon.colcon_core.verb:set package 'turtlebot3_simulations' build argument 'ament_cmake_args' from command line to 'None'
[2.446s] Level 5:colcon.colcon_core.verb:set package 'turtlebot3_simulations' build argument 'catkin_cmake_args' from command line to 'None'
[2.446s] Level 5:colcon.colcon_core.verb:set package 'turtlebot3_simulations' build argument 'catkin_skip_building_tests' from command line to 'False'
[2.446s] DEBUG:colcon.colcon_core.verb:Building package 'turtlebot3_simulations' with the following arguments: {'ament_cmake_args': None, 'build_base': '/home/vboxuser/turtlebot3_ws/build/turtlebot3_simulations', 'catkin_cmake_args': None, 'catkin_skip_building_tests': False, 'cmake_args': None, 'cmake_clean_cache': False, 'cmake_clean_first': False, 'cmake_force_configure': False, 'cmake_target': None, 'cmake_target_skip_unavailable': False, 'install_base': '/home/vboxuser/turtlebot3_ws/install/turtlebot3_simulations', 'merge_install': False, 'path': '/home/vboxuser/turtlebot3_ws/src/turtlebot3_simulations/turtlebot3_simulations', 'symlink_install': False, 'test_result_base': None}
[2.476s] INFO:colcon.colcon_core.executor:Executing jobs using 'parallel' executor
[2.506s] DEBUG:colcon.colcon_parallel_executor.executor.parallel:run_until_complete
[2.507s] INFO:colcon.colcon_ros.task.ament_cmake.build:Building ROS package in '/home/vboxuser/turtlebot3_ws/src/turtlebot3_simulations/turtlebot3_fake_node' with build type 'ament_cmake'
[2.507s] INFO:colcon.colcon_cmake.task.cmake.build:Building CMake package in '/home/vboxuser/turtlebot3_ws/src/turtlebot3_simulations/turtlebot3_fake_node'
[2.554s] INFO:colcon.colcon_core.plugin_system:Skipping extension 'colcon_core.shell.bat': Not used on non-Windows systems
[2.554s] INFO:colcon.colcon_core.shell:Skip shell extension 'powershell' for command environment: Not usable outside of PowerShell
[2.554s] DEBUG:colcon.colcon_core.shell:Skip shell extension 'dsv' for command environment
[2.661s] INFO:colcon.colcon_ros.task.ament_cmake.build:Building ROS package in '/home/vboxuser/turtlebot3_ws/src/turtlebot3_simulations/turtlebot3_gazebo' with build type 'ament_cmake'
[2.662s] INFO:colcon.colcon_cmake.task.cmake.build:Building CMake package in '/home/vboxuser/turtlebot3_ws/src/turtlebot3_simulations/turtlebot3_gazebo'
[2.697s] INFO:colcon.colcon_core.shell:Skip shell extension 'powershell' for command environment: Not usable outside of PowerShell
[2.697s] DEBUG:colcon.colcon_core.shell:Skip shell extension 'dsv' for command environment
[2.804s] INFO:colcon.colcon_ros.task.ament_python.build:Building ROS package in '/home/vboxuser/turtlebot3_ws/src/my_first_node' with build type 'ament_python'
[2.804s] Level 1:colcon.colcon_core.shell:create_environment_hook('my_first_node', 'ament_prefix_path')
[2.839s] INFO:colcon.colcon_core.shell:Creating environment hook '/home/vboxuser/turtlebot3_ws/install/my_first_node/share/my_first_node/hook/ament_prefix_path.ps1'
[2.840s] INFO:colcon.colcon_core.shell:Creating environment descriptor '/home/vboxuser/turtlebot3_ws/install/my_first_node/share/my_first_node/hook/ament_prefix_path.dsv'
[2.840s] INFO:colcon.colcon_core.shell:Creating environment hook '/home/vboxuser/turtlebot3_ws/install/my_first_node/share/my_first_node/hook/ament_prefix_path.sh'
[2.871s] INFO:colcon.colcon_core.shell:Skip shell extension 'powershell' for command environment: Not usable outside of PowerShell
[2.871s] DEBUG:colcon.colcon_core.shell:Skip shell extension 'dsv' for command environment
[2.969s] INFO:colcon.colcon_ros.task.ament_python.build:Building ROS package in '/home/vboxuser/turtlebot3_ws/src/my_first_publisher' with build type 'ament_python'
[2.969s] Level 1:colcon.colcon_core.shell:create_environment_hook('my_first_publisher', 'ament_prefix_path')
[3.003s] INFO:colcon.colcon_core.shell:Creating environment hook '/home/vboxuser/turtlebot3_ws/install/my_first_publisher/share/my_first_publisher/hook/ament_prefix_path.ps1'
[3.004s] INFO:colcon.colcon_core.shell:Creating environment descriptor '/home/vboxuser/turtlebot3_ws/install/my_first_publisher/share/my_first_publisher/hook/ament_prefix_path.dsv'
[3.004s] INFO:colcon.colcon_core.shell:Creating environment hook '/home/vboxuser/turtlebot3_ws/install/my_first_publisher/share/my_first_publisher/hook/ament_prefix_path.sh'
[3.038s] INFO:colcon.colcon_core.shell:Skip shell extension 'powershell' for command environment: Not usable outside of PowerShell
[3.039s] DEBUG:colcon.colcon_core.shell:Skip shell extension 'dsv' for command environment
[3.155s] DEBUG:colcon.colcon_core.event_handler.log_command:Invoking command in '/home/vboxuser/turtlebot3_ws/build/turtlebot3_fake_node': CMAKE_PREFIX_PATH=${CMAKE_PREFIX_PATH}:/home/vboxuser/turtlebot3_ws/install/my_first_node:/opt/ros/galactic /usr/bin/cmake --build /home/vboxuser/turtlebot3_ws/build/turtlebot3_fake_node -- -j4 -l4
[3.160s] DEBUG:colcon.colcon_core.event_handler.log_command:Invoking command in '/home/vboxuser/turtlebot3_ws/build/turtlebot3_gazebo': CMAKE_PREFIX_PATH=${CMAKE_PREFIX_PATH}:/home/vboxuser/turtlebot3_ws/install/my_first_node:/opt/ros/galactic /usr/bin/cmake --build /home/vboxuser/turtlebot3_ws/build/turtlebot3_gazebo -- -j4 -l4
[3.353s] INFO:colcon.colcon_core.task.python.build:Building Python package in '/home/vboxuser/turtlebot3_ws/src/my_first_node'
[3.392s] INFO:colcon.colcon_core.shell:Skip shell extension 'powershell' for command environment: Not usable outside of PowerShell
[3.392s] DEBUG:colcon.colcon_core.shell:Skip shell extension 'dsv' for command environment
[3.715s] INFO:colcon.colcon_core.task.python.build:Building Python package in '/home/vboxuser/turtlebot3_ws/src/my_first_publisher'
[3.755s] INFO:colcon.colcon_core.shell:Skip shell extension 'powershell' for command environment: Not usable outside of PowerShell
[3.756s] DEBUG:colcon.colcon_core.shell:Skip shell extension 'dsv' for command environment
[3.853s] DEBUG:colcon.colcon_core.event_handler.log_command:Invoked command in '/home/vboxuser/turtlebot3_ws/build/turtlebot3_gazebo' returned '0': CMAKE_PREFIX_PATH=${CMAKE_PREFIX_PATH}:/home/vboxuser/turtlebot3_ws/install/my_first_node:/opt/ros/galactic /usr/bin/cmake --build /home/vboxuser/turtlebot3_ws/build/turtlebot3_gazebo -- -j4 -l4
[3.859s] DEBUG:colcon.colcon_core.event_handler.log_command:Invoked command in '/home/vboxuser/turtlebot3_ws/build/turtlebot3_fake_node' returned '0': CMAKE_PREFIX_PATH=${CMAKE_PREFIX_PATH}:/home/vboxuser/turtlebot3_ws/install/my_first_node:/opt/ros/galactic /usr/bin/cmake --build /home/vboxuser/turtlebot3_ws/build/turtlebot3_fake_node -- -j4 -l4
[3.906s] DEBUG:colcon.colcon_core.event_handler.log_command:Invoking command in '/home/vboxuser/turtlebot3_ws/build/turtlebot3_fake_node': CMAKE_PREFIX_PATH=${CMAKE_PREFIX_PATH}:/home/vboxuser/turtlebot3_ws/install/my_first_node:/opt/ros/galactic /usr/bin/cmake --install /home/vboxuser/turtlebot3_ws/build/turtlebot3_fake_node
[3.910s] DEBUG:colcon.colcon_core.event_handler.log_command:Invoking command in '/home/vboxuser/turtlebot3_ws/build/turtlebot3_gazebo': CMAKE_PREFIX_PATH=${CMAKE_PREFIX_PATH}:/home/vboxuser/turtlebot3_ws/install/my_first_node:/opt/ros/galactic /usr/bin/cmake --install /home/vboxuser/turtlebot3_ws/build/turtlebot3_gazebo
[3.949s] Level 1:colcon.colcon_core.environment:create_environment_scripts_only(turtlebot3_fake_node)
[3.949s] DEBUG:colcon.colcon_core.event_handler.log_command:Invoked command in '/home/vboxuser/turtlebot3_ws/build/turtlebot3_fake_node' returned '0': CMAKE_PREFIX_PATH=${CMAKE_PREFIX_PATH}:/home/vboxuser/turtlebot3_ws/install/my_first_node:/opt/ros/galactic /usr/bin/cmake --install /home/vboxuser/turtlebot3_ws/build/turtlebot3_fake_node
[3.994s] Level 1:colcon.colcon_core.environment:checking '/home/vboxuser/turtlebot3_ws/install/turtlebot3_fake_node' for CMake module files
[3.994s] Level 1:colcon.colcon_core.environment:checking '/home/vboxuser/turtlebot3_ws/install/turtlebot3_fake_node' for CMake config files
[3.994s] Level 1:colcon.colcon_core.shell:create_environment_hook('turtlebot3_fake_node', 'cmake_prefix_path')
[4.028s] INFO:colcon.colcon_core.shell:Creating environment hook '/home/vboxuser/turtlebot3_ws/install/turtlebot3_fake_node/share/turtlebot3_fake_node/hook/cmake_prefix_path.ps1'
[4.029s] INFO:colcon.colcon_core.shell:Creating environment descriptor '/home/vboxuser/turtlebot3_ws/install/turtlebot3_fake_node/share/turtlebot3_fake_node/hook/cmake_prefix_path.dsv'
[4.030s] INFO:colcon.colcon_core.shell:Creating environment hook '/home/vboxuser/turtlebot3_ws/install/turtlebot3_fake_node/share/turtlebot3_fake_node/hook/cmake_prefix_path.sh'
[4.032s] Level 1:colcon.colcon_core.environment:checking '/home/vboxuser/turtlebot3_ws/install/turtlebot3_fake_node/lib'
[4.032s] Level 1:colcon.colcon_core.environment:checking '/home/vboxuser/turtlebot3_ws/install/turtlebot3_fake_node/bin'
[4.032s] Level 1:colcon.colcon_core.environment:checking '/home/vboxuser/turtlebot3_ws/install/turtlebot3_fake_node/lib/pkgconfig/turtlebot3_fake_node.pc'
[4.032s] Level 1:colcon.colcon_core.environment:checking '/home/vboxuser/turtlebot3_ws/install/turtlebot3_fake_node/lib/python3.8/site-packages'
[4.032s] Level 1:colcon.colcon_core.environment:checking '/home/vboxuser/turtlebot3_ws/install/turtlebot3_fake_node/bin'
[4.075s] INFO:colcon.colcon_core.shell:Creating package script '/home/vboxuser/turtlebot3_ws/install/turtlebot3_fake_node/share/turtlebot3_fake_node/package.ps1'
[4.076s] INFO:colcon.colcon_core.shell:Creating package descriptor '/home/vboxuser/turtlebot3_ws/install/turtlebot3_fake_node/share/turtlebot3_fake_node/package.dsv'
[4.077s] INFO:colcon.colcon_core.shell:Creating package script '/home/vboxuser/turtlebot3_ws/install/turtlebot3_fake_node/share/turtlebot3_fake_node/package.sh'
[4.077s] INFO:colcon.colcon_core.shell:Creating package script '/home/vboxuser/turtlebot3_ws/install/turtlebot3_fake_node/share/turtlebot3_fake_node/package.bash'
[4.078s] INFO:colcon.colcon_core.shell:Creating package script '/home/vboxuser/turtlebot3_ws/install/turtlebot3_fake_node/share/turtlebot3_fake_node/package.zsh'
[4.078s] Level 1:colcon.colcon_core.environment:create_file_with_runtime_dependencies(/home/vboxuser/turtlebot3_ws/install/turtlebot3_fake_node/share/colcon-core/packages/turtlebot3_fake_node)
[4.091s] Level 1:colcon.colcon_core.environment:create_environment_scripts_only(turtlebot3_gazebo)
[4.092s] DEBUG:colcon.colcon_core.event_handler.log_command:Invoked command in '/home/vboxuser/turtlebot3_ws/build/turtlebot3_gazebo' returned '0': CMAKE_PREFIX_PATH=${CMAKE_PREFIX_PATH}:/home/vboxuser/turtlebot3_ws/install/my_first_node:/opt/ros/galactic /usr/bin/cmake --install /home/vboxuser/turtlebot3_ws/build/turtlebot3_gazebo
[4.131s] Level 1:colcon.colcon_core.environment:checking '/home/vboxuser/turtlebot3_ws/install/turtlebot3_gazebo' for CMake module files
[4.131s] Level 1:colcon.colcon_core.environment:checking '/home/vboxuser/turtlebot3_ws/install/turtlebot3_gazebo' for CMake config files
[4.131s] Level 1:colcon.colcon_core.shell:create_environment_hook('turtlebot3_gazebo', 'cmake_prefix_path')
[4.166s] INFO:colcon.colcon_core.shell:Creating environment hook '/home/vboxuser/turtlebot3_ws/install/turtlebot3_gazebo/share/turtlebot3_gazebo/hook/cmake_prefix_path.ps1'
[4.167s] INFO:colcon.colcon_core.shell:Creating environment descriptor '/home/vboxuser/turtlebot3_ws/install/turtlebot3_gazebo/share/turtlebot3_gazebo/hook/cmake_prefix_path.dsv'
[4.167s] INFO:colcon.colcon_core.shell:Creating environment hook '/home/vboxuser/turtlebot3_ws/install/turtlebot3_gazebo/share/turtlebot3_gazebo/hook/cmake_prefix_path.sh'
[4.168s] Level 1:colcon.colcon_core.environment:checking '/home/vboxuser/turtlebot3_ws/install/turtlebot3_gazebo/lib'
[4.168s] Level 1:colcon.colcon_core.environment:checking '/home/vboxuser/turtlebot3_ws/install/turtlebot3_gazebo/bin'
[4.168s] Level 1:colcon.colcon_core.environment:checking '/home/vboxuser/turtlebot3_ws/install/turtlebot3_gazebo/lib/pkgconfig/turtlebot3_gazebo.pc'
[4.168s] Level 1:colcon.colcon_core.environment:checking '/home/vboxuser/turtlebot3_ws/install/turtlebot3_gazebo/lib/python3.8/site-packages'
[4.169s] Level 1:colcon.colcon_core.environment:checking '/home/vboxuser/turtlebot3_ws/install/turtlebot3_gazebo/bin'
[4.201s] INFO:colcon.colcon_core.shell:Creating package script '/home/vboxuser/turtlebot3_ws/install/turtlebot3_gazebo/share/turtlebot3_gazebo/package.ps1'
[4.202s] INFO:colcon.colcon_core.shell:Creating package descriptor '/home/vboxuser/turtlebot3_ws/install/turtlebot3_gazebo/share/turtlebot3_gazebo/package.dsv'
[4.202s] INFO:colcon.colcon_core.shell:Creating package script '/home/vboxuser/turtlebot3_ws/install/turtlebot3_gazebo/share/turtlebot3_gazebo/package.sh'
[4.202s] INFO:colcon.colcon_core.shell:Creating package script '/home/vboxuser/turtlebot3_ws/install/turtlebot3_gazebo/share/turtlebot3_gazebo/package.bash'
[4.203s] INFO:colcon.colcon_core.shell:Creating package script '/home/vboxuser/turtlebot3_ws/install/turtlebot3_gazebo/share/turtlebot3_gazebo/package.zsh'
[4.203s] Level 1:colcon.colcon_core.environment:create_file_with_runtime_dependencies(/home/vboxuser/turtlebot3_ws/install/turtlebot3_gazebo/share/colcon-core/packages/turtlebot3_gazebo)
[4.248s] Level 1:colcon.colcon_core.environment:create_environment_scripts_only(turtlebot3_fake_node)
[4.278s] Level 1:colcon.colcon_core.environment:checking '/home/vboxuser/turtlebot3_ws/install/turtlebot3_fake_node' for CMake module files
[4.279s] Level 1:colcon.colcon_core.environment:checking '/home/vboxuser/turtlebot3_ws/install/turtlebot3_fake_node' for CMake config files
[4.279s] Level 1:colcon.colcon_core.shell:create_environment_hook('turtlebot3_fake_node', 'cmake_prefix_path')
[4.308s] INFO:colcon.colcon_core.shell:Creating environment hook '/home/vboxuser/turtlebot3_ws/install/turtlebot3_fake_node/share/turtlebot3_fake_node/hook/cmake_prefix_path.ps1'
[4.308s] INFO:colcon.colcon_core.shell:Creating environment descriptor '/home/vboxuser/turtlebot3_ws/install/turtlebot3_fake_node/share/turtlebot3_fake_node/hook/cmake_prefix_path.dsv'
[4.309s] INFO:colcon.colcon_core.shell:Creating environment hook '/home/vboxuser/turtlebot3_ws/install/turtlebot3_fake_node/share/turtlebot3_fake_node/hook/cmake_prefix_path.sh'
[4.309s] Level 1:colcon.colcon_core.environment:checking '/home/vboxuser/turtlebot3_ws/install/turtlebot3_fake_node/lib'
[4.309s] Level 1:colcon.colcon_core.environment:checking '/home/vboxuser/turtlebot3_ws/install/turtlebot3_fake_node/bin'
[4.309s] Level 1:colcon.colcon_core.environment:checking '/home/vboxuser/turtlebot3_ws/install/turtlebot3_fake_node/lib/pkgconfig/turtlebot3_fake_node.pc'
[4.310s] Level 1:colcon.colcon_core.environment:checking '/home/vboxuser/turtlebot3_ws/install/turtlebot3_fake_node/lib/python3.8/site-packages'
[4.310s] Level 1:colcon.colcon_core.environment:checking '/home/vboxuser/turtlebot3_ws/install/turtlebot3_fake_node/bin'
[4.341s] INFO:colcon.colcon_core.shell:Creating package script '/home/vboxuser/turtlebot3_ws/install/turtlebot3_fake_node/share/turtlebot3_fake_node/package.ps1'
[4.342s] INFO:colcon.colcon_core.shell:Creating package descriptor '/home/vboxuser/turtlebot3_ws/install/turtlebot3_fake_node/share/turtlebot3_fake_node/package.dsv'
[4.342s] INFO:colcon.colcon_core.shell:Creating package script '/home/vboxuser/turtlebot3_ws/install/turtlebot3_fake_node/share/turtlebot3_fake_node/package.sh'
[4.343s] INFO:colcon.colcon_core.shell:Creating package script '/home/vboxuser/turtlebot3_ws/install/turtlebot3_fake_node/share/turtlebot3_fake_node/package.bash'
[4.345s] INFO:colcon.colcon_core.shell:Creating package script '/home/vboxuser/turtlebot3_ws/install/turtlebot3_fake_node/share/turtlebot3_fake_node/package.zsh'
[4.345s] Level 1:colcon.colcon_core.environment:create_file_with_runtime_dependencies(/home/vboxuser/turtlebot3_ws/install/turtlebot3_fake_node/share/colcon-core/packages/turtlebot3_fake_node)
[4.350s] DEBUG:colcon.colcon_core.event_handler.log_command:Invoking command in '/home/vboxuser/turtlebot3_ws/src/my_first_publisher': PYTHONPATH=/home/vboxuser/turtlebot3_ws/build/my_first_publisher/prefix_override:/home/vboxuser/turtlebot3_ws/install/my_first_publisher/lib/python3.8/site-packages:${PYTHONPATH} /usr/bin/python3 setup.py egg_info --egg-base ../../build/my_first_publisher build --build-base /home/vboxuser/turtlebot3_ws/build/my_first_publisher/build install --record /home/vboxuser/turtlebot3_ws/build/my_first_publisher/install.log --single-version-externally-managed
[4.355s] DEBUG:colcon.colcon_core.event_handler.log_command:Invoking command in '/home/vboxuser/turtlebot3_ws/src/my_first_node': PYTHONPATH=/home/vboxuser/turtlebot3_ws/build/my_first_node/prefix_override:/home/vboxuser/turtlebot3_ws/install/my_first_node/lib/python3.8/site-packages:${PYTHONPATH} /usr/bin/python3 setup.py egg_info --egg-base ../../build/my_first_node build --build-base /home/vboxuser/turtlebot3_ws/build/my_first_node/build install --record /home/vboxuser/turtlebot3_ws/build/my_first_node/install.log --single-version-externally-managed
[4.401s] Level 1:colcon.colcon_core.environment:create_environment_scripts_only(turtlebot3_gazebo)
[4.437s] Level 1:colcon.colcon_core.environment:checking '/home/vboxuser/turtlebot3_ws/install/turtlebot3_gazebo' for CMake module files
[4.437s] Level 1:colcon.colcon_core.environment:checking '/home/vboxuser/turtlebot3_ws/install/turtlebot3_gazebo' for CMake config files
[4.438s] Level 1:colcon.colcon_core.shell:create_environment_hook('turtlebot3_gazebo', 'cmake_prefix_path')
[4.478s] INFO:colcon.colcon_core.shell:Creating environment hook '/home/vboxuser/turtlebot3_ws/install/turtlebot3_gazebo/share/turtlebot3_gazebo/hook/cmake_prefix_path.ps1'
[4.479s] INFO:colcon.colcon_core.shell:Creating environment descriptor '/home/vboxuser/turtlebot3_ws/install/turtlebot3_gazebo/share/turtlebot3_gazebo/hook/cmake_prefix_path.dsv'
[4.480s] INFO:colcon.colcon_core.shell:Creating environment hook '/home/vboxuser/turtlebot3_ws/install/turtlebot3_gazebo/share/turtlebot3_gazebo/hook/cmake_prefix_path.sh'
[4.480s] Level 1:colcon.colcon_core.environment:checking '/home/vboxuser/turtlebot3_ws/install/turtlebot3_gazebo/lib'
[4.480s] Level 1:colcon.colcon_core.environment:checking '/home/vboxuser/turtlebot3_ws/install/turtlebot3_gazebo/bin'
[4.480s] Level 1:colcon.colcon_core.environment:checking '/home/vboxuser/turtlebot3_ws/install/turtlebot3_gazebo/lib/pkgconfig/turtlebot3_gazebo.pc'
[4.480s] Level 1:colcon.colcon_core.environment:checking '/home/vboxuser/turtlebot3_ws/install/turtlebot3_gazebo/lib/python3.8/site-packages'
[4.481s] Level 1:colcon.colcon_core.environment:checking '/home/vboxuser/turtlebot3_ws/install/turtlebot3_gazebo/bin'
[4.515s] INFO:colcon.colcon_core.shell:Creating package script '/home/vboxuser/turtlebot3_ws/install/turtlebot3_gazebo/share/turtlebot3_gazebo/package.ps1'
[4.516s] INFO:colcon.colcon_core.shell:Creating package descriptor '/home/vboxuser/turtlebot3_ws/install/turtlebot3_gazebo/share/turtlebot3_gazebo/package.dsv'
[4.517s] INFO:colcon.colcon_core.shell:Creating package script '/home/vboxuser/turtlebot3_ws/install/turtlebot3_gazebo/share/turtlebot3_gazebo/package.sh'
[4.517s] INFO:colcon.colcon_core.shell:Creating package script '/home/vboxuser/turtlebot3_ws/install/turtlebot3_gazebo/share/turtlebot3_gazebo/package.bash'
[4.517s] INFO:colcon.colcon_core.shell:Creating package script '/home/vboxuser/turtlebot3_ws/install/turtlebot3_gazebo/share/turtlebot3_gazebo/package.zsh'
[4.518s] Level 1:colcon.colcon_core.environment:create_file_with_runtime_dependencies(/home/vboxuser/turtlebot3_ws/install/turtlebot3_gazebo/share/colcon-core/packages/turtlebot3_gazebo)
[4.519s] INFO:colcon.colcon_ros.task.ament_cmake.build:Building ROS package in '/home/vboxuser/turtlebot3_ws/src/turtlebot3_simulations/turtlebot3_simulations' with build type 'ament_cmake'
[4.519s] INFO:colcon.colcon_cmake.task.cmake.build:Building CMake package in '/home/vboxuser/turtlebot3_ws/src/turtlebot3_simulations/turtlebot3_simulations'
[4.561s] INFO:colcon.colcon_core.shell:Skip shell extension 'powershell' for command environment: Not usable outside of PowerShell
[4.561s] DEBUG:colcon.colcon_core.shell:Skip shell extension 'dsv' for command environment
[4.690s] DEBUG:colcon.colcon_core.event_handler.log_command:Invoked command in '/home/vboxuser/turtlebot3_ws/src/my_first_node' returned '0': PYTHONPATH=/home/vboxuser/turtlebot3_ws/build/my_first_node/prefix_override:/home/vboxuser/turtlebot3_ws/install/my_first_node/lib/python3.8/site-packages:${PYTHONPATH} /usr/bin/python3 setup.py egg_info --egg-base ../../build/my_first_node build --build-base /home/vboxuser/turtlebot3_ws/build/my_first_node/build install --record /home/vboxuser/turtlebot3_ws/build/my_first_node/install.log --single-version-externally-managed
[4.722s] Level 1:colcon.colcon_core.environment:checking '/home/vboxuser/turtlebot3_ws/install/my_first_node' for CMake module files
[4.723s] Level 1:colcon.colcon_core.environment:checking '/home/vboxuser/turtlebot3_ws/install/my_first_node' for CMake config files
[4.723s] Level 1:colcon.colcon_core.environment:checking '/home/vboxuser/turtlebot3_ws/install/my_first_node/lib'
[4.723s] Level 1:colcon.colcon_core.environment:checking '/home/vboxuser/turtlebot3_ws/install/my_first_node/bin'
[4.723s] Level 1:colcon.colcon_core.environment:checking '/home/vboxuser/turtlebot3_ws/install/my_first_node/lib/pkgconfig/my_first_node.pc'
[4.724s] Level 1:colcon.colcon_core.environment:checking '/home/vboxuser/turtlebot3_ws/install/my_first_node/lib/python3.8/site-packages'
[4.724s] Level 1:colcon.colcon_core.shell:create_environment_hook('my_first_node', 'pythonpath')
[4.753s] INFO:colcon.colcon_core.shell:Creating environment hook '/home/vboxuser/turtlebot3_ws/install/my_first_node/share/my_first_node/hook/pythonpath.ps1'
[4.754s] INFO:colcon.colcon_core.shell:Creating environment descriptor '/home/vboxuser/turtlebot3_ws/install/my_first_node/share/my_first_node/hook/pythonpath.dsv'
[4.754s] INFO:colcon.colcon_core.shell:Creating environment hook '/home/vboxuser/turtlebot3_ws/install/my_first_node/share/my_first_node/hook/pythonpath.sh'
[4.755s] Level 1:colcon.colcon_core.environment:checking '/home/vboxuser/turtlebot3_ws/install/my_first_node/bin'
[4.755s] Level 1:colcon.colcon_core.environment:create_environment_scripts_only(my_first_node)
[4.787s] INFO:colcon.colcon_core.shell:Creating package script '/home/vboxuser/turtlebot3_ws/install/my_first_node/share/my_first_node/package.ps1'
[4.788s] INFO:colcon.colcon_core.shell:Creating package descriptor '/home/vboxuser/turtlebot3_ws/install/my_first_node/share/my_first_node/package.dsv'
[4.788s] INFO:colcon.colcon_core.shell:Creating package script '/home/vboxuser/turtlebot3_ws/install/my_first_node/share/my_first_node/package.sh'
[4.789s] INFO:colcon.colcon_core.shell:Creating package script '/home/vboxuser/turtlebot3_ws/install/my_first_node/share/my_first_node/package.bash'
[4.789s] INFO:colcon.colcon_core.shell:Creating package script '/home/vboxuser/turtlebot3_ws/install/my_first_node/share/my_first_node/package.zsh'
[4.790s] Level 1:colcon.colcon_core.environment:create_file_with_runtime_dependencies(/home/vboxuser/turtlebot3_ws/install/my_first_node/share/colcon-core/packages/my_first_node)
[4.791s] DEBUG:colcon.colcon_core.event_handler.log_command:Invoked command in '/home/vboxuser/turtlebot3_ws/src/my_first_publisher' returned '0': PYTHONPATH=/home/vboxuser/turtlebot3_ws/build/my_first_publisher/prefix_override:/home/vboxuser/turtlebot3_ws/install/my_first_publisher/lib/python3.8/site-packages:${PYTHONPATH} /usr/bin/python3 setup.py egg_info --egg-base ../../build/my_first_publisher build --build-base /home/vboxuser/turtlebot3_ws/build/my_first_publisher/build install --record /home/vboxuser/turtlebot3_ws/build/my_first_publisher/install.log --single-version-externally-managed
[4.831s] Level 1:colcon.colcon_core.environment:checking '/home/vboxuser/turtlebot3_ws/install/my_first_publisher' for CMake module files
[4.831s] Level 1:colcon.colcon_core.environment:checking '/home/vboxuser/turtlebot3_ws/install/my_first_publisher' for CMake config files
[4.832s] Level 1:colcon.colcon_core.environment:checking '/home/vboxuser/turtlebot3_ws/install/my_first_publisher/lib'
[4.832s] Level 1:colcon.colcon_core.environment:checking '/home/vboxuser/turtlebot3_ws/install/my_first_publisher/bin'
[4.832s] Level 1:colcon.colcon_core.environment:checking '/home/vboxuser/turtlebot3_ws/install/my_first_publisher/lib/pkgconfig/my_first_publisher.pc'
[4.832s] Level 1:colcon.colcon_core.environment:checking '/home/vboxuser/turtlebot3_ws/install/my_first_publisher/lib/python3.8/site-packages'
[4.832s] Level 1:colcon.colcon_core.shell:create_environment_hook('my_first_publisher', 'pythonpath')
[4.867s] INFO:colcon.colcon_core.shell:Creating environment hook '/home/vboxuser/turtlebot3_ws/install/my_first_publisher/share/my_first_publisher/hook/pythonpath.ps1'
[4.867s] INFO:colcon.colcon_core.shell:Creating environment descriptor '/home/vboxuser/turtlebot3_ws/install/my_first_publisher/share/my_first_publisher/hook/pythonpath.dsv'
[4.867s] INFO:colcon.colcon_core.shell:Creating environment hook '/home/vboxuser/turtlebot3_ws/install/my_first_publisher/share/my_first_publisher/hook/pythonpath.sh'
[4.868s] Level 1:colcon.colcon_core.environment:checking '/home/vboxuser/turtlebot3_ws/install/my_first_publisher/bin'
[4.868s] Level 1:colcon.colcon_core.environment:create_environment_scripts_only(my_first_publisher)
[4.898s] INFO:colcon.colcon_core.shell:Creating package script '/home/vboxuser/turtlebot3_ws/install/my_first_publisher/share/my_first_publisher/package.ps1'
[4.899s] INFO:colcon.colcon_core.shell:Creating package descriptor '/home/vboxuser/turtlebot3_ws/install/my_first_publisher/share/my_first_publisher/package.dsv'
[4.899s] INFO:colcon.colcon_core.shell:Creating package script '/home/vboxuser/turtlebot3_ws/install/my_first_publisher/share/my_first_publisher/package.sh'
[4.899s] INFO:colcon.colcon_core.shell:Creating package script '/home/vboxuser/turtlebot3_ws/install/my_first_publisher/share/my_first_publisher/package.bash'
[4.900s] INFO:colcon.colcon_core.shell:Creating package script '/home/vboxuser/turtlebot3_ws/install/my_first_publisher/share/my_first_publisher/package.zsh'
[4.900s] Level 1:colcon.colcon_core.environment:create_file_with_runtime_dependencies(/home/vboxuser/turtlebot3_ws/install/my_first_publisher/share/colcon-core/packages/my_first_publisher)
[4.906s] DEBUG:colcon.colcon_core.event_handler.log_command:Invoking command in '/home/vboxuser/turtlebot3_ws/build/turtlebot3_simulations': CMAKE_PREFIX_PATH=/home/vboxuser/turtlebot3_ws/install/turtlebot3_gazebo:/home/vboxuser/turtlebot3_ws/install/turtlebot3_fake_node:/home/vboxuser/turtlebot3_ws/install/turtlebot3_simulations:/home/vboxuser/turtlebot3_ws/install/my_first_node:/opt/ros/galactic /usr/bin/cmake --build /home/vboxuser/turtlebot3_ws/build/turtlebot3_simulations -- -j4 -l4
[4.975s] DEBUG:colcon.colcon_core.event_handler.log_command:Invoked command in '/home/vboxuser/turtlebot3_ws/build/turtlebot3_simulations' returned '0': CMAKE_PREFIX_PATH=/home/vboxuser/turtlebot3_ws/install/turtlebot3_gazebo:/home/vboxuser/turtlebot3_ws/install/turtlebot3_fake_node:/home/vboxuser/turtlebot3_ws/install/turtlebot3_simulations:/home/vboxuser/turtlebot3_ws/install/my_first_node:/opt/ros/galactic /usr/bin/cmake --build /home/vboxuser/turtlebot3_ws/build/turtlebot3_simulations -- -j4 -l4
[5.015s] DEBUG:colcon.colcon_core.event_handler.log_command:Invoking command in '/home/vboxuser/turtlebot3_ws/build/turtlebot3_simulations': CMAKE_PREFIX_PATH=/home/vboxuser/turtlebot3_ws/install/turtlebot3_gazebo:/home/vboxuser/turtlebot3_ws/install/turtlebot3_fake_node:/home/vboxuser/turtlebot3_ws/install/turtlebot3_simulations:/home/vboxuser/turtlebot3_ws/install/my_first_node:/opt/ros/galactic /usr/bin/cmake --install /home/vboxuser/turtlebot3_ws/build/turtlebot3_simulations
[5.053s] Level 1:colcon.colcon_core.environment:create_environment_scripts_only(turtlebot3_simulations)
[5.054s] DEBUG:colcon.colcon_core.event_handler.log_command:Invoked command in '/home/vboxuser/turtlebot3_ws/build/turtlebot3_simulations' returned '0': CMAKE_PREFIX_PATH=/home/vboxuser/turtlebot3_ws/install/turtlebot3_gazebo:/home/vboxuser/turtlebot3_ws/install/turtlebot3_fake_node:/home/vboxuser/turtlebot3_ws/install/turtlebot3_simulations:/home/vboxuser/turtlebot3_ws/install/my_first_node:/opt/ros/galactic /usr/bin/cmake --install /home/vboxuser/turtlebot3_ws/build/turtlebot3_simulations
[5.100s] Level 1:colcon.colcon_core.environment:checking '/home/vboxuser/turtlebot3_ws/install/turtlebot3_simulations' for CMake module files
[5.100s] Level 1:colcon.colcon_core.environment:checking '/home/vboxuser/turtlebot3_ws/install/turtlebot3_simulations' for CMake config files
[5.100s] Level 1:colcon.colcon_core.shell:create_environment_hook('turtlebot3_simulations', 'cmake_prefix_path')
[5.130s] INFO:colcon.colcon_core.shell:Creating environment hook '/home/vboxuser/turtlebot3_ws/install/turtlebot3_simulations/share/turtlebot3_simulations/hook/cmake_prefix_path.ps1'
[5.131s] INFO:colcon.colcon_core.shell:Creating environment descriptor '/home/vboxuser/turtlebot3_ws/install/turtlebot3_simulations/share/turtlebot3_simulations/hook/cmake_prefix_path.dsv'
[5.131s] INFO:colcon.colcon_core.shell:Creating environment hook '/home/vboxuser/turtlebot3_ws/install/turtlebot3_simulations/share/turtlebot3_simulations/hook/cmake_prefix_path.sh'
[5.132s] Level 1:colcon.colcon_core.environment:checking '/home/vboxuser/turtlebot3_ws/install/turtlebot3_simulations/bin'
[5.132s] Level 1:colcon.colcon_core.environment:checking '/home/vboxuser/turtlebot3_ws/install/turtlebot3_simulations/lib/pkgconfig/turtlebot3_simulations.pc'
[5.132s] Level 1:colcon.colcon_core.environment:checking '/home/vboxuser/turtlebot3_ws/install/turtlebot3_simulations/lib/python3.8/site-packages'
[5.132s] Level 1:colcon.colcon_core.environment:checking '/home/vboxuser/turtlebot3_ws/install/turtlebot3_simulations/bin'
[5.162s] INFO:colcon.colcon_core.shell:Creating package script '/home/vboxuser/turtlebot3_ws/install/turtlebot3_simulations/share/turtlebot3_simulations/package.ps1'
[5.163s] INFO:colcon.colcon_core.shell:Creating package descriptor '/home/vboxuser/turtlebot3_ws/install/turtlebot3_simulations/share/turtlebot3_simulations/package.dsv'
[5.163s] INFO:colcon.colcon_core.shell:Creating package script '/home/vboxuser/turtlebot3_ws/install/turtlebot3_simulations/share/turtlebot3_simulations/package.sh'
[5.163s] INFO:colcon.colcon_core.shell:Creating package script '/home/vboxuser/turtlebot3_ws/install/turtlebot3_simulations/share/turtlebot3_simulations/package.bash'
[5.164s] INFO:colcon.colcon_core.shell:Creating package script '/home/vboxuser/turtlebot3_ws/install/turtlebot3_simulations/share/turtlebot3_simulations/package.zsh'
[5.164s] Level 1:colcon.colcon_core.environment:create_file_with_runtime_dependencies(/home/vboxuser/turtlebot3_ws/install/turtlebot3_simulations/share/colcon-core/packages/turtlebot3_simulations)
[5.226s] Level 1:colcon.colcon_core.environment:create_environment_scripts_only(turtlebot3_simulations)
[5.259s] Level 1:colcon.colcon_core.environment:checking '/home/vboxuser/turtlebot3_ws/install/turtlebot3_simulations' for CMake module files
[5.260s] Level 1:colcon.colcon_core.environment:checking '/home/vboxuser/turtlebot3_ws/install/turtlebot3_simulations' for CMake config files
[5.260s] Level 1:colcon.colcon_core.shell:create_environment_hook('turtlebot3_simulations', 'cmake_prefix_path')
[5.294s] INFO:colcon.colcon_core.shell:Creating environment hook '/home/vboxuser/turtlebot3_ws/install/turtlebot3_simulations/share/turtlebot3_simulations/hook/cmake_prefix_path.ps1'
[5.300s] INFO:colcon.colcon_core.shell:Creating environment descriptor '/home/vboxuser/turtlebot3_ws/install/turtlebot3_simulations/share/turtlebot3_simulations/hook/cmake_prefix_path.dsv'
[5.300s] INFO:colcon.colcon_core.shell:Creating environment hook '/home/vboxuser/turtlebot3_ws/install/turtlebot3_simulations/share/turtlebot3_simulations/hook/cmake_prefix_path.sh'
[5.300s] Level 1:colcon.colcon_core.environment:checking '/home/vboxuser/turtlebot3_ws/install/turtlebot3_simulations/bin'
[5.301s] Level 1:colcon.colcon_core.environment:checking '/home/vboxuser/turtlebot3_ws/install/turtlebot3_simulations/lib/pkgconfig/turtlebot3_simulations.pc'
[5.301s] Level 1:colcon.colcon_core.environment:checking '/home/vboxuser/turtlebot3_ws/install/turtlebot3_simulations/lib/python3.8/site-packages'
[5.301s] Level 1:colcon.colcon_core.environment:checking '/home/vboxuser/turtlebot3_ws/install/turtlebot3_simulations/bin'
[5.333s] INFO:colcon.colcon_core.shell:Creating package script '/home/vboxuser/turtlebot3_ws/install/turtlebot3_simulations/share/turtlebot3_simulations/package.ps1'
[5.334s] INFO:colcon.colcon_core.shell:Creating package descriptor '/home/vboxuser/turtlebot3_ws/install/turtlebot3_simulations/share/turtlebot3_simulations/package.dsv'
[5.335s] INFO:colcon.colcon_core.shell:Creating package script '/home/vboxuser/turtlebot3_ws/install/turtlebot3_simulations/share/turtlebot3_simulations/package.sh'
[5.335s] INFO:colcon.colcon_core.shell:Creating package script '/home/vboxuser/turtlebot3_ws/install/turtlebot3_simulations/share/turtlebot3_simulations/package.bash'
[5.336s] INFO:colcon.colcon_core.shell:Creating package script '/home/vboxuser/turtlebot3_ws/install/turtlebot3_simulations/share/turtlebot3_simulations/package.zsh'
[5.337s] Level 1:colcon.colcon_core.environment:create_file_with_runtime_dependencies(/home/vboxuser/turtlebot3_ws/install/turtlebot3_simulations/share/colcon-core/packages/turtlebot3_simulations)
[5.337s] DEBUG:colcon.colcon_parallel_executor.executor.parallel:closing loop
[5.337s] DEBUG:colcon.colcon_parallel_executor.executor.parallel:loop closed
[5.338s] DEBUG:colcon.colcon_parallel_executor.executor.parallel:run_until_complete finished with '0'
[5.338s] DEBUG:colcon.colcon_core.event_reactor:joining thread
[5.384s] INFO:colcon.colcon_core.plugin_system:Skipping extension 'colcon_notification.desktop_notification.terminal_notifier': Not used on non-Darwin systems
[5.384s] INFO:colcon.colcon_core.plugin_system:Skipping extension 'colcon_notification.desktop_notification.win32': Not used on non-Windows systems
[5.384s] INFO:colcon.colcon_notification.desktop_notification:Sending desktop notification using 'notify2'
[5.404s] DEBUG:colcon.colcon_core.event_reactor:joined thread
[5.458s] INFO:colcon.colcon_core.shell:Creating prefix script '/home/vboxuser/turtlebot3_ws/install/local_setup.ps1'
[5.459s] INFO:colcon.colcon_core.shell:Creating prefix util module '/home/vboxuser/turtlebot3_ws/install/_local_setup_util_ps1.py'
[5.461s] INFO:colcon.colcon_core.shell:Creating prefix chain script '/home/vboxuser/turtlebot3_ws/install/setup.ps1'
[5.496s] INFO:colcon.colcon_core.shell:Creating prefix script '/home/vboxuser/turtlebot3_ws/install/local_setup.sh'
[5.497s] INFO:colcon.colcon_core.shell:Creating prefix util module '/home/vboxuser/turtlebot3_ws/install/_local_setup_util_sh.py'
[5.497s] INFO:colcon.colcon_core.shell:Creating prefix chain script '/home/vboxuser/turtlebot3_ws/install/setup.sh'
[5.535s] INFO:colcon.colcon_core.shell:Creating prefix script '/home/vboxuser/turtlebot3_ws/install/local_setup.bash'
[5.535s] INFO:colcon.colcon_core.shell:Creating prefix chain script '/home/vboxuser/turtlebot3_ws/install/setup.bash'
[5.576s] INFO:colcon.colcon_core.shell:Creating prefix script '/home/vboxuser/turtlebot3_ws/install/local_setup.zsh'
[5.577s] INFO:colcon.colcon_core.shell:Creating prefix chain script '/home/vboxuser/turtlebot3_ws/install/setup.zsh'
