[0.174s] Invoking command in '/home/vboxuser/turtlebot3_ws/build/my_world': CMAKE_PREFIX_PATH=${CMAKE_PREFIX_PATH}:/home/vboxuser/turtlebot3_ws/install/show_msg:/home/vboxuser/turtlebot3_ws/install/my_first_subscriber:/home/vboxuser/turtlebot3_ws/install/my_first_service:/home/vboxuser/turtlebot3_ws/install/my_first_publisher:/home/vboxuser/turtlebot3_ws/install/my_first_node:/home/vboxuser/turtlebot3_ws/install/my_first_action:/opt/ros/galactic /usr/bin/cmake /home/vboxuser/turtlebot3_ws/src/my_world -DCMAKE_INSTALL_PREFIX=/home/vboxuser/turtlebot3_ws/install/my_world
[0.442s] -- The C compiler identification is GNU 9.4.0
[0.598s] -- The CXX compiler identification is GNU 9.4.0
[0.619s] -- Check for working C compiler: /usr/bin/cc
[0.704s] -- Check for working C compiler: /usr/bin/cc -- works
[0.708s] -- Detecting C compiler ABI info
[0.806s] -- Detecting C compiler ABI info - done
[0.819s] -- Detecting C compile features
[0.819s] -- Detecting C compile features - done
[0.825s] -- Check for working CXX compiler: /usr/bin/c++
[0.923s] -- Check for working CXX compiler: /usr/bin/c++ -- works
[0.923s] -- Detecting CXX compiler ABI info
[1.072s] -- Detecting CXX compiler ABI info - done
[1.081s] -- Detecting CXX compile features
[1.082s] -- Detecting CXX compile features - done
[1.095s] -- Found ament_cmake: 1.1.6 (/opt/ros/galactic/share/ament_cmake/cmake)
[1.137s] -- Found PythonInterp: /usr/bin/python3 (found suitable version "3.8.10", minimum required is "3") 
[1.137s] -- Using PYTHON_EXECUTABLE: /usr/bin/python3
[1.338s] -- Found PkgConfig: /usr/bin/pkg-config (found version "0.29.1") 
[1.346s] -- Checking for module 'bullet>=2.82'
[1.391s] --   Found bullet, version 2.88
[1.573s] -- Found ccd: /usr/include (found suitable version "2.0", minimum required is "2.0") 
[1.654s] -- Found fcl: /usr/include (found suitable version "0.5.0", minimum required is "0.3.2") 
[1.736s] -- Found assimp: /usr/include (found version "5.0.0") 
[1.798s] -- Found DART: /usr/include (Required is at least version "6.6") found components: dart 
[2.327s] -- Found Boost: /usr/lib/x86_64-linux-gnu/cmake/Boost-1.71.0/BoostConfig.cmake (found suitable version "1.71.0", minimum required is "1.40.0") found components: thread system filesystem program_options regex iostreams date_time 
[2.389s] -- Found Protobuf: /usr/lib/x86_64-linux-gnu/libprotobuf.so;-lpthread (found version "3.6.1") 
[2.402s] -- Looking for ignition-math6 -- found version 6.15.1
[2.427s] -- Searching for dependencies of ignition-math6
[2.434s] -- Looking for OGRE...
[2.435s] -- OGRE_PREFIX_WATCH changed.
[2.442s] -- Checking for module 'OGRE'
[2.473s] --   Found OGRE, version 1.9.0
[2.533s] -- Found Ogre Ghadamon (1.9.0)
[2.556s] -- Found OGRE: optimized;/usr/lib/x86_64-linux-gnu/libOgreMain.so;debug;/usr/lib/x86_64-linux-gnu/libOgreMain.so
[2.566s] -- Looking for OGRE_Paging...
[2.575s] -- Found OGRE_Paging: optimized;/usr/lib/x86_64-linux-gnu/libOgrePaging.so;debug;/usr/lib/x86_64-linux-gnu/libOgrePaging.so
[2.576s] -- Looking for OGRE_Terrain...
[2.581s] -- Found OGRE_Terrain: optimized;/usr/lib/x86_64-linux-gnu/libOgreTerrain.so;debug;/usr/lib/x86_64-linux-gnu/libOgreTerrain.so
[2.581s] -- Looking for OGRE_Property...
[2.587s] -- Found OGRE_Property: optimized;/usr/lib/x86_64-linux-gnu/libOgreProperty.so;debug;/usr/lib/x86_64-linux-gnu/libOgreProperty.so
[2.587s] -- Looking for OGRE_RTShaderSystem...
[2.593s] -- Found OGRE_RTShaderSystem: optimized;/usr/lib/x86_64-linux-gnu/libOgreRTShaderSystem.so;debug;/usr/lib/x86_64-linux-gnu/libOgreRTShaderSystem.so
[2.593s] -- Looking for OGRE_Volume...
[2.599s] -- Found OGRE_Volume: optimized;/usr/lib/x86_64-linux-gnu/libOgreVolume.so;debug;/usr/lib/x86_64-linux-gnu/libOgreVolume.so
[2.599s] -- Looking for OGRE_Overlay...
[2.610s] -- Found OGRE_Overlay: optimized;/usr/lib/x86_64-linux-gnu/libOgreOverlay.so;debug;/usr/lib/x86_64-linux-gnu/libOgreOverlay.so
[2.742s] -- Looking for ignition-math6 -- found version 6.15.1
[2.747s] -- Looking for ignition-transport8 -- found version 8.3.0
[2.749s] -- Searching for dependencies of ignition-transport8
[2.777s] -- Found Protobuf: /usr/lib/x86_64-linux-gnu/libprotobuf.so;-lpthread (found suitable version "3.6.1", minimum required is "3") 
[2.796s] -- Config-file not installed for ZeroMQ -- checking for pkg-config
[2.800s] -- Checking for module 'libzmq >= 4'
[2.833s] --   Found libzmq , version 4.3.2
[2.902s] -- Found ZeroMQ: TRUE (Required is at least version "4") 
[2.913s] -- Checking for module 'uuid'
[2.943s] --   Found uuid, version 2.34.0
[3.026s] -- Found UUID: TRUE  
[3.066s] -- Looking for ignition-msgs5 -- found version 5.10.0
[3.070s] -- Searching for dependencies of ignition-msgs5
[3.104s] -- Looking for ignition-math6 -- found version 6.15.1
[3.114s] -- Checking for module 'tinyxml2'
[3.153s] --   Found tinyxml2, version 6.2.0
[3.223s] -- Looking for ignition-msgs5 -- found version 5.10.0
[3.230s] -- Looking for ignition-common3 -- found version 3.14.2
[3.232s] -- Searching for dependencies of ignition-common3
[3.233s] -- Looking for dlfcn.h - found
[3.235s] -- Looking for libdl - found
[3.237s] -- Found DL: TRUE  
[3.248s] -- Searching for <ignition-common3> component [graphics]
[3.252s] -- Looking for ignition-common3-graphics -- found version 3.14.2
[3.254s] -- Searching for dependencies of ignition-common3-graphics
[3.254s] -- Looking for ignition-math6 -- found version 6.15.1
[3.262s] -- Looking for ignition-fuel_tools4 -- found version 4.6.0
[3.263s] -- Searching for dependencies of ignition-fuel_tools4
[3.358s] -- Found CURL: /usr/lib/x86_64-linux-gnu/libcurl.so (found version "7.68.0")  
[3.373s] -- Checking for module 'jsoncpp'
[3.394s] --   Found jsoncpp, version 1.7.4
[3.476s] -- Found JSONCPP: TRUE  
[3.499s] -- Checking for module 'libzip'
[3.538s] --   Found libzip, version 1.5.1
[3.627s] -- Found ZIP: TRUE  
[3.628s] -- Looking for ignition-common3 -- found version 3.14.2
[3.629s] -- Looking for ignition-math6 -- found version 6.15.1
[3.631s] -- Looking for ignition-msgs5 -- found version 5.10.0
[3.675s] -- Found gazebo_ros_pkgs: 3.5.2 (/opt/ros/galactic/share/gazebo_ros_pkgs/cmake)
[3.684s] -- Found geometry_msgs: 2.2.4 (/opt/ros/galactic/share/geometry_msgs/cmake)
[3.795s] -- Using all available rosidl_typesupport_c: rosidl_typesupport_fastrtps_c;rosidl_typesupport_introspection_c
[3.821s] -- Found rosidl_adapter: 2.2.3 (/opt/ros/galactic/share/rosidl_adapter/cmake)
[3.961s] -- Found OpenSSL: /usr/lib/x86_64-linux-gnu/libcrypto.so (found version "1.1.1f")  
[4.011s] -- Found FastRTPS: /opt/ros/galactic/include  
[4.139s] -- Using all available rosidl_typesupport_cpp: rosidl_typesupport_fastrtps_cpp;rosidl_typesupport_introspection_cpp
[4.259s] -- Found nav_msgs: 2.2.4 (/opt/ros/galactic/share/nav_msgs/cmake)
[4.343s] -- Found rclcpp: 9.2.2 (/opt/ros/galactic/share/rclcpp/cmake)
[4.467s] -- Found rmw_implementation_cmake: 3.3.1 (/opt/ros/galactic/share/rmw_implementation_cmake/cmake)
[4.477s] -- Found rmw_cyclonedds_cpp: 0.22.6 (/opt/ros/galactic/share/rmw_cyclonedds_cpp/cmake)
[4.513s] -- Using RMW implementation 'rmw_cyclonedds_cpp' as default
[4.515s] -- Found Threads: TRUE  
[4.709s] -- Found sensor_msgs: 2.2.4 (/opt/ros/galactic/share/sensor_msgs/cmake)
[4.798s] -- Found tf2: 0.17.5 (/opt/ros/galactic/share/tf2/cmake)
[4.823s] -- Found turtlebot3_gazebo: 2.2.4 (/home/vboxuser/turtlebot3_ws/install/turtlebot3_gazebo/share/turtlebot3_gazebo/cmake)
[4.940s] -- Configuring done
[4.954s] -- Generating done
[4.958s] -- Build files have been written to: /home/vboxuser/turtlebot3_ws/build/my_world
[4.979s] Invoked command in '/home/vboxuser/turtlebot3_ws/build/my_world' returned '0': CMAKE_PREFIX_PATH=${CMAKE_PREFIX_PATH}:/home/vboxuser/turtlebot3_ws/install/show_msg:/home/vboxuser/turtlebot3_ws/install/my_first_subscriber:/home/vboxuser/turtlebot3_ws/install/my_first_service:/home/vboxuser/turtlebot3_ws/install/my_first_publisher:/home/vboxuser/turtlebot3_ws/install/my_first_node:/home/vboxuser/turtlebot3_ws/install/my_first_action:/opt/ros/galactic /usr/bin/cmake /home/vboxuser/turtlebot3_ws/src/my_world -DCMAKE_INSTALL_PREFIX=/home/vboxuser/turtlebot3_ws/install/my_world
[4.979s] Invoking command in '/home/vboxuser/turtlebot3_ws/build/my_world': CMAKE_PREFIX_PATH=${CMAKE_PREFIX_PATH}:/home/vboxuser/turtlebot3_ws/install/show_msg:/home/vboxuser/turtlebot3_ws/install/my_first_subscriber:/home/vboxuser/turtlebot3_ws/install/my_first_service:/home/vboxuser/turtlebot3_ws/install/my_first_publisher:/home/vboxuser/turtlebot3_ws/install/my_first_node:/home/vboxuser/turtlebot3_ws/install/my_first_action:/opt/ros/galactic /usr/bin/cmake --build /home/vboxuser/turtlebot3_ws/build/my_world -- -j4 -l4
[5.026s] [35m[1mScanning dependencies of target turtlebot3_drive[0m
[5.079s] [ 50%] [32mBuilding CXX object CMakeFiles/turtlebot3_drive.dir/src/turtlebot3_drive.cpp.o[0m
[13.840s] [100%] [32m[1mLinking CXX executable turtlebot3_drive[0m
[14.213s] [100%] Built target turtlebot3_drive
[14.223s] Invoked command in '/home/vboxuser/turtlebot3_ws/build/my_world' returned '0': CMAKE_PREFIX_PATH=${CMAKE_PREFIX_PATH}:/home/vboxuser/turtlebot3_ws/install/show_msg:/home/vboxuser/turtlebot3_ws/install/my_first_subscriber:/home/vboxuser/turtlebot3_ws/install/my_first_service:/home/vboxuser/turtlebot3_ws/install/my_first_publisher:/home/vboxuser/turtlebot3_ws/install/my_first_node:/home/vboxuser/turtlebot3_ws/install/my_first_action:/opt/ros/galactic /usr/bin/cmake --build /home/vboxuser/turtlebot3_ws/build/my_world -- -j4 -l4
[14.304s] Invoking command in '/home/vboxuser/turtlebot3_ws/build/my_world': CMAKE_PREFIX_PATH=${CMAKE_PREFIX_PATH}:/home/vboxuser/turtlebot3_ws/install/show_msg:/home/vboxuser/turtlebot3_ws/install/my_first_subscriber:/home/vboxuser/turtlebot3_ws/install/my_first_service:/home/vboxuser/turtlebot3_ws/install/my_first_publisher:/home/vboxuser/turtlebot3_ws/install/my_first_node:/home/vboxuser/turtlebot3_ws/install/my_first_action:/opt/ros/galactic /usr/bin/cmake --install /home/vboxuser/turtlebot3_ws/build/my_world
[14.308s] -- Install configuration: ""
[14.308s] -- Installing: /home/vboxuser/turtlebot3_ws/install/my_world/lib/my_world/turtlebot3_drive
[14.311s] -- Set runtime path of "/home/vboxuser/turtlebot3_ws/install/my_world/lib/my_world/turtlebot3_drive" to ""
[14.312s] -- Installing: /home/vboxuser/turtlebot3_ws/install/my_world/share/my_world//launch
[14.312s] -- Installing: /home/vboxuser/turtlebot3_ws/install/my_world/share/my_world//launch/turtlebot3_my_world.launch.py
[14.342s] -- Installing: /home/vboxuser/turtlebot3_ws/install/my_world/share/my_world//launch/log
[14.343s] -- Installing: /home/vboxuser/turtlebot3_ws/install/my_world/share/my_world//launch/log/COLCON_IGNORE
[14.343s] -- Installing: /home/vboxuser/turtlebot3_ws/install/my_world/share/my_world//launch/log/build_2024-03-26_11-47-26
[14.343s] -- Installing: /home/vboxuser/turtlebot3_ws/install/my_world/share/my_world//launch/log/build_2024-03-26_11-47-26/logger_all.log
[14.344s] -- Installing: /home/vboxuser/turtlebot3_ws/install/my_world/share/my_world//launch/log/build_2024-03-26_11-47-26/events.log
[14.345s] -- Installing: /home/vboxuser/turtlebot3_ws/install/my_world/share/my_world//launch/log/latest
[14.345s] -- Installing: /home/vboxuser/turtlebot3_ws/install/my_world/share/my_world//launch/log/latest_build
[14.345s] -- Installing: /home/vboxuser/turtlebot3_ws/install/my_world/share/my_world//launch/install
[14.346s] -- Installing: /home/vboxuser/turtlebot3_ws/install/my_world/share/my_world//launch/install/setup.sh
[14.346s] -- Installing: /home/vboxuser/turtlebot3_ws/install/my_world/share/my_world//launch/install/local_setup.ps1
[14.347s] -- Installing: /home/vboxuser/turtlebot3_ws/install/my_world/share/my_world//launch/install/setup.zsh
[14.349s] -- Installing: /home/vboxuser/turtlebot3_ws/install/my_world/share/my_world//launch/install/local_setup.sh
[14.350s] -- Installing: /home/vboxuser/turtlebot3_ws/install/my_world/share/my_world//launch/install/COLCON_IGNORE
[14.350s] -- Installing: /home/vboxuser/turtlebot3_ws/install/my_world/share/my_world//launch/install/local_setup.zsh
[14.353s] -- Installing: /home/vboxuser/turtlebot3_ws/install/my_world/share/my_world//launch/install/.colcon_install_layout
[14.354s] -- Installing: /home/vboxuser/turtlebot3_ws/install/my_world/share/my_world//launch/install/_local_setup_util_sh.py
[14.356s] -- Installing: /home/vboxuser/turtlebot3_ws/install/my_world/share/my_world//launch/install/_local_setup_util_ps1.py
[14.357s] -- Installing: /home/vboxuser/turtlebot3_ws/install/my_world/share/my_world//launch/install/setup.ps1
[14.358s] -- Installing: /home/vboxuser/turtlebot3_ws/install/my_world/share/my_world//launch/install/local_setup.bash
[14.359s] -- Installing: /home/vboxuser/turtlebot3_ws/install/my_world/share/my_world//launch/install/setup.bash
[14.361s] -- Installing: /home/vboxuser/turtlebot3_ws/install/my_world/share/my_world//launch/build
[14.362s] -- Installing: /home/vboxuser/turtlebot3_ws/install/my_world/share/my_world//launch/build/.built_by
[14.363s] -- Installing: /home/vboxuser/turtlebot3_ws/install/my_world/share/my_world//launch/build/COLCON_IGNORE
[14.363s] -- Installing: /home/vboxuser/turtlebot3_ws/install/my_world/share/my_world//models
[14.364s] -- Installing: /home/vboxuser/turtlebot3_ws/install/my_world/share/my_world//models/my_world
[14.364s] -- Installing: /home/vboxuser/turtlebot3_ws/install/my_world/share/my_world//models/my_world/model.config
[14.369s] -- Installing: /home/vboxuser/turtlebot3_ws/install/my_world/share/my_world//models/my_world/model.sdf
[14.371s] -- Installing: /home/vboxuser/turtlebot3_ws/install/my_world/share/my_world//models/turtlebot3_burger
[14.371s] -- Installing: /home/vboxuser/turtlebot3_ws/install/my_world/share/my_world//models/turtlebot3_burger/meshes
[14.371s] -- Installing: /home/vboxuser/turtlebot3_ws/install/my_world/share/my_world//models/turtlebot3_burger/meshes/tire.dae
[14.374s] -- Installing: /home/vboxuser/turtlebot3_ws/install/my_world/share/my_world//models/turtlebot3_burger/meshes/burger_base.dae
[14.375s] -- Installing: /home/vboxuser/turtlebot3_ws/install/my_world/share/my_world//models/turtlebot3_burger/meshes/lds.dae
[14.377s] -- Installing: /home/vboxuser/turtlebot3_ws/install/my_world/share/my_world//models/turtlebot3_burger/model-1_4.sdf
[14.380s] -- Installing: /home/vboxuser/turtlebot3_ws/install/my_world/share/my_world//models/turtlebot3_burger/model.config
[14.380s] -- Installing: /home/vboxuser/turtlebot3_ws/install/my_world/share/my_world//models/turtlebot3_burger/model.sdf
[14.383s] -- Installing: /home/vboxuser/turtlebot3_ws/install/my_world/share/my_world//world
[14.383s] -- Installing: /home/vboxuser/turtlebot3_ws/install/my_world/share/my_world//world/burguer.model
[14.385s] -- Installing: /home/vboxuser/turtlebot3_ws/install/my_world/share/my_world//urdf
[14.386s] -- Installing: /home/vboxuser/turtlebot3_ws/install/my_world/share/my_world//urdf/turtlebot3_burger.urdf
[14.386s] -- Installing: /home/vboxuser/turtlebot3_ws/install/my_world/share/my_world//urdf/turtlebot3_burger_pi.urdf
[14.388s] -- Installing: /home/vboxuser/turtlebot3_ws/install/my_world/include/
[14.388s] -- Installing: /home/vboxuser/turtlebot3_ws/install/my_world/include//my_world
[14.389s] -- Installing: /home/vboxuser/turtlebot3_ws/install/my_world/share/ament_index/resource_index/package_run_dependencies/my_world
[14.390s] -- Installing: /home/vboxuser/turtlebot3_ws/install/my_world/share/ament_index/resource_index/parent_prefix_path/my_world
[14.390s] -- Installing: /home/vboxuser/turtlebot3_ws/install/my_world/share/my_world/environment/ament_prefix_path.sh
[14.390s] -- Installing: /home/vboxuser/turtlebot3_ws/install/my_world/share/my_world/environment/ament_prefix_path.dsv
[14.391s] -- Installing: /home/vboxuser/turtlebot3_ws/install/my_world/share/my_world/environment/path.sh
[14.392s] -- Installing: /home/vboxuser/turtlebot3_ws/install/my_world/share/my_world/environment/path.dsv
[14.392s] -- Installing: /home/vboxuser/turtlebot3_ws/install/my_world/share/my_world/local_setup.bash
[14.392s] -- Installing: /home/vboxuser/turtlebot3_ws/install/my_world/share/my_world/local_setup.sh
[14.393s] -- Installing: /home/vboxuser/turtlebot3_ws/install/my_world/share/my_world/local_setup.zsh
[14.393s] -- Installing: /home/vboxuser/turtlebot3_ws/install/my_world/share/my_world/local_setup.dsv
[14.393s] -- Installing: /home/vboxuser/turtlebot3_ws/install/my_world/share/my_world/package.dsv
[14.394s] -- Installing: /home/vboxuser/turtlebot3_ws/install/my_world/share/ament_index/resource_index/packages/my_world
[14.394s] -- Installing: /home/vboxuser/turtlebot3_ws/install/my_world/share/my_world/cmake/ament_cmake_export_include_directories-extras.cmake
[14.394s] -- Installing: /home/vboxuser/turtlebot3_ws/install/my_world/share/my_world/cmake/ament_cmake_export_dependencies-extras.cmake
[14.395s] -- Installing: /home/vboxuser/turtlebot3_ws/install/my_world/share/my_world/cmake/my_worldConfig.cmake
[14.395s] -- Installing: /home/vboxuser/turtlebot3_ws/install/my_world/share/my_world/cmake/my_worldConfig-version.cmake
[14.395s] -- Installing: /home/vboxuser/turtlebot3_ws/install/my_world/share/my_world/package.xml
[14.398s] Invoked command in '/home/vboxuser/turtlebot3_ws/build/my_world' returned '0': CMAKE_PREFIX_PATH=${CMAKE_PREFIX_PATH}:/home/vboxuser/turtlebot3_ws/install/show_msg:/home/vboxuser/turtlebot3_ws/install/my_first_subscriber:/home/vboxuser/turtlebot3_ws/install/my_first_service:/home/vboxuser/turtlebot3_ws/install/my_first_publisher:/home/vboxuser/turtlebot3_ws/install/my_first_node:/home/vboxuser/turtlebot3_ws/install/my_first_action:/opt/ros/galactic /usr/bin/cmake --install /home/vboxuser/turtlebot3_ws/build/my_world
