[0.112s] Invoking command in '/home/vboxuser/turtlebot3_ws/build/proy_eq1': AMENT_PREFIX_PATH=/home/vboxuser/turtlebot3_ws/install/proy_eq1_nav_manual:/home/vboxuser/turtlebot3_ws/install/proy_eq1_custom_interface:/home/vboxuser/turtlebot3_ws/install/turtlebot3_simulations:/home/vboxuser/turtlebot3_ws/install/my_world:/home/vboxuser/turtlebot3_ws/install/turtlebot3_gazebo:/home/vboxuser/turtlebot3_ws/install/turtlebot3_fake_node:/home/vboxuser/turtlebot3_ws/install/show_msg:/home/vboxuser/turtlebot3_ws/install/my_first_subscriber:/home/vboxuser/turtlebot3_ws/install/my_first_service:/home/vboxuser/turtlebot3_ws/install/my_first_publisher:/home/vboxuser/turtlebot3_ws/install/my_first_node:/home/vboxuser/turtlebot3_ws/install/my_first_action:/home/vboxuser/turtlebot3_ws/install/movimiento_manual_service:/home/vboxuser/turtlebot3_ws/install/custom_interface:/opt/ros/galactic CMAKE_PREFIX_PATH=${CMAKE_PREFIX_PATH}:/home/vboxuser/turtlebot3_ws/install/show_msg:/home/vboxuser/turtlebot3_ws/install/proy_eq1_custom_interface:/home/vboxuser/turtlebot3_ws/install/my_first_subscriber:/home/vboxuser/turtlebot3_ws/install/my_first_service:/home/vboxuser/turtlebot3_ws/install/my_first_publisher:/home/vboxuser/turtlebot3_ws/install/my_first_node:/home/vboxuser/turtlebot3_ws/install/my_first_action:/home/vboxuser/turtlebot3_ws/install/movimiento_manual_service:/opt/ros/galactic PYTHONPATH=/home/vboxuser/turtlebot3_ws/install/proy_eq1_nav_manual/lib/python3.8/site-packages:/home/vboxuser/turtlebot3_ws/install/proy_eq1_custom_interface/lib/python3.8/site-packages:/home/vboxuser/turtlebot3_ws/install/show_msg/lib/python3.8/site-packages:/home/vboxuser/turtlebot3_ws/install/proy_eq1/lib/python3.8/site-packages:/home/vboxuser/turtlebot3_ws/install/my_first_subscriber/lib/python3.8/site-packages:/home/vboxuser/turtlebot3_ws/install/my_first_service/lib/python3.8/site-packages:/home/vboxuser/turtlebot3_ws/install/my_first_publisher/lib/python3.8/site-packages:/home/vboxuser/turtlebot3_ws/install/my_first_node/lib/python3.8/site-packages:/home/vboxuser/turtlebot3_ws/install/my_first_action/lib/python3.8/site-packages:/home/vboxuser/turtlebot3_ws/install/movimiento_manual_service/lib/python3.8/site-packages:/home/vboxuser/turtlebot3_ws/install/custom_interface/lib/python3.8/site-packages:/opt/ros/galactic/lib/python3.8/site-packages /usr/bin/cmake /home/vboxuser/turtlebot3_ws/src/proy_eq1/proy_eq1 -DCMAKE_INSTALL_PREFIX=/home/vboxuser/turtlebot3_ws/install/proy_eq1
[0.120s] CMake Error at CMakeLists.txt:1 (cmake_minimum_required):
[0.120s]   cmake_minimum_required called with unknown argument "VERSION3.5".
[0.120s] 
[0.120s] 
[0.271s] -- The C compiler identification is GNU 9.4.0
[0.394s] -- The CXX compiler identification is GNU 9.4.0
[0.405s] -- Check for working C compiler: /usr/bin/cc
[0.453s] -- Check for working C compiler: /usr/bin/cc -- works
[0.455s] -- Detecting C compiler ABI info
[0.500s] -- Detecting C compiler ABI info - done
[0.510s] -- Detecting C compile features
[0.511s] -- Detecting C compile features - done
[0.515s] -- Check for working CXX compiler: /usr/bin/c++
[0.570s] -- Check for working CXX compiler: /usr/bin/c++ -- works
[0.571s] -- Detecting CXX compiler ABI info
[0.624s] -- Detecting CXX compiler ABI info - done
[0.633s] -- Detecting CXX compile features
[0.633s] -- Detecting CXX compile features - done
[0.643s] -- Found ament_cmake: 1.1.6 (/opt/ros/galactic/share/ament_cmake/cmake)
[0.667s] -- Found PythonInterp: /usr/bin/python3 (found suitable version "3.8.10", minimum required is "3") 
[0.667s] -- Using PYTHON_EXECUTABLE: /usr/bin/python3
[0.750s] CMake Error at CMakeLists.txt:6 (add_subdirectory):
[0.750s]   add_subdirectory given source "proy_eq1_custom_interface" which is not an
[0.750s]   existing directory.
[0.750s] 
[0.750s] 
[0.750s] CMake Error at CMakeLists.txt:7 (add_subdirectory):
[0.750s]   add_subdirectory given source "proy_eq1_nav_manual" which is not an
[0.750s]   existing directory.
[0.750s] 
[0.750s] 
[0.790s] CMake Warning (dev) at /opt/ros/galactic/share/ament_cmake_core/cmake/core/ament_execute_extensions.cmake:41 (if):
[0.790s]   Policy CMP0057 is not set: Support new IN_LIST if() operator.  Run "cmake
[0.790s]   --help-policy CMP0057" for policy details.  Use the cmake_policy command to
[0.790s]   set the policy and suppress this warning.
[0.790s] 
[0.790s]   IN_LIST will be interpreted as an operator when the policy is set to NEW.
[0.790s]   Since the policy is not set the OLD behavior will be used.
[0.790s] Call Stack (most recent call first):
[0.790s]   /opt/ros/galactic/share/ament_cmake_core/cmake/core/ament_package.cmake:66 (ament_execute_extensions)
[0.790s]   CMakeLists.txt:10 (ament_package)
[0.790s] This warning is for project developers.  Use -Wno-dev to suppress it.
[0.790s] 
[0.790s] CMake Error at /opt/ros/galactic/share/ament_cmake_core/cmake/core/ament_execute_extensions.cmake:41 (if):
[0.790s]   if given arguments:
[0.790s] 
[0.790s]     "ament_cmake_core" "IN_LIST" "_ARG_EXCLUDE"
[0.790s] 
[0.790s]   Unknown arguments specified
[0.790s] Call Stack (most recent call first):
[0.790s]   /opt/ros/galactic/share/ament_cmake_core/cmake/core/ament_package.cmake:66 (ament_execute_extensions)
[0.791s]   CMakeLists.txt:10 (ament_package)
[0.791s] 
[0.791s] 
[0.791s] -- Configuring incomplete, errors occurred!
[0.791s] See also "/home/vboxuser/turtlebot3_ws/build/proy_eq1/CMakeFiles/CMakeOutput.log".
[0.794s] Invoked command in '/home/vboxuser/turtlebot3_ws/build/proy_eq1' returned '1': AMENT_PREFIX_PATH=/home/vboxuser/turtlebot3_ws/install/proy_eq1_nav_manual:/home/vboxuser/turtlebot3_ws/install/proy_eq1_custom_interface:/home/vboxuser/turtlebot3_ws/install/turtlebot3_simulations:/home/vboxuser/turtlebot3_ws/install/my_world:/home/vboxuser/turtlebot3_ws/install/turtlebot3_gazebo:/home/vboxuser/turtlebot3_ws/install/turtlebot3_fake_node:/home/vboxuser/turtlebot3_ws/install/show_msg:/home/vboxuser/turtlebot3_ws/install/my_first_subscriber:/home/vboxuser/turtlebot3_ws/install/my_first_service:/home/vboxuser/turtlebot3_ws/install/my_first_publisher:/home/vboxuser/turtlebot3_ws/install/my_first_node:/home/vboxuser/turtlebot3_ws/install/my_first_action:/home/vboxuser/turtlebot3_ws/install/movimiento_manual_service:/home/vboxuser/turtlebot3_ws/install/custom_interface:/opt/ros/galactic CMAKE_PREFIX_PATH=${CMAKE_PREFIX_PATH}:/home/vboxuser/turtlebot3_ws/install/show_msg:/home/vboxuser/turtlebot3_ws/install/proy_eq1_custom_interface:/home/vboxuser/turtlebot3_ws/install/my_first_subscriber:/home/vboxuser/turtlebot3_ws/install/my_first_service:/home/vboxuser/turtlebot3_ws/install/my_first_publisher:/home/vboxuser/turtlebot3_ws/install/my_first_node:/home/vboxuser/turtlebot3_ws/install/my_first_action:/home/vboxuser/turtlebot3_ws/install/movimiento_manual_service:/opt/ros/galactic PYTHONPATH=/home/vboxuser/turtlebot3_ws/install/proy_eq1_nav_manual/lib/python3.8/site-packages:/home/vboxuser/turtlebot3_ws/install/proy_eq1_custom_interface/lib/python3.8/site-packages:/home/vboxuser/turtlebot3_ws/install/show_msg/lib/python3.8/site-packages:/home/vboxuser/turtlebot3_ws/install/proy_eq1/lib/python3.8/site-packages:/home/vboxuser/turtlebot3_ws/install/my_first_subscriber/lib/python3.8/site-packages:/home/vboxuser/turtlebot3_ws/install/my_first_service/lib/python3.8/site-packages:/home/vboxuser/turtlebot3_ws/install/my_first_publisher/lib/python3.8/site-packages:/home/vboxuser/turtlebot3_ws/install/my_first_node/lib/python3.8/site-packages:/home/vboxuser/turtlebot3_ws/install/my_first_action/lib/python3.8/site-packages:/home/vboxuser/turtlebot3_ws/install/movimiento_manual_service/lib/python3.8/site-packages:/home/vboxuser/turtlebot3_ws/install/custom_interface/lib/python3.8/site-packages:/opt/ros/galactic/lib/python3.8/site-packages /usr/bin/cmake /home/vboxuser/turtlebot3_ws/src/proy_eq1/proy_eq1 -DCMAKE_INSTALL_PREFIX=/home/vboxuser/turtlebot3_ws/install/proy_eq1
