[0.833s] Invoking command in '/home/vboxuser/turtlebot3_ws/src/my_first_service': CMAKE_PREFIX_PATH=/home/vboxuser/turtlebot3_ws/install/custom_interface:/home/vboxuser/turtlebot3_ws/install/turtlebot3_simulations:/home/vboxuser/turtlebot3_ws/install/turtlebot3_gazebo:/home/vboxuser/turtlebot3_ws/install/turtlebot3_fake_node PYTHONPATH=/home/vboxuser/turtlebot3_ws/build/my_first_service/prefix_override:/home/vboxuser/turtlebot3_ws/install/my_first_service/lib/python3.8/site-packages:/home/vboxuser/turtlebot3_ws/install/custom_interface/lib/python3.8/site-packages:/home/vboxuser/turtlebot3_ws/install/my_first_service/lib/python3.8/site-packages:/home/vboxuser/turtlebot3_ws/install/show_msg/lib/python3.8/site-packages:/home/vboxuser/turtlebot3_ws/install/my_first_subscriber/lib/python3.8/site-packages:/home/vboxuser/turtlebot3_ws/install/my_first_publisher/lib/python3.8/site-packages:/home/vboxuser/turtlebot3_ws/install/my_first_node/lib/python3.8/site-packages:/opt/ros/galactic/lib/python3.8/site-packages /usr/bin/python3 setup.py egg_info --egg-base ../../build/my_first_service build --build-base /home/vboxuser/turtlebot3_ws/build/my_first_service/build install --record /home/vboxuser/turtlebot3_ws/build/my_first_service/install.log --single-version-externally-managed
[1.025s] running egg_info
[1.025s] writing ../../build/my_first_service/my_first_service.egg-info/PKG-INFO
[1.025s] writing dependency_links to ../../build/my_first_service/my_first_service.egg-info/dependency_links.txt
[1.025s] writing entry points to ../../build/my_first_service/my_first_service.egg-info/entry_points.txt
[1.026s] writing requirements to ../../build/my_first_service/my_first_service.egg-info/requires.txt
[1.026s] writing top-level names to ../../build/my_first_service/my_first_service.egg-info/top_level.txt
[1.054s] reading manifest file '../../build/my_first_service/my_first_service.egg-info/SOURCES.txt'
[1.055s] writing manifest file '../../build/my_first_service/my_first_service.egg-info/SOURCES.txt'
[1.055s] running build
[1.055s] running build_py
[1.055s] copying my_first_service/circle_movement.py -> /home/vboxuser/turtlebot3_ws/build/my_first_service/build/lib/my_first_service
[1.056s] running install
[1.057s] running install_lib
[1.057s] copying /home/vboxuser/turtlebot3_ws/build/my_first_service/build/lib/my_first_service/circle_movement.py -> /home/vboxuser/turtlebot3_ws/install/my_first_service/lib/python3.8/site-packages/my_first_service
[1.058s] byte-compiling /home/vboxuser/turtlebot3_ws/install/my_first_service/lib/python3.8/site-packages/my_first_service/circle_movement.py to circle_movement.cpython-38.pyc
[1.059s] running install_data
[1.060s] running install_egg_info
[1.061s] removing '/home/vboxuser/turtlebot3_ws/install/my_first_service/lib/python3.8/site-packages/my_first_service-0.0.0-py3.8.egg-info' (and everything under it)
[1.062s] Copying ../../build/my_first_service/my_first_service.egg-info to /home/vboxuser/turtlebot3_ws/install/my_first_service/lib/python3.8/site-packages/my_first_service-0.0.0-py3.8.egg-info
[1.062s] running install_scripts
[1.077s] Installing circle_movement script to /home/vboxuser/turtlebot3_ws/install/my_first_service/lib/my_first_service
[1.078s] Installing movement_client script to /home/vboxuser/turtlebot3_ws/install/my_first_service/lib/my_first_service
[1.078s] Installing movement_server script to /home/vboxuser/turtlebot3_ws/install/my_first_service/lib/my_first_service
[1.078s] writing list of installed files to '/home/vboxuser/turtlebot3_ws/build/my_first_service/install.log'
[1.097s] Invoked command in '/home/vboxuser/turtlebot3_ws/src/my_first_service' returned '0': CMAKE_PREFIX_PATH=/home/vboxuser/turtlebot3_ws/install/custom_interface:/home/vboxuser/turtlebot3_ws/install/turtlebot3_simulations:/home/vboxuser/turtlebot3_ws/install/turtlebot3_gazebo:/home/vboxuser/turtlebot3_ws/install/turtlebot3_fake_node PYTHONPATH=/home/vboxuser/turtlebot3_ws/build/my_first_service/prefix_override:/home/vboxuser/turtlebot3_ws/install/my_first_service/lib/python3.8/site-packages:/home/vboxuser/turtlebot3_ws/install/custom_interface/lib/python3.8/site-packages:/home/vboxuser/turtlebot3_ws/install/my_first_service/lib/python3.8/site-packages:/home/vboxuser/turtlebot3_ws/install/show_msg/lib/python3.8/site-packages:/home/vboxuser/turtlebot3_ws/install/my_first_subscriber/lib/python3.8/site-packages:/home/vboxuser/turtlebot3_ws/install/my_first_publisher/lib/python3.8/site-packages:/home/vboxuser/turtlebot3_ws/install/my_first_node/lib/python3.8/site-packages:/opt/ros/galactic/lib/python3.8/site-packages /usr/bin/python3 setup.py egg_info --egg-base ../../build/my_first_service build --build-base /home/vboxuser/turtlebot3_ws/build/my_first_service/build install --record /home/vboxuser/turtlebot3_ws/build/my_first_service/install.log --single-version-externally-managed
