[0.730s] Invoking command in '/home/vboxuser/turtlebot3_ws/src/my_first_service': CMAKE_PREFIX_PATH=/home/vboxuser/turtlebot3_ws/install/custom_interface:/home/vboxuser/turtlebot3_ws/install/turtlebot3_simulations:/home/vboxuser/turtlebot3_ws/install/my_world:/home/vboxuser/turtlebot3_ws/install/turtlebot3_gazebo:/home/vboxuser/turtlebot3_ws/install/turtlebot3_fake_node PYTHONPATH=/home/vboxuser/turtlebot3_ws/build/my_first_service/prefix_override:/home/vboxuser/turtlebot3_ws/install/my_first_service/lib/python3.8/site-packages:/home/vboxuser/turtlebot3_ws/install/custom_interface/lib/python3.8/site-packages:/home/vboxuser/turtlebot3_ws/install/show_msg/lib/python3.8/site-packages:/home/vboxuser/turtlebot3_ws/install/my_first_subscriber/lib/python3.8/site-packages:/home/vboxuser/turtlebot3_ws/install/my_first_service/lib/python3.8/site-packages:/home/vboxuser/turtlebot3_ws/install/my_first_publisher/lib/python3.8/site-packages:/home/vboxuser/turtlebot3_ws/install/my_first_node/lib/python3.8/site-packages:/home/vboxuser/turtlebot3_ws/install/my_first_action/lib/python3.8/site-packages:/opt/ros/galactic/lib/python3.8/site-packages /usr/bin/python3 setup.py egg_info --egg-base ../../build/my_first_service build --build-base /home/vboxuser/turtlebot3_ws/build/my_first_service/build install --record /home/vboxuser/turtlebot3_ws/build/my_first_service/install.log --single-version-externally-managed
[0.885s] running egg_info
[0.886s] writing ../../build/my_first_service/my_first_service.egg-info/PKG-INFO
[0.886s] writing dependency_links to ../../build/my_first_service/my_first_service.egg-info/dependency_links.txt
[0.886s] writing entry points to ../../build/my_first_service/my_first_service.egg-info/entry_points.txt
[0.886s] writing requirements to ../../build/my_first_service/my_first_service.egg-info/requires.txt
[0.886s] writing top-level names to ../../build/my_first_service/my_first_service.egg-info/top_level.txt
[0.909s] reading manifest file '../../build/my_first_service/my_first_service.egg-info/SOURCES.txt'
[0.910s] writing manifest file '../../build/my_first_service/my_first_service.egg-info/SOURCES.txt'
[0.911s] running build
[0.911s] running build_py
[0.911s] copying my_first_service/movement_client.py -> /home/vboxuser/turtlebot3_ws/build/my_first_service/build/lib/my_first_service
[0.911s] running install
[0.911s] running install_lib
[0.912s] copying /home/vboxuser/turtlebot3_ws/build/my_first_service/build/lib/my_first_service/movement_client.py -> /home/vboxuser/turtlebot3_ws/install/my_first_service/lib/python3.8/site-packages/my_first_service
[0.912s] byte-compiling /home/vboxuser/turtlebot3_ws/install/my_first_service/lib/python3.8/site-packages/my_first_service/movement_client.py to movement_client.cpython-38.pyc
[0.914s] running install_data
[0.914s] running install_egg_info
[0.917s] removing '/home/vboxuser/turtlebot3_ws/install/my_first_service/lib/python3.8/site-packages/my_first_service-0.0.0-py3.8.egg-info' (and everything under it)
[0.929s] Copying ../../build/my_first_service/my_first_service.egg-info to /home/vboxuser/turtlebot3_ws/install/my_first_service/lib/python3.8/site-packages/my_first_service-0.0.0-py3.8.egg-info
[0.929s] running install_scripts
[0.942s] Installing circle_movement script to /home/vboxuser/turtlebot3_ws/install/my_first_service/lib/my_first_service
[0.942s] Installing movement_client script to /home/vboxuser/turtlebot3_ws/install/my_first_service/lib/my_first_service
[0.942s] Installing movement_server script to /home/vboxuser/turtlebot3_ws/install/my_first_service/lib/my_first_service
[0.942s] writing list of installed files to '/home/vboxuser/turtlebot3_ws/build/my_first_service/install.log'
[0.956s] Invoked command in '/home/vboxuser/turtlebot3_ws/src/my_first_service' returned '0': CMAKE_PREFIX_PATH=/home/vboxuser/turtlebot3_ws/install/custom_interface:/home/vboxuser/turtlebot3_ws/install/turtlebot3_simulations:/home/vboxuser/turtlebot3_ws/install/my_world:/home/vboxuser/turtlebot3_ws/install/turtlebot3_gazebo:/home/vboxuser/turtlebot3_ws/install/turtlebot3_fake_node PYTHONPATH=/home/vboxuser/turtlebot3_ws/build/my_first_service/prefix_override:/home/vboxuser/turtlebot3_ws/install/my_first_service/lib/python3.8/site-packages:/home/vboxuser/turtlebot3_ws/install/custom_interface/lib/python3.8/site-packages:/home/vboxuser/turtlebot3_ws/install/show_msg/lib/python3.8/site-packages:/home/vboxuser/turtlebot3_ws/install/my_first_subscriber/lib/python3.8/site-packages:/home/vboxuser/turtlebot3_ws/install/my_first_service/lib/python3.8/site-packages:/home/vboxuser/turtlebot3_ws/install/my_first_publisher/lib/python3.8/site-packages:/home/vboxuser/turtlebot3_ws/install/my_first_node/lib/python3.8/site-packages:/home/vboxuser/turtlebot3_ws/install/my_first_action/lib/python3.8/site-packages:/opt/ros/galactic/lib/python3.8/site-packages /usr/bin/python3 setup.py egg_info --egg-base ../../build/my_first_service build --build-base /home/vboxuser/turtlebot3_ws/build/my_first_service/build install --record /home/vboxuser/turtlebot3_ws/build/my_first_service/install.log --single-version-externally-managed
