running egg_info
creating ../../../build/proy_eq1_slam/proy_eq1_slam.egg-info
writing ../../../build/proy_eq1_slam/proy_eq1_slam.egg-info/PKG-INFO
writing dependency_links to ../../../build/proy_eq1_slam/proy_eq1_slam.egg-info/dependency_links.txt
writing entry points to ../../../build/proy_eq1_slam/proy_eq1_slam.egg-info/entry_points.txt
writing requirements to ../../../build/proy_eq1_slam/proy_eq1_slam.egg-info/requires.txt
writing top-level names to ../../../build/proy_eq1_slam/proy_eq1_slam.egg-info/top_level.txt
writing manifest file '../../../build/proy_eq1_slam/proy_eq1_slam.egg-info/SOURCES.txt'
reading manifest file '../../../build/proy_eq1_slam/proy_eq1_slam.egg-info/SOURCES.txt'
writing manifest file '../../../build/proy_eq1_slam/proy_eq1_slam.egg-info/SOURCES.txt'
running build
running build_py
creating /home/vboxuser/turtlebot3_ws/build/proy_eq1_slam/build
creating /home/vboxuser/turtlebot3_ws/build/proy_eq1_slam/build/lib
creating /home/vboxuser/turtlebot3_ws/build/proy_eq1_slam/build/lib/proy_eq1_slam
copying proy_eq1_slam/__init__.py -> /home/vboxuser/turtlebot3_ws/build/proy_eq1_slam/build/lib/proy_eq1_slam
running install
running install_lib
creating /home/vboxuser/turtlebot3_ws/install/proy_eq1_slam/lib/python3.8/site-packages/proy_eq1_slam
copying /home/vboxuser/turtlebot3_ws/build/proy_eq1_slam/build/lib/proy_eq1_slam/__init__.py -> /home/vboxuser/turtlebot3_ws/install/proy_eq1_slam/lib/python3.8/site-packages/proy_eq1_slam
byte-compiling /home/vboxuser/turtlebot3_ws/install/proy_eq1_slam/lib/python3.8/site-packages/proy_eq1_slam/__init__.py to __init__.cpython-38.pyc
running install_data
creating /home/vboxuser/turtlebot3_ws/install/proy_eq1_slam/share/ament_index
creating /home/vboxuser/turtlebot3_ws/install/proy_eq1_slam/share/ament_index/resource_index
creating /home/vboxuser/turtlebot3_ws/install/proy_eq1_slam/share/ament_index/resource_index/packages
copying resource/proy_eq1_slam -> /home/vboxuser/turtlebot3_ws/install/proy_eq1_slam/share/ament_index/resource_index/packages
copying package.xml -> /home/vboxuser/turtlebot3_ws/install/proy_eq1_slam/share/proy_eq1_slam
creating /home/vboxuser/turtlebot3_ws/install/proy_eq1_slam/share/proy_eq1_slam/map
creating /home/vboxuser/turtlebot3_ws/install/proy_eq1_slam/share/proy_eq1_slam/rviz
creating /home/vboxuser/turtlebot3_ws/install/proy_eq1_slam/share/proy_eq1_slam/launch
copying launch/proy_eq1_slam.launch.py -> /home/vboxuser/turtlebot3_ws/install/proy_eq1_slam/share/proy_eq1_slam/launch
creating /home/vboxuser/turtlebot3_ws/install/proy_eq1_slam/share/proy_eq1_slam/config
copying config/proy_eq1_slam.lua -> /home/vboxuser/turtlebot3_ws/install/proy_eq1_slam/share/proy_eq1_slam/config
running install_egg_info
Copying ../../../build/proy_eq1_slam/proy_eq1_slam.egg-info to /home/vboxuser/turtlebot3_ws/install/proy_eq1_slam/lib/python3.8/site-packages/proy_eq1_slam-0.0.0-py3.8.egg-info
running install_scripts
writing list of installed files to '/home/vboxuser/turtlebot3_ws/build/proy_eq1_slam/install.log'
