[0.000000] (-) TimerEvent: {}
[0.000328] (-) JobUnselected: {'identifier': 'custom_interface'}
[0.000345] (-) JobUnselected: {'identifier': 'custom_interface'}
[0.000359] (-) JobUnselected: {'identifier': 'movimiento_manual_service'}
[0.000371] (-) JobUnselected: {'identifier': 'my_first_action'}
[0.000382] (-) JobUnselected: {'identifier': 'my_first_node'}
[0.000394] (-) JobUnselected: {'identifier': 'my_first_publisher'}
[0.000405] (-) JobUnselected: {'identifier': 'my_first_subscriber'}
[0.000415] (-) JobUnselected: {'identifier': 'my_world'}
[0.000426] (-) JobUnselected: {'identifier': 'proy_asun'}
[0.000436] (-) JobUnselected: {'identifier': 'proy_eq1_nav_manual'}
[0.000447] (-) JobUnselected: {'identifier': 'show_msg'}
[0.000457] (-) JobUnselected: {'identifier': 'turtlebot3_fake_node'}
[0.000468] (-) JobUnselected: {'identifier': 'turtlebot3_gazebo'}
[0.000479] (-) JobUnselected: {'identifier': 'turtlebot3_simulations'}
[0.000491] (proy_eq1) JobQueued: {'identifier': 'proy_eq1', 'dependencies': OrderedDict([('custom_interface', '/home/vboxuser/turtlebot3_ws/install/custom_interface'), ('proy_eq1_nav_manual', '/home/vboxuser/turtlebot3_ws/install/proy_eq1_nav_manual')])}
[0.000866] (proy_eq1) JobStarted: {'identifier': 'proy_eq1'}
[0.100521] (-) TimerEvent: {}
[0.201733] (-) TimerEvent: {}
[0.212558] (proy_eq1) JobEnded: {'identifier': 'proy_eq1', 'rc': 1}
[0.224285] (-) EventReactorShutdown: {}
