[0.822s] Invoking command in '/home/vboxuser/turtlebot3_ws/src/show_msg': PYTHONPATH=/home/vboxuser/turtlebot3_ws/build/show_msg/prefix_override:/home/vboxuser/turtlebot3_ws/install/show_msg/lib/python3.8/site-packages:${PYTHONPATH} /usr/bin/python3 setup.py egg_info --egg-base ../../build/show_msg build --build-base /home/vboxuser/turtlebot3_ws/build/show_msg/build install --record /home/vboxuser/turtlebot3_ws/build/show_msg/install.log --single-version-externally-managed
[0.993s] running egg_info
[0.994s] writing ../../build/show_msg/show_msg.egg-info/PKG-INFO
[0.994s] writing dependency_links to ../../build/show_msg/show_msg.egg-info/dependency_links.txt
[0.994s] writing entry points to ../../build/show_msg/show_msg.egg-info/entry_points.txt
[0.995s] writing requirements to ../../build/show_msg/show_msg.egg-info/requires.txt
[0.995s] writing top-level names to ../../build/show_msg/show_msg.egg-info/top_level.txt
[1.021s] reading manifest file '../../build/show_msg/show_msg.egg-info/SOURCES.txt'
[1.022s] writing manifest file '../../build/show_msg/show_msg.egg-info/SOURCES.txt'
[1.022s] running build
[1.022s] running build_py
[1.022s] copying show_msg/show_msg.py -> /home/vboxuser/turtlebot3_ws/build/show_msg/build/lib/show_msg
[1.022s] running install
[1.023s] running install_lib
[1.024s] copying /home/vboxuser/turtlebot3_ws/build/show_msg/build/lib/show_msg/show_msg.py -> /home/vboxuser/turtlebot3_ws/install/show_msg/lib/python3.8/site-packages/show_msg
[1.025s] byte-compiling /home/vboxuser/turtlebot3_ws/install/show_msg/lib/python3.8/site-packages/show_msg/show_msg.py to show_msg.cpython-38.pyc
[1.025s] running install_data
[1.026s] Sorry: TabError: inconsistent use of tabs and spaces in indentation (show_msg.py, line 14)
[1.026s] running install_egg_info
[1.027s] removing '/home/vboxuser/turtlebot3_ws/install/show_msg/lib/python3.8/site-packages/show_msg-0.0.0-py3.8.egg-info' (and everything under it)
[1.027s] Copying ../../build/show_msg/show_msg.egg-info to /home/vboxuser/turtlebot3_ws/install/show_msg/lib/python3.8/site-packages/show_msg-0.0.0-py3.8.egg-info
[1.028s] running install_scripts
[1.042s] Installing show_msg script to /home/vboxuser/turtlebot3_ws/install/show_msg/lib/show_msg
[1.042s] writing list of installed files to '/home/vboxuser/turtlebot3_ws/build/show_msg/install.log'
[1.057s] Invoked command in '/home/vboxuser/turtlebot3_ws/src/show_msg' returned '0': PYTHONPATH=/home/vboxuser/turtlebot3_ws/build/show_msg/prefix_override:/home/vboxuser/turtlebot3_ws/install/show_msg/lib/python3.8/site-packages:${PYTHONPATH} /usr/bin/python3 setup.py egg_info --egg-base ../../build/show_msg build --build-base /home/vboxuser/turtlebot3_ws/build/show_msg/build install --record /home/vboxuser/turtlebot3_ws/build/show_msg/install.log --single-version-externally-managed
