[0.805s] Invoking command in '/home/vboxuser/turtlebot3_ws/src/proy_eq1/proy_eq1_provide_map': PYTHONPATH=/home/vboxuser/turtlebot3_ws/build/proy_eq1_provide_map/prefix_override:/home/vboxuser/turtlebot3_ws/install/proy_eq1_provide_map/lib/python3.8/site-packages:${PYTHONPATH} /usr/bin/python3 setup.py egg_info --egg-base ../../../build/proy_eq1_provide_map build --build-base /home/vboxuser/turtlebot3_ws/build/proy_eq1_provide_map/build install --record /home/vboxuser/turtlebot3_ws/build/proy_eq1_provide_map/install.log --single-version-externally-managed
[0.977s] running egg_info
[0.977s] creating ../../../build/proy_eq1_provide_map/proy_eq1_provide_map.egg-info
[0.978s] writing ../../../build/proy_eq1_provide_map/proy_eq1_provide_map.egg-info/PKG-INFO
[0.978s] writing dependency_links to ../../../build/proy_eq1_provide_map/proy_eq1_provide_map.egg-info/dependency_links.txt
[0.978s] writing entry points to ../../../build/proy_eq1_provide_map/proy_eq1_provide_map.egg-info/entry_points.txt
[0.978s] writing requirements to ../../../build/proy_eq1_provide_map/proy_eq1_provide_map.egg-info/requires.txt
[0.978s] writing top-level names to ../../../build/proy_eq1_provide_map/proy_eq1_provide_map.egg-info/top_level.txt
[0.980s] writing manifest file '../../../build/proy_eq1_provide_map/proy_eq1_provide_map.egg-info/SOURCES.txt'
[1.005s] reading manifest file '../../../build/proy_eq1_provide_map/proy_eq1_provide_map.egg-info/SOURCES.txt'
[1.005s] writing manifest file '../../../build/proy_eq1_provide_map/proy_eq1_provide_map.egg-info/SOURCES.txt'
[1.005s] running build
[1.005s] running build_py
[1.005s] creating /home/vboxuser/turtlebot3_ws/build/proy_eq1_provide_map/build
[1.005s] creating /home/vboxuser/turtlebot3_ws/build/proy_eq1_provide_map/build/lib
[1.005s] creating /home/vboxuser/turtlebot3_ws/build/proy_eq1_provide_map/build/lib/proy_eq1_provide_map
[1.006s] copying proy_eq1_provide_map/__init__.py -> /home/vboxuser/turtlebot3_ws/build/proy_eq1_provide_map/build/lib/proy_eq1_provide_map
[1.006s] running install
[1.006s] running install_lib
[1.007s] creating /home/vboxuser/turtlebot3_ws/install/proy_eq1_provide_map/lib/python3.8/site-packages/proy_eq1_provide_map
[1.007s] copying /home/vboxuser/turtlebot3_ws/build/proy_eq1_provide_map/build/lib/proy_eq1_provide_map/__init__.py -> /home/vboxuser/turtlebot3_ws/install/proy_eq1_provide_map/lib/python3.8/site-packages/proy_eq1_provide_map
[1.008s] byte-compiling /home/vboxuser/turtlebot3_ws/install/proy_eq1_provide_map/lib/python3.8/site-packages/proy_eq1_provide_map/__init__.py to __init__.cpython-38.pyc
[1.008s] running install_data
[1.009s] creating /home/vboxuser/turtlebot3_ws/install/proy_eq1_provide_map/share/ament_index
[1.009s] creating /home/vboxuser/turtlebot3_ws/install/proy_eq1_provide_map/share/ament_index/resource_index
[1.009s] creating /home/vboxuser/turtlebot3_ws/install/proy_eq1_provide_map/share/ament_index/resource_index/packages
[1.009s] copying resource/proy_eq1_provide_map -> /home/vboxuser/turtlebot3_ws/install/proy_eq1_provide_map/share/ament_index/resource_index/packages
[1.009s] copying package.xml -> /home/vboxuser/turtlebot3_ws/install/proy_eq1_provide_map/share/proy_eq1_provide_map
[1.009s] creating /home/vboxuser/turtlebot3_ws/install/proy_eq1_provide_map/share/proy_eq1_provide_map/map
[1.009s] copying map/my_map.pgm -> /home/vboxuser/turtlebot3_ws/install/proy_eq1_provide_map/share/proy_eq1_provide_map/map
[1.010s] copying map/my_map.yaml -> /home/vboxuser/turtlebot3_ws/install/proy_eq1_provide_map/share/proy_eq1_provide_map/map
[1.010s] creating /home/vboxuser/turtlebot3_ws/install/proy_eq1_provide_map/share/proy_eq1_provide_map/rviz
[1.010s] copying rviz/tb3_gazebo.rviz -> /home/vboxuser/turtlebot3_ws/install/proy_eq1_provide_map/share/proy_eq1_provide_map/rviz
[1.010s] creating /home/vboxuser/turtlebot3_ws/install/proy_eq1_provide_map/share/proy_eq1_provide_map/launch
[1.010s] copying launch/proy_eq1_provide_map.launch.py -> /home/vboxuser/turtlebot3_ws/install/proy_eq1_provide_map/share/proy_eq1_provide_map/launch
[1.010s] running install_egg_info
[1.011s] Copying ../../../build/proy_eq1_provide_map/proy_eq1_provide_map.egg-info to /home/vboxuser/turtlebot3_ws/install/proy_eq1_provide_map/lib/python3.8/site-packages/proy_eq1_provide_map-0.0.0-py3.8.egg-info
[1.011s] running install_scripts
[1.026s] writing list of installed files to '/home/vboxuser/turtlebot3_ws/build/proy_eq1_provide_map/install.log'
[1.043s] Invoked command in '/home/vboxuser/turtlebot3_ws/src/proy_eq1/proy_eq1_provide_map' returned '0': PYTHONPATH=/home/vboxuser/turtlebot3_ws/build/proy_eq1_provide_map/prefix_override:/home/vboxuser/turtlebot3_ws/install/proy_eq1_provide_map/lib/python3.8/site-packages:${PYTHONPATH} /usr/bin/python3 setup.py egg_info --egg-base ../../../build/proy_eq1_provide_map build --build-base /home/vboxuser/turtlebot3_ws/build/proy_eq1_provide_map/build install --record /home/vboxuser/turtlebot3_ws/build/proy_eq1_provide_map/install.log --single-version-externally-managed
