[100%] Built target turtlebot3_drive
-- Install configuration: ""
-- Up-to-date: /home/vboxuser/turtlebot3_ws/install/proy_eq1_mundo/lib/proy_eq1_mundo/turtlebot3_drive
-- Up-to-date: /home/vboxuser/turtlebot3_ws/install/proy_eq1_mundo/share/proy_eq1_mundo//launch
-- Up-to-date: /home/vboxuser/turtlebot3_ws/install/proy_eq1_mundo/share/proy_eq1_mundo//launch/turtlebot3_my_world.launch.py
-- Up-to-date: /home/vboxuser/turtlebot3_ws/install/proy_eq1_mundo/share/proy_eq1_mundo//launch/view_hospital.launch
-- Up-to-date: /home/vboxuser/turtlebot3_ws/install/proy_eq1_mundo/share/proy_eq1_mundo//launch/hospital.launch
-- Up-to-date: /home/vboxuser/turtlebot3_ws/install/proy_eq1_mundo/share/proy_eq1_mundo//models
-- Up-to-date: /home/vboxuser/turtlebot3_ws/install/proy_eq1_mundo/share/proy_eq1_mundo//models/aws_robomaker_residential_PortraitE_01
-- Up-to-date: /home/vboxuser/turtlebot3_ws/install/proy_eq1_mundo/share/proy_eq1_mundo//models/aws_robomaker_residential_PortraitE_01/materials
-- Up-to-date: /home/vboxuser/turtlebot3_ws/install/proy_eq1_mundo/share/proy_eq1_mundo//models/aws_robomaker_residential_PortraitE_01/materials/textures
-- Installing: /home/vboxuser/turtlebot3_ws/install/proy_eq1_mundo/share/proy_eq1_mundo//models/aws_robomaker_residential_PortraitE_01/materials/textures/aws_PortraitE_02.png
-- Installing: /home/vboxuser/turtlebot3_ws/install/proy_eq1_mundo/share/proy_eq1_mundo//models/aws_robomaker_residential_PortraitE_01/materials/textures/aws_PortraitE_01.png
-- Up-to-date: /home/vboxuser/turtlebot3_ws/install/proy_eq1_mundo/share/proy_eq1_mundo//models/aws_robomaker_residential_PortraitE_01/meshes
-- Installing: /home/vboxuser/turtlebot3_ws/install/proy_eq1_mundo/share/proy_eq1_mundo//models/aws_robomaker_residential_PortraitE_01/meshes/aws_PortraitE_01_visual.DAE
-- Installing: /home/vboxuser/turtlebot3_ws/install/proy_eq1_mundo/share/proy_eq1_mundo//models/aws_robomaker_residential_PortraitE_01/meshes/aws_PortraitE_01_collision.DAE
-- Installing: /home/vboxuser/turtlebot3_ws/install/proy_eq1_mundo/share/proy_eq1_mundo//models/aws_robomaker_residential_PortraitE_01/model.config
-- Installing: /home/vboxuser/turtlebot3_ws/install/proy_eq1_mundo/share/proy_eq1_mundo//models/aws_robomaker_residential_PortraitE_01/model.sdf
-- Up-to-date: /home/vboxuser/turtlebot3_ws/install/proy_eq1_mundo/share/proy_eq1_mundo//models/willowgarage
-- Up-to-date: /home/vboxuser/turtlebot3_ws/install/proy_eq1_mundo/share/proy_eq1_mundo//models/willowgarage/model-1_3.sdf
-- Up-to-date: /home/vboxuser/turtlebot3_ws/install/proy_eq1_mundo/share/proy_eq1_mundo//models/willowgarage/materials
-- Up-to-date: /home/vboxuser/turtlebot3_ws/install/proy_eq1_mundo/share/proy_eq1_mundo//models/willowgarage/materials/textures
-- Up-to-date: /home/vboxuser/turtlebot3_ws/install/proy_eq1_mundo/share/proy_eq1_mundo//models/willowgarage/materials/textures/Wood_Bamboo_Medium_.png
-- Up-to-date: /home/vboxuser/turtlebot3_ws/install/proy_eq1_mundo/share/proy_eq1_mundo//models/willowgarage/materials/textures/Carpet_Berber_Pattern_Gray_.png
-- Up-to-date: /home/vboxuser/turtlebot3_ws/install/proy_eq1_mundo/share/proy_eq1_mundo//models/willowgarage/materials/textures/__auto_2.png
-- Up-to-date: /home/vboxuser/turtlebot3_ws/install/proy_eq1_mundo/share/proy_eq1_mundo//models/willowgarage/materials/textures/__auto_12.png
-- Up-to-date: /home/vboxuser/turtlebot3_ws/install/proy_eq1_mundo/share/proy_eq1_mundo//models/willowgarage/materials/textures/__Wood_Bamboo_Medium_1.png
-- Up-to-date: /home/vboxuser/turtlebot3_ws/install/proy_eq1_mundo/share/proy_eq1_mundo//models/willowgarage/materials/textures/Stone_Brushed_Khaki_.png
-- Up-to-date: /home/vboxuser/turtlebot3_ws/install/proy_eq1_mundo/share/proy_eq1_mundo//models/willowgarage/materials/textures/Wood_Cherry_Original_.png
-- Up-to-date: /home/vboxuser/turtlebot3_ws/install/proy_eq1_mundo/share/proy_eq1_mundo//models/willowgarage/meshes
-- Up-to-date: /home/vboxuser/turtlebot3_ws/install/proy_eq1_mundo/share/proy_eq1_mundo//models/willowgarage/meshes/willowgarage_visual.dae
-- Up-to-date: /home/vboxuser/turtlebot3_ws/install/proy_eq1_mundo/share/proy_eq1_mundo//models/willowgarage/meshes/willowgarage_collision.dae
-- Up-to-date: /home/vboxuser/turtlebot3_ws/install/proy_eq1_mundo/share/proy_eq1_mundo//models/willowgarage/model-1_4.sdf
-- Up-to-date: /home/vboxuser/turtlebot3_ws/install/proy_eq1_mundo/share/proy_eq1_mundo//models/willowgarage/model.config
-- Up-to-date: /home/vboxuser/turtlebot3_ws/install/proy_eq1_mundo/share/proy_eq1_mundo//models/willowgarage/model-1_2.sdf
-- Up-to-date: /home/vboxuser/turtlebot3_ws/install/proy_eq1_mundo/share/proy_eq1_mundo//models/willowgarage/model.sdf
-- Up-to-date: /home/vboxuser/turtlebot3_ws/install/proy_eq1_mundo/share/proy_eq1_mundo//models/aws_robomaker_residential_Trash_01
-- Up-to-date: /home/vboxuser/turtlebot3_ws/install/proy_eq1_mundo/share/proy_eq1_mundo//models/aws_robomaker_residential_Trash_01/materials
-- Up-to-date: /home/vboxuser/turtlebot3_ws/install/proy_eq1_mundo/share/proy_eq1_mundo//models/aws_robomaker_residential_Trash_01/materials/textures
-- Installing: /home/vboxuser/turtlebot3_ws/install/proy_eq1_mundo/share/proy_eq1_mundo//models/aws_robomaker_residential_Trash_01/materials/textures/aws_Trash_01.png
-- Up-to-date: /home/vboxuser/turtlebot3_ws/install/proy_eq1_mundo/share/proy_eq1_mundo//models/aws_robomaker_residential_Trash_01/meshes
-- Installing: /home/vboxuser/turtlebot3_ws/install/proy_eq1_mundo/share/proy_eq1_mundo//models/aws_robomaker_residential_Trash_01/meshes/aws_Trash_01_visual.DAE
-- Installing: /home/vboxuser/turtlebot3_ws/install/proy_eq1_mundo/share/proy_eq1_mundo//models/aws_robomaker_residential_Trash_01/meshes/aws_Trash_01_collision.DAE
-- Installing: /home/vboxuser/turtlebot3_ws/install/proy_eq1_mundo/share/proy_eq1_mundo//models/aws_robomaker_residential_Trash_01/model.config
-- Installing: /home/vboxuser/turtlebot3_ws/install/proy_eq1_mundo/share/proy_eq1_mundo//models/aws_robomaker_residential_Trash_01/model.sdf
-- Up-to-date: /home/vboxuser/turtlebot3_ws/install/proy_eq1_mundo/share/proy_eq1_mundo//models/kitchen_dining
-- Up-to-date: /home/vboxuser/turtlebot3_ws/install/proy_eq1_mundo/share/proy_eq1_mundo//models/kitchen_dining/model-1_3.sdf
-- Up-to-date: /home/vboxuser/turtlebot3_ws/install/proy_eq1_mundo/share/proy_eq1_mundo//models/kitchen_dining/materials
-- Up-to-date: /home/vboxuser/turtlebot3_ws/install/proy_eq1_mundo/share/proy_eq1_mundo//models/kitchen_dining/materials/textures
-- Up-to-date: /home/vboxuser/turtlebot3_ws/install/proy_eq1_mundo/share/proy_eq1_mundo//models/kitchen_dining/materials/textures/__auto_38.png
-- Up-to-date: /home/vboxuser/turtlebot3_ws/install/proy_eq1_mundo/share/proy_eq1_mundo//models/kitchen_dining/materials/textures/__auto_22.png
-- Up-to-date: /home/vboxuser/turtlebot3_ws/install/proy_eq1_mundo/share/proy_eq1_mundo//models/kitchen_dining/materials/textures/__auto_66.png
-- Up-to-date: /home/vboxuser/turtlebot3_ws/install/proy_eq1_mundo/share/proy_eq1_mundo//models/kitchen_dining/materials/textures/__auto_18.png
-- Up-to-date: /home/vboxuser/turtlebot3_ws/install/proy_eq1_mundo/share/proy_eq1_mundo//models/kitchen_dining/materials/textures/__auto_21.png
-- Up-to-date: /home/vboxuser/turtlebot3_ws/install/proy_eq1_mundo/share/proy_eq1_mundo//models/kitchen_dining/materials/textures/__auto_8.png
-- Up-to-date: /home/vboxuser/turtlebot3_ws/install/proy_eq1_mundo/share/proy_eq1_mundo//models/kitchen_dining/materials/textures/__auto_30.png
-- Up-to-date: /home/vboxuser/turtlebot3_ws/install/proy_eq1_mundo/share/proy_eq1_mundo//models/kitchen_dining/materials/textures/__auto_41.png
-- Up-to-date: /home/vboxuser/turtlebot3_ws/install/proy_eq1_mundo/share/proy_eq1_mundo//models/kitchen_dining/materials/textures/__auto_53.png
-- Up-to-date: /home/vboxuser/turtlebot3_ws/install/proy_eq1_mundo/share/proy_eq1_mundo//models/kitchen_dining/materials/textures/__auto_60.png
-- Up-to-date: /home/vboxuser/turtlebot3_ws/install/proy_eq1_mundo/share/proy_eq1_mundo//models/kitchen_dining/materials/textures/__auto_40.png
-- Up-to-date: /home/vboxuser/turtlebot3_ws/install/proy_eq1_mundo/share/proy_eq1_mundo//models/kitchen_dining/materials/textures/__auto_47.png
-- Up-to-date: /home/vboxuser/turtlebot3_ws/install/proy_eq1_mundo/share/proy_eq1_mundo//models/kitchen_dining/materials/textures/__auto_52.png
-- Up-to-date: /home/vboxuser/turtlebot3_ws/install/proy_eq1_mundo/share/proy_eq1_mundo//models/kitchen_dining/materials/textures/__auto_61.png
-- Up-to-date: /home/vboxuser/turtlebot3_ws/install/proy_eq1_mundo/share/proy_eq1_mundo//models/kitchen_dining/materials/textures/__auto_50.png
-- Up-to-date: /home/vboxuser/turtlebot3_ws/install/proy_eq1_mundo/share/proy_eq1_mundo//models/kitchen_dining/materials/textures/__auto_7.png
-- Up-to-date: /home/vboxuser/turtlebot3_ws/install/proy_eq1_mundo/share/proy_eq1_mundo//models/kitchen_dining/materials/textures/__auto_2.png
-- Up-to-date: /home/vboxuser/turtlebot3_ws/install/proy_eq1_mundo/share/proy_eq1_mundo//models/kitchen_dining/materials/textures/__auto_17.png
-- Up-to-date: /home/vboxuser/turtlebot3_ws/install/proy_eq1_mundo/share/proy_eq1_mundo//models/kitchen_dining/materials/textures/__auto_51.png
-- Up-to-date: /home/vboxuser/turtlebot3_ws/install/proy_eq1_mundo/share/proy_eq1_mundo//models/kitchen_dining/materials/textures/__auto_49.png
-- Up-to-date: /home/vboxuser/turtlebot3_ws/install/proy_eq1_mundo/share/proy_eq1_mundo//models/kitchen_dining/materials/textures/__auto_43.png
-- Up-to-date: /home/vboxuser/turtlebot3_ws/install/proy_eq1_mundo/share/proy_eq1_mundo//models/kitchen_dining/materials/textures/__auto_13.png
-- Up-to-date: /home/vboxuser/turtlebot3_ws/install/proy_eq1_mundo/share/proy_eq1_mundo//models/kitchen_dining/materials/textures/__auto_39.png
-- Up-to-date: /home/vboxuser/turtlebot3_ws/install/proy_eq1_mundo/share/proy_eq1_mundo//models/kitchen_dining/materials/textures/__auto_44.png
-- Up-to-date: /home/vboxuser/turtlebot3_ws/install/proy_eq1_mundo/share/proy_eq1_mundo//models/kitchen_dining/materials/textures/__auto_25.png
-- Up-to-date: /home/vboxuser/turtlebot3_ws/install/proy_eq1_mundo/share/proy_eq1_mundo//models/kitchen_dining/materials/textures/__auto_19.png
-- Up-to-date: /home/vboxuser/turtlebot3_ws/install/proy_eq1_mundo/share/proy_eq1_mundo//models/kitchen_dining/materials/textures/__auto_14.png
-- Up-to-date: /home/vboxuser/turtlebot3_ws/install/proy_eq1_mundo/share/proy_eq1_mundo//models/kitchen_dining/materials/textures/__auto_57.png
-- Up-to-date: /home/vboxuser/turtlebot3_ws/install/proy_eq1_mundo/share/proy_eq1_mundo//models/kitchen_dining/materials/textures/__auto_28.png
-- Up-to-date: /home/vboxuser/turtlebot3_ws/install/proy_eq1_mundo/share/proy_eq1_mundo//models/kitchen_dining/materials/textures/__auto_42.png
-- Up-to-date: /home/vboxuser/turtlebot3_ws/install/proy_eq1_mundo/share/proy_eq1_mundo//models/kitchen_dining/materials/textures/__auto_46.png
-- Up-to-date: /home/vboxuser/turtlebot3_ws/install/proy_eq1_mundo/share/proy_eq1_mundo//models/kitchen_dining/materials/textures/__auto_45.png
-- Up-to-date: /home/vboxuser/turtlebot3_ws/install/proy_eq1_mundo/share/proy_eq1_mundo//models/kitchen_dining/materials/textures/__auto_9.png
-- Up-to-date: /home/vboxuser/turtlebot3_ws/install/proy_eq1_mundo/share/proy_eq1_mundo//models/kitchen_dining/materials/textures/__auto_29.png
-- Up-to-date: /home/vboxuser/turtlebot3_ws/install/proy_eq1_mundo/share/proy_eq1_mundo//models/kitchen_dining/materials/textures/__auto_64.png
-- Up-to-date: /home/vboxuser/turtlebot3_ws/install/proy_eq1_mundo/share/proy_eq1_mundo//models/kitchen_dining/materials/textures/__auto_20.png
-- Up-to-date: /home/vboxuser/turtlebot3_ws/install/proy_eq1_mundo/share/proy_eq1_mundo//models/kitchen_dining/materials/textures/__auto_24.png
-- Up-to-date: /home/vboxuser/turtlebot3_ws/install/proy_eq1_mundo/share/proy_eq1_mundo//models/kitchen_dining/materials/textures/__auto_1.png
-- Up-to-date: /home/vboxuser/turtlebot3_ws/install/proy_eq1_mundo/share/proy_eq1_mundo//models/kitchen_dining/materials/textures/__auto_56.png
-- Up-to-date: /home/vboxuser/turtlebot3_ws/install/proy_eq1_mundo/share/proy_eq1_mundo//models/kitchen_dining/materials/textures/__auto_16.png
-- Up-to-date: /home/vboxuser/turtlebot3_ws/install/proy_eq1_mundo/share/proy_eq1_mundo//models/kitchen_dining/materials/textures/__auto_59.png
-- Up-to-date: /home/vboxuser/turtlebot3_ws/install/proy_eq1_mundo/share/proy_eq1_mundo//models/kitchen_dining/materials/textures/__auto_69.png
-- Up-to-date: /home/vboxuser/turtlebot3_ws/install/proy_eq1_mundo/share/proy_eq1_mundo//models/kitchen_dining/meshes
-- Up-to-date: /home/vboxuser/turtlebot3_ws/install/proy_eq1_mundo/share/proy_eq1_mundo//models/kitchen_dining/meshes/kitchen_dining.dae
-- Up-to-date: /home/vboxuser/turtlebot3_ws/install/proy_eq1_mundo/share/proy_eq1_mundo//models/kitchen_dining/model-1_4.sdf
-- Up-to-date: /home/vboxuser/turtlebot3_ws/install/proy_eq1_mundo/share/proy_eq1_mundo//models/kitchen_dining/model.config
-- Up-to-date: /home/vboxuser/turtlebot3_ws/install/proy_eq1_mundo/share/proy_eq1_mundo//models/kitchen_dining/model.sdf
-- Up-to-date: /home/vboxuser/turtlebot3_ws/install/proy_eq1_mundo/share/proy_eq1_mundo//models/cafe
-- Up-to-date: /home/vboxuser/turtlebot3_ws/install/proy_eq1_mundo/share/proy_eq1_mundo//models/cafe/materials
-- Up-to-date: /home/vboxuser/turtlebot3_ws/install/proy_eq1_mundo/share/proy_eq1_mundo//models/cafe/materials/textures
-- Up-to-date: /home/vboxuser/turtlebot3_ws/install/proy_eq1_mundo/share/proy_eq1_mundo//models/cafe/materials/textures/__auto_37.jpg
-- Up-to-date: /home/vboxuser/turtlebot3_ws/install/proy_eq1_mundo/share/proy_eq1_mundo//models/cafe/materials/textures/__auto_22.jpg
-- Up-to-date: /home/vboxuser/turtlebot3_ws/install/proy_eq1_mundo/share/proy_eq1_mundo//models/cafe/materials/textures/__auto_35.jpg
-- Up-to-date: /home/vboxuser/turtlebot3_ws/install/proy_eq1_mundo/share/proy_eq1_mundo//models/cafe/materials/textures/__auto_30.jpg
-- Up-to-date: /home/vboxuser/turtlebot3_ws/install/proy_eq1_mundo/share/proy_eq1_mundo//models/cafe/materials/textures/__auto_29.jpg
-- Up-to-date: /home/vboxuser/turtlebot3_ws/install/proy_eq1_mundo/share/proy_eq1_mundo//models/cafe/materials/textures/__auto_31.jpg
-- Up-to-date: /home/vboxuser/turtlebot3_ws/install/proy_eq1_mundo/share/proy_eq1_mundo//models/cafe/materials/textures/__auto_28.jpg
-- Up-to-date: /home/vboxuser/turtlebot3_ws/install/proy_eq1_mundo/share/proy_eq1_mundo//models/cafe/materials/textures/__auto_23.jpg
-- Up-to-date: /home/vboxuser/turtlebot3_ws/install/proy_eq1_mundo/share/proy_eq1_mundo//models/cafe/materials/textures/__auto_21.jpg
-- Up-to-date: /home/vboxuser/turtlebot3_ws/install/proy_eq1_mundo/share/proy_eq1_mundo//models/cafe/materials/textures/__auto_2.jpg
-- Up-to-date: /home/vboxuser/turtlebot3_ws/install/proy_eq1_mundo/share/proy_eq1_mundo//models/cafe/materials/textures/__auto_10.jpg
-- Up-to-date: /home/vboxuser/turtlebot3_ws/install/proy_eq1_mundo/share/proy_eq1_mundo//models/cafe/materials/textures/__auto_25.jpg
-- Up-to-date: /home/vboxuser/turtlebot3_ws/install/proy_eq1_mundo/share/proy_eq1_mundo//models/cafe/materials/textures/__auto_24.jpg
-- Up-to-date: /home/vboxuser/turtlebot3_ws/install/proy_eq1_mundo/share/proy_eq1_mundo//models/cafe/materials/textures/__auto_34.jpg
-- Up-to-date: /home/vboxuser/turtlebot3_ws/install/proy_eq1_mundo/share/proy_eq1_mundo//models/cafe/materials/textures/__auto_26.jpg
-- Up-to-date: /home/vboxuser/turtlebot3_ws/install/proy_eq1_mundo/share/proy_eq1_mundo//models/cafe/meshes
-- Up-to-date: /home/vboxuser/turtlebot3_ws/install/proy_eq1_mundo/share/proy_eq1_mundo//models/cafe/meshes/cafe.dae
-- Up-to-date: /home/vboxuser/turtlebot3_ws/install/proy_eq1_mundo/share/proy_eq1_mundo//models/cafe/model.config
-- Up-to-date: /home/vboxuser/turtlebot3_ws/install/proy_eq1_mundo/share/proy_eq1_mundo//models/cafe/model.sdf
-- Up-to-date: /home/vboxuser/turtlebot3_ws/install/proy_eq1_mundo/share/proy_eq1_mundo//models/aws_robomaker_hospital_ramp_01
-- Up-to-date: /home/vboxuser/turtlebot3_ws/install/proy_eq1_mundo/share/proy_eq1_mundo//models/aws_robomaker_hospital_ramp_01/meshes
-- Installing: /home/vboxuser/turtlebot3_ws/install/proy_eq1_mundo/share/proy_eq1_mundo//models/aws_robomaker_hospital_ramp_01/meshes/aws_robomaker_hospital_ramp_01_visual.dae
-- Installing: /home/vboxuser/turtlebot3_ws/install/proy_eq1_mundo/share/proy_eq1_mundo//models/aws_robomaker_hospital_ramp_01/meshes/aws_robomaker_hospital_ramp_01_normal.png
-- Installing: /home/vboxuser/turtlebot3_ws/install/proy_eq1_mundo/share/proy_eq1_mundo//models/aws_robomaker_hospital_ramp_01/meshes/aws_robomaker_hospital_ramp_01_collision.dae
-- Installing: /home/vboxuser/turtlebot3_ws/install/proy_eq1_mundo/share/proy_eq1_mundo//models/aws_robomaker_hospital_ramp_01/meshes/aws_robomaker_hospital_ramp_01.png
-- Installing: /home/vboxuser/turtlebot3_ws/install/proy_eq1_mundo/share/proy_eq1_mundo//models/aws_robomaker_hospital_ramp_01/model.config
-- Installing: /home/vboxuser/turtlebot3_ws/install/proy_eq1_mundo/share/proy_eq1_mundo//models/aws_robomaker_hospital_ramp_01/model.sdf
-- Up-to-date: /home/vboxuser/turtlebot3_ws/install/proy_eq1_mundo/share/proy_eq1_mundo//models/doguinho
-- Up-to-date: /home/vboxuser/turtlebot3_ws/install/proy_eq1_mundo/share/proy_eq1_mundo//models/doguinho/meshes
-- Up-to-date: /home/vboxuser/turtlebot3_ws/install/proy_eq1_mundo/share/proy_eq1_mundo//models/doguinho/meshes/Doguinho_low_poly_doguinho_uv_Roughness.png
-- Up-to-date: /home/vboxuser/turtlebot3_ws/install/proy_eq1_mundo/share/proy_eq1_mundo//models/doguinho/meshes/Doguinho_low_poly_doguinho_uv_Normal.png
-- Up-to-date: /home/vboxuser/turtlebot3_ws/install/proy_eq1_mundo/share/proy_eq1_mundo//models/doguinho/meshes/Doguinho_low_poly_doguinho_uv_BaseColor.png
-- Up-to-date: /home/vboxuser/turtlebot3_ws/install/proy_eq1_mundo/share/proy_eq1_mundo//models/doguinho/meshes/Doguinho_low_poly_doguinho_uv_Metallic.png
-- Up-to-date: /home/vboxuser/turtlebot3_ws/install/proy_eq1_mundo/share/proy_eq1_mundo//models/doguinho/meshes/Doguinho_low_poly_doguinho_uv_Height.png
-- Up-to-date: /home/vboxuser/turtlebot3_ws/install/proy_eq1_mundo/share/proy_eq1_mundo//models/doguinho/meshes/doguinho.dae
-- Up-to-date: /home/vboxuser/turtlebot3_ws/install/proy_eq1_mundo/share/proy_eq1_mundo//models/doguinho/model.config
-- Up-to-date: /home/vboxuser/turtlebot3_ws/install/proy_eq1_mundo/share/proy_eq1_mundo//models/doguinho/model.sdf
-- Up-to-date: /home/vboxuser/turtlebot3_ws/install/proy_eq1_mundo/share/proy_eq1_mundo//models/aws_robomaker_residential_TV_02
-- Up-to-date: /home/vboxuser/turtlebot3_ws/install/proy_eq1_mundo/share/proy_eq1_mundo//models/aws_robomaker_residential_TV_02/materials
-- Up-to-date: /home/vboxuser/turtlebot3_ws/install/proy_eq1_mundo/share/proy_eq1_mundo//models/aws_robomaker_residential_TV_02/materials/textures
-- Installing: /home/vboxuser/turtlebot3_ws/install/proy_eq1_mundo/share/proy_eq1_mundo//models/aws_robomaker_residential_TV_02/materials/textures/aws_TV_01.png
-- Up-to-date: /home/vboxuser/turtlebot3_ws/install/proy_eq1_mundo/share/proy_eq1_mundo//models/aws_robomaker_residential_TV_02/meshes
-- Installing: /home/vboxuser/turtlebot3_ws/install/proy_eq1_mundo/share/proy_eq1_mundo//models/aws_robomaker_residential_TV_02/meshes/aws_TV_01_visual.DAE
-- Installing: /home/vboxuser/turtlebot3_ws/install/proy_eq1_mundo/share/proy_eq1_mundo//models/aws_robomaker_residential_TV_02/meshes/aws_TV_01_collision.DAE
-- Installing: /home/vboxuser/turtlebot3_ws/install/proy_eq1_mundo/share/proy_eq1_mundo//models/aws_robomaker_residential_TV_02/model.config
-- Installing: /home/vboxuser/turtlebot3_ws/install/proy_eq1_mundo/share/proy_eq1_mundo//models/aws_robomaker_residential_TV_02/model.sdf
-- Up-to-date: /home/vboxuser/turtlebot3_ws/install/proy_eq1_mundo/share/proy_eq1_mundo//models/ej0vwvf0j8jk-lowpolycat
-- Up-to-date: /home/vboxuser/turtlebot3_ws/install/proy_eq1_mundo/share/proy_eq1_mundo//models/drc_practice_ball_valve
-- Up-to-date: /home/vboxuser/turtlebot3_ws/install/proy_eq1_mundo/share/proy_eq1_mundo//models/drc_practice_ball_valve/materials
-- Up-to-date: /home/vboxuser/turtlebot3_ws/install/proy_eq1_mundo/share/proy_eq1_mundo//models/drc_practice_ball_valve/materials/textures
-- Up-to-date: /home/vboxuser/turtlebot3_ws/install/proy_eq1_mundo/share/proy_eq1_mundo//models/drc_practice_ball_valve/materials/textures/Metal_Rough.png
-- Up-to-date: /home/vboxuser/turtlebot3_ws/install/proy_eq1_mundo/share/proy_eq1_mundo//models/drc_practice_ball_valve/meshes
-- Up-to-date: /home/vboxuser/turtlebot3_ws/install/proy_eq1_mundo/share/proy_eq1_mundo//models/drc_practice_ball_valve/meshes/attachment.dae
-- Up-to-date: /home/vboxuser/turtlebot3_ws/install/proy_eq1_mundo/share/proy_eq1_mundo//models/drc_practice_ball_valve/meshes/ball_valve.dae
-- Up-to-date: /home/vboxuser/turtlebot3_ws/install/proy_eq1_mundo/share/proy_eq1_mundo//models/drc_practice_ball_valve/model-1_4.sdf
-- Up-to-date: /home/vboxuser/turtlebot3_ws/install/proy_eq1_mundo/share/proy_eq1_mundo//models/drc_practice_ball_valve/model.config
-- Up-to-date: /home/vboxuser/turtlebot3_ws/install/proy_eq1_mundo/share/proy_eq1_mundo//models/drc_practice_ball_valve/model.sdf
-- Up-to-date: /home/vboxuser/turtlebot3_ws/install/proy_eq1_mundo/share/proy_eq1_mundo//models/aws_robomaker_residential_PortraitB_03
-- Up-to-date: /home/vboxuser/turtlebot3_ws/install/proy_eq1_mundo/share/proy_eq1_mundo//models/aws_robomaker_residential_PortraitB_03/materials
-- Up-to-date: /home/vboxuser/turtlebot3_ws/install/proy_eq1_mundo/share/proy_eq1_mundo//models/aws_robomaker_residential_PortraitB_03/materials/textures
-- Installing: /home/vboxuser/turtlebot3_ws/install/proy_eq1_mundo/share/proy_eq1_mundo//models/aws_robomaker_residential_PortraitB_03/materials/textures/aws_PortraitB_02.png
-- Installing: /home/vboxuser/turtlebot3_ws/install/proy_eq1_mundo/share/proy_eq1_mundo//models/aws_robomaker_residential_PortraitB_03/materials/textures/aws_PortraitB_01.png
-- Up-to-date: /home/vboxuser/turtlebot3_ws/install/proy_eq1_mundo/share/proy_eq1_mundo//models/aws_robomaker_residential_PortraitB_03/meshes
-- Installing: /home/vboxuser/turtlebot3_ws/install/proy_eq1_mundo/share/proy_eq1_mundo//models/aws_robomaker_residential_PortraitB_03/meshes/aws_PortraitB_01_collision.DAE
-- Installing: /home/vboxuser/turtlebot3_ws/install/proy_eq1_mundo/share/proy_eq1_mundo//models/aws_robomaker_residential_PortraitB_03/meshes/aws_PortraitB_01_visual.DAE
-- Installing: /home/vboxuser/turtlebot3_ws/install/proy_eq1_mundo/share/proy_eq1_mundo//models/aws_robomaker_residential_PortraitB_03/model.config
-- Installing: /home/vboxuser/turtlebot3_ws/install/proy_eq1_mundo/share/proy_eq1_mundo//models/aws_robomaker_residential_PortraitB_03/model.sdf
-- Up-to-date: /home/vboxuser/turtlebot3_ws/install/proy_eq1_mundo/share/proy_eq1_mundo//models/bobeye
-- Up-to-date: /home/vboxuser/turtlebot3_ws/install/proy_eq1_mundo/share/proy_eq1_mundo//models/bobeye/meshes
-- Up-to-date: /home/vboxuser/turtlebot3_ws/install/proy_eq1_mundo/share/proy_eq1_mundo//models/bobeye/meshes/bobeye.png
-- Up-to-date: /home/vboxuser/turtlebot3_ws/install/proy_eq1_mundo/share/proy_eq1_mundo//models/bobeye/meshes/shoes03_diffuse.png
-- Up-to-date: /home/vboxuser/turtlebot3_ws/install/proy_eq1_mundo/share/proy_eq1_mundo//models/bobeye/meshes/young_darkskinned_male_diffuse.png
-- Up-to-date: /home/vboxuser/turtlebot3_ws/install/proy_eq1_mundo/share/proy_eq1_mundo//models/bobeye/meshes/bobeye.dae
-- Up-to-date: /home/vboxuser/turtlebot3_ws/install/proy_eq1_mundo/share/proy_eq1_mundo//models/bobeye/meshes/eyebrow001.png
-- Up-to-date: /home/vboxuser/turtlebot3_ws/install/proy_eq1_mundo/share/proy_eq1_mundo//models/bobeye/meshes/male_casualsuit03_diffuse.png
-- Up-to-date: /home/vboxuser/turtlebot3_ws/install/proy_eq1_mundo/share/proy_eq1_mundo//models/bobeye/meshes/male_casualsuit03_normal.png
-- Up-to-date: /home/vboxuser/turtlebot3_ws/install/proy_eq1_mundo/share/proy_eq1_mundo//models/bobeye/meshes/bobeyev2.dae
-- Up-to-date: /home/vboxuser/turtlebot3_ws/install/proy_eq1_mundo/share/proy_eq1_mundo//models/bobeye/meshes/brown_eye.png
-- Up-to-date: /home/vboxuser/turtlebot3_ws/install/proy_eq1_mundo/share/proy_eq1_mundo//models/bobeye/meshes/tongue01_diffuse.png
-- Up-to-date: /home/vboxuser/turtlebot3_ws/install/proy_eq1_mundo/share/proy_eq1_mundo//models/bobeye/meshes/teeth.png
-- Up-to-date: /home/vboxuser/turtlebot3_ws/install/proy_eq1_mundo/share/proy_eq1_mundo//models/bobeye/model.config
-- Up-to-date: /home/vboxuser/turtlebot3_ws/install/proy_eq1_mundo/share/proy_eq1_mundo//models/bobeye/model.sdf
-- Up-to-date: /home/vboxuser/turtlebot3_ws/install/proy_eq1_mundo/share/proy_eq1_mundo//models/aws_robomaker_retail_BookshelfB_01
-- Up-to-date: /home/vboxuser/turtlebot3_ws/install/proy_eq1_mundo/share/proy_eq1_mundo//models/aws_robomaker_retail_BookshelfB_01/materials
-- Up-to-date: /home/vboxuser/turtlebot3_ws/install/proy_eq1_mundo/share/proy_eq1_mundo//models/aws_robomaker_retail_BookshelfB_01/materials/textures
-- Installing: /home/vboxuser/turtlebot3_ws/install/proy_eq1_mundo/share/proy_eq1_mundo//models/aws_robomaker_retail_BookshelfB_01/materials/textures/aws_BookshelfB_01.png
-- Installing: /home/vboxuser/turtlebot3_ws/install/proy_eq1_mundo/share/proy_eq1_mundo//models/aws_robomaker_retail_BookshelfB_01/materials/textures/aws_BookshelfB_02.png
-- Up-to-date: /home/vboxuser/turtlebot3_ws/install/proy_eq1_mundo/share/proy_eq1_mundo//models/aws_robomaker_retail_BookshelfB_01/meshes
-- Installing: /home/vboxuser/turtlebot3_ws/install/proy_eq1_mundo/share/proy_eq1_mundo//models/aws_robomaker_retail_BookshelfB_01/meshes/aws_BookshelfB_01_collision.DAE
-- Installing: /home/vboxuser/turtlebot3_ws/install/proy_eq1_mundo/share/proy_eq1_mundo//models/aws_robomaker_retail_BookshelfB_01/meshes/aws_BookshelfB_01_visual.DAE
-- Installing: /home/vboxuser/turtlebot3_ws/install/proy_eq1_mundo/share/proy_eq1_mundo//models/aws_robomaker_retail_BookshelfB_01/model.config
-- Installing: /home/vboxuser/turtlebot3_ws/install/proy_eq1_mundo/share/proy_eq1_mundo//models/aws_robomaker_retail_BookshelfB_01/model.sdf
-- Up-to-date: /home/vboxuser/turtlebot3_ws/install/proy_eq1_mundo/share/proy_eq1_mundo//models/apartment
-- Up-to-date: /home/vboxuser/turtlebot3_ws/install/proy_eq1_mundo/share/proy_eq1_mundo//models/apartment/materials
-- Up-to-date: /home/vboxuser/turtlebot3_ws/install/proy_eq1_mundo/share/proy_eq1_mundo//models/apartment/materials/textures
-- Up-to-date: /home/vboxuser/turtlebot3_ws/install/proy_eq1_mundo/share/proy_eq1_mundo//models/apartment/materials/textures/apartment_diffuse.jpg
-- Up-to-date: /home/vboxuser/turtlebot3_ws/install/proy_eq1_mundo/share/proy_eq1_mundo//models/apartment/materials/textures/apartment_spec.jpg
-- Up-to-date: /home/vboxuser/turtlebot3_ws/install/proy_eq1_mundo/share/proy_eq1_mundo//models/apartment/meshes
-- Up-to-date: /home/vboxuser/turtlebot3_ws/install/proy_eq1_mundo/share/proy_eq1_mundo//models/apartment/meshes/apartment.dae
-- Up-to-date: /home/vboxuser/turtlebot3_ws/install/proy_eq1_mundo/share/proy_eq1_mundo//models/apartment/model.config
-- Up-to-date: /home/vboxuser/turtlebot3_ws/install/proy_eq1_mundo/share/proy_eq1_mundo//models/apartment/model.sdf
-- Up-to-date: /home/vboxuser/turtlebot3_ws/install/proy_eq1_mundo/share/proy_eq1_mundo//models/aws_robomaker_hospital_elevator_01_portal
-- Up-to-date: /home/vboxuser/turtlebot3_ws/install/proy_eq1_mundo/share/proy_eq1_mundo//models/aws_robomaker_hospital_elevator_01_portal/meshes
-- Installing: /home/vboxuser/turtlebot3_ws/install/proy_eq1_mundo/share/proy_eq1_mundo//models/aws_robomaker_hospital_elevator_01_portal/meshes/aws_robomaker_hospital_elevator_01_visual.png
-- Installing: /home/vboxuser/turtlebot3_ws/install/proy_eq1_mundo/share/proy_eq1_mundo//models/aws_robomaker_hospital_elevator_01_portal/meshes/aws_robomaker_hospital_elevator_01_visual_normal.png
-- Installing: /home/vboxuser/turtlebot3_ws/install/proy_eq1_mundo/share/proy_eq1_mundo//models/aws_robomaker_hospital_elevator_01_portal/meshes/aws_robomaker_hospital_elevator_01_portal_collision.dae
-- Installing: /home/vboxuser/turtlebot3_ws/install/proy_eq1_mundo/share/proy_eq1_mundo//models/aws_robomaker_hospital_elevator_01_portal/meshes/aws_robomaker_hospital_elevator_01_portal_low.dae
-- Installing: /home/vboxuser/turtlebot3_ws/install/proy_eq1_mundo/share/proy_eq1_mundo//models/aws_robomaker_hospital_elevator_01_portal/meshes/aws_robomaker_hospital_elevator_01_low.png
-- Installing: /home/vboxuser/turtlebot3_ws/install/proy_eq1_mundo/share/proy_eq1_mundo//models/aws_robomaker_hospital_elevator_01_portal/meshes/aws_robomaker_hospital_elevator_01_portal_visual.dae
-- Installing: /home/vboxuser/turtlebot3_ws/install/proy_eq1_mundo/share/proy_eq1_mundo//models/aws_robomaker_hospital_elevator_01_portal/meshes/aws_robomaker_hospital_elevator_01_low_normal.png
-- Installing: /home/vboxuser/turtlebot3_ws/install/proy_eq1_mundo/share/proy_eq1_mundo//models/aws_robomaker_hospital_elevator_01_portal/model.config
-- Installing: /home/vboxuser/turtlebot3_ws/install/proy_eq1_mundo/share/proy_eq1_mundo//models/aws_robomaker_hospital_elevator_01_portal/model.sdf
-- Up-to-date: /home/vboxuser/turtlebot3_ws/install/proy_eq1_mundo/share/proy_eq1_mundo//models/aws_robomaker_warehouse_ClutteringC_01
-- Up-to-date: /home/vboxuser/turtlebot3_ws/install/proy_eq1_mundo/share/proy_eq1_mundo//models/aws_robomaker_warehouse_ClutteringC_01/materials
-- Up-to-date: /home/vboxuser/turtlebot3_ws/install/proy_eq1_mundo/share/proy_eq1_mundo//models/aws_robomaker_warehouse_ClutteringC_01/materials/textures
-- Installing: /home/vboxuser/turtlebot3_ws/install/proy_eq1_mundo/share/proy_eq1_mundo//models/aws_robomaker_warehouse_ClutteringC_01/materials/textures/aws_robomaker_warehouse_ClutteringC_02.png
-- Installing: /home/vboxuser/turtlebot3_ws/install/proy_eq1_mundo/share/proy_eq1_mundo//models/aws_robomaker_warehouse_ClutteringC_01/materials/textures/aws_robomaker_warehouse_ClutteringC_01.png
-- Up-to-date: /home/vboxuser/turtlebot3_ws/install/proy_eq1_mundo/share/proy_eq1_mundo//models/aws_robomaker_warehouse_ClutteringC_01/meshes
-- Installing: /home/vboxuser/turtlebot3_ws/install/proy_eq1_mundo/share/proy_eq1_mundo//models/aws_robomaker_warehouse_ClutteringC_01/meshes/aws_robomaker_warehouse_ClutteringC_01_visual.DAE
-- Installing: /home/vboxuser/turtlebot3_ws/install/proy_eq1_mundo/share/proy_eq1_mundo//models/aws_robomaker_warehouse_ClutteringC_01/meshes/aws_robomaker_warehouse_ClutteringC_01_collision.DAE
-- Installing: /home/vboxuser/turtlebot3_ws/install/proy_eq1_mundo/share/proy_eq1_mundo//models/aws_robomaker_warehouse_ClutteringC_01/model.config
-- Installing: /home/vboxuser/turtlebot3_ws/install/proy_eq1_mundo/share/proy_eq1_mundo//models/aws_robomaker_warehouse_ClutteringC_01/model.sdf
-- Up-to-date: /home/vboxuser/turtlebot3_ws/install/proy_eq1_mundo/share/proy_eq1_mundo//models/aws_robomaker_hospital_floor_02_floor
-- Up-to-date: /home/vboxuser/turtlebot3_ws/install/proy_eq1_mundo/share/proy_eq1_mundo//models/aws_robomaker_hospital_floor_02_floor/meshes
-- Installing: /home/vboxuser/turtlebot3_ws/install/proy_eq1_mundo/share/proy_eq1_mundo//models/aws_robomaker_hospital_floor_02_floor/meshes/aws_robomaker_hospital_floor_02_floor_collision.dae
-- Installing: /home/vboxuser/turtlebot3_ws/install/proy_eq1_mundo/share/proy_eq1_mundo//models/aws_robomaker_hospital_floor_02_floor/meshes/aws_robomaker_hospital_floor_02_floor_normal.png
-- Installing: /home/vboxuser/turtlebot3_ws/install/proy_eq1_mundo/share/proy_eq1_mundo//models/aws_robomaker_hospital_floor_02_floor/meshes/aws_robomaker_hospital_floor_02_floor.png
-- Installing: /home/vboxuser/turtlebot3_ws/install/proy_eq1_mundo/share/proy_eq1_mundo//models/aws_robomaker_hospital_floor_02_floor/meshes/aws_robomaker_hospital_floor_02_floor_visual.dae
-- Installing: /home/vboxuser/turtlebot3_ws/install/proy_eq1_mundo/share/proy_eq1_mundo//models/aws_robomaker_hospital_floor_02_floor/model.config
-- Installing: /home/vboxuser/turtlebot3_ws/install/proy_eq1_mundo/share/proy_eq1_mundo//models/aws_robomaker_hospital_floor_02_floor/model.sdf
-- Up-to-date: /home/vboxuser/turtlebot3_ws/install/proy_eq1_mundo/share/proy_eq1_mundo//models/aws_robomaker_residential_PortraitD_01
-- Up-to-date: /home/vboxuser/turtlebot3_ws/install/proy_eq1_mundo/share/proy_eq1_mundo//models/aws_robomaker_residential_PortraitD_01/materials
-- Up-to-date: /home/vboxuser/turtlebot3_ws/install/proy_eq1_mundo/share/proy_eq1_mundo//models/aws_robomaker_residential_PortraitD_01/materials/textures
-- Installing: /home/vboxuser/turtlebot3_ws/install/proy_eq1_mundo/share/proy_eq1_mundo//models/aws_robomaker_residential_PortraitD_01/materials/textures/aws_PortraitD_02.png
-- Installing: /home/vboxuser/turtlebot3_ws/install/proy_eq1_mundo/share/proy_eq1_mundo//models/aws_robomaker_residential_PortraitD_01/materials/textures/aws_PortraitD_01.png
-- Up-to-date: /home/vboxuser/turtlebot3_ws/install/proy_eq1_mundo/share/proy_eq1_mundo//models/aws_robomaker_residential_PortraitD_01/meshes
-- Installing: /home/vboxuser/turtlebot3_ws/install/proy_eq1_mundo/share/proy_eq1_mundo//models/aws_robomaker_residential_PortraitD_01/meshes/aws_PortraitD_01_visual.DAE
-- Installing: /home/vboxuser/turtlebot3_ws/install/proy_eq1_mundo/share/proy_eq1_mundo//models/aws_robomaker_residential_PortraitD_01/meshes/aws_PortraitD_01_collision.DAE
-- Installing: /home/vboxuser/turtlebot3_ws/install/proy_eq1_mundo/share/proy_eq1_mundo//models/aws_robomaker_residential_PortraitD_01/model.config
-- Installing: /home/vboxuser/turtlebot3_ws/install/proy_eq1_mundo/share/proy_eq1_mundo//models/aws_robomaker_residential_PortraitD_01/model.sdf
-- Up-to-date: /home/vboxuser/turtlebot3_ws/install/proy_eq1_mundo/share/proy_eq1_mundo//models/aws_robomaker_residential_PortraitB_01
-- Up-to-date: /home/vboxuser/turtlebot3_ws/install/proy_eq1_mundo/share/proy_eq1_mundo//models/aws_robomaker_residential_PortraitB_01/materials
-- Up-to-date: /home/vboxuser/turtlebot3_ws/install/proy_eq1_mundo/share/proy_eq1_mundo//models/aws_robomaker_residential_PortraitB_01/materials/textures
-- Installing: /home/vboxuser/turtlebot3_ws/install/proy_eq1_mundo/share/proy_eq1_mundo//models/aws_robomaker_residential_PortraitB_01/materials/textures/aws_PortraitB_02.png
-- Installing: /home/vboxuser/turtlebot3_ws/install/proy_eq1_mundo/share/proy_eq1_mundo//models/aws_robomaker_residential_PortraitB_01/materials/textures/aws_PortraitB_01.png
-- Up-to-date: /home/vboxuser/turtlebot3_ws/install/proy_eq1_mundo/share/proy_eq1_mundo//models/aws_robomaker_residential_PortraitB_01/meshes
-- Installing: /home/vboxuser/turtlebot3_ws/install/proy_eq1_mundo/share/proy_eq1_mundo//models/aws_robomaker_residential_PortraitB_01/meshes/aws_PortraitB_01_collision.DAE
-- Installing: /home/vboxuser/turtlebot3_ws/install/proy_eq1_mundo/share/proy_eq1_mundo//models/aws_robomaker_residential_PortraitB_01/meshes/aws_PortraitB_01_visual.DAE
-- Installing: /home/vboxuser/turtlebot3_ws/install/proy_eq1_mundo/share/proy_eq1_mundo//models/aws_robomaker_residential_PortraitB_01/model.config
-- Installing: /home/vboxuser/turtlebot3_ws/install/proy_eq1_mundo/share/proy_eq1_mundo//models/aws_robomaker_residential_PortraitB_01/model.sdf
-- Up-to-date: /home/vboxuser/turtlebot3_ws/install/proy_eq1_mundo/share/proy_eq1_mundo//models/aws_robomaker_residential_Sofa_01
-- Up-to-date: /home/vboxuser/turtlebot3_ws/install/proy_eq1_mundo/share/proy_eq1_mundo//models/aws_robomaker_residential_Sofa_01/materials
-- Up-to-date: /home/vboxuser/turtlebot3_ws/install/proy_eq1_mundo/share/proy_eq1_mundo//models/aws_robomaker_residential_Sofa_01/materials/textures
-- Installing: /home/vboxuser/turtlebot3_ws/install/proy_eq1_mundo/share/proy_eq1_mundo//models/aws_robomaker_residential_Sofa_01/materials/textures/aws_Sofa_01.png
-- Up-to-date: /home/vboxuser/turtlebot3_ws/install/proy_eq1_mundo/share/proy_eq1_mundo//models/aws_robomaker_residential_Sofa_01/meshes
-- Installing: /home/vboxuser/turtlebot3_ws/install/proy_eq1_mundo/share/proy_eq1_mundo//models/aws_robomaker_residential_Sofa_01/meshes/aws_Sofa_01_collision.DAE
-- Installing: /home/vboxuser/turtlebot3_ws/install/proy_eq1_mundo/share/proy_eq1_mundo//models/aws_robomaker_residential_Sofa_01/meshes/aws_Sofa_01_visual.DAE
-- Installing: /home/vboxuser/turtlebot3_ws/install/proy_eq1_mundo/share/proy_eq1_mundo//models/aws_robomaker_residential_Sofa_01/meshes/aws_Sofa_01.DAE
-- Installing: /home/vboxuser/turtlebot3_ws/install/proy_eq1_mundo/share/proy_eq1_mundo//models/aws_robomaker_residential_Sofa_01/model.config
-- Installing: /home/vboxuser/turtlebot3_ws/install/proy_eq1_mundo/share/proy_eq1_mundo//models/aws_robomaker_residential_Sofa_01/model.sdf
-- Up-to-date: /home/vboxuser/turtlebot3_ws/install/proy_eq1_mundo/share/proy_eq1_mundo//models/aws_robomaker_hospital_curtain_closed_01
-- Up-to-date: /home/vboxuser/turtlebot3_ws/install/proy_eq1_mundo/share/proy_eq1_mundo//models/aws_robomaker_hospital_curtain_closed_01/meshes
-- Installing: /home/vboxuser/turtlebot3_ws/install/proy_eq1_mundo/share/proy_eq1_mundo//models/aws_robomaker_hospital_curtain_closed_01/meshes/aws_robomaker_hospital_curtain_closed_01_low_normal.png
-- Installing: /home/vboxuser/turtlebot3_ws/install/proy_eq1_mundo/share/proy_eq1_mundo//models/aws_robomaker_hospital_curtain_closed_01/meshes/aws_robomaker_hospital_curtain_closed_01_visual.dae
-- Installing: /home/vboxuser/turtlebot3_ws/install/proy_eq1_mundo/share/proy_eq1_mundo//models/aws_robomaker_hospital_curtain_closed_01/meshes/aws_robomaker_hospital_curtainrail_01_low.png
-- Installing: /home/vboxuser/turtlebot3_ws/install/proy_eq1_mundo/share/proy_eq1_mundo//models/aws_robomaker_hospital_curtain_closed_01/meshes/aws_robomaker_hospital_curtainrail_01_visual.png
-- Installing: /home/vboxuser/turtlebot3_ws/install/proy_eq1_mundo/share/proy_eq1_mundo//models/aws_robomaker_hospital_curtain_closed_01/meshes/aws_robomaker_hospital_curtainrail_01_visual_normal.png
-- Installing: /home/vboxuser/turtlebot3_ws/install/proy_eq1_mundo/share/proy_eq1_mundo//models/aws_robomaker_hospital_curtain_closed_01/meshes/aws_robomaker_hospital_curtainrail_01_low_normal.png
-- Installing: /home/vboxuser/turtlebot3_ws/install/proy_eq1_mundo/share/proy_eq1_mundo//models/aws_robomaker_hospital_curtain_closed_01/meshes/aws_robomaker_hospital_curtain_closed_01_visual_normal.png
-- Installing: /home/vboxuser/turtlebot3_ws/install/proy_eq1_mundo/share/proy_eq1_mundo//models/aws_robomaker_hospital_curtain_closed_01/meshes/aws_robomaker_hospital_curtain_closed_01_collision.dae
-- Installing: /home/vboxuser/turtlebot3_ws/install/proy_eq1_mundo/share/proy_eq1_mundo//models/aws_robomaker_hospital_curtain_closed_01/meshes/aws_robomaker_hospital_curtain_closed_01_visual.png
-- Installing: /home/vboxuser/turtlebot3_ws/install/proy_eq1_mundo/share/proy_eq1_mundo//models/aws_robomaker_hospital_curtain_closed_01/meshes/aws_robomaker_hospital_curtain_closed_01_low.png
-- Installing: /home/vboxuser/turtlebot3_ws/install/proy_eq1_mundo/share/proy_eq1_mundo//models/aws_robomaker_hospital_curtain_closed_01/model.config
-- Installing: /home/vboxuser/turtlebot3_ws/install/proy_eq1_mundo/share/proy_eq1_mundo//models/aws_robomaker_hospital_curtain_closed_01/model.sdf
-- Up-to-date: /home/vboxuser/turtlebot3_ws/install/proy_eq1_mundo/share/proy_eq1_mundo//models/aws_robomaker_hospital_floor_01_ceiling
-- Up-to-date: /home/vboxuser/turtlebot3_ws/install/proy_eq1_mundo/share/proy_eq1_mundo//models/aws_robomaker_hospital_floor_01_ceiling/meshes
-- Installing: /home/vboxuser/turtlebot3_ws/install/proy_eq1_mundo/share/proy_eq1_mundo//models/aws_robomaker_hospital_floor_01_ceiling/meshes/aws_robomaker_hospital_floor_01_ceiling.png
-- Installing: /home/vboxuser/turtlebot3_ws/install/proy_eq1_mundo/share/proy_eq1_mundo//models/aws_robomaker_hospital_floor_01_ceiling/meshes/aws_robomaker_hospital_floor_01_ceiling_normal.png
-- Installing: /home/vboxuser/turtlebot3_ws/install/proy_eq1_mundo/share/proy_eq1_mundo//models/aws_robomaker_hospital_floor_01_ceiling/meshes/aws_robomaker_hospital_floor_01_ceiling_visual.dae
-- Installing: /home/vboxuser/turtlebot3_ws/install/proy_eq1_mundo/share/proy_eq1_mundo//models/aws_robomaker_hospital_floor_01_ceiling/meshes/aws_robomaker_hospital_floor_01_ceiling_collision.dae
-- Installing: /home/vboxuser/turtlebot3_ws/install/proy_eq1_mundo/share/proy_eq1_mundo//models/aws_robomaker_hospital_floor_01_ceiling/model.config
-- Installing: /home/vboxuser/turtlebot3_ws/install/proy_eq1_mundo/share/proy_eq1_mundo//models/aws_robomaker_hospital_floor_01_ceiling/model.sdf
-- Up-to-date: /home/vboxuser/turtlebot3_ws/install/proy_eq1_mundo/share/proy_eq1_mundo//models/aws_robomaker_residential_PortraitE_02
-- Up-to-date: /home/vboxuser/turtlebot3_ws/install/proy_eq1_mundo/share/proy_eq1_mundo//models/aws_robomaker_residential_PortraitE_02/materials
-- Up-to-date: /home/vboxuser/turtlebot3_ws/install/proy_eq1_mundo/share/proy_eq1_mundo//models/aws_robomaker_residential_PortraitE_02/materials/textures
-- Installing: /home/vboxuser/turtlebot3_ws/install/proy_eq1_mundo/share/proy_eq1_mundo//models/aws_robomaker_residential_PortraitE_02/materials/textures/aws_PortraitE_02.png
-- Installing: /home/vboxuser/turtlebot3_ws/install/proy_eq1_mundo/share/proy_eq1_mundo//models/aws_robomaker_residential_PortraitE_02/materials/textures/aws_PortraitE_01.png
-- Up-to-date: /home/vboxuser/turtlebot3_ws/install/proy_eq1_mundo/share/proy_eq1_mundo//models/aws_robomaker_residential_PortraitE_02/meshes
-- Installing: /home/vboxuser/turtlebot3_ws/install/proy_eq1_mundo/share/proy_eq1_mundo//models/aws_robomaker_residential_PortraitE_02/meshes/aws_PortraitE_01_visual.DAE
-- Installing: /home/vboxuser/turtlebot3_ws/install/proy_eq1_mundo/share/proy_eq1_mundo//models/aws_robomaker_residential_PortraitE_02/meshes/aws_PortraitE_01_collision.DAE
-- Installing: /home/vboxuser/turtlebot3_ws/install/proy_eq1_mundo/share/proy_eq1_mundo//models/aws_robomaker_residential_PortraitE_02/model.config
-- Installing: /home/vboxuser/turtlebot3_ws/install/proy_eq1_mundo/share/proy_eq1_mundo//models/aws_robomaker_residential_PortraitE_02/model.sdf
-- Up-to-date: /home/vboxuser/turtlebot3_ws/install/proy_eq1_mundo/share/proy_eq1_mundo//models/aws_robomaker_residential_SofaB_01
-- Up-to-date: /home/vboxuser/turtlebot3_ws/install/proy_eq1_mundo/share/proy_eq1_mundo//models/aws_robomaker_residential_SofaB_01/materials
-- Up-to-date: /home/vboxuser/turtlebot3_ws/install/proy_eq1_mundo/share/proy_eq1_mundo//models/aws_robomaker_residential_SofaB_01/materials/textures
-- Installing: /home/vboxuser/turtlebot3_ws/install/proy_eq1_mundo/share/proy_eq1_mundo//models/aws_robomaker_residential_SofaB_01/materials/textures/aws_SofaB_01.png
-- Up-to-date: /home/vboxuser/turtlebot3_ws/install/proy_eq1_mundo/share/proy_eq1_mundo//models/aws_robomaker_residential_SofaB_01/meshes
-- Installing: /home/vboxuser/turtlebot3_ws/install/proy_eq1_mundo/share/proy_eq1_mundo//models/aws_robomaker_residential_SofaB_01/meshes/aws_SofaB_01_visual.DAE
-- Installing: /home/vboxuser/turtlebot3_ws/install/proy_eq1_mundo/share/proy_eq1_mundo//models/aws_robomaker_residential_SofaB_01/meshes/aws_SofaB_01_collision.DAE
-- Installing: /home/vboxuser/turtlebot3_ws/install/proy_eq1_mundo/share/proy_eq1_mundo//models/aws_robomaker_residential_SofaB_01/model.config
-- Installing: /home/vboxuser/turtlebot3_ws/install/proy_eq1_mundo/share/proy_eq1_mundo//models/aws_robomaker_residential_SofaB_01/model.sdf
-- Up-to-date: /home/vboxuser/turtlebot3_ws/install/proy_eq1_mundo/share/proy_eq1_mundo//models/aws_robomaker_residential_PortraitD_02
-- Up-to-date: /home/vboxuser/turtlebot3_ws/install/proy_eq1_mundo/share/proy_eq1_mundo//models/aws_robomaker_residential_PortraitD_02/materials
-- Up-to-date: /home/vboxuser/turtlebot3_ws/install/proy_eq1_mundo/share/proy_eq1_mundo//models/aws_robomaker_residential_PortraitD_02/materials/textures
-- Installing: /home/vboxuser/turtlebot3_ws/install/proy_eq1_mundo/share/proy_eq1_mundo//models/aws_robomaker_residential_PortraitD_02/materials/textures/aws_PortraitD_02.png
-- Installing: /home/vboxuser/turtlebot3_ws/install/proy_eq1_mundo/share/proy_eq1_mundo//models/aws_robomaker_residential_PortraitD_02/materials/textures/aws_PortraitD_01.png
-- Up-to-date: /home/vboxuser/turtlebot3_ws/install/proy_eq1_mundo/share/proy_eq1_mundo//models/aws_robomaker_residential_PortraitD_02/meshes
-- Installing: /home/vboxuser/turtlebot3_ws/install/proy_eq1_mundo/share/proy_eq1_mundo//models/aws_robomaker_residential_PortraitD_02/meshes/aws_PortraitD_01_visual.DAE
-- Installing: /home/vboxuser/turtlebot3_ws/install/proy_eq1_mundo/share/proy_eq1_mundo//models/aws_robomaker_residential_PortraitD_02/meshes/aws_PortraitD_01_collision.DAE
-- Installing: /home/vboxuser/turtlebot3_ws/install/proy_eq1_mundo/share/proy_eq1_mundo//models/aws_robomaker_residential_PortraitD_02/model.config
-- Installing: /home/vboxuser/turtlebot3_ws/install/proy_eq1_mundo/share/proy_eq1_mundo//models/aws_robomaker_residential_PortraitD_02/model.sdf
-- Up-to-date: /home/vboxuser/turtlebot3_ws/install/proy_eq1_mundo/share/proy_eq1_mundo//models/aws_robomaker_warehouse_ClutteringA_01
-- Up-to-date: /home/vboxuser/turtlebot3_ws/install/proy_eq1_mundo/share/proy_eq1_mundo//models/aws_robomaker_warehouse_ClutteringA_01/materials
-- Up-to-date: /home/vboxuser/turtlebot3_ws/install/proy_eq1_mundo/share/proy_eq1_mundo//models/aws_robomaker_warehouse_ClutteringA_01/materials/textures
-- Installing: /home/vboxuser/turtlebot3_ws/install/proy_eq1_mundo/share/proy_eq1_mundo//models/aws_robomaker_warehouse_ClutteringA_01/materials/textures/aws_robomaker_warehouse_ClutteringA_03.png
-- Installing: /home/vboxuser/turtlebot3_ws/install/proy_eq1_mundo/share/proy_eq1_mundo//models/aws_robomaker_warehouse_ClutteringA_01/materials/textures/aws_robomaker_warehouse_ClutteringA_02.png
-- Installing: /home/vboxuser/turtlebot3_ws/install/proy_eq1_mundo/share/proy_eq1_mundo//models/aws_robomaker_warehouse_ClutteringA_01/materials/textures/aws_robomaker_warehouse_ClutteringA_01.png
-- Up-to-date: /home/vboxuser/turtlebot3_ws/install/proy_eq1_mundo/share/proy_eq1_mundo//models/aws_robomaker_warehouse_ClutteringA_01/meshes
-- Installing: /home/vboxuser/turtlebot3_ws/install/proy_eq1_mundo/share/proy_eq1_mundo//models/aws_robomaker_warehouse_ClutteringA_01/meshes/aws_robomaker_warehouse_ClutteringA_01_visual.DAE
-- Installing: /home/vboxuser/turtlebot3_ws/install/proy_eq1_mundo/share/proy_eq1_mundo//models/aws_robomaker_warehouse_ClutteringA_01/meshes/aws_robomaker_warehouse_ClutteringA_01_collision.DAE
-- Installing: /home/vboxuser/turtlebot3_ws/install/proy_eq1_mundo/share/proy_eq1_mundo//models/aws_robomaker_warehouse_ClutteringA_01/model.config
-- Installing: /home/vboxuser/turtlebot3_ws/install/proy_eq1_mundo/share/proy_eq1_mundo//models/aws_robomaker_warehouse_ClutteringA_01/model.sdf
-- Up-to-date: /home/vboxuser/turtlebot3_ws/install/proy_eq1_mundo/share/proy_eq1_mundo//models/aws_robomaker_hospital_floor_01_walls
-- Up-to-date: /home/vboxuser/turtlebot3_ws/install/proy_eq1_mundo/share/proy_eq1_mundo//models/aws_robomaker_hospital_floor_01_walls/meshes
-- Installing: /home/vboxuser/turtlebot3_ws/install/proy_eq1_mundo/share/proy_eq1_mundo//models/aws_robomaker_hospital_floor_01_walls/meshes/aws_robomaker_hospital_floor_01_doorframes_small.png
-- Installing: /home/vboxuser/turtlebot3_ws/install/proy_eq1_mundo/share/proy_eq1_mundo//models/aws_robomaker_hospital_floor_01_walls/meshes/aws_robomaker_hospital_floor_01_bumprail.png
-- Installing: /home/vboxuser/turtlebot3_ws/install/proy_eq1_mundo/share/proy_eq1_mundo//models/aws_robomaker_hospital_floor_01_walls/meshes/aws_robomaker_hospital_floor_01_walls_collision.dae
-- Installing: /home/vboxuser/turtlebot3_ws/install/proy_eq1_mundo/share/proy_eq1_mundo//models/aws_robomaker_hospital_floor_01_walls/meshes/aws_robomaker_hospital_floor_01_windows.png
-- Installing: /home/vboxuser/turtlebot3_ws/install/proy_eq1_mundo/share/proy_eq1_mundo//models/aws_robomaker_hospital_floor_01_walls/meshes/aws_robomaker_hospital_floor_01_walls_visual.dae
-- Installing: /home/vboxuser/turtlebot3_ws/install/proy_eq1_mundo/share/proy_eq1_mundo//models/aws_robomaker_hospital_floor_01_walls/meshes/aws_robomaker_hospital_floor_01_doorsign.png
-- Installing: /home/vboxuser/turtlebot3_ws/install/proy_eq1_mundo/share/proy_eq1_mundo//models/aws_robomaker_hospital_floor_01_walls/meshes/aws_robomaker_hospital_floor_01_handrail.png
-- Installing: /home/vboxuser/turtlebot3_ws/install/proy_eq1_mundo/share/proy_eq1_mundo//models/aws_robomaker_hospital_floor_01_walls/meshes/aws_robomaker_hospital_floor_01_doorframes_big.png
-- Installing: /home/vboxuser/turtlebot3_ws/install/proy_eq1_mundo/share/proy_eq1_mundo//models/aws_robomaker_hospital_floor_01_walls/meshes/aws_robomaker_hospital_floor_01_walls.png
-- Installing: /home/vboxuser/turtlebot3_ws/install/proy_eq1_mundo/share/proy_eq1_mundo//models/aws_robomaker_hospital_floor_01_walls/meshes/aws_robomaker_hospital_floor_01_stairs.png
-- Installing: /home/vboxuser/turtlebot3_ws/install/proy_eq1_mundo/share/proy_eq1_mundo//models/aws_robomaker_hospital_floor_01_walls/model.config
-- Installing: /home/vboxuser/turtlebot3_ws/install/proy_eq1_mundo/share/proy_eq1_mundo//models/aws_robomaker_hospital_floor_01_walls/model.sdf
-- Up-to-date: /home/vboxuser/turtlebot3_ws/install/proy_eq1_mundo/share/proy_eq1_mundo//models/aws_robomaker_hospital_elevator_01_door
-- Up-to-date: /home/vboxuser/turtlebot3_ws/install/proy_eq1_mundo/share/proy_eq1_mundo//models/aws_robomaker_hospital_elevator_01_door/meshes
-- Installing: /home/vboxuser/turtlebot3_ws/install/proy_eq1_mundo/share/proy_eq1_mundo//models/aws_robomaker_hospital_elevator_01_door/meshes/aws_robomaker_hospital_elevator_01_visual.png
-- Installing: /home/vboxuser/turtlebot3_ws/install/proy_eq1_mundo/share/proy_eq1_mundo//models/aws_robomaker_hospital_elevator_01_door/meshes/aws_robomaker_hospital_elevator_01_visual_normal.png
-- Installing: /home/vboxuser/turtlebot3_ws/install/proy_eq1_mundo/share/proy_eq1_mundo//models/aws_robomaker_hospital_elevator_01_door/meshes/aws_robomaker_hospital_elevator_01_low.png
-- Installing: /home/vboxuser/turtlebot3_ws/install/proy_eq1_mundo/share/proy_eq1_mundo//models/aws_robomaker_hospital_elevator_01_door/meshes/aws_robomaker_hospital_elevator_01_low_normal.png
-- Installing: /home/vboxuser/turtlebot3_ws/install/proy_eq1_mundo/share/proy_eq1_mundo//models/aws_robomaker_hospital_elevator_01_door/meshes/aws_robomaker_hospital_elevator_01_door_visual.dae
-- Installing: /home/vboxuser/turtlebot3_ws/install/proy_eq1_mundo/share/proy_eq1_mundo//models/aws_robomaker_hospital_elevator_01_door/meshes/aws_robomaker_hospital_elevator_01_door_collision.dae
-- Installing: /home/vboxuser/turtlebot3_ws/install/proy_eq1_mundo/share/proy_eq1_mundo//models/aws_robomaker_hospital_elevator_01_door/meshes/aws_robomaker_hospital_elevator_01_door_low.dae
-- Installing: /home/vboxuser/turtlebot3_ws/install/proy_eq1_mundo/share/proy_eq1_mundo//models/aws_robomaker_hospital_elevator_01_door/model.config
-- Installing: /home/vboxuser/turtlebot3_ws/install/proy_eq1_mundo/share/proy_eq1_mundo//models/aws_robomaker_hospital_elevator_01_door/model.sdf
-- Up-to-date: /home/vboxuser/turtlebot3_ws/install/proy_eq1_mundo/share/proy_eq1_mundo//models/sweedish_apartment
-- Up-to-date: /home/vboxuser/turtlebot3_ws/install/proy_eq1_mundo/share/proy_eq1_mundo//models/sweedish_apartment/meshes
-- Up-to-date: /home/vboxuser/turtlebot3_ws/install/proy_eq1_mundo/share/proy_eq1_mundo//models/sweedish_apartment/meshes/model.dae
-- Up-to-date: /home/vboxuser/turtlebot3_ws/install/proy_eq1_mundo/share/proy_eq1_mundo//models/sweedish_apartment/model.config
-- Up-to-date: /home/vboxuser/turtlebot3_ws/install/proy_eq1_mundo/share/proy_eq1_mundo//models/sweedish_apartment/model.sdf
-- Up-to-date: /home/vboxuser/turtlebot3_ws/install/proy_eq1_mundo/share/proy_eq1_mundo//models/aws_robomaker_residential_KitchenCabinet_01
-- Up-to-date: /home/vboxuser/turtlebot3_ws/install/proy_eq1_mundo/share/proy_eq1_mundo//models/aws_robomaker_residential_KitchenCabinet_01/materials
-- Up-to-date: /home/vboxuser/turtlebot3_ws/install/proy_eq1_mundo/share/proy_eq1_mundo//models/aws_robomaker_residential_KitchenCabinet_01/materials/textures
-- Installing: /home/vboxuser/turtlebot3_ws/install/proy_eq1_mundo/share/proy_eq1_mundo//models/aws_robomaker_residential_KitchenCabinet_01/materials/textures/aws_KitchenCabinet_01.png
-- Up-to-date: /home/vboxuser/turtlebot3_ws/install/proy_eq1_mundo/share/proy_eq1_mundo//models/aws_robomaker_residential_KitchenCabinet_01/meshes
-- Installing: /home/vboxuser/turtlebot3_ws/install/proy_eq1_mundo/share/proy_eq1_mundo//models/aws_robomaker_residential_KitchenCabinet_01/meshes/aws_KitchenCabinet_01_collision.DAE
-- Installing: /home/vboxuser/turtlebot3_ws/install/proy_eq1_mundo/share/proy_eq1_mundo//models/aws_robomaker_residential_KitchenCabinet_01/meshes/aws_KitchenCabinet_01_visual.DAE
-- Installing: /home/vboxuser/turtlebot3_ws/install/proy_eq1_mundo/share/proy_eq1_mundo//models/aws_robomaker_residential_KitchenCabinet_01/model.config
-- Installing: /home/vboxuser/turtlebot3_ws/install/proy_eq1_mundo/share/proy_eq1_mundo//models/aws_robomaker_residential_KitchenCabinet_01/model.sdf
-- Up-to-date: /home/vboxuser/turtlebot3_ws/install/proy_eq1_mundo/share/proy_eq1_mundo//models/aws_robomaker_residential_Carpet_01
-- Up-to-date: /home/vboxuser/turtlebot3_ws/install/proy_eq1_mundo/share/proy_eq1_mundo//models/aws_robomaker_residential_Carpet_01/materials
-- Up-to-date: /home/vboxuser/turtlebot3_ws/install/proy_eq1_mundo/share/proy_eq1_mundo//models/aws_robomaker_residential_Carpet_01/materials/textures
-- Installing: /home/vboxuser/turtlebot3_ws/install/proy_eq1_mundo/share/proy_eq1_mundo//models/aws_robomaker_residential_Carpet_01/materials/textures/aws_Carpet_01.png
-- Up-to-date: /home/vboxuser/turtlebot3_ws/install/proy_eq1_mundo/share/proy_eq1_mundo//models/aws_robomaker_residential_Carpet_01/meshes
-- Installing: /home/vboxuser/turtlebot3_ws/install/proy_eq1_mundo/share/proy_eq1_mundo//models/aws_robomaker_residential_Carpet_01/meshes/aws_Carpet_01_collision.DAE
-- Installing: /home/vboxuser/turtlebot3_ws/install/proy_eq1_mundo/share/proy_eq1_mundo//models/aws_robomaker_residential_Carpet_01/meshes/aws_Carpet_01_visual.DAE
-- Installing: /home/vboxuser/turtlebot3_ws/install/proy_eq1_mundo/share/proy_eq1_mundo//models/aws_robomaker_residential_Carpet_01/model.config
-- Installing: /home/vboxuser/turtlebot3_ws/install/proy_eq1_mundo/share/proy_eq1_mundo//models/aws_robomaker_residential_Carpet_01/model.sdf
-- Up-to-date: /home/vboxuser/turtlebot3_ws/install/proy_eq1_mundo/share/proy_eq1_mundo//models/cricket_ball
-- Up-to-date: /home/vboxuser/turtlebot3_ws/install/proy_eq1_mundo/share/proy_eq1_mundo//models/cricket_ball/model.config
-- Up-to-date: /home/vboxuser/turtlebot3_ws/install/proy_eq1_mundo/share/proy_eq1_mundo//models/cricket_ball/model.rsdf
-- Up-to-date: /home/vboxuser/turtlebot3_ws/install/proy_eq1_mundo/share/proy_eq1_mundo//models/cricket_ball/model.sdf
-- Up-to-date: /home/vboxuser/turtlebot3_ws/install/proy_eq1_mundo/share/proy_eq1_mundo//models/aws_robomaker_residential_PortraitC_01
-- Up-to-date: /home/vboxuser/turtlebot3_ws/install/proy_eq1_mundo/share/proy_eq1_mundo//models/aws_robomaker_residential_PortraitC_01/materials
-- Up-to-date: /home/vboxuser/turtlebot3_ws/install/proy_eq1_mundo/share/proy_eq1_mundo//models/aws_robomaker_residential_PortraitC_01/materials/textures
-- Installing: /home/vboxuser/turtlebot3_ws/install/proy_eq1_mundo/share/proy_eq1_mundo//models/aws_robomaker_residential_PortraitC_01/materials/textures/aws_PortraitC_02.png
-- Installing: /home/vboxuser/turtlebot3_ws/install/proy_eq1_mundo/share/proy_eq1_mundo//models/aws_robomaker_residential_PortraitC_01/materials/textures/aws_PortraitC_01.png
-- Up-to-date: /home/vboxuser/turtlebot3_ws/install/proy_eq1_mundo/share/proy_eq1_mundo//models/aws_robomaker_residential_PortraitC_01/meshes
-- Installing: /home/vboxuser/turtlebot3_ws/install/proy_eq1_mundo/share/proy_eq1_mundo//models/aws_robomaker_residential_PortraitC_01/meshes/aws_PortraitC_01_collision.DAE
-- Installing: /home/vboxuser/turtlebot3_ws/install/proy_eq1_mundo/share/proy_eq1_mundo//models/aws_robomaker_residential_PortraitC_01/meshes/aws_PortraitC_01_visual.DAE
-- Installing: /home/vboxuser/turtlebot3_ws/install/proy_eq1_mundo/share/proy_eq1_mundo//models/aws_robomaker_residential_PortraitC_01/model.config
-- Installing: /home/vboxuser/turtlebot3_ws/install/proy_eq1_mundo/share/proy_eq1_mundo//models/aws_robomaker_residential_PortraitC_01/model.sdf
-- Up-to-date: /home/vboxuser/turtlebot3_ws/install/proy_eq1_mundo/share/proy_eq1_mundo//models/aws_robomaker_hospital_floor_02_walls
-- Up-to-date: /home/vboxuser/turtlebot3_ws/install/proy_eq1_mundo/share/proy_eq1_mundo//models/aws_robomaker_hospital_floor_02_walls/meshes
-- Installing: /home/vboxuser/turtlebot3_ws/install/proy_eq1_mundo/share/proy_eq1_mundo//models/aws_robomaker_hospital_floor_02_walls/meshes/aws_robomaker_hospital_floor_02_doorframes_big.png
-- Installing: /home/vboxuser/turtlebot3_ws/install/proy_eq1_mundo/share/proy_eq1_mundo//models/aws_robomaker_hospital_floor_02_walls/meshes/aws_robomaker_hospital_floor_02_walls.png
-- Installing: /home/vboxuser/turtlebot3_ws/install/proy_eq1_mundo/share/proy_eq1_mundo//models/aws_robomaker_hospital_floor_02_walls/meshes/aws_robomaker_hospital_floor_02_walls_visual.dae
-- Installing: /home/vboxuser/turtlebot3_ws/install/proy_eq1_mundo/share/proy_eq1_mundo//models/aws_robomaker_hospital_floor_02_walls/meshes/aws_robomaker_hospital_floor_02_windows.png
-- Installing: /home/vboxuser/turtlebot3_ws/install/proy_eq1_mundo/share/proy_eq1_mundo//models/aws_robomaker_hospital_floor_02_walls/meshes/aws_robomaker_hospital_floor_02_doorframes_small.png
-- Installing: /home/vboxuser/turtlebot3_ws/install/proy_eq1_mundo/share/proy_eq1_mundo//models/aws_robomaker_hospital_floor_02_walls/meshes/aws_robomaker_hospital_floor_02_walls_collision.dae
-- Installing: /home/vboxuser/turtlebot3_ws/install/proy_eq1_mundo/share/proy_eq1_mundo//models/aws_robomaker_hospital_floor_02_walls/meshes/aws_robomaker_hospital_floor_02_handrail.png
-- Installing: /home/vboxuser/turtlebot3_ws/install/proy_eq1_mundo/share/proy_eq1_mundo//models/aws_robomaker_hospital_floor_02_walls/meshes/aws_robomaker_hospital_floor_02_bumprail.png
-- Installing: /home/vboxuser/turtlebot3_ws/install/proy_eq1_mundo/share/proy_eq1_mundo//models/aws_robomaker_hospital_floor_02_walls/meshes/aws_robomaker_hospital_floor_02_doorsign.png
-- Installing: /home/vboxuser/turtlebot3_ws/install/proy_eq1_mundo/share/proy_eq1_mundo//models/aws_robomaker_hospital_floor_02_walls/meshes/aws_robomaker_hospital_floor_02_stairs.png
-- Installing: /home/vboxuser/turtlebot3_ws/install/proy_eq1_mundo/share/proy_eq1_mundo//models/aws_robomaker_hospital_floor_02_walls/model.config
-- Installing: /home/vboxuser/turtlebot3_ws/install/proy_eq1_mundo/share/proy_eq1_mundo//models/aws_robomaker_hospital_floor_02_walls/model.sdf
-- Up-to-date: /home/vboxuser/turtlebot3_ws/install/proy_eq1_mundo/share/proy_eq1_mundo//models/aws_robomaker_hospital_curtain_half_open_01
-- Up-to-date: /home/vboxuser/turtlebot3_ws/install/proy_eq1_mundo/share/proy_eq1_mundo//models/aws_robomaker_hospital_curtain_half_open_01/meshes
-- Installing: /home/vboxuser/turtlebot3_ws/install/proy_eq1_mundo/share/proy_eq1_mundo//models/aws_robomaker_hospital_curtain_half_open_01/meshes/aws_robomaker_hospital_curtainrail_01_low.png
-- Installing: /home/vboxuser/turtlebot3_ws/install/proy_eq1_mundo/share/proy_eq1_mundo//models/aws_robomaker_hospital_curtain_half_open_01/meshes/aws_robomaker_hospital_curtainrail_01_visual.png
-- Installing: /home/vboxuser/turtlebot3_ws/install/proy_eq1_mundo/share/proy_eq1_mundo//models/aws_robomaker_hospital_curtain_half_open_01/meshes/aws_robomaker_hospital_curtainrail_01_visual_normal.png
-- Installing: /home/vboxuser/turtlebot3_ws/install/proy_eq1_mundo/share/proy_eq1_mundo//models/aws_robomaker_hospital_curtain_half_open_01/meshes/aws_robomaker_hospital_curtain_half_open_01_visual.dae
-- Installing: /home/vboxuser/turtlebot3_ws/install/proy_eq1_mundo/share/proy_eq1_mundo//models/aws_robomaker_hospital_curtain_half_open_01/meshes/aws_robomaker_hospital_curtainrail_01_low_normal.png
-- Installing: /home/vboxuser/turtlebot3_ws/install/proy_eq1_mundo/share/proy_eq1_mundo//models/aws_robomaker_hospital_curtain_half_open_01/meshes/aws_robomaker_hospital_curtain_half_open_01_low.png
-- Installing: /home/vboxuser/turtlebot3_ws/install/proy_eq1_mundo/share/proy_eq1_mundo//models/aws_robomaker_hospital_curtain_half_open_01/meshes/aws_robomaker_hospital_curtain_half_open_01_collision.dae
-- Installing: /home/vboxuser/turtlebot3_ws/install/proy_eq1_mundo/share/proy_eq1_mundo//models/aws_robomaker_hospital_curtain_half_open_01/meshes/aws_robomaker_hospital_curtain_half_open_01_visual.png
-- Installing: /home/vboxuser/turtlebot3_ws/install/proy_eq1_mundo/share/proy_eq1_mundo//models/aws_robomaker_hospital_curtain_half_open_01/meshes/aws_robomaker_hospital_curtain_half_open_01_low_normal.png
-- Installing: /home/vboxuser/turtlebot3_ws/install/proy_eq1_mundo/share/proy_eq1_mundo//models/aws_robomaker_hospital_curtain_half_open_01/meshes/aws_robomaker_hospital_curtain_half_open_01_visual_normal.png
-- Installing: /home/vboxuser/turtlebot3_ws/install/proy_eq1_mundo/share/proy_eq1_mundo//models/aws_robomaker_hospital_curtain_half_open_01/model.config
-- Installing: /home/vboxuser/turtlebot3_ws/install/proy_eq1_mundo/share/proy_eq1_mundo//models/aws_robomaker_hospital_curtain_half_open_01/model.sdf
-- Up-to-date: /home/vboxuser/turtlebot3_ws/install/proy_eq1_mundo/share/proy_eq1_mundo//models/aws_robomaker_residential_PortraitA_02
-- Up-to-date: /home/vboxuser/turtlebot3_ws/install/proy_eq1_mundo/share/proy_eq1_mundo//models/aws_robomaker_residential_PortraitA_02/materials
-- Up-to-date: /home/vboxuser/turtlebot3_ws/install/proy_eq1_mundo/share/proy_eq1_mundo//models/aws_robomaker_residential_PortraitA_02/materials/textures
-- Installing: /home/vboxuser/turtlebot3_ws/install/proy_eq1_mundo/share/proy_eq1_mundo//models/aws_robomaker_residential_PortraitA_02/materials/textures/aws_PortraitA_01.png
-- Installing: /home/vboxuser/turtlebot3_ws/install/proy_eq1_mundo/share/proy_eq1_mundo//models/aws_robomaker_residential_PortraitA_02/materials/textures/aws_PortraitA_02.png
-- Up-to-date: /home/vboxuser/turtlebot3_ws/install/proy_eq1_mundo/share/proy_eq1_mundo//models/aws_robomaker_residential_PortraitA_02/meshes
-- Installing: /home/vboxuser/turtlebot3_ws/install/proy_eq1_mundo/share/proy_eq1_mundo//models/aws_robomaker_residential_PortraitA_02/meshes/aws_PortraitA_01_collision.DAE
-- Installing: /home/vboxuser/turtlebot3_ws/install/proy_eq1_mundo/share/proy_eq1_mundo//models/aws_robomaker_residential_PortraitA_02/meshes/aws_PortraitA_01_visual.DAE
-- Installing: /home/vboxuser/turtlebot3_ws/install/proy_eq1_mundo/share/proy_eq1_mundo//models/aws_robomaker_residential_PortraitA_02/model.config
-- Installing: /home/vboxuser/turtlebot3_ws/install/proy_eq1_mundo/share/proy_eq1_mundo//models/aws_robomaker_residential_PortraitA_02/model.sdf
-- Up-to-date: /home/vboxuser/turtlebot3_ws/install/proy_eq1_mundo/share/proy_eq1_mundo//models/kumaeye
-- Up-to-date: /home/vboxuser/turtlebot3_ws/install/proy_eq1_mundo/share/proy_eq1_mundo//models/kumaeye/meshes
-- Up-to-date: /home/vboxuser/turtlebot3_ws/install/proy_eq1_mundo/share/proy_eq1_mundo//models/kumaeye/meshes/kumaeye.png
-- Up-to-date: /home/vboxuser/turtlebot3_ws/install/proy_eq1_mundo/share/proy_eq1_mundo//models/kumaeye/meshes/kumaeyev2.dae
-- Up-to-date: /home/vboxuser/turtlebot3_ws/install/proy_eq1_mundo/share/proy_eq1_mundo//models/kumaeye/meshes/short01_diffuse.png
-- Up-to-date: /home/vboxuser/turtlebot3_ws/install/proy_eq1_mundo/share/proy_eq1_mundo//models/kumaeye/meshes/eyebrow010.png
-- Up-to-date: /home/vboxuser/turtlebot3_ws/install/proy_eq1_mundo/share/proy_eq1_mundo//models/kumaeye/meshes/kumaeye.dae
-- Up-to-date: /home/vboxuser/turtlebot3_ws/install/proy_eq1_mundo/share/proy_eq1_mundo//models/kumaeye/meshes/male_worksuit01_normal.png
-- Up-to-date: /home/vboxuser/turtlebot3_ws/install/proy_eq1_mundo/share/proy_eq1_mundo//models/kumaeye/meshes/brown_eye.png
-- Up-to-date: /home/vboxuser/turtlebot3_ws/install/proy_eq1_mundo/share/proy_eq1_mundo//models/kumaeye/meshes/tongue01_diffuse.png
-- Up-to-date: /home/vboxuser/turtlebot3_ws/install/proy_eq1_mundo/share/proy_eq1_mundo//models/kumaeye/meshes/male_worksuit01_diffuse.png
-- Up-to-date: /home/vboxuser/turtlebot3_ws/install/proy_eq1_mundo/share/proy_eq1_mundo//models/kumaeye/meshes/teeth.png
-- Up-to-date: /home/vboxuser/turtlebot3_ws/install/proy_eq1_mundo/share/proy_eq1_mundo//models/kumaeye/meshes/young_lightskinned_female_diffuse3.png
-- Up-to-date: /home/vboxuser/turtlebot3_ws/install/proy_eq1_mundo/share/proy_eq1_mundo//models/kumaeye/model.config
-- Up-to-date: /home/vboxuser/turtlebot3_ws/install/proy_eq1_mundo/share/proy_eq1_mundo//models/kumaeye/model.sdf
-- Up-to-date: /home/vboxuser/turtlebot3_ws/install/proy_eq1_mundo/share/proy_eq1_mundo//models/aws_robomaker_hospital_floor_01_floor
-- Up-to-date: /home/vboxuser/turtlebot3_ws/install/proy_eq1_mundo/share/proy_eq1_mundo//models/aws_robomaker_hospital_floor_01_floor/meshes
-- Installing: /home/vboxuser/turtlebot3_ws/install/proy_eq1_mundo/share/proy_eq1_mundo//models/aws_robomaker_hospital_floor_01_floor/meshes/aws_robomaker_hospital_floor_01_floor_normal.png
-- Installing: /home/vboxuser/turtlebot3_ws/install/proy_eq1_mundo/share/proy_eq1_mundo//models/aws_robomaker_hospital_floor_01_floor/meshes/aws_robomaker_hospital_floor_01_floor.png
-- Installing: /home/vboxuser/turtlebot3_ws/install/proy_eq1_mundo/share/proy_eq1_mundo//models/aws_robomaker_hospital_floor_01_floor/meshes/aws_robomaker_hospital_floor_01_floor_collision.dae
-- Installing: /home/vboxuser/turtlebot3_ws/install/proy_eq1_mundo/share/proy_eq1_mundo//models/aws_robomaker_hospital_floor_01_floor/meshes/aws_robomaker_hospital_floor_01_floor_visual.dae
-- Installing: /home/vboxuser/turtlebot3_ws/install/proy_eq1_mundo/share/proy_eq1_mundo//models/aws_robomaker_hospital_floor_01_floor/model.config
-- Installing: /home/vboxuser/turtlebot3_ws/install/proy_eq1_mundo/share/proy_eq1_mundo//models/aws_robomaker_hospital_floor_01_floor/model.sdf
-- Up-to-date: /home/vboxuser/turtlebot3_ws/install/proy_eq1_mundo/share/proy_eq1_mundo//models/my_world
-- Up-to-date: /home/vboxuser/turtlebot3_ws/install/proy_eq1_mundo/share/proy_eq1_mundo//models/my_world/model.config
-- Up-to-date: /home/vboxuser/turtlebot3_ws/install/proy_eq1_mundo/share/proy_eq1_mundo//models/my_world/model.sdf
-- Up-to-date: /home/vboxuser/turtlebot3_ws/install/proy_eq1_mundo/share/proy_eq1_mundo//models/aws_robomaker_residential_PortraitA_01
-- Up-to-date: /home/vboxuser/turtlebot3_ws/install/proy_eq1_mundo/share/proy_eq1_mundo//models/aws_robomaker_residential_PortraitA_01/materials
-- Up-to-date: /home/vboxuser/turtlebot3_ws/install/proy_eq1_mundo/share/proy_eq1_mundo//models/aws_robomaker_residential_PortraitA_01/materials/textures
-- Installing: /home/vboxuser/turtlebot3_ws/install/proy_eq1_mundo/share/proy_eq1_mundo//models/aws_robomaker_residential_PortraitA_01/materials/textures/aws_PortraitA_01.png
-- Installing: /home/vboxuser/turtlebot3_ws/install/proy_eq1_mundo/share/proy_eq1_mundo//models/aws_robomaker_residential_PortraitA_01/materials/textures/aws_PortraitA_02.png
-- Up-to-date: /home/vboxuser/turtlebot3_ws/install/proy_eq1_mundo/share/proy_eq1_mundo//models/aws_robomaker_residential_PortraitA_01/meshes
-- Installing: /home/vboxuser/turtlebot3_ws/install/proy_eq1_mundo/share/proy_eq1_mundo//models/aws_robomaker_residential_PortraitA_01/meshes/aws_PortraitA_01_collision.DAE
-- Installing: /home/vboxuser/turtlebot3_ws/install/proy_eq1_mundo/share/proy_eq1_mundo//models/aws_robomaker_residential_PortraitA_01/meshes/aws_PortraitA_01_visual.DAE
-- Installing: /home/vboxuser/turtlebot3_ws/install/proy_eq1_mundo/share/proy_eq1_mundo//models/aws_robomaker_residential_PortraitA_01/model.config
-- Installing: /home/vboxuser/turtlebot3_ws/install/proy_eq1_mundo/share/proy_eq1_mundo//models/aws_robomaker_residential_PortraitA_01/model.sdf
-- Up-to-date: /home/vboxuser/turtlebot3_ws/install/proy_eq1_mundo/share/proy_eq1_mundo//models/aws_robomaker_hospital_nursesstation_01
-- Up-to-date: /home/vboxuser/turtlebot3_ws/install/proy_eq1_mundo/share/proy_eq1_mundo//models/aws_robomaker_hospital_nursesstation_01/meshes
-- Installing: /home/vboxuser/turtlebot3_ws/install/proy_eq1_mundo/share/proy_eq1_mundo//models/aws_robomaker_hospital_nursesstation_01/meshes/aws_robomaker_hospital_nursesstation_01_visual.dae
-- Installing: /home/vboxuser/turtlebot3_ws/install/proy_eq1_mundo/share/proy_eq1_mundo//models/aws_robomaker_hospital_nursesstation_01/meshes/aws_robomaker_hospital_nursesstation_01_low_normal.png
-- Installing: /home/vboxuser/turtlebot3_ws/install/proy_eq1_mundo/share/proy_eq1_mundo//models/aws_robomaker_hospital_nursesstation_01/meshes/aws_robomaker_hospital_nursesstation_01_low.png
-- Installing: /home/vboxuser/turtlebot3_ws/install/proy_eq1_mundo/share/proy_eq1_mundo//models/aws_robomaker_hospital_nursesstation_01/meshes/aws_robomaker_hospital_nursesstation_01_visual.png
-- Installing: /home/vboxuser/turtlebot3_ws/install/proy_eq1_mundo/share/proy_eq1_mundo//models/aws_robomaker_hospital_nursesstation_01/meshes/aws_robomaker_hospital_nursesstation_01_low.dae
-- Installing: /home/vboxuser/turtlebot3_ws/install/proy_eq1_mundo/share/proy_eq1_mundo//models/aws_robomaker_hospital_nursesstation_01/meshes/aws_robomaker_hospital_nursesstation_01_collision.dae
-- Installing: /home/vboxuser/turtlebot3_ws/install/proy_eq1_mundo/share/proy_eq1_mundo//models/aws_robomaker_hospital_nursesstation_01/meshes/aws_robomaker_hospital_nursesstation_01_visual_normal.png
-- Installing: /home/vboxuser/turtlebot3_ws/install/proy_eq1_mundo/share/proy_eq1_mundo//models/aws_robomaker_hospital_nursesstation_01/model.config
-- Installing: /home/vboxuser/turtlebot3_ws/install/proy_eq1_mundo/share/proy_eq1_mundo//models/aws_robomaker_hospital_nursesstation_01/model.sdf
-- Up-to-date: /home/vboxuser/turtlebot3_ws/install/proy_eq1_mundo/share/proy_eq1_mundo//models/turtlebot3_burger
-- Up-to-date: /home/vboxuser/turtlebot3_ws/install/proy_eq1_mundo/share/proy_eq1_mundo//models/turtlebot3_burger/meshes
-- Up-to-date: /home/vboxuser/turtlebot3_ws/install/proy_eq1_mundo/share/proy_eq1_mundo//models/turtlebot3_burger/meshes/tire.dae
-- Up-to-date: /home/vboxuser/turtlebot3_ws/install/proy_eq1_mundo/share/proy_eq1_mundo//models/turtlebot3_burger/meshes/burger_base.dae
-- Up-to-date: /home/vboxuser/turtlebot3_ws/install/proy_eq1_mundo/share/proy_eq1_mundo//models/turtlebot3_burger/meshes/lds.dae
-- Up-to-date: /home/vboxuser/turtlebot3_ws/install/proy_eq1_mundo/share/proy_eq1_mundo//models/turtlebot3_burger/model-1_4.sdf
-- Up-to-date: /home/vboxuser/turtlebot3_ws/install/proy_eq1_mundo/share/proy_eq1_mundo//models/turtlebot3_burger/model.config
-- Up-to-date: /home/vboxuser/turtlebot3_ws/install/proy_eq1_mundo/share/proy_eq1_mundo//models/turtlebot3_burger/model.sdf
-- Up-to-date: /home/vboxuser/turtlebot3_ws/install/proy_eq1_mundo/share/proy_eq1_mundo//models/aws_robomaker_hospital_curtain_open_01
-- Up-to-date: /home/vboxuser/turtlebot3_ws/install/proy_eq1_mundo/share/proy_eq1_mundo//models/aws_robomaker_hospital_curtain_open_01/meshes
-- Installing: /home/vboxuser/turtlebot3_ws/install/proy_eq1_mundo/share/proy_eq1_mundo//models/aws_robomaker_hospital_curtain_open_01/meshes/aws_robomaker_hospital_curtain_open_01_low_normal.png
-- Installing: /home/vboxuser/turtlebot3_ws/install/proy_eq1_mundo/share/proy_eq1_mundo//models/aws_robomaker_hospital_curtain_open_01/meshes/aws_robomaker_hospital_curtainrail_01_low.png
-- Installing: /home/vboxuser/turtlebot3_ws/install/proy_eq1_mundo/share/proy_eq1_mundo//models/aws_robomaker_hospital_curtain_open_01/meshes/aws_robomaker_hospital_curtain_open_01_low.png
-- Installing: /home/vboxuser/turtlebot3_ws/install/proy_eq1_mundo/share/proy_eq1_mundo//models/aws_robomaker_hospital_curtain_open_01/meshes/aws_robomaker_hospital_curtain_open_01_visual.dae
-- Installing: /home/vboxuser/turtlebot3_ws/install/proy_eq1_mundo/share/proy_eq1_mundo//models/aws_robomaker_hospital_curtain_open_01/meshes/aws_robomaker_hospital_curtainrail_01_visual.png
-- Installing: /home/vboxuser/turtlebot3_ws/install/proy_eq1_mundo/share/proy_eq1_mundo//models/aws_robomaker_hospital_curtain_open_01/meshes/aws_robomaker_hospital_curtainrail_01_visual_normal.png
-- Installing: /home/vboxuser/turtlebot3_ws/install/proy_eq1_mundo/share/proy_eq1_mundo//models/aws_robomaker_hospital_curtain_open_01/meshes/aws_robomaker_hospital_curtain_open_01_collision.dae
-- Installing: /home/vboxuser/turtlebot3_ws/install/proy_eq1_mundo/share/proy_eq1_mundo//models/aws_robomaker_hospital_curtain_open_01/meshes/aws_robomaker_hospital_curtainrail_01_low_normal.png
-- Installing: /home/vboxuser/turtlebot3_ws/install/proy_eq1_mundo/share/proy_eq1_mundo//models/aws_robomaker_hospital_curtain_open_01/meshes/aws_robomaker_hospital_curtain_open_01_visual_normal.png
-- Installing: /home/vboxuser/turtlebot3_ws/install/proy_eq1_mundo/share/proy_eq1_mundo//models/aws_robomaker_hospital_curtain_open_01/meshes/aws_robomaker_hospital_curtain_open_01_visual.png
-- Installing: /home/vboxuser/turtlebot3_ws/install/proy_eq1_mundo/share/proy_eq1_mundo//models/aws_robomaker_hospital_curtain_open_01/model.config
-- Installing: /home/vboxuser/turtlebot3_ws/install/proy_eq1_mundo/share/proy_eq1_mundo//models/aws_robomaker_hospital_curtain_open_01/model.sdf
-- Up-to-date: /home/vboxuser/turtlebot3_ws/install/proy_eq1_mundo/share/proy_eq1_mundo//models/warehouse_1
-- Up-to-date: /home/vboxuser/turtlebot3_ws/install/proy_eq1_mundo/share/proy_eq1_mundo//models/warehouse_1/meshes
-- Up-to-date: /home/vboxuser/turtlebot3_ws/install/proy_eq1_mundo/share/proy_eq1_mundo//models/warehouse_1/meshes/SICK_V2_WHITE.jpg
-- Up-to-date: /home/vboxuser/turtlebot3_ws/install/proy_eq1_mundo/share/proy_eq1_mundo//models/warehouse_1/meshes/fetchit_manipulation_challenge_logo.png
-- Up-to-date: /home/vboxuser/turtlebot3_ws/install/proy_eq1_mundo/share/proy_eq1_mundo//models/warehouse_1/meshes/box_labels.png
-- Up-to-date: /home/vboxuser/turtlebot3_ws/install/proy_eq1_mundo/share/proy_eq1_mundo//models/warehouse_1/meshes/SICK_V2.png
-- Up-to-date: /home/vboxuser/turtlebot3_ws/install/proy_eq1_mundo/share/proy_eq1_mundo//models/warehouse_1/meshes/FetchLogo-1024x388.png
-- Up-to-date: /home/vboxuser/turtlebot3_ws/install/proy_eq1_mundo/share/proy_eq1_mundo//models/warehouse_1/meshes/EandM.jpg
-- Up-to-date: /home/vboxuser/turtlebot3_ws/install/proy_eq1_mundo/share/proy_eq1_mundo//models/warehouse_1/meshes/fetchit_env_version2.dae
-- Up-to-date: /home/vboxuser/turtlebot3_ws/install/proy_eq1_mundo/share/proy_eq1_mundo//models/warehouse_1/meshes/rock1.JPG
-- Up-to-date: /home/vboxuser/turtlebot3_ws/install/proy_eq1_mundo/share/proy_eq1_mundo//models/warehouse_1/meshes/fetchit_env_version3.dae
-- Up-to-date: /home/vboxuser/turtlebot3_ws/install/proy_eq1_mundo/share/proy_eq1_mundo//models/warehouse_1/meshes/fetchit_env_version4.dae
-- Up-to-date: /home/vboxuser/turtlebot3_ws/install/proy_eq1_mundo/share/proy_eq1_mundo//models/warehouse_1/meshes/dummy.png
-- Up-to-date: /home/vboxuser/turtlebot3_ws/install/proy_eq1_mundo/share/proy_eq1_mundo//models/warehouse_1/meshes/icra2019-poster-image.png
-- Up-to-date: /home/vboxuser/turtlebot3_ws/install/proy_eq1_mundo/share/proy_eq1_mundo//models/warehouse_1/meshes/fetchit_env_version1.dae
-- Up-to-date: /home/vboxuser/turtlebot3_ws/install/proy_eq1_mundo/share/proy_eq1_mundo//models/warehouse_1/meshes/warehouse_collision.stl
-- Up-to-date: /home/vboxuser/turtlebot3_ws/install/proy_eq1_mundo/share/proy_eq1_mundo//models/warehouse_1/meshes/SCHUNK_logo.jpg
-- Up-to-date: /home/vboxuser/turtlebot3_ws/install/proy_eq1_mundo/share/proy_eq1_mundo//models/warehouse_1/meshes/Logo-TheConstruct-primario-NEW-tagline-2.jpg
-- Up-to-date: /home/vboxuser/turtlebot3_ws/install/proy_eq1_mundo/share/proy_eq1_mundo//models/warehouse_1/meshes/Logo-SICK.jpg
-- Up-to-date: /home/vboxuser/turtlebot3_ws/install/proy_eq1_mundo/share/proy_eq1_mundo//models/warehouse_1/model.config
-- Up-to-date: /home/vboxuser/turtlebot3_ws/install/proy_eq1_mundo/share/proy_eq1_mundo//models/warehouse_1/model.sdf
-- Up-to-date: /home/vboxuser/turtlebot3_ws/install/proy_eq1_mundo/share/proy_eq1_mundo//models/aws_robomaker_hospital_elevator_01_car
-- Up-to-date: /home/vboxuser/turtlebot3_ws/install/proy_eq1_mundo/share/proy_eq1_mundo//models/aws_robomaker_hospital_elevator_01_car/meshes
-- Installing: /home/vboxuser/turtlebot3_ws/install/proy_eq1_mundo/share/proy_eq1_mundo//models/aws_robomaker_hospital_elevator_01_car/meshes/aws_robomaker_hospital_elevator_01_visual.png
-- Installing: /home/vboxuser/turtlebot3_ws/install/proy_eq1_mundo/share/proy_eq1_mundo//models/aws_robomaker_hospital_elevator_01_car/meshes/aws_robomaker_hospital_elevator_01_visual_normal.png
-- Installing: /home/vboxuser/turtlebot3_ws/install/proy_eq1_mundo/share/proy_eq1_mundo//models/aws_robomaker_hospital_elevator_01_car/meshes/aws_robomaker_hospital_elevator_01_car_visual.dae
-- Installing: /home/vboxuser/turtlebot3_ws/install/proy_eq1_mundo/share/proy_eq1_mundo//models/aws_robomaker_hospital_elevator_01_car/meshes/aws_robomaker_hospital_elevator_01_low.png
-- Installing: /home/vboxuser/turtlebot3_ws/install/proy_eq1_mundo/share/proy_eq1_mundo//models/aws_robomaker_hospital_elevator_01_car/meshes/aws_robomaker_hospital_elevator_01_low_normal.png
-- Installing: /home/vboxuser/turtlebot3_ws/install/proy_eq1_mundo/share/proy_eq1_mundo//models/aws_robomaker_hospital_elevator_01_car/meshes/aws_robomaker_hospital_elevator_01_car_low.dae
-- Installing: /home/vboxuser/turtlebot3_ws/install/proy_eq1_mundo/share/proy_eq1_mundo//models/aws_robomaker_hospital_elevator_01_car/meshes/aws_robomaker_hospital_elevator_01_car_collision.dae
-- Installing: /home/vboxuser/turtlebot3_ws/install/proy_eq1_mundo/share/proy_eq1_mundo//models/aws_robomaker_hospital_elevator_01_car/model.config
-- Installing: /home/vboxuser/turtlebot3_ws/install/proy_eq1_mundo/share/proy_eq1_mundo//models/aws_robomaker_hospital_elevator_01_car/model.sdf
-- Up-to-date: /home/vboxuser/turtlebot3_ws/install/proy_eq1_mundo/share/proy_eq1_mundo//models/aws_robomaker_residential_Refrigerator_01
-- Up-to-date: /home/vboxuser/turtlebot3_ws/install/proy_eq1_mundo/share/proy_eq1_mundo//models/aws_robomaker_residential_Refrigerator_01/materials
-- Up-to-date: /home/vboxuser/turtlebot3_ws/install/proy_eq1_mundo/share/proy_eq1_mundo//models/aws_robomaker_residential_Refrigerator_01/materials/textures
-- Installing: /home/vboxuser/turtlebot3_ws/install/proy_eq1_mundo/share/proy_eq1_mundo//models/aws_robomaker_residential_Refrigerator_01/materials/textures/aws_Refrigerator_01.png
-- Installing: /home/vboxuser/turtlebot3_ws/install/proy_eq1_mundo/share/proy_eq1_mundo//models/aws_robomaker_residential_Refrigerator_01/materials/textures/aws_Refrigerator_02.png
-- Up-to-date: /home/vboxuser/turtlebot3_ws/install/proy_eq1_mundo/share/proy_eq1_mundo//models/aws_robomaker_residential_Refrigerator_01/meshes
-- Installing: /home/vboxuser/turtlebot3_ws/install/proy_eq1_mundo/share/proy_eq1_mundo//models/aws_robomaker_residential_Refrigerator_01/meshes/aws_Refrigerator_01_visual.DAE
-- Installing: /home/vboxuser/turtlebot3_ws/install/proy_eq1_mundo/share/proy_eq1_mundo//models/aws_robomaker_residential_Refrigerator_01/meshes/aws_Refrigerator_01.DAE
-- Installing: /home/vboxuser/turtlebot3_ws/install/proy_eq1_mundo/share/proy_eq1_mundo//models/aws_robomaker_residential_Refrigerator_01/meshes/aws_Refrigerator_01_collision.DAE
-- Installing: /home/vboxuser/turtlebot3_ws/install/proy_eq1_mundo/share/proy_eq1_mundo//models/aws_robomaker_residential_Refrigerator_01/model.config
-- Installing: /home/vboxuser/turtlebot3_ws/install/proy_eq1_mundo/share/proy_eq1_mundo//models/aws_robomaker_residential_Refrigerator_01/model.sdf
-- Up-to-date: /home/vboxuser/turtlebot3_ws/install/proy_eq1_mundo/share/proy_eq1_mundo//models/gertrudiseye
-- Up-to-date: /home/vboxuser/turtlebot3_ws/install/proy_eq1_mundo/share/proy_eq1_mundo//models/gertrudiseye/meshes
-- Up-to-date: /home/vboxuser/turtlebot3_ws/install/proy_eq1_mundo/share/proy_eq1_mundo//models/gertrudiseye/meshes/green_eye.png
-- Up-to-date: /home/vboxuser/turtlebot3_ws/install/proy_eq1_mundo/share/proy_eq1_mundo//models/gertrudiseye/meshes/female_elegantsuit01_diffuse.png
-- Up-to-date: /home/vboxuser/turtlebot3_ws/install/proy_eq1_mundo/share/proy_eq1_mundo//models/gertrudiseye/meshes/gertrudiseye.png
-- Up-to-date: /home/vboxuser/turtlebot3_ws/install/proy_eq1_mundo/share/proy_eq1_mundo//models/gertrudiseye/meshes/braid01_diffuse.png
-- Up-to-date: /home/vboxuser/turtlebot3_ws/install/proy_eq1_mundo/share/proy_eq1_mundo//models/gertrudiseye/meshes/gertrudiseye.dae
-- Up-to-date: /home/vboxuser/turtlebot3_ws/install/proy_eq1_mundo/share/proy_eq1_mundo//models/gertrudiseye/meshes/tongue01_diffuse.png
-- Up-to-date: /home/vboxuser/turtlebot3_ws/install/proy_eq1_mundo/share/proy_eq1_mundo//models/gertrudiseye/meshes/female_elegantsuit01_normal.png
-- Up-to-date: /home/vboxuser/turtlebot3_ws/install/proy_eq1_mundo/share/proy_eq1_mundo//models/gertrudiseye/meshes/old_lightskinned_female_diffuse.png
-- Up-to-date: /home/vboxuser/turtlebot3_ws/install/proy_eq1_mundo/share/proy_eq1_mundo//models/gertrudiseye/meshes/gertrudiseyev2.dae
-- Up-to-date: /home/vboxuser/turtlebot3_ws/install/proy_eq1_mundo/share/proy_eq1_mundo//models/gertrudiseye/meshes/teeth.png
-- Up-to-date: /home/vboxuser/turtlebot3_ws/install/proy_eq1_mundo/share/proy_eq1_mundo//models/gertrudiseye/model.config
-- Up-to-date: /home/vboxuser/turtlebot3_ws/install/proy_eq1_mundo/share/proy_eq1_mundo//models/gertrudiseye/model.sdf
-- Up-to-date: /home/vboxuser/turtlebot3_ws/install/proy_eq1_mundo/share/proy_eq1_mundo//models/ball_bearing
-- Up-to-date: /home/vboxuser/turtlebot3_ws/install/proy_eq1_mundo/share/proy_eq1_mundo//models/ball_bearing/model.config
-- Up-to-date: /home/vboxuser/turtlebot3_ws/install/proy_eq1_mundo/share/proy_eq1_mundo//models/ball_bearing/model.rsdf
-- Up-to-date: /home/vboxuser/turtlebot3_ws/install/proy_eq1_mundo/share/proy_eq1_mundo//models/ball_bearing/model.sdf
-- Up-to-date: /home/vboxuser/turtlebot3_ws/install/proy_eq1_mundo/share/proy_eq1_mundo//models/aws_robomaker_hospital_hospitalsign_01
-- Up-to-date: /home/vboxuser/turtlebot3_ws/install/proy_eq1_mundo/share/proy_eq1_mundo//models/aws_robomaker_hospital_hospitalsign_01/meshes
-- Installing: /home/vboxuser/turtlebot3_ws/install/proy_eq1_mundo/share/proy_eq1_mundo//models/aws_robomaker_hospital_hospitalsign_01/meshes/aws_robomaker_hospital_hospitalsign_01_normal.png
-- Installing: /home/vboxuser/turtlebot3_ws/install/proy_eq1_mundo/share/proy_eq1_mundo//models/aws_robomaker_hospital_hospitalsign_01/meshes/aws_robomaker_hospital_hospitalsign_01.png
-- Installing: /home/vboxuser/turtlebot3_ws/install/proy_eq1_mundo/share/proy_eq1_mundo//models/aws_robomaker_hospital_hospitalsign_01/meshes/aws_robomaker_hospital_hospitalsign_01_visual.dae
-- Installing: /home/vboxuser/turtlebot3_ws/install/proy_eq1_mundo/share/proy_eq1_mundo//models/aws_robomaker_hospital_hospitalsign_01/meshes/aws_robomaker_hospital_hospitalsign_01_collision.dae
-- Installing: /home/vboxuser/turtlebot3_ws/install/proy_eq1_mundo/share/proy_eq1_mundo//models/aws_robomaker_hospital_hospitalsign_01/model.config
-- Installing: /home/vboxuser/turtlebot3_ws/install/proy_eq1_mundo/share/proy_eq1_mundo//models/aws_robomaker_hospital_hospitalsign_01/model.sdf
-- Up-to-date: /home/vboxuser/turtlebot3_ws/install/proy_eq1_mundo/share/proy_eq1_mundo//models/aws_robomaker_residential_PortraitB_02
-- Up-to-date: /home/vboxuser/turtlebot3_ws/install/proy_eq1_mundo/share/proy_eq1_mundo//models/aws_robomaker_residential_PortraitB_02/materials
-- Up-to-date: /home/vboxuser/turtlebot3_ws/install/proy_eq1_mundo/share/proy_eq1_mundo//models/aws_robomaker_residential_PortraitB_02/materials/textures
-- Installing: /home/vboxuser/turtlebot3_ws/install/proy_eq1_mundo/share/proy_eq1_mundo//models/aws_robomaker_residential_PortraitB_02/materials/textures/aws_PortraitB_02.png
-- Installing: /home/vboxuser/turtlebot3_ws/install/proy_eq1_mundo/share/proy_eq1_mundo//models/aws_robomaker_residential_PortraitB_02/materials/textures/aws_PortraitB_01.png
-- Up-to-date: /home/vboxuser/turtlebot3_ws/install/proy_eq1_mundo/share/proy_eq1_mundo//models/aws_robomaker_residential_PortraitB_02/meshes
-- Installing: /home/vboxuser/turtlebot3_ws/install/proy_eq1_mundo/share/proy_eq1_mundo//models/aws_robomaker_residential_PortraitB_02/meshes/aws_PortraitB_01_collision.DAE
-- Installing: /home/vboxuser/turtlebot3_ws/install/proy_eq1_mundo/share/proy_eq1_mundo//models/aws_robomaker_residential_PortraitB_02/meshes/aws_PortraitB_01_visual.DAE
-- Installing: /home/vboxuser/turtlebot3_ws/install/proy_eq1_mundo/share/proy_eq1_mundo//models/aws_robomaker_residential_PortraitB_02/model.config
-- Installing: /home/vboxuser/turtlebot3_ws/install/proy_eq1_mundo/share/proy_eq1_mundo//models/aws_robomaker_residential_PortraitB_02/model.sdf
-- Up-to-date: /home/vboxuser/turtlebot3_ws/install/proy_eq1_mundo/share/proy_eq1_mundo//models/aws_robomaker_hospital_floor_02_ceiling
-- Up-to-date: /home/vboxuser/turtlebot3_ws/install/proy_eq1_mundo/share/proy_eq1_mundo//models/aws_robomaker_hospital_floor_02_ceiling/materials
-- Installing: /home/vboxuser/turtlebot3_ws/install/proy_eq1_mundo/share/proy_eq1_mundo//models/aws_robomaker_hospital_floor_02_ceiling/materials/model.sdf
-- Up-to-date: /home/vboxuser/turtlebot3_ws/install/proy_eq1_mundo/share/proy_eq1_mundo//models/aws_robomaker_hospital_floor_02_ceiling/meshes
-- Installing: /home/vboxuser/turtlebot3_ws/install/proy_eq1_mundo/share/proy_eq1_mundo//models/aws_robomaker_hospital_floor_02_ceiling/meshes/aws_robomaker_hospital_floor_02_ceiling_collision.dae
-- Installing: /home/vboxuser/turtlebot3_ws/install/proy_eq1_mundo/share/proy_eq1_mundo//models/aws_robomaker_hospital_floor_02_ceiling/meshes/aws_robomaker_hospital_floor_02_ceiling_normal.png
-- Installing: /home/vboxuser/turtlebot3_ws/install/proy_eq1_mundo/share/proy_eq1_mundo//models/aws_robomaker_hospital_floor_02_ceiling/meshes/aws_robomaker_hospital_floor_02_ceiling.png
-- Installing: /home/vboxuser/turtlebot3_ws/install/proy_eq1_mundo/share/proy_eq1_mundo//models/aws_robomaker_hospital_floor_02_ceiling/meshes/aws_robomaker_hospital_floor_02_ceiling_visual.dae
-- Installing: /home/vboxuser/turtlebot3_ws/install/proy_eq1_mundo/share/proy_eq1_mundo//models/aws_robomaker_hospital_floor_02_ceiling/model.config
-- Installing: /home/vboxuser/turtlebot3_ws/install/proy_eq1_mundo/share/proy_eq1_mundo//models/aws_robomaker_hospital_floor_02_ceiling/model.sdf
-- Up-to-date: /home/vboxuser/turtlebot3_ws/install/proy_eq1_mundo/share/proy_eq1_mundo//models/doguinho.zip
-- Up-to-date: /home/vboxuser/turtlebot3_ws/install/proy_eq1_mundo/share/proy_eq1_mundo//models/naokoeye
-- Up-to-date: /home/vboxuser/turtlebot3_ws/install/proy_eq1_mundo/share/proy_eq1_mundo//models/naokoeye/meshes
-- Up-to-date: /home/vboxuser/turtlebot3_ws/install/proy_eq1_mundo/share/proy_eq1_mundo//models/naokoeye/meshes/naokoeye.dae
-- Up-to-date: /home/vboxuser/turtlebot3_ws/install/proy_eq1_mundo/share/proy_eq1_mundo//models/naokoeye/meshes/naokoeye.png
-- Up-to-date: /home/vboxuser/turtlebot3_ws/install/proy_eq1_mundo/share/proy_eq1_mundo//models/naokoeye/meshes/bob02_diffuse.png
-- Up-to-date: /home/vboxuser/turtlebot3_ws/install/proy_eq1_mundo/share/proy_eq1_mundo//models/naokoeye/meshes/female_casualsuit02_diffuse.png
-- Up-to-date: /home/vboxuser/turtlebot3_ws/install/proy_eq1_mundo/share/proy_eq1_mundo//models/naokoeye/meshes/female_casualsuit02_normal.png
-- Up-to-date: /home/vboxuser/turtlebot3_ws/install/proy_eq1_mundo/share/proy_eq1_mundo//models/naokoeye/meshes/eyebrow001.png
-- Up-to-date: /home/vboxuser/turtlebot3_ws/install/proy_eq1_mundo/share/proy_eq1_mundo//models/naokoeye/meshes/brown_eye.png
-- Up-to-date: /home/vboxuser/turtlebot3_ws/install/proy_eq1_mundo/share/proy_eq1_mundo//models/naokoeye/meshes/naokoeyev2.dae
-- Up-to-date: /home/vboxuser/turtlebot3_ws/install/proy_eq1_mundo/share/proy_eq1_mundo//models/naokoeye/model.config
-- Up-to-date: /home/vboxuser/turtlebot3_ws/install/proy_eq1_mundo/share/proy_eq1_mundo//models/naokoeye/model.sdf
-- Up-to-date: /home/vboxuser/turtlebot3_ws/install/proy_eq1_mundo/share/proy_eq1_mundo//models/turtlebot3_burger_pi
-- Up-to-date: /home/vboxuser/turtlebot3_ws/install/proy_eq1_mundo/share/proy_eq1_mundo//models/turtlebot3_burger_pi/meshes
-- Up-to-date: /home/vboxuser/turtlebot3_ws/install/proy_eq1_mundo/share/proy_eq1_mundo//models/turtlebot3_burger_pi/meshes/tire.dae
-- Up-to-date: /home/vboxuser/turtlebot3_ws/install/proy_eq1_mundo/share/proy_eq1_mundo//models/turtlebot3_burger_pi/meshes/burger_base.dae
-- Up-to-date: /home/vboxuser/turtlebot3_ws/install/proy_eq1_mundo/share/proy_eq1_mundo//models/turtlebot3_burger_pi/meshes/lds.dae
-- Up-to-date: /home/vboxuser/turtlebot3_ws/install/proy_eq1_mundo/share/proy_eq1_mundo//models/turtlebot3_burger_pi/model-1_4.sdf
-- Up-to-date: /home/vboxuser/turtlebot3_ws/install/proy_eq1_mundo/share/proy_eq1_mundo//models/turtlebot3_burger_pi/model.config
-- Up-to-date: /home/vboxuser/turtlebot3_ws/install/proy_eq1_mundo/share/proy_eq1_mundo//models/turtlebot3_burger_pi/model.sdf
-- Up-to-date: /home/vboxuser/turtlebot3_ws/install/proy_eq1_mundo/share/proy_eq1_mundo//models/aws_robomaker_residential_CoffeeTable_01
-- Up-to-date: /home/vboxuser/turtlebot3_ws/install/proy_eq1_mundo/share/proy_eq1_mundo//models/aws_robomaker_residential_CoffeeTable_01/materials
-- Up-to-date: /home/vboxuser/turtlebot3_ws/install/proy_eq1_mundo/share/proy_eq1_mundo//models/aws_robomaker_residential_CoffeeTable_01/materials/textures
-- Installing: /home/vboxuser/turtlebot3_ws/install/proy_eq1_mundo/share/proy_eq1_mundo//models/aws_robomaker_residential_CoffeeTable_01/materials/textures/aws_CoffeeTable_01.png
-- Up-to-date: /home/vboxuser/turtlebot3_ws/install/proy_eq1_mundo/share/proy_eq1_mundo//models/aws_robomaker_residential_CoffeeTable_01/meshes
-- Installing: /home/vboxuser/turtlebot3_ws/install/proy_eq1_mundo/share/proy_eq1_mundo//models/aws_robomaker_residential_CoffeeTable_01/meshes/aws_CoffeeTable_01_visual.DAE
-- Installing: /home/vboxuser/turtlebot3_ws/install/proy_eq1_mundo/share/proy_eq1_mundo//models/aws_robomaker_residential_CoffeeTable_01/meshes/aws_CoffeeTable_01_collision.DAE
-- Installing: /home/vboxuser/turtlebot3_ws/install/proy_eq1_mundo/share/proy_eq1_mundo//models/aws_robomaker_residential_CoffeeTable_01/model.config
-- Installing: /home/vboxuser/turtlebot3_ws/install/proy_eq1_mundo/share/proy_eq1_mundo//models/aws_robomaker_residential_CoffeeTable_01/model.sdf
-- Up-to-date: /home/vboxuser/turtlebot3_ws/install/proy_eq1_mundo/share/proy_eq1_mundo//models/aws_robomaker_retail_Computer_01
-- Up-to-date: /home/vboxuser/turtlebot3_ws/install/proy_eq1_mundo/share/proy_eq1_mundo//models/aws_robomaker_retail_Computer_01/materials
-- Up-to-date: /home/vboxuser/turtlebot3_ws/install/proy_eq1_mundo/share/proy_eq1_mundo//models/aws_robomaker_retail_Computer_01/materials/textures
-- Installing: /home/vboxuser/turtlebot3_ws/install/proy_eq1_mundo/share/proy_eq1_mundo//models/aws_robomaker_retail_Computer_01/materials/textures/aws_Computer_01.png
-- Up-to-date: /home/vboxuser/turtlebot3_ws/install/proy_eq1_mundo/share/proy_eq1_mundo//models/aws_robomaker_retail_Computer_01/meshes
-- Installing: /home/vboxuser/turtlebot3_ws/install/proy_eq1_mundo/share/proy_eq1_mundo//models/aws_robomaker_retail_Computer_01/meshes/aws_Computer_01_collision.DAE
-- Installing: /home/vboxuser/turtlebot3_ws/install/proy_eq1_mundo/share/proy_eq1_mundo//models/aws_robomaker_retail_Computer_01/meshes/aws_Computer_01_visual.DAE
-- Installing: /home/vboxuser/turtlebot3_ws/install/proy_eq1_mundo/share/proy_eq1_mundo//models/aws_robomaker_retail_Computer_01/model.config
-- Installing: /home/vboxuser/turtlebot3_ws/install/proy_eq1_mundo/share/proy_eq1_mundo//models/aws_robomaker_retail_Computer_01/model.sdf
-- Up-to-date: /home/vboxuser/turtlebot3_ws/install/proy_eq1_mundo/share/proy_eq1_mundo//world
-- Up-to-date: /home/vboxuser/turtlebot3_ws/install/proy_eq1_mundo/share/proy_eq1_mundo//world/burger_pi.model
-- Up-to-date: /home/vboxuser/turtlebot3_ws/install/proy_eq1_mundo/share/proy_eq1_mundo//world/burger.model
-- Installing: /home/vboxuser/turtlebot3_ws/install/proy_eq1_mundo/share/proy_eq1_mundo//world/hospital.world
-- Up-to-date: /home/vboxuser/turtlebot3_ws/install/proy_eq1_mundo/share/proy_eq1_mundo//urdf
-- Up-to-date: /home/vboxuser/turtlebot3_ws/install/proy_eq1_mundo/share/proy_eq1_mundo//urdf/turtlebot3_burger.urdf
-- Up-to-date: /home/vboxuser/turtlebot3_ws/install/proy_eq1_mundo/share/proy_eq1_mundo//urdf/turtlebot3_burger_pi.urdf
-- Up-to-date: /home/vboxuser/turtlebot3_ws/install/proy_eq1_mundo/include/
-- Up-to-date: /home/vboxuser/turtlebot3_ws/install/proy_eq1_mundo/share/ament_index/resource_index/package_run_dependencies/proy_eq1_mundo
-- Up-to-date: /home/vboxuser/turtlebot3_ws/install/proy_eq1_mundo/share/ament_index/resource_index/parent_prefix_path/proy_eq1_mundo
-- Up-to-date: /home/vboxuser/turtlebot3_ws/install/proy_eq1_mundo/share/proy_eq1_mundo/environment/ament_prefix_path.sh
-- Up-to-date: /home/vboxuser/turtlebot3_ws/install/proy_eq1_mundo/share/proy_eq1_mundo/environment/ament_prefix_path.dsv
-- Up-to-date: /home/vboxuser/turtlebot3_ws/install/proy_eq1_mundo/share/proy_eq1_mundo/environment/path.sh
-- Up-to-date: /home/vboxuser/turtlebot3_ws/install/proy_eq1_mundo/share/proy_eq1_mundo/environment/path.dsv
-- Up-to-date: /home/vboxuser/turtlebot3_ws/install/proy_eq1_mundo/share/proy_eq1_mundo/local_setup.bash
-- Up-to-date: /home/vboxuser/turtlebot3_ws/install/proy_eq1_mundo/share/proy_eq1_mundo/local_setup.sh
-- Up-to-date: /home/vboxuser/turtlebot3_ws/install/proy_eq1_mundo/share/proy_eq1_mundo/local_setup.zsh
-- Up-to-date: /home/vboxuser/turtlebot3_ws/install/proy_eq1_mundo/share/proy_eq1_mundo/local_setup.dsv
-- Installing: /home/vboxuser/turtlebot3_ws/install/proy_eq1_mundo/share/proy_eq1_mundo/package.dsv
-- Up-to-date: /home/vboxuser/turtlebot3_ws/install/proy_eq1_mundo/share/ament_index/resource_index/packages/proy_eq1_mundo
-- Up-to-date: /home/vboxuser/turtlebot3_ws/install/proy_eq1_mundo/share/proy_eq1_mundo/cmake/ament_cmake_export_include_directories-extras.cmake
-- Up-to-date: /home/vboxuser/turtlebot3_ws/install/proy_eq1_mundo/share/proy_eq1_mundo/cmake/ament_cmake_export_dependencies-extras.cmake
-- Up-to-date: /home/vboxuser/turtlebot3_ws/install/proy_eq1_mundo/share/proy_eq1_mundo/cmake/proy_eq1_mundoConfig.cmake
-- Up-to-date: /home/vboxuser/turtlebot3_ws/install/proy_eq1_mundo/share/proy_eq1_mundo/cmake/proy_eq1_mundoConfig-version.cmake
-- Up-to-date: /home/vboxuser/turtlebot3_ws/install/proy_eq1_mundo/share/proy_eq1_mundo/package.xml
