[0.897s] Invoking command in '/home/vboxuser/turtlebot3_ws/src/my_first_action': CMAKE_PREFIX_PATH=/home/vboxuser/turtlebot3_ws/install/custom_interface:/home/vboxuser/turtlebot3_ws/install/turtlebot3_simulations:/home/vboxuser/turtlebot3_ws/install/turtlebot3_gazebo:/home/vboxuser/turtlebot3_ws/install/turtlebot3_fake_node PYTHONPATH=/home/vboxuser/turtlebot3_ws/build/my_first_action/prefix_override:/home/vboxuser/turtlebot3_ws/install/my_first_action/lib/python3.8/site-packages:/home/vboxuser/turtlebot3_ws/install/custom_interface/lib/python3.8/site-packages:/home/vboxuser/turtlebot3_ws/install/show_msg/lib/python3.8/site-packages:/home/vboxuser/turtlebot3_ws/install/my_first_subscriber/lib/python3.8/site-packages:/home/vboxuser/turtlebot3_ws/install/my_first_service/lib/python3.8/site-packages:/home/vboxuser/turtlebot3_ws/install/my_first_publisher/lib/python3.8/site-packages:/home/vboxuser/turtlebot3_ws/install/my_first_node/lib/python3.8/site-packages:/home/vboxuser/turtlebot3_ws/install/my_first_action/lib/python3.8/site-packages:/opt/ros/galactic/lib/python3.8/site-packages /usr/bin/python3 setup.py egg_info --egg-base ../../build/my_first_action build --build-base /home/vboxuser/turtlebot3_ws/build/my_first_action/build install --record /home/vboxuser/turtlebot3_ws/build/my_first_action/install.log --single-version-externally-managed
[1.102s] running egg_info
[1.103s] writing ../../build/my_first_action/my_first_action.egg-info/PKG-INFO
[1.104s] writing dependency_links to ../../build/my_first_action/my_first_action.egg-info/dependency_links.txt
[1.104s] writing entry points to ../../build/my_first_action/my_first_action.egg-info/entry_points.txt
[1.104s] writing requirements to ../../build/my_first_action/my_first_action.egg-info/requires.txt
[1.105s] writing top-level names to ../../build/my_first_action/my_first_action.egg-info/top_level.txt
[1.131s] reading manifest file '../../build/my_first_action/my_first_action.egg-info/SOURCES.txt'
[1.133s] writing manifest file '../../build/my_first_action/my_first_action.egg-info/SOURCES.txt'
[1.133s] running build
[1.133s] running build_py
[1.133s] copying my_first_action/action_client.py -> /home/vboxuser/turtlebot3_ws/build/my_first_action/build/lib/my_first_action
[1.134s] running install
[1.135s] running install_lib
[1.136s] copying /home/vboxuser/turtlebot3_ws/build/my_first_action/build/lib/my_first_action/action_client.py -> /home/vboxuser/turtlebot3_ws/install/my_first_action/lib/python3.8/site-packages/my_first_action
[1.136s] byte-compiling /home/vboxuser/turtlebot3_ws/install/my_first_action/lib/python3.8/site-packages/my_first_action/action_client.py to action_client.cpython-38.pyc
[1.138s] running install_data
[1.138s] copying launch/action_client.launch.py -> /home/vboxuser/turtlebot3_ws/install/my_first_action/share/my_first_action
[1.138s] running install_egg_info
[1.140s] removing '/home/vboxuser/turtlebot3_ws/install/my_first_action/lib/python3.8/site-packages/my_first_action-0.0.0-py3.8.egg-info' (and everything under it)
[1.140s] Copying ../../build/my_first_action/my_first_action.egg-info to /home/vboxuser/turtlebot3_ws/install/my_first_action/lib/python3.8/site-packages/my_first_action-0.0.0-py3.8.egg-info
[1.141s] running install_scripts
[1.158s] Installing action_client script to /home/vboxuser/turtlebot3_ws/install/my_first_action/lib/my_first_action
[1.158s] Installing action_server script to /home/vboxuser/turtlebot3_ws/install/my_first_action/lib/my_first_action
[1.158s] writing list of installed files to '/home/vboxuser/turtlebot3_ws/build/my_first_action/install.log'
[1.176s] Invoked command in '/home/vboxuser/turtlebot3_ws/src/my_first_action' returned '0': CMAKE_PREFIX_PATH=/home/vboxuser/turtlebot3_ws/install/custom_interface:/home/vboxuser/turtlebot3_ws/install/turtlebot3_simulations:/home/vboxuser/turtlebot3_ws/install/turtlebot3_gazebo:/home/vboxuser/turtlebot3_ws/install/turtlebot3_fake_node PYTHONPATH=/home/vboxuser/turtlebot3_ws/build/my_first_action/prefix_override:/home/vboxuser/turtlebot3_ws/install/my_first_action/lib/python3.8/site-packages:/home/vboxuser/turtlebot3_ws/install/custom_interface/lib/python3.8/site-packages:/home/vboxuser/turtlebot3_ws/install/show_msg/lib/python3.8/site-packages:/home/vboxuser/turtlebot3_ws/install/my_first_subscriber/lib/python3.8/site-packages:/home/vboxuser/turtlebot3_ws/install/my_first_service/lib/python3.8/site-packages:/home/vboxuser/turtlebot3_ws/install/my_first_publisher/lib/python3.8/site-packages:/home/vboxuser/turtlebot3_ws/install/my_first_node/lib/python3.8/site-packages:/home/vboxuser/turtlebot3_ws/install/my_first_action/lib/python3.8/site-packages:/opt/ros/galactic/lib/python3.8/site-packages /usr/bin/python3 setup.py egg_info --egg-base ../../build/my_first_action build --build-base /home/vboxuser/turtlebot3_ws/build/my_first_action/build install --record /home/vboxuser/turtlebot3_ws/build/my_first_action/install.log --single-version-externally-managed
