[0.957s] Invoking command in '/home/vboxuser/turtlebot3_ws/src/my_first_publisher': PYTHONPATH=/home/vboxuser/turtlebot3_ws/build/my_first_publisher/prefix_override:/home/vboxuser/turtlebot3_ws/install/my_first_publisher/lib/python3.8/site-packages:${PYTHONPATH} /usr/bin/python3 setup.py egg_info --egg-base ../../build/my_first_publisher build --build-base /home/vboxuser/turtlebot3_ws/build/my_first_publisher/build install --record /home/vboxuser/turtlebot3_ws/build/my_first_publisher/install.log --single-version-externally-managed
[1.154s] running egg_info
[1.154s] writing ../../build/my_first_publisher/my_first_publisher.egg-info/PKG-INFO
[1.154s] writing dependency_links to ../../build/my_first_publisher/my_first_publisher.egg-info/dependency_links.txt
[1.155s] writing entry points to ../../build/my_first_publisher/my_first_publisher.egg-info/entry_points.txt
[1.157s] writing requirements to ../../build/my_first_publisher/my_first_publisher.egg-info/requires.txt
[1.157s] writing top-level names to ../../build/my_first_publisher/my_first_publisher.egg-info/top_level.txt
[1.183s] reading manifest file '../../build/my_first_publisher/my_first_publisher.egg-info/SOURCES.txt'
[1.184s] writing manifest file '../../build/my_first_publisher/my_first_publisher.egg-info/SOURCES.txt'
[1.184s] running build
[1.184s] running build_py
[1.184s] copying my_first_publisher/simple_publisher.py -> /home/vboxuser/turtlebot3_ws/build/my_first_publisher/build/lib/my_first_publisher
[1.184s] running install
[1.185s] running install_lib
[1.186s] copying /home/vboxuser/turtlebot3_ws/build/my_first_publisher/build/lib/my_first_publisher/simple_publisher.py -> /home/vboxuser/turtlebot3_ws/install/my_first_publisher/lib/python3.8/site-packages/my_first_publisher
[1.186s] byte-compiling /home/vboxuser/turtlebot3_ws/install/my_first_publisher/lib/python3.8/site-packages/my_first_publisher/simple_publisher.py to simple_publisher.cpython-38.pyc
[1.187s] running install_data
[1.188s] running install_egg_info
[1.189s] removing '/home/vboxuser/turtlebot3_ws/install/my_first_publisher/lib/python3.8/site-packages/my_first_publisher-0.0.0-py3.8.egg-info' (and everything under it)
[1.189s] Copying ../../build/my_first_publisher/my_first_publisher.egg-info to /home/vboxuser/turtlebot3_ws/install/my_first_publisher/lib/python3.8/site-packages/my_first_publisher-0.0.0-py3.8.egg-info
[1.191s] running install_scripts
[1.206s] Installing simple_publisher script to /home/vboxuser/turtlebot3_ws/install/my_first_publisher/lib/my_first_publisher
[1.206s] writing list of installed files to '/home/vboxuser/turtlebot3_ws/build/my_first_publisher/install.log'
[1.221s] Invoked command in '/home/vboxuser/turtlebot3_ws/src/my_first_publisher' returned '0': PYTHONPATH=/home/vboxuser/turtlebot3_ws/build/my_first_publisher/prefix_override:/home/vboxuser/turtlebot3_ws/install/my_first_publisher/lib/python3.8/site-packages:${PYTHONPATH} /usr/bin/python3 setup.py egg_info --egg-base ../../build/my_first_publisher build --build-base /home/vboxuser/turtlebot3_ws/build/my_first_publisher/build install --record /home/vboxuser/turtlebot3_ws/build/my_first_publisher/install.log --single-version-externally-managed
