-- Found ament_cmake: 1.1.6 (/opt/ros/galactic/share/ament_cmake/cmake)
-- Using PYTHON_EXECUTABLE: /usr/bin/python3
-- Configuring done
-- Generating done
-- Build files have been written to: /home/vboxuser/turtlebot3_ws/build/proy_eq1
-- Install configuration: ""
-- Up-to-date: /home/vboxuser/turtlebot3_ws/install/proy_eq1/share/ament_index/resource_index/package_run_dependencies/proy_eq1
-- Installing: /home/vboxuser/turtlebot3_ws/install/proy_eq1/share/ament_index/resource_index/parent_prefix_path/proy_eq1
-- Up-to-date: /home/vboxuser/turtlebot3_ws/install/proy_eq1/share/proy_eq1/environment/ament_prefix_path.sh
-- Installing: /home/vboxuser/turtlebot3_ws/install/proy_eq1/share/proy_eq1/environment/ament_prefix_path.dsv
-- Up-to-date: /home/vboxuser/turtlebot3_ws/install/proy_eq1/share/proy_eq1/environment/path.sh
-- Installing: /home/vboxuser/turtlebot3_ws/install/proy_eq1/share/proy_eq1/environment/path.dsv
-- Up-to-date: /home/vboxuser/turtlebot3_ws/install/proy_eq1/share/proy_eq1/local_setup.bash
-- Up-to-date: /home/vboxuser/turtlebot3_ws/install/proy_eq1/share/proy_eq1/local_setup.sh
-- Up-to-date: /home/vboxuser/turtlebot3_ws/install/proy_eq1/share/proy_eq1/local_setup.zsh
-- Installing: /home/vboxuser/turtlebot3_ws/install/proy_eq1/share/proy_eq1/local_setup.dsv
-- Installing: /home/vboxuser/turtlebot3_ws/install/proy_eq1/share/proy_eq1/package.dsv
-- Up-to-date: /home/vboxuser/turtlebot3_ws/install/proy_eq1/share/ament_index/resource_index/packages/proy_eq1
-- Up-to-date: /home/vboxuser/turtlebot3_ws/install/proy_eq1/share/proy_eq1/cmake/proy_eq1Config.cmake
-- Up-to-date: /home/vboxuser/turtlebot3_ws/install/proy_eq1/share/proy_eq1/cmake/proy_eq1Config-version.cmake
-- Installing: /home/vboxuser/turtlebot3_ws/install/proy_eq1/share/proy_eq1/package.xml
