[0.112s] Invoking command in '/home/vboxuser/turtlebot3_ws/build/proy_eq1_custom_interface': CMAKE_PREFIX_PATH=${CMAKE_PREFIX_PATH}:/home/vboxuser/turtlebot3_ws/install/show_msg:/home/vboxuser/turtlebot3_ws/install/proy_eq1_nav_manual:/home/vboxuser/turtlebot3_ws/install/my_first_subscriber:/home/vboxuser/turtlebot3_ws/install/my_first_service:/home/vboxuser/turtlebot3_ws/install/my_first_publisher:/home/vboxuser/turtlebot3_ws/install/my_first_node:/home/vboxuser/turtlebot3_ws/install/my_first_action:/home/vboxuser/turtlebot3_ws/install/movimiento_manual_service:/opt/ros/galactic /usr/bin/cmake /home/vboxuser/turtlebot3_ws/src/proy_eq1/proy_eq1_custom_interface -DCMAKE_INSTALL_PREFIX=/home/vboxuser/turtlebot3_ws/install/proy_eq1_custom_interface
[0.124s] -- Found ament_cmake: 1.1.6 (/opt/ros/galactic/share/ament_cmake/cmake)
[0.140s] -- Using PYTHON_EXECUTABLE: /usr/bin/python3
[0.184s] -- Found rclcpp: 9.2.2 (/opt/ros/galactic/share/rclcpp/cmake)
[0.209s] -- Using all available rosidl_typesupport_c: rosidl_typesupport_fastrtps_c;rosidl_typesupport_introspection_c
[0.211s] -- Found rosidl_adapter: 2.2.3 (/opt/ros/galactic/share/rosidl_adapter/cmake)
[0.302s] -- Using all available rosidl_typesupport_cpp: rosidl_typesupport_fastrtps_cpp;rosidl_typesupport_introspection_cpp
[0.338s] -- Found rmw_implementation_cmake: 3.3.1 (/opt/ros/galactic/share/rmw_implementation_cmake/cmake)
[0.339s] -- Found rmw_cyclonedds_cpp: 0.22.6 (/opt/ros/galactic/share/rmw_cyclonedds_cpp/cmake)
[0.352s] -- Using RMW implementation 'rmw_cyclonedds_cpp' as default
[0.446s] -- Found rosidl_default_generators: 1.1.1 (/opt/ros/galactic/share/rosidl_default_generators/cmake)
[0.453s] -- Found ament_lint_auto: 0.10.7 (/opt/ros/galactic/share/ament_lint_auto/cmake)
[0.537s] -- Found PythonInterp: /usr/bin/python3 (found version "3.8.10") 
[0.657s] -- Found ament_cmake_ros: 0.9.2 (/opt/ros/galactic/share/ament_cmake_ros/cmake)
[0.768s] -- Using all available rosidl_typesupport_c: rosidl_typesupport_fastrtps_c;rosidl_typesupport_introspection_c
[0.788s] -- Using all available rosidl_typesupport_cpp: rosidl_typesupport_fastrtps_cpp;rosidl_typesupport_introspection_cpp
[0.808s] -- Found PythonInterp: /usr/bin/python3 (found suitable version "3.8.10", minimum required is "3.5") 
[0.810s] -- Found python_cmake_module: 0.8.1 (/opt/ros/galactic/share/python_cmake_module/cmake)
[0.833s] -- Found PythonLibs: /usr/lib/x86_64-linux-gnu/libpython3.8.so (found suitable version "3.8.10", minimum required is "3.5") 
[0.833s] -- Using PYTHON_EXECUTABLE: /usr/bin/python3
[0.833s] -- Using PYTHON_INCLUDE_DIRS: /usr/include/python3.8
[0.833s] -- Using PYTHON_LIBRARIES: /usr/lib/x86_64-linux-gnu/libpython3.8.so
[0.848s] -- Found PythonExtra: .so  
[0.893s] -- Added test 'copyright' to check source files copyright and LICENSE
[0.896s] -- Added test 'lint_cmake' to check CMake code style
[0.898s] -- Added test 'xmllint' to check XML markup files
[0.907s] -- Configuring done
[0.955s] -- Generating done
[0.955s] -- Build files have been written to: /home/vboxuser/turtlebot3_ws/build/proy_eq1_custom_interface
[0.958s] Invoked command in '/home/vboxuser/turtlebot3_ws/build/proy_eq1_custom_interface' returned '0': CMAKE_PREFIX_PATH=${CMAKE_PREFIX_PATH}:/home/vboxuser/turtlebot3_ws/install/show_msg:/home/vboxuser/turtlebot3_ws/install/proy_eq1_nav_manual:/home/vboxuser/turtlebot3_ws/install/my_first_subscriber:/home/vboxuser/turtlebot3_ws/install/my_first_service:/home/vboxuser/turtlebot3_ws/install/my_first_publisher:/home/vboxuser/turtlebot3_ws/install/my_first_node:/home/vboxuser/turtlebot3_ws/install/my_first_action:/home/vboxuser/turtlebot3_ws/install/movimiento_manual_service:/opt/ros/galactic /usr/bin/cmake /home/vboxuser/turtlebot3_ws/src/proy_eq1/proy_eq1_custom_interface -DCMAKE_INSTALL_PREFIX=/home/vboxuser/turtlebot3_ws/install/proy_eq1_custom_interface
[0.961s] Invoking command in '/home/vboxuser/turtlebot3_ws/build/proy_eq1_custom_interface': CMAKE_PREFIX_PATH=${CMAKE_PREFIX_PATH}:/home/vboxuser/turtlebot3_ws/install/show_msg:/home/vboxuser/turtlebot3_ws/install/proy_eq1_nav_manual:/home/vboxuser/turtlebot3_ws/install/my_first_subscriber:/home/vboxuser/turtlebot3_ws/install/my_first_service:/home/vboxuser/turtlebot3_ws/install/my_first_publisher:/home/vboxuser/turtlebot3_ws/install/my_first_node:/home/vboxuser/turtlebot3_ws/install/my_first_action:/home/vboxuser/turtlebot3_ws/install/movimiento_manual_service:/opt/ros/galactic /usr/bin/cmake --build /home/vboxuser/turtlebot3_ws/build/proy_eq1_custom_interface -- -j4 -l4
[0.988s] [35m[1mScanning dependencies of target proy_eq1_custom_interface__cpp[0m
[0.988s] [  2%] [34m[1mGenerating C code for ROS interfaces[0m
[0.995s] [  4%] [34m[1mGenerating C++ code for ROS interfaces[0m
[1.370s] [  4%] Built target proy_eq1_custom_interface__cpp
[1.376s] [  6%] [34m[1mGenerating C++ introspection for ROS interfaces[0m
[1.390s] [  8%] [34m[1mGenerating C++ type support for eProsima Fast-RTPS[0m
[1.390s] [35m[1mScanning dependencies of target proy_eq1_custom_interface__rosidl_generator_c[0m
[1.390s] [ 10%] [34m[1mGenerating C++ type support dispatch for ROS interfaces[0m
[1.402s] [ 12%] [32mBuilding C object CMakeFiles/proy_eq1_custom_interface__rosidl_generator_c.dir/rosidl_generator_c/proy_eq1_custom_interface/msg/detail/distvel__functions.c.o[0m
[1.439s] [ 14%] [32mBuilding C object CMakeFiles/proy_eq1_custom_interface__rosidl_generator_c.dir/rosidl_generator_c/proy_eq1_custom_interface/srv/detail/my_move_msg__functions.c.o[0m
[1.479s] [ 17%] [32mBuilding C object CMakeFiles/proy_eq1_custom_interface__rosidl_generator_c.dir/rosidl_generator_c/proy_eq1_custom_interface/action/detail/move__functions.c.o[0m
[1.564s] [ 19%] [32m[1mLinking C shared library libproy_eq1_custom_interface__rosidl_generator_c.so[0m
[1.601s] [ 19%] Built target proy_eq1_custom_interface__rosidl_generator_c
[1.609s] [ 21%] [34m[1mGenerating C type support dispatch for ROS interfaces[0m
[1.658s] [35m[1mScanning dependencies of target proy_eq1_custom_interface__rosidl_typesupport_cpp[0m
[1.678s] [ 23%] [32mBuilding CXX object CMakeFiles/proy_eq1_custom_interface__rosidl_typesupport_cpp.dir/rosidl_typesupport_cpp/proy_eq1_custom_interface/msg/distvel__type_support.cpp.o[0m
[1.702s] [35m[1mScanning dependencies of target proy_eq1_custom_interface__rosidl_typesupport_introspection_cpp[0m
[1.716s] [ 25%] [32mBuilding CXX object CMakeFiles/proy_eq1_custom_interface__rosidl_typesupport_introspection_cpp.dir/rosidl_typesupport_introspection_cpp/proy_eq1_custom_interface/msg/detail/distvel__type_support.cpp.o[0m
[1.774s] [35m[1mScanning dependencies of target proy_eq1_custom_interface__rosidl_typesupport_fastrtps_cpp[0m
[1.798s] [ 27%] [32mBuilding CXX object CMakeFiles/proy_eq1_custom_interface__rosidl_typesupport_fastrtps_cpp.dir/rosidl_typesupport_fastrtps_cpp/proy_eq1_custom_interface/msg/detail/dds_fastrtps/distvel__type_support.cpp.o[0m
[1.900s] [35m[1mScanning dependencies of target proy_eq1_custom_interface__rosidl_typesupport_c[0m
[1.909s] [ 29%] [32mBuilding CXX object CMakeFiles/proy_eq1_custom_interface__rosidl_typesupport_introspection_cpp.dir/rosidl_typesupport_introspection_cpp/proy_eq1_custom_interface/srv/detail/my_move_msg__type_support.cpp.o[0m
[1.911s] [ 31%] [32mBuilding CXX object CMakeFiles/proy_eq1_custom_interface__rosidl_typesupport_cpp.dir/rosidl_typesupport_cpp/proy_eq1_custom_interface/srv/my_move_msg__type_support.cpp.o[0m
[1.912s] [ 34%] [32mBuilding CXX object CMakeFiles/proy_eq1_custom_interface__rosidl_typesupport_c.dir/rosidl_typesupport_c/proy_eq1_custom_interface/msg/distvel__type_support.cpp.o[0m
[1.937s] [ 36%] [32mBuilding CXX object CMakeFiles/proy_eq1_custom_interface__rosidl_typesupport_c.dir/rosidl_typesupport_c/proy_eq1_custom_interface/srv/my_move_msg__type_support.cpp.o[0m
[1.959s] [ 38%] [32mBuilding CXX object CMakeFiles/proy_eq1_custom_interface__rosidl_typesupport_c.dir/rosidl_typesupport_c/proy_eq1_custom_interface/action/move__type_support.cpp.o[0m
[1.992s] [ 40%] [32m[1mLinking CXX shared library libproy_eq1_custom_interface__rosidl_typesupport_c.so[0m
[2.021s] [ 40%] Built target proy_eq1_custom_interface__rosidl_typesupport_c
[2.028s] [ 42%] [34m[1mGenerating C introspection for ROS interfaces[0m
[2.076s] [ 44%] [32mBuilding CXX object CMakeFiles/proy_eq1_custom_interface__rosidl_typesupport_fastrtps_cpp.dir/rosidl_typesupport_fastrtps_cpp/proy_eq1_custom_interface/srv/detail/dds_fastrtps/my_move_msg__type_support.cpp.o[0m
[2.091s] [ 46%] [32mBuilding CXX object CMakeFiles/proy_eq1_custom_interface__rosidl_typesupport_cpp.dir/rosidl_typesupport_cpp/proy_eq1_custom_interface/action/move__type_support.cpp.o[0m
[2.102s] [ 48%] [32mBuilding CXX object CMakeFiles/proy_eq1_custom_interface__rosidl_typesupport_introspection_cpp.dir/rosidl_typesupport_introspection_cpp/proy_eq1_custom_interface/action/detail/move__type_support.cpp.o[0m
[2.382s] [ 51%] [32mBuilding CXX object CMakeFiles/proy_eq1_custom_interface__rosidl_typesupport_fastrtps_cpp.dir/rosidl_typesupport_fastrtps_cpp/proy_eq1_custom_interface/action/detail/dds_fastrtps/move__type_support.cpp.o[0m
[2.393s] [35m[1mScanning dependencies of target proy_eq1_custom_interface__rosidl_typesupport_introspection_c[0m
[2.406s] [ 53%] [32mBuilding C object CMakeFiles/proy_eq1_custom_interface__rosidl_typesupport_introspection_c.dir/rosidl_typesupport_introspection_c/proy_eq1_custom_interface/msg/detail/distvel__type_support.c.o[0m
[2.432s] [ 55%] [32mBuilding C object CMakeFiles/proy_eq1_custom_interface__rosidl_typesupport_introspection_c.dir/rosidl_typesupport_introspection_c/proy_eq1_custom_interface/srv/detail/my_move_msg__type_support.c.o[0m
[2.453s] [ 57%] [32m[1mLinking CXX shared library libproy_eq1_custom_interface__rosidl_typesupport_introspection_cpp.so[0m
[2.456s] [ 59%] [32m[1mLinking CXX shared library libproy_eq1_custom_interface__rosidl_typesupport_cpp.so[0m
[2.458s] [ 61%] [32mBuilding C object CMakeFiles/proy_eq1_custom_interface__rosidl_typesupport_introspection_c.dir/rosidl_typesupport_introspection_c/proy_eq1_custom_interface/action/detail/move__type_support.c.o[0m
[2.490s] [ 63%] [32m[1mLinking C shared library libproy_eq1_custom_interface__rosidl_typesupport_introspection_c.so[0m
[2.496s] [ 63%] Built target proy_eq1_custom_interface__rosidl_typesupport_cpp
[2.504s] [ 63%] Built target proy_eq1_custom_interface__rosidl_typesupport_introspection_cpp
[2.511s] [ 63%] Built target proy_eq1_custom_interface__rosidl_typesupport_introspection_c
[2.749s] [ 65%] [32m[1mLinking CXX shared library libproy_eq1_custom_interface__rosidl_typesupport_fastrtps_cpp.so[0m
[2.816s] [ 65%] Built target proy_eq1_custom_interface__rosidl_typesupport_fastrtps_cpp
[2.823s] [ 68%] [34m[1mGenerating C type support for eProsima Fast-RTPS[0m
[3.156s] [35m[1mScanning dependencies of target proy_eq1_custom_interface__rosidl_typesupport_fastrtps_c[0m
[3.172s] [ 70%] [32mBuilding CXX object CMakeFiles/proy_eq1_custom_interface__rosidl_typesupport_fastrtps_c.dir/rosidl_typesupport_fastrtps_c/proy_eq1_custom_interface/msg/detail/distvel__type_support_c.cpp.o[0m
[3.172s] [ 72%] [32mBuilding CXX object CMakeFiles/proy_eq1_custom_interface__rosidl_typesupport_fastrtps_c.dir/rosidl_typesupport_fastrtps_c/proy_eq1_custom_interface/action/detail/move__type_support_c.cpp.o[0m
[3.172s] [ 74%] [32mBuilding CXX object CMakeFiles/proy_eq1_custom_interface__rosidl_typesupport_fastrtps_c.dir/rosidl_typesupport_fastrtps_c/proy_eq1_custom_interface/srv/detail/my_move_msg__type_support_c.cpp.o[0m
[3.428s] [ 76%] [32m[1mLinking CXX shared library libproy_eq1_custom_interface__rosidl_typesupport_fastrtps_c.so[0m
[3.484s] [ 76%] Built target proy_eq1_custom_interface__rosidl_typesupport_fastrtps_c
[3.491s] [35m[1mScanning dependencies of target proy_eq1_custom_interface[0m
[3.497s] [ 76%] Built target proy_eq1_custom_interface
[3.503s] [35m[1mScanning dependencies of target proy_eq1_custom_interface__py[0m
[3.510s] [ 78%] [34m[1mGenerating Python code for ROS interfaces[0m
[4.256s] [ 78%] Built target proy_eq1_custom_interface__py
[4.262s] [35m[1mScanning dependencies of target proy_eq1_custom_interface__python[0m
[4.297s] [ 82%] [32mBuilding C object CMakeFiles/proy_eq1_custom_interface__python.dir/rosidl_generator_py/proy_eq1_custom_interface/srv/_my_move_msg_s.c.o[0m
[4.297s] [ 82%] [32mBuilding C object CMakeFiles/proy_eq1_custom_interface__python.dir/rosidl_generator_py/proy_eq1_custom_interface/msg/_distvel_s.c.o[0m
[4.297s] [ 85%] [32mBuilding C object CMakeFiles/proy_eq1_custom_interface__python.dir/rosidl_generator_py/proy_eq1_custom_interface/action/_move_s.c.o[0m
[4.395s] [ 87%] [32m[1mLinking C shared library rosidl_generator_py/proy_eq1_custom_interface/libproy_eq1_custom_interface__python.so[0m
[4.425s] [ 87%] Built target proy_eq1_custom_interface__python
[4.432s] [35m[1mScanning dependencies of target proy_eq1_custom_interface__rosidl_typesupport_c__pyext[0m
[4.432s] [35m[1mScanning dependencies of target proy_eq1_custom_interface__rosidl_typesupport_fastrtps_c__pyext[0m
[4.432s] [35m[1mScanning dependencies of target proy_eq1_custom_interface__rosidl_typesupport_introspection_c__pyext[0m
[4.446s] [ 89%] [32mBuilding C object CMakeFiles/proy_eq1_custom_interface__rosidl_typesupport_introspection_c__pyext.dir/rosidl_generator_py/proy_eq1_custom_interface/_proy_eq1_custom_interface_s.ep.rosidl_typesupport_introspection_c.c.o[0m
[4.449s] [ 93%] [32mBuilding C object CMakeFiles/proy_eq1_custom_interface__rosidl_typesupport_c__pyext.dir/rosidl_generator_py/proy_eq1_custom_interface/_proy_eq1_custom_interface_s.ep.rosidl_typesupport_c.c.o[0m
[4.449s] [ 93%] [32mBuilding C object CMakeFiles/proy_eq1_custom_interface__rosidl_typesupport_fastrtps_c__pyext.dir/rosidl_generator_py/proy_eq1_custom_interface/_proy_eq1_custom_interface_s.ep.rosidl_typesupport_fastrtps_c.c.o[0m
[4.522s] [ 95%] [32m[1mLinking C shared library rosidl_generator_py/proy_eq1_custom_interface/proy_eq1_custom_interface_s__rosidl_typesupport_introspection_c.cpython-38-x86_64-linux-gnu.so[0m
[4.523s] [ 97%] [32m[1mLinking C shared library rosidl_generator_py/proy_eq1_custom_interface/proy_eq1_custom_interface_s__rosidl_typesupport_c.cpython-38-x86_64-linux-gnu.so[0m
[4.524s] [100%] [32m[1mLinking CXX shared library rosidl_generator_py/proy_eq1_custom_interface/proy_eq1_custom_interface_s__rosidl_typesupport_fastrtps_c.cpython-38-x86_64-linux-gnu.so[0m
[4.548s] [100%] Built target proy_eq1_custom_interface__rosidl_typesupport_c__pyext
[4.548s] [100%] Built target proy_eq1_custom_interface__rosidl_typesupport_introspection_c__pyext
[4.570s] [100%] Built target proy_eq1_custom_interface__rosidl_typesupport_fastrtps_c__pyext
[4.578s] Invoked command in '/home/vboxuser/turtlebot3_ws/build/proy_eq1_custom_interface' returned '0': CMAKE_PREFIX_PATH=${CMAKE_PREFIX_PATH}:/home/vboxuser/turtlebot3_ws/install/show_msg:/home/vboxuser/turtlebot3_ws/install/proy_eq1_nav_manual:/home/vboxuser/turtlebot3_ws/install/my_first_subscriber:/home/vboxuser/turtlebot3_ws/install/my_first_service:/home/vboxuser/turtlebot3_ws/install/my_first_publisher:/home/vboxuser/turtlebot3_ws/install/my_first_node:/home/vboxuser/turtlebot3_ws/install/my_first_action:/home/vboxuser/turtlebot3_ws/install/movimiento_manual_service:/opt/ros/galactic /usr/bin/cmake --build /home/vboxuser/turtlebot3_ws/build/proy_eq1_custom_interface -- -j4 -l4
[4.642s] Invoking command in '/home/vboxuser/turtlebot3_ws/build/proy_eq1_custom_interface': CMAKE_PREFIX_PATH=${CMAKE_PREFIX_PATH}:/home/vboxuser/turtlebot3_ws/install/show_msg:/home/vboxuser/turtlebot3_ws/install/proy_eq1_nav_manual:/home/vboxuser/turtlebot3_ws/install/my_first_subscriber:/home/vboxuser/turtlebot3_ws/install/my_first_service:/home/vboxuser/turtlebot3_ws/install/my_first_publisher:/home/vboxuser/turtlebot3_ws/install/my_first_node:/home/vboxuser/turtlebot3_ws/install/my_first_action:/home/vboxuser/turtlebot3_ws/install/movimiento_manual_service:/opt/ros/galactic /usr/bin/cmake --install /home/vboxuser/turtlebot3_ws/build/proy_eq1_custom_interface
[4.647s] -- Install configuration: ""
[4.648s] -- Installing: /home/vboxuser/turtlebot3_ws/install/proy_eq1_custom_interface/share/ament_index/resource_index/rosidl_interfaces/proy_eq1_custom_interface
[4.648s] -- Installing: /home/vboxuser/turtlebot3_ws/install/proy_eq1_custom_interface/include/proy_eq1_custom_interface
[4.648s] -- Installing: /home/vboxuser/turtlebot3_ws/install/proy_eq1_custom_interface/include/proy_eq1_custom_interface/action
[4.648s] -- Installing: /home/vboxuser/turtlebot3_ws/install/proy_eq1_custom_interface/include/proy_eq1_custom_interface/action/move.h
[4.648s] -- Installing: /home/vboxuser/turtlebot3_ws/install/proy_eq1_custom_interface/include/proy_eq1_custom_interface/action/detail
[4.648s] -- Installing: /home/vboxuser/turtlebot3_ws/install/proy_eq1_custom_interface/include/proy_eq1_custom_interface/action/detail/move__functions.h
[4.648s] -- Installing: /home/vboxuser/turtlebot3_ws/install/proy_eq1_custom_interface/include/proy_eq1_custom_interface/action/detail/move__struct.h
[4.648s] -- Installing: /home/vboxuser/turtlebot3_ws/install/proy_eq1_custom_interface/include/proy_eq1_custom_interface/action/detail/move__type_support.h
[4.648s] -- Installing: /home/vboxuser/turtlebot3_ws/install/proy_eq1_custom_interface/include/proy_eq1_custom_interface/action/detail/move__functions.c
[4.648s] -- Installing: /home/vboxuser/turtlebot3_ws/install/proy_eq1_custom_interface/include/proy_eq1_custom_interface/srv
[4.649s] -- Installing: /home/vboxuser/turtlebot3_ws/install/proy_eq1_custom_interface/include/proy_eq1_custom_interface/srv/my_move_msg.h
[4.649s] -- Installing: /home/vboxuser/turtlebot3_ws/install/proy_eq1_custom_interface/include/proy_eq1_custom_interface/srv/detail
[4.649s] -- Installing: /home/vboxuser/turtlebot3_ws/install/proy_eq1_custom_interface/include/proy_eq1_custom_interface/srv/detail/my_move_msg__functions.h
[4.649s] -- Installing: /home/vboxuser/turtlebot3_ws/install/proy_eq1_custom_interface/include/proy_eq1_custom_interface/srv/detail/my_move_msg__functions.c
[4.649s] -- Installing: /home/vboxuser/turtlebot3_ws/install/proy_eq1_custom_interface/include/proy_eq1_custom_interface/srv/detail/my_move_msg__struct.h
[4.649s] -- Installing: /home/vboxuser/turtlebot3_ws/install/proy_eq1_custom_interface/include/proy_eq1_custom_interface/srv/detail/my_move_msg__type_support.h
[4.649s] -- Installing: /home/vboxuser/turtlebot3_ws/install/proy_eq1_custom_interface/include/proy_eq1_custom_interface/msg
[4.649s] -- Installing: /home/vboxuser/turtlebot3_ws/install/proy_eq1_custom_interface/include/proy_eq1_custom_interface/msg/distvel.h
[4.649s] -- Installing: /home/vboxuser/turtlebot3_ws/install/proy_eq1_custom_interface/include/proy_eq1_custom_interface/msg/rosidl_generator_c__visibility_control.h
[4.649s] -- Installing: /home/vboxuser/turtlebot3_ws/install/proy_eq1_custom_interface/include/proy_eq1_custom_interface/msg/detail
[4.649s] -- Installing: /home/vboxuser/turtlebot3_ws/install/proy_eq1_custom_interface/include/proy_eq1_custom_interface/msg/detail/distvel__struct.h
[4.650s] -- Installing: /home/vboxuser/turtlebot3_ws/install/proy_eq1_custom_interface/include/proy_eq1_custom_interface/msg/detail/distvel__functions.c
[4.650s] -- Installing: /home/vboxuser/turtlebot3_ws/install/proy_eq1_custom_interface/include/proy_eq1_custom_interface/msg/detail/distvel__functions.h
[4.650s] -- Installing: /home/vboxuser/turtlebot3_ws/install/proy_eq1_custom_interface/include/proy_eq1_custom_interface/msg/detail/distvel__type_support.h
[4.650s] -- Installing: /home/vboxuser/turtlebot3_ws/install/proy_eq1_custom_interface/share/proy_eq1_custom_interface/environment/library_path.sh
[4.650s] -- Installing: /home/vboxuser/turtlebot3_ws/install/proy_eq1_custom_interface/share/proy_eq1_custom_interface/environment/library_path.dsv
[4.650s] -- Installing: /home/vboxuser/turtlebot3_ws/install/proy_eq1_custom_interface/lib/libproy_eq1_custom_interface__rosidl_generator_c.so
[4.650s] -- Set runtime path of "/home/vboxuser/turtlebot3_ws/install/proy_eq1_custom_interface/lib/libproy_eq1_custom_interface__rosidl_generator_c.so" to ""
[4.651s] -- Up-to-date: /home/vboxuser/turtlebot3_ws/install/proy_eq1_custom_interface/include/proy_eq1_custom_interface
[4.651s] -- Up-to-date: /home/vboxuser/turtlebot3_ws/install/proy_eq1_custom_interface/include/proy_eq1_custom_interface/action
[4.651s] -- Up-to-date: /home/vboxuser/turtlebot3_ws/install/proy_eq1_custom_interface/include/proy_eq1_custom_interface/action/detail
[4.651s] -- Installing: /home/vboxuser/turtlebot3_ws/install/proy_eq1_custom_interface/include/proy_eq1_custom_interface/action/detail/move__rosidl_typesupport_fastrtps_c.h
[4.651s] -- Up-to-date: /home/vboxuser/turtlebot3_ws/install/proy_eq1_custom_interface/include/proy_eq1_custom_interface/srv
[4.651s] -- Up-to-date: /home/vboxuser/turtlebot3_ws/install/proy_eq1_custom_interface/include/proy_eq1_custom_interface/srv/detail
[4.651s] -- Installing: /home/vboxuser/turtlebot3_ws/install/proy_eq1_custom_interface/include/proy_eq1_custom_interface/srv/detail/my_move_msg__rosidl_typesupport_fastrtps_c.h
[4.651s] -- Up-to-date: /home/vboxuser/turtlebot3_ws/install/proy_eq1_custom_interface/include/proy_eq1_custom_interface/msg
[4.651s] -- Installing: /home/vboxuser/turtlebot3_ws/install/proy_eq1_custom_interface/include/proy_eq1_custom_interface/msg/rosidl_typesupport_fastrtps_c__visibility_control.h
[4.651s] -- Up-to-date: /home/vboxuser/turtlebot3_ws/install/proy_eq1_custom_interface/include/proy_eq1_custom_interface/msg/detail
[4.651s] -- Installing: /home/vboxuser/turtlebot3_ws/install/proy_eq1_custom_interface/include/proy_eq1_custom_interface/msg/detail/distvel__rosidl_typesupport_fastrtps_c.h
[4.651s] -- Installing: /home/vboxuser/turtlebot3_ws/install/proy_eq1_custom_interface/lib/libproy_eq1_custom_interface__rosidl_typesupport_fastrtps_c.so
[4.652s] -- Set runtime path of "/home/vboxuser/turtlebot3_ws/install/proy_eq1_custom_interface/lib/libproy_eq1_custom_interface__rosidl_typesupport_fastrtps_c.so" to ""
[4.652s] -- Up-to-date: /home/vboxuser/turtlebot3_ws/install/proy_eq1_custom_interface/include/proy_eq1_custom_interface
[4.652s] -- Up-to-date: /home/vboxuser/turtlebot3_ws/install/proy_eq1_custom_interface/include/proy_eq1_custom_interface/action
[4.652s] -- Up-to-date: /home/vboxuser/turtlebot3_ws/install/proy_eq1_custom_interface/include/proy_eq1_custom_interface/action/detail
[4.652s] -- Installing: /home/vboxuser/turtlebot3_ws/install/proy_eq1_custom_interface/include/proy_eq1_custom_interface/action/detail/move__rosidl_typesupport_fastrtps_cpp.hpp
[4.652s] -- Installing: /home/vboxuser/turtlebot3_ws/install/proy_eq1_custom_interface/include/proy_eq1_custom_interface/action/detail/dds_fastrtps
[4.652s] -- Up-to-date: /home/vboxuser/turtlebot3_ws/install/proy_eq1_custom_interface/include/proy_eq1_custom_interface/srv
[4.652s] -- Up-to-date: /home/vboxuser/turtlebot3_ws/install/proy_eq1_custom_interface/include/proy_eq1_custom_interface/srv/detail
[4.652s] -- Installing: /home/vboxuser/turtlebot3_ws/install/proy_eq1_custom_interface/include/proy_eq1_custom_interface/srv/detail/my_move_msg__rosidl_typesupport_fastrtps_cpp.hpp
[4.652s] -- Installing: /home/vboxuser/turtlebot3_ws/install/proy_eq1_custom_interface/include/proy_eq1_custom_interface/srv/detail/dds_fastrtps
[4.653s] -- Up-to-date: /home/vboxuser/turtlebot3_ws/install/proy_eq1_custom_interface/include/proy_eq1_custom_interface/msg
[4.653s] -- Installing: /home/vboxuser/turtlebot3_ws/install/proy_eq1_custom_interface/include/proy_eq1_custom_interface/msg/rosidl_typesupport_fastrtps_cpp__visibility_control.h
[4.653s] -- Up-to-date: /home/vboxuser/turtlebot3_ws/install/proy_eq1_custom_interface/include/proy_eq1_custom_interface/msg/detail
[4.653s] -- Installing: /home/vboxuser/turtlebot3_ws/install/proy_eq1_custom_interface/include/proy_eq1_custom_interface/msg/detail/dds_fastrtps
[4.653s] -- Installing: /home/vboxuser/turtlebot3_ws/install/proy_eq1_custom_interface/include/proy_eq1_custom_interface/msg/detail/distvel__rosidl_typesupport_fastrtps_cpp.hpp
[4.653s] -- Installing: /home/vboxuser/turtlebot3_ws/install/proy_eq1_custom_interface/lib/libproy_eq1_custom_interface__rosidl_typesupport_fastrtps_cpp.so
[4.653s] -- Set runtime path of "/home/vboxuser/turtlebot3_ws/install/proy_eq1_custom_interface/lib/libproy_eq1_custom_interface__rosidl_typesupport_fastrtps_cpp.so" to ""
[4.653s] -- Up-to-date: /home/vboxuser/turtlebot3_ws/install/proy_eq1_custom_interface/include/proy_eq1_custom_interface
[4.654s] -- Up-to-date: /home/vboxuser/turtlebot3_ws/install/proy_eq1_custom_interface/include/proy_eq1_custom_interface/action
[4.654s] -- Up-to-date: /home/vboxuser/turtlebot3_ws/install/proy_eq1_custom_interface/include/proy_eq1_custom_interface/action/detail
[4.654s] -- Installing: /home/vboxuser/turtlebot3_ws/install/proy_eq1_custom_interface/include/proy_eq1_custom_interface/action/detail/move__type_support.c
[4.654s] -- Installing: /home/vboxuser/turtlebot3_ws/install/proy_eq1_custom_interface/include/proy_eq1_custom_interface/action/detail/move__rosidl_typesupport_introspection_c.h
[4.654s] -- Up-to-date: /home/vboxuser/turtlebot3_ws/install/proy_eq1_custom_interface/include/proy_eq1_custom_interface/srv
[4.654s] -- Up-to-date: /home/vboxuser/turtlebot3_ws/install/proy_eq1_custom_interface/include/proy_eq1_custom_interface/srv/detail
[4.654s] -- Installing: /home/vboxuser/turtlebot3_ws/install/proy_eq1_custom_interface/include/proy_eq1_custom_interface/srv/detail/my_move_msg__rosidl_typesupport_introspection_c.h
[4.654s] -- Installing: /home/vboxuser/turtlebot3_ws/install/proy_eq1_custom_interface/include/proy_eq1_custom_interface/srv/detail/my_move_msg__type_support.c
[4.654s] -- Up-to-date: /home/vboxuser/turtlebot3_ws/install/proy_eq1_custom_interface/include/proy_eq1_custom_interface/msg
[4.654s] -- Installing: /home/vboxuser/turtlebot3_ws/install/proy_eq1_custom_interface/include/proy_eq1_custom_interface/msg/rosidl_typesupport_introspection_c__visibility_control.h
[4.654s] -- Up-to-date: /home/vboxuser/turtlebot3_ws/install/proy_eq1_custom_interface/include/proy_eq1_custom_interface/msg/detail
[4.654s] -- Installing: /home/vboxuser/turtlebot3_ws/install/proy_eq1_custom_interface/include/proy_eq1_custom_interface/msg/detail/distvel__type_support.c
[4.654s] -- Installing: /home/vboxuser/turtlebot3_ws/install/proy_eq1_custom_interface/include/proy_eq1_custom_interface/msg/detail/distvel__rosidl_typesupport_introspection_c.h
[4.655s] -- Installing: /home/vboxuser/turtlebot3_ws/install/proy_eq1_custom_interface/lib/libproy_eq1_custom_interface__rosidl_typesupport_introspection_c.so
[4.655s] -- Set runtime path of "/home/vboxuser/turtlebot3_ws/install/proy_eq1_custom_interface/lib/libproy_eq1_custom_interface__rosidl_typesupport_introspection_c.so" to ""
[4.655s] -- Installing: /home/vboxuser/turtlebot3_ws/install/proy_eq1_custom_interface/lib/libproy_eq1_custom_interface__rosidl_typesupport_c.so
[4.655s] -- Set runtime path of "/home/vboxuser/turtlebot3_ws/install/proy_eq1_custom_interface/lib/libproy_eq1_custom_interface__rosidl_typesupport_c.so" to ""
[4.655s] -- Up-to-date: /home/vboxuser/turtlebot3_ws/install/proy_eq1_custom_interface/include/proy_eq1_custom_interface
[4.655s] -- Up-to-date: /home/vboxuser/turtlebot3_ws/install/proy_eq1_custom_interface/include/proy_eq1_custom_interface/action
[4.655s] -- Installing: /home/vboxuser/turtlebot3_ws/install/proy_eq1_custom_interface/include/proy_eq1_custom_interface/action/move.hpp
[4.656s] -- Up-to-date: /home/vboxuser/turtlebot3_ws/install/proy_eq1_custom_interface/include/proy_eq1_custom_interface/action/detail
[4.656s] -- Installing: /home/vboxuser/turtlebot3_ws/install/proy_eq1_custom_interface/include/proy_eq1_custom_interface/action/detail/move__builder.hpp
[4.656s] -- Installing: /home/vboxuser/turtlebot3_ws/install/proy_eq1_custom_interface/include/proy_eq1_custom_interface/action/detail/move__traits.hpp
[4.656s] -- Installing: /home/vboxuser/turtlebot3_ws/install/proy_eq1_custom_interface/include/proy_eq1_custom_interface/action/detail/move__struct.hpp
[4.656s] -- Up-to-date: /home/vboxuser/turtlebot3_ws/install/proy_eq1_custom_interface/include/proy_eq1_custom_interface/srv
[4.656s] -- Installing: /home/vboxuser/turtlebot3_ws/install/proy_eq1_custom_interface/include/proy_eq1_custom_interface/srv/my_move_msg.hpp
[4.656s] -- Up-to-date: /home/vboxuser/turtlebot3_ws/install/proy_eq1_custom_interface/include/proy_eq1_custom_interface/srv/detail
[4.656s] -- Installing: /home/vboxuser/turtlebot3_ws/install/proy_eq1_custom_interface/include/proy_eq1_custom_interface/srv/detail/my_move_msg__traits.hpp
[4.656s] -- Installing: /home/vboxuser/turtlebot3_ws/install/proy_eq1_custom_interface/include/proy_eq1_custom_interface/srv/detail/my_move_msg__struct.hpp
[4.656s] -- Installing: /home/vboxuser/turtlebot3_ws/install/proy_eq1_custom_interface/include/proy_eq1_custom_interface/srv/detail/my_move_msg__builder.hpp
[4.656s] -- Up-to-date: /home/vboxuser/turtlebot3_ws/install/proy_eq1_custom_interface/include/proy_eq1_custom_interface/msg
[4.657s] -- Installing: /home/vboxuser/turtlebot3_ws/install/proy_eq1_custom_interface/include/proy_eq1_custom_interface/msg/distvel.hpp
[4.657s] -- Up-to-date: /home/vboxuser/turtlebot3_ws/install/proy_eq1_custom_interface/include/proy_eq1_custom_interface/msg/detail
[4.657s] -- Installing: /home/vboxuser/turtlebot3_ws/install/proy_eq1_custom_interface/include/proy_eq1_custom_interface/msg/detail/distvel__traits.hpp
[4.657s] -- Installing: /home/vboxuser/turtlebot3_ws/install/proy_eq1_custom_interface/include/proy_eq1_custom_interface/msg/detail/distvel__builder.hpp
[4.657s] -- Installing: /home/vboxuser/turtlebot3_ws/install/proy_eq1_custom_interface/include/proy_eq1_custom_interface/msg/detail/distvel__struct.hpp
[4.657s] -- Up-to-date: /home/vboxuser/turtlebot3_ws/install/proy_eq1_custom_interface/include/proy_eq1_custom_interface
[4.657s] -- Up-to-date: /home/vboxuser/turtlebot3_ws/install/proy_eq1_custom_interface/include/proy_eq1_custom_interface/action
[4.657s] -- Up-to-date: /home/vboxuser/turtlebot3_ws/install/proy_eq1_custom_interface/include/proy_eq1_custom_interface/action/detail
[4.657s] -- Installing: /home/vboxuser/turtlebot3_ws/install/proy_eq1_custom_interface/include/proy_eq1_custom_interface/action/detail/move__type_support.cpp
[4.657s] -- Installing: /home/vboxuser/turtlebot3_ws/install/proy_eq1_custom_interface/include/proy_eq1_custom_interface/action/detail/move__rosidl_typesupport_introspection_cpp.hpp
[4.657s] -- Up-to-date: /home/vboxuser/turtlebot3_ws/install/proy_eq1_custom_interface/include/proy_eq1_custom_interface/srv
[4.657s] -- Up-to-date: /home/vboxuser/turtlebot3_ws/install/proy_eq1_custom_interface/include/proy_eq1_custom_interface/srv/detail
[4.657s] -- Installing: /home/vboxuser/turtlebot3_ws/install/proy_eq1_custom_interface/include/proy_eq1_custom_interface/srv/detail/my_move_msg__rosidl_typesupport_introspection_cpp.hpp
[4.658s] -- Installing: /home/vboxuser/turtlebot3_ws/install/proy_eq1_custom_interface/include/proy_eq1_custom_interface/srv/detail/my_move_msg__type_support.cpp
[4.658s] -- Up-to-date: /home/vboxuser/turtlebot3_ws/install/proy_eq1_custom_interface/include/proy_eq1_custom_interface/msg
[4.658s] -- Up-to-date: /home/vboxuser/turtlebot3_ws/install/proy_eq1_custom_interface/include/proy_eq1_custom_interface/msg/detail
[4.658s] -- Installing: /home/vboxuser/turtlebot3_ws/install/proy_eq1_custom_interface/include/proy_eq1_custom_interface/msg/detail/distvel__rosidl_typesupport_introspection_cpp.hpp
[4.658s] -- Installing: /home/vboxuser/turtlebot3_ws/install/proy_eq1_custom_interface/include/proy_eq1_custom_interface/msg/detail/distvel__type_support.cpp
[4.658s] -- Installing: /home/vboxuser/turtlebot3_ws/install/proy_eq1_custom_interface/lib/libproy_eq1_custom_interface__rosidl_typesupport_introspection_cpp.so
[4.658s] -- Set runtime path of "/home/vboxuser/turtlebot3_ws/install/proy_eq1_custom_interface/lib/libproy_eq1_custom_interface__rosidl_typesupport_introspection_cpp.so" to ""
[4.658s] -- Installing: /home/vboxuser/turtlebot3_ws/install/proy_eq1_custom_interface/lib/libproy_eq1_custom_interface__rosidl_typesupport_cpp.so
[4.659s] -- Set runtime path of "/home/vboxuser/turtlebot3_ws/install/proy_eq1_custom_interface/lib/libproy_eq1_custom_interface__rosidl_typesupport_cpp.so" to ""
[4.659s] -- Installing: /home/vboxuser/turtlebot3_ws/install/proy_eq1_custom_interface/share/proy_eq1_custom_interface/environment/pythonpath.sh
[4.659s] -- Installing: /home/vboxuser/turtlebot3_ws/install/proy_eq1_custom_interface/share/proy_eq1_custom_interface/environment/pythonpath.dsv
[4.659s] -- Installing: /home/vboxuser/turtlebot3_ws/install/proy_eq1_custom_interface/lib/python3.8/site-packages/proy_eq1_custom_interface/__init__.py
[4.683s] Compiling '/home/vboxuser/turtlebot3_ws/install/proy_eq1_custom_interface/lib/python3.8/site-packages/proy_eq1_custom_interface/__init__.py'...
[4.685s] -- Installing: /home/vboxuser/turtlebot3_ws/install/proy_eq1_custom_interface/lib/python3.8/site-packages/proy_eq1_custom_interface/msg
[4.685s] -- Installing: /home/vboxuser/turtlebot3_ws/install/proy_eq1_custom_interface/lib/python3.8/site-packages/proy_eq1_custom_interface/msg/_distvel.py
[4.686s] -- Installing: /home/vboxuser/turtlebot3_ws/install/proy_eq1_custom_interface/lib/python3.8/site-packages/proy_eq1_custom_interface/msg/__init__.py
[4.686s] -- Installing: /home/vboxuser/turtlebot3_ws/install/proy_eq1_custom_interface/lib/python3.8/site-packages/proy_eq1_custom_interface/msg/_distvel_s.c
[4.686s] -- Installing: /home/vboxuser/turtlebot3_ws/install/proy_eq1_custom_interface/lib/python3.8/site-packages/proy_eq1_custom_interface/srv
[4.686s] -- Installing: /home/vboxuser/turtlebot3_ws/install/proy_eq1_custom_interface/lib/python3.8/site-packages/proy_eq1_custom_interface/srv/_my_move_msg.py
[4.686s] -- Installing: /home/vboxuser/turtlebot3_ws/install/proy_eq1_custom_interface/lib/python3.8/site-packages/proy_eq1_custom_interface/srv/__init__.py
[4.686s] -- Installing: /home/vboxuser/turtlebot3_ws/install/proy_eq1_custom_interface/lib/python3.8/site-packages/proy_eq1_custom_interface/srv/_my_move_msg_s.c
[4.686s] -- Installing: /home/vboxuser/turtlebot3_ws/install/proy_eq1_custom_interface/lib/python3.8/site-packages/proy_eq1_custom_interface/action
[4.687s] -- Installing: /home/vboxuser/turtlebot3_ws/install/proy_eq1_custom_interface/lib/python3.8/site-packages/proy_eq1_custom_interface/action/__init__.py
[4.687s] -- Installing: /home/vboxuser/turtlebot3_ws/install/proy_eq1_custom_interface/lib/python3.8/site-packages/proy_eq1_custom_interface/action/_move_s.c
[4.687s] -- Installing: /home/vboxuser/turtlebot3_ws/install/proy_eq1_custom_interface/lib/python3.8/site-packages/proy_eq1_custom_interface/action/_move.py
[4.687s] -- Installing: /home/vboxuser/turtlebot3_ws/install/proy_eq1_custom_interface/lib/python3.8/site-packages/proy_eq1_custom_interface/proy_eq1_custom_interface_s__rosidl_typesupport_fastrtps_c.cpython-38-x86_64-linux-gnu.so
[4.687s] -- Set runtime path of "/home/vboxuser/turtlebot3_ws/install/proy_eq1_custom_interface/lib/python3.8/site-packages/proy_eq1_custom_interface/proy_eq1_custom_interface_s__rosidl_typesupport_fastrtps_c.cpython-38-x86_64-linux-gnu.so" to ""
[4.688s] -- Installing: /home/vboxuser/turtlebot3_ws/install/proy_eq1_custom_interface/lib/python3.8/site-packages/proy_eq1_custom_interface/proy_eq1_custom_interface_s__rosidl_typesupport_introspection_c.cpython-38-x86_64-linux-gnu.so
[4.688s] -- Set runtime path of "/home/vboxuser/turtlebot3_ws/install/proy_eq1_custom_interface/lib/python3.8/site-packages/proy_eq1_custom_interface/proy_eq1_custom_interface_s__rosidl_typesupport_introspection_c.cpython-38-x86_64-linux-gnu.so" to ""
[4.688s] -- Installing: /home/vboxuser/turtlebot3_ws/install/proy_eq1_custom_interface/lib/python3.8/site-packages/proy_eq1_custom_interface/proy_eq1_custom_interface_s__rosidl_typesupport_c.cpython-38-x86_64-linux-gnu.so
[4.689s] -- Set runtime path of "/home/vboxuser/turtlebot3_ws/install/proy_eq1_custom_interface/lib/python3.8/site-packages/proy_eq1_custom_interface/proy_eq1_custom_interface_s__rosidl_typesupport_c.cpython-38-x86_64-linux-gnu.so" to ""
[4.689s] -- Installing: /home/vboxuser/turtlebot3_ws/install/proy_eq1_custom_interface/lib/libproy_eq1_custom_interface__python.so
[4.689s] -- Set runtime path of "/home/vboxuser/turtlebot3_ws/install/proy_eq1_custom_interface/lib/libproy_eq1_custom_interface__python.so" to ""
[4.689s] -- Installing: /home/vboxuser/turtlebot3_ws/install/proy_eq1_custom_interface/share/proy_eq1_custom_interface/msg/Distvel.idl
[4.689s] -- Installing: /home/vboxuser/turtlebot3_ws/install/proy_eq1_custom_interface/share/proy_eq1_custom_interface/srv/MyMoveMsg.idl
[4.689s] -- Installing: /home/vboxuser/turtlebot3_ws/install/proy_eq1_custom_interface/share/proy_eq1_custom_interface/action/Move.idl
[4.689s] -- Installing: /home/vboxuser/turtlebot3_ws/install/proy_eq1_custom_interface/share/proy_eq1_custom_interface/msg/Distvel.msg
[4.690s] -- Installing: /home/vboxuser/turtlebot3_ws/install/proy_eq1_custom_interface/share/proy_eq1_custom_interface/srv/MyMoveMsg.srv
[4.690s] -- Installing: /home/vboxuser/turtlebot3_ws/install/proy_eq1_custom_interface/share/proy_eq1_custom_interface/srv/MyMoveMsg_Request.msg
[4.690s] -- Installing: /home/vboxuser/turtlebot3_ws/install/proy_eq1_custom_interface/share/proy_eq1_custom_interface/srv/MyMoveMsg_Response.msg
[4.690s] -- Installing: /home/vboxuser/turtlebot3_ws/install/proy_eq1_custom_interface/share/proy_eq1_custom_interface/action/Move.action
[4.690s] -- Installing: /home/vboxuser/turtlebot3_ws/install/proy_eq1_custom_interface/share/ament_index/resource_index/package_run_dependencies/proy_eq1_custom_interface
[4.690s] -- Installing: /home/vboxuser/turtlebot3_ws/install/proy_eq1_custom_interface/share/ament_index/resource_index/parent_prefix_path/proy_eq1_custom_interface
[4.690s] -- Installing: /home/vboxuser/turtlebot3_ws/install/proy_eq1_custom_interface/share/proy_eq1_custom_interface/environment/ament_prefix_path.sh
[4.690s] -- Installing: /home/vboxuser/turtlebot3_ws/install/proy_eq1_custom_interface/share/proy_eq1_custom_interface/environment/ament_prefix_path.dsv
[4.690s] -- Installing: /home/vboxuser/turtlebot3_ws/install/proy_eq1_custom_interface/share/proy_eq1_custom_interface/environment/path.sh
[4.691s] -- Installing: /home/vboxuser/turtlebot3_ws/install/proy_eq1_custom_interface/share/proy_eq1_custom_interface/environment/path.dsv
[4.691s] -- Installing: /home/vboxuser/turtlebot3_ws/install/proy_eq1_custom_interface/share/proy_eq1_custom_interface/local_setup.bash
[4.691s] -- Installing: /home/vboxuser/turtlebot3_ws/install/proy_eq1_custom_interface/share/proy_eq1_custom_interface/local_setup.sh
[4.691s] -- Installing: /home/vboxuser/turtlebot3_ws/install/proy_eq1_custom_interface/share/proy_eq1_custom_interface/local_setup.zsh
[4.691s] -- Installing: /home/vboxuser/turtlebot3_ws/install/proy_eq1_custom_interface/share/proy_eq1_custom_interface/local_setup.dsv
[4.691s] -- Installing: /home/vboxuser/turtlebot3_ws/install/proy_eq1_custom_interface/share/proy_eq1_custom_interface/package.dsv
[4.691s] -- Installing: /home/vboxuser/turtlebot3_ws/install/proy_eq1_custom_interface/share/ament_index/resource_index/packages/proy_eq1_custom_interface
[4.691s] -- Installing: /home/vboxuser/turtlebot3_ws/install/proy_eq1_custom_interface/share/proy_eq1_custom_interface/cmake/proy_eq1_custom_interface__rosidl_generator_cExport.cmake
[4.692s] -- Installing: /home/vboxuser/turtlebot3_ws/install/proy_eq1_custom_interface/share/proy_eq1_custom_interface/cmake/proy_eq1_custom_interface__rosidl_generator_cExport-noconfig.cmake
[4.692s] -- Installing: /home/vboxuser/turtlebot3_ws/install/proy_eq1_custom_interface/share/proy_eq1_custom_interface/cmake/proy_eq1_custom_interface__rosidl_typesupport_introspection_cExport.cmake
[4.692s] -- Installing: /home/vboxuser/turtlebot3_ws/install/proy_eq1_custom_interface/share/proy_eq1_custom_interface/cmake/proy_eq1_custom_interface__rosidl_typesupport_introspection_cExport-noconfig.cmake
[4.692s] -- Installing: /home/vboxuser/turtlebot3_ws/install/proy_eq1_custom_interface/share/proy_eq1_custom_interface/cmake/proy_eq1_custom_interface__rosidl_typesupport_cExport.cmake
[4.692s] -- Installing: /home/vboxuser/turtlebot3_ws/install/proy_eq1_custom_interface/share/proy_eq1_custom_interface/cmake/proy_eq1_custom_interface__rosidl_typesupport_cExport-noconfig.cmake
[4.692s] -- Installing: /home/vboxuser/turtlebot3_ws/install/proy_eq1_custom_interface/share/proy_eq1_custom_interface/cmake/proy_eq1_custom_interface__rosidl_generator_cppExport.cmake
[4.692s] -- Installing: /home/vboxuser/turtlebot3_ws/install/proy_eq1_custom_interface/share/proy_eq1_custom_interface/cmake/proy_eq1_custom_interface__rosidl_typesupport_introspection_cppExport.cmake
[4.692s] -- Installing: /home/vboxuser/turtlebot3_ws/install/proy_eq1_custom_interface/share/proy_eq1_custom_interface/cmake/proy_eq1_custom_interface__rosidl_typesupport_introspection_cppExport-noconfig.cmake
[4.693s] -- Installing: /home/vboxuser/turtlebot3_ws/install/proy_eq1_custom_interface/share/proy_eq1_custom_interface/cmake/proy_eq1_custom_interface__rosidl_typesupport_cppExport.cmake
[4.693s] -- Installing: /home/vboxuser/turtlebot3_ws/install/proy_eq1_custom_interface/share/proy_eq1_custom_interface/cmake/proy_eq1_custom_interface__rosidl_typesupport_cppExport-noconfig.cmake
[4.693s] -- Installing: /home/vboxuser/turtlebot3_ws/install/proy_eq1_custom_interface/share/proy_eq1_custom_interface/cmake/rosidl_cmake-extras.cmake
[4.693s] -- Installing: /home/vboxuser/turtlebot3_ws/install/proy_eq1_custom_interface/share/proy_eq1_custom_interface/cmake/ament_cmake_export_dependencies-extras.cmake
[4.693s] -- Installing: /home/vboxuser/turtlebot3_ws/install/proy_eq1_custom_interface/share/proy_eq1_custom_interface/cmake/ament_cmake_export_libraries-extras.cmake
[4.693s] -- Installing: /home/vboxuser/turtlebot3_ws/install/proy_eq1_custom_interface/share/proy_eq1_custom_interface/cmake/ament_cmake_export_targets-extras.cmake
[4.693s] -- Installing: /home/vboxuser/turtlebot3_ws/install/proy_eq1_custom_interface/share/proy_eq1_custom_interface/cmake/ament_cmake_export_include_directories-extras.cmake
[4.693s] -- Installing: /home/vboxuser/turtlebot3_ws/install/proy_eq1_custom_interface/share/proy_eq1_custom_interface/cmake/rosidl_cmake_export_typesupport_libraries-extras.cmake
[4.693s] -- Installing: /home/vboxuser/turtlebot3_ws/install/proy_eq1_custom_interface/share/proy_eq1_custom_interface/cmake/rosidl_cmake_export_typesupport_targets-extras.cmake
[4.694s] -- Installing: /home/vboxuser/turtlebot3_ws/install/proy_eq1_custom_interface/share/proy_eq1_custom_interface/cmake/proy_eq1_custom_interfaceConfig.cmake
[4.694s] -- Installing: /home/vboxuser/turtlebot3_ws/install/proy_eq1_custom_interface/share/proy_eq1_custom_interface/cmake/proy_eq1_custom_interfaceConfig-version.cmake
[4.694s] -- Installing: /home/vboxuser/turtlebot3_ws/install/proy_eq1_custom_interface/share/proy_eq1_custom_interface/package.xml
[4.696s] Invoked command in '/home/vboxuser/turtlebot3_ws/build/proy_eq1_custom_interface' returned '0': CMAKE_PREFIX_PATH=${CMAKE_PREFIX_PATH}:/home/vboxuser/turtlebot3_ws/install/show_msg:/home/vboxuser/turtlebot3_ws/install/proy_eq1_nav_manual:/home/vboxuser/turtlebot3_ws/install/my_first_subscriber:/home/vboxuser/turtlebot3_ws/install/my_first_service:/home/vboxuser/turtlebot3_ws/install/my_first_publisher:/home/vboxuser/turtlebot3_ws/install/my_first_node:/home/vboxuser/turtlebot3_ws/install/my_first_action:/home/vboxuser/turtlebot3_ws/install/movimiento_manual_service:/opt/ros/galactic /usr/bin/cmake --install /home/vboxuser/turtlebot3_ws/build/proy_eq1_custom_interface
