[0.136s] Invoking command in '/home/vboxuser/turtlebot3_ws/build/custom_interface': CMAKE_PREFIX_PATH=${CMAKE_PREFIX_PATH}:/home/vboxuser/turtlebot3_ws/install/my_first_subscriber:/home/vboxuser/turtlebot3_ws/install/my_first_publisher:/home/vboxuser/turtlebot3_ws/install/my_first_node:/opt/ros/galactic /usr/bin/cmake /home/vboxuser/turtlebot3_ws/src/custom_interface -DCMAKE_INSTALL_PREFIX=/home/vboxuser/turtlebot3_ws/install/custom_interface
[0.683s] -- The C compiler identification is GNU 9.4.0
[0.930s] -- The CXX compiler identification is GNU 9.4.0
[0.960s] -- Check for working C compiler: /usr/bin/cc
[1.079s] -- Check for working C compiler: /usr/bin/cc -- works
[1.081s] -- Detecting C compiler ABI info
[1.165s] -- Detecting C compiler ABI info - done
[1.178s] -- Detecting C compile features
[1.179s] -- Detecting C compile features - done
[1.186s] -- Check for working CXX compiler: /usr/bin/c++
[1.304s] -- Check for working CXX compiler: /usr/bin/c++ -- works
[1.305s] -- Detecting CXX compiler ABI info
[1.470s] -- Detecting CXX compiler ABI info - done
[1.482s] -- Detecting CXX compile features
[1.482s] -- Detecting CXX compile features - done
[1.541s] -- Found ament_cmake: 1.1.6 (/opt/ros/galactic/share/ament_cmake/cmake)
[1.597s] -- Found PythonInterp: /usr/bin/python3 (found suitable version "3.8.10", minimum required is "3") 
[1.598s] -- Using PYTHON_EXECUTABLE: /usr/bin/python3
[1.794s] -- Found rclcpp: 9.2.2 (/opt/ros/galactic/share/rclcpp/cmake)
[1.945s] -- Using all available rosidl_typesupport_c: rosidl_typesupport_fastrtps_c;rosidl_typesupport_introspection_c
[1.970s] -- Found rosidl_adapter: 2.2.3 (/opt/ros/galactic/share/rosidl_adapter/cmake)
[2.162s] -- Found OpenSSL: /usr/lib/x86_64-linux-gnu/libcrypto.so (found version "1.1.1f")  
[2.214s] -- Found FastRTPS: /opt/ros/galactic/include  
[2.397s] -- Using all available rosidl_typesupport_cpp: rosidl_typesupport_fastrtps_cpp;rosidl_typesupport_introspection_cpp
[2.549s] -- Found rmw_implementation_cmake: 3.3.1 (/opt/ros/galactic/share/rmw_implementation_cmake/cmake)
[2.561s] -- Found rmw_cyclonedds_cpp: 0.22.6 (/opt/ros/galactic/share/rmw_cyclonedds_cpp/cmake)
[2.611s] -- Using RMW implementation 'rmw_cyclonedds_cpp' as default
[2.616s] -- Looking for pthread.h
[2.800s] -- Looking for pthread.h - found
[2.800s] -- Performing Test CMAKE_HAVE_LIBC_PTHREAD
[2.916s] -- Performing Test CMAKE_HAVE_LIBC_PTHREAD - Failed
[2.917s] -- Looking for pthread_create in pthreads
[3.050s] -- Looking for pthread_create in pthreads - not found
[3.050s] -- Looking for pthread_create in pthread
[3.175s] -- Looking for pthread_create in pthread - found
[3.175s] -- Found Threads: TRUE  
[3.404s] -- Found rosidl_default_generators: 1.1.1 (/opt/ros/galactic/share/rosidl_default_generators/cmake)
[3.425s] -- Found ament_lint_auto: 0.10.7 (/opt/ros/galactic/share/ament_lint_auto/cmake)
[3.579s] -- Found PythonInterp: /usr/bin/python3 (found version "3.8.10") 
[3.674s] -- Found ament_cmake_ros: 0.9.2 (/opt/ros/galactic/share/ament_cmake_ros/cmake)
[3.841s] -- Using all available rosidl_typesupport_c: rosidl_typesupport_fastrtps_c;rosidl_typesupport_introspection_c
[3.854s] -- Using all available rosidl_typesupport_cpp: rosidl_typesupport_fastrtps_cpp;rosidl_typesupport_introspection_cpp
[3.886s] -- Found PythonInterp: /usr/bin/python3 (found suitable version "3.8.10", minimum required is "3.5") 
[3.892s] -- Found python_cmake_module: 0.8.1 (/opt/ros/galactic/share/python_cmake_module/cmake)
[3.949s] -- Found PythonLibs: /usr/lib/x86_64-linux-gnu/libpython3.8.so (found suitable version "3.8.10", minimum required is "3.5") 
[3.949s] -- Using PYTHON_EXECUTABLE: /usr/bin/python3
[3.949s] -- Using PYTHON_INCLUDE_DIRS: /usr/include/python3.8
[3.949s] -- Using PYTHON_LIBRARIES: /usr/lib/x86_64-linux-gnu/libpython3.8.so
[3.986s] -- Found PythonExtra: .so  
[4.055s] -- Added test 'copyright' to check source files copyright and LICENSE
[4.065s] -- Added test 'lint_cmake' to check CMake code style
[4.071s] -- Added test 'xmllint' to check XML markup files
[4.120s] -- Configuring done
[4.158s] -- Generating done
[4.161s] -- Build files have been written to: /home/vboxuser/turtlebot3_ws/build/custom_interface
[4.173s] Invoked command in '/home/vboxuser/turtlebot3_ws/build/custom_interface' returned '0': CMAKE_PREFIX_PATH=${CMAKE_PREFIX_PATH}:/home/vboxuser/turtlebot3_ws/install/my_first_subscriber:/home/vboxuser/turtlebot3_ws/install/my_first_publisher:/home/vboxuser/turtlebot3_ws/install/my_first_node:/opt/ros/galactic /usr/bin/cmake /home/vboxuser/turtlebot3_ws/src/custom_interface -DCMAKE_INSTALL_PREFIX=/home/vboxuser/turtlebot3_ws/install/custom_interface
[4.174s] Invoking command in '/home/vboxuser/turtlebot3_ws/build/custom_interface': CMAKE_PREFIX_PATH=${CMAKE_PREFIX_PATH}:/home/vboxuser/turtlebot3_ws/install/my_first_subscriber:/home/vboxuser/turtlebot3_ws/install/my_first_publisher:/home/vboxuser/turtlebot3_ws/install/my_first_node:/opt/ros/galactic /usr/bin/cmake --build /home/vboxuser/turtlebot3_ws/build/custom_interface -- -j4 -l4
[4.217s] [35m[1mScanning dependencies of target custom_interface__cpp[0m
[4.219s] [  3%] [34m[1mGenerating C code for ROS interfaces[0m
[4.230s] [  6%] [34m[1mGenerating C++ code for ROS interfaces[0m
[4.442s] [35m[1mScanning dependencies of target custom_interface__rosidl_generator_c[0m
[4.447s] [  6%] Built target custom_interface__cpp
[4.457s] [  9%] [34m[1mGenerating C++ introspection for ROS interfaces[0m
[4.459s] [ 12%] [34m[1mGenerating C++ type support dispatch for ROS interfaces[0m
[4.460s] [ 16%] [34m[1mGenerating C++ type support for eProsima Fast-RTPS[0m
[4.469s] [ 19%] [32mBuilding C object CMakeFiles/custom_interface__rosidl_generator_c.dir/rosidl_generator_c/custom_interface/msg/detail/distvel__functions.c.o[0m
[4.560s] [ 22%] [32m[1mLinking C shared library libcustom_interface__rosidl_generator_c.so[0m
[4.605s] [ 22%] Built target custom_interface__rosidl_generator_c
[4.616s] [ 25%] [34m[1mGenerating C introspection for ROS interfaces[0m
[4.663s] [35m[1mScanning dependencies of target custom_interface__rosidl_typesupport_introspection_cpp[0m
[4.664s] [35m[1mScanning dependencies of target custom_interface__rosidl_typesupport_cpp[0m
[4.680s] [35m[1mScanning dependencies of target custom_interface__rosidl_typesupport_fastrtps_cpp[0m
[4.688s] [ 29%] [32mBuilding CXX object CMakeFiles/custom_interface__rosidl_typesupport_cpp.dir/rosidl_typesupport_cpp/custom_interface/msg/distvel__type_support.cpp.o[0m
[4.704s] [ 32%] [32mBuilding CXX object CMakeFiles/custom_interface__rosidl_typesupport_introspection_cpp.dir/rosidl_typesupport_introspection_cpp/custom_interface/msg/detail/distvel__type_support.cpp.o[0m
[4.715s] [ 35%] [32mBuilding CXX object CMakeFiles/custom_interface__rosidl_typesupport_fastrtps_cpp.dir/rosidl_typesupport_fastrtps_cpp/custom_interface/msg/detail/dds_fastrtps/distvel__type_support.cpp.o[0m
[4.844s] [35m[1mScanning dependencies of target custom_interface__rosidl_typesupport_introspection_c[0m
[4.864s] [ 38%] [32mBuilding C object CMakeFiles/custom_interface__rosidl_typesupport_introspection_c.dir/rosidl_typesupport_introspection_c/custom_interface/msg/detail/distvel__type_support.c.o[0m
[4.904s] [ 41%] [32m[1mLinking C shared library libcustom_interface__rosidl_typesupport_introspection_c.so[0m
[4.935s] [ 41%] Built target custom_interface__rosidl_typesupport_introspection_c
[4.946s] [ 45%] [34m[1mGenerating C type support dispatch for ROS interfaces[0m
[5.013s] [ 48%] [32m[1mLinking CXX shared library libcustom_interface__rosidl_typesupport_cpp.so[0m
[5.019s] [ 51%] [32m[1mLinking CXX shared library libcustom_interface__rosidl_typesupport_introspection_cpp.so[0m
[5.054s] [ 51%] Built target custom_interface__rosidl_typesupport_cpp
[5.065s] [ 51%] Built target custom_interface__rosidl_typesupport_introspection_cpp
[5.130s] [35m[1mScanning dependencies of target custom_interface__rosidl_typesupport_c[0m
[5.146s] [ 54%] [32mBuilding CXX object CMakeFiles/custom_interface__rosidl_typesupport_c.dir/rosidl_typesupport_c/custom_interface/msg/distvel__type_support.cpp.o[0m
[5.150s] [ 58%] [32m[1mLinking CXX shared library libcustom_interface__rosidl_typesupport_fastrtps_cpp.so[0m
[5.186s] [ 61%] [32m[1mLinking CXX shared library libcustom_interface__rosidl_typesupport_c.so[0m
[5.232s] [ 61%] Built target custom_interface__rosidl_typesupport_c
[5.247s] [ 61%] Built target custom_interface__rosidl_typesupport_fastrtps_cpp
[5.261s] [ 64%] [34m[1mGenerating C type support for eProsima Fast-RTPS[0m
[5.493s] [35m[1mScanning dependencies of target custom_interface__rosidl_typesupport_fastrtps_c[0m
[5.527s] [ 67%] [32mBuilding CXX object CMakeFiles/custom_interface__rosidl_typesupport_fastrtps_c.dir/rosidl_typesupport_fastrtps_c/custom_interface/msg/detail/distvel__type_support_c.cpp.o[0m
[5.891s] [ 70%] [32m[1mLinking CXX shared library libcustom_interface__rosidl_typesupport_fastrtps_c.so[0m
[5.984s] [ 70%] Built target custom_interface__rosidl_typesupport_fastrtps_c
[5.996s] [35m[1mScanning dependencies of target custom_interface[0m
[6.008s] [ 70%] Built target custom_interface
[6.025s] [35m[1mScanning dependencies of target custom_interface__py[0m
[6.047s] [ 74%] [34m[1mGenerating Python code for ROS interfaces[0m
[6.444s] [ 74%] Built target custom_interface__py
[6.462s] [35m[1mScanning dependencies of target custom_interface__python[0m
[6.590s] [ 77%] [32mBuilding C object CMakeFiles/custom_interface__python.dir/rosidl_generator_py/custom_interface/msg/_distvel_s.c.o[0m
[6.747s] [ 80%] [32m[1mLinking C shared library rosidl_generator_py/custom_interface/libcustom_interface__python.so[0m
[6.804s] [ 80%] Built target custom_interface__python
[6.820s] [35m[1mScanning dependencies of target custom_interface__rosidl_typesupport_c__pyext[0m
[6.822s] [35m[1mScanning dependencies of target custom_interface__rosidl_typesupport_introspection_c__pyext[0m
[6.822s] [35m[1mScanning dependencies of target custom_interface__rosidl_typesupport_fastrtps_c__pyext[0m
[6.840s] [ 83%] [32mBuilding C object CMakeFiles/custom_interface__rosidl_typesupport_introspection_c__pyext.dir/rosidl_generator_py/custom_interface/_custom_interface_s.ep.rosidl_typesupport_introspection_c.c.o[0m
[6.844s] [ 87%] [32mBuilding C object CMakeFiles/custom_interface__rosidl_typesupport_c__pyext.dir/rosidl_generator_py/custom_interface/_custom_interface_s.ep.rosidl_typesupport_c.c.o[0m
[6.847s] [ 90%] [32mBuilding C object CMakeFiles/custom_interface__rosidl_typesupport_fastrtps_c__pyext.dir/rosidl_generator_py/custom_interface/_custom_interface_s.ep.rosidl_typesupport_fastrtps_c.c.o[0m
[6.914s] [ 93%] [32m[1mLinking C shared library rosidl_generator_py/custom_interface/custom_interface_s__rosidl_typesupport_introspection_c.cpython-38-x86_64-linux-gnu.so[0m
[6.918s] [ 96%] [32m[1mLinking CXX shared library rosidl_generator_py/custom_interface/custom_interface_s__rosidl_typesupport_fastrtps_c.cpython-38-x86_64-linux-gnu.so[0m
[6.919s] [100%] [32m[1mLinking C shared library rosidl_generator_py/custom_interface/custom_interface_s__rosidl_typesupport_c.cpython-38-x86_64-linux-gnu.so[0m
[6.944s] [100%] Built target custom_interface__rosidl_typesupport_introspection_c__pyext
[6.950s] [100%] Built target custom_interface__rosidl_typesupport_c__pyext
[6.972s] [100%] Built target custom_interface__rosidl_typesupport_fastrtps_c__pyext
[6.984s] Invoked command in '/home/vboxuser/turtlebot3_ws/build/custom_interface' returned '0': CMAKE_PREFIX_PATH=${CMAKE_PREFIX_PATH}:/home/vboxuser/turtlebot3_ws/install/my_first_subscriber:/home/vboxuser/turtlebot3_ws/install/my_first_publisher:/home/vboxuser/turtlebot3_ws/install/my_first_node:/opt/ros/galactic /usr/bin/cmake --build /home/vboxuser/turtlebot3_ws/build/custom_interface -- -j4 -l4
[7.112s] Invoking command in '/home/vboxuser/turtlebot3_ws/build/custom_interface': CMAKE_PREFIX_PATH=${CMAKE_PREFIX_PATH}:/home/vboxuser/turtlebot3_ws/install/my_first_subscriber:/home/vboxuser/turtlebot3_ws/install/my_first_publisher:/home/vboxuser/turtlebot3_ws/install/my_first_node:/opt/ros/galactic /usr/bin/cmake --install /home/vboxuser/turtlebot3_ws/build/custom_interface
[7.131s] -- Install configuration: ""
[7.132s] -- Installing: /home/vboxuser/turtlebot3_ws/install/custom_interface/share/ament_index/resource_index/rosidl_interfaces/custom_interface
[7.133s] -- Installing: /home/vboxuser/turtlebot3_ws/install/custom_interface/include/custom_interface
[7.133s] -- Installing: /home/vboxuser/turtlebot3_ws/install/custom_interface/include/custom_interface/msg
[7.134s] -- Installing: /home/vboxuser/turtlebot3_ws/install/custom_interface/include/custom_interface/msg/distvel.h
[7.134s] -- Installing: /home/vboxuser/turtlebot3_ws/install/custom_interface/include/custom_interface/msg/rosidl_generator_c__visibility_control.h
[7.134s] -- Installing: /home/vboxuser/turtlebot3_ws/install/custom_interface/include/custom_interface/msg/detail
[7.134s] -- Installing: /home/vboxuser/turtlebot3_ws/install/custom_interface/include/custom_interface/msg/detail/distvel__struct.h
[7.134s] -- Installing: /home/vboxuser/turtlebot3_ws/install/custom_interface/include/custom_interface/msg/detail/distvel__functions.c
[7.135s] -- Installing: /home/vboxuser/turtlebot3_ws/install/custom_interface/include/custom_interface/msg/detail/distvel__functions.h
[7.135s] -- Installing: /home/vboxuser/turtlebot3_ws/install/custom_interface/include/custom_interface/msg/detail/distvel__type_support.h
[7.135s] -- Installing: /home/vboxuser/turtlebot3_ws/install/custom_interface/share/custom_interface/environment/library_path.sh
[7.136s] -- Installing: /home/vboxuser/turtlebot3_ws/install/custom_interface/share/custom_interface/environment/library_path.dsv
[7.136s] -- Installing: /home/vboxuser/turtlebot3_ws/install/custom_interface/lib/libcustom_interface__rosidl_generator_c.so
[7.136s] -- Set runtime path of "/home/vboxuser/turtlebot3_ws/install/custom_interface/lib/libcustom_interface__rosidl_generator_c.so" to ""
[7.136s] -- Up-to-date: /home/vboxuser/turtlebot3_ws/install/custom_interface/include/custom_interface
[7.136s] -- Up-to-date: /home/vboxuser/turtlebot3_ws/install/custom_interface/include/custom_interface/msg
[7.137s] -- Installing: /home/vboxuser/turtlebot3_ws/install/custom_interface/include/custom_interface/msg/rosidl_typesupport_fastrtps_c__visibility_control.h
[7.137s] -- Up-to-date: /home/vboxuser/turtlebot3_ws/install/custom_interface/include/custom_interface/msg/detail
[7.138s] -- Installing: /home/vboxuser/turtlebot3_ws/install/custom_interface/include/custom_interface/msg/detail/distvel__rosidl_typesupport_fastrtps_c.h
[7.138s] -- Installing: /home/vboxuser/turtlebot3_ws/install/custom_interface/lib/libcustom_interface__rosidl_typesupport_fastrtps_c.so
[7.138s] -- Set runtime path of "/home/vboxuser/turtlebot3_ws/install/custom_interface/lib/libcustom_interface__rosidl_typesupport_fastrtps_c.so" to ""
[7.139s] -- Up-to-date: /home/vboxuser/turtlebot3_ws/install/custom_interface/include/custom_interface
[7.139s] -- Up-to-date: /home/vboxuser/turtlebot3_ws/install/custom_interface/include/custom_interface/msg
[7.139s] -- Installing: /home/vboxuser/turtlebot3_ws/install/custom_interface/include/custom_interface/msg/rosidl_typesupport_fastrtps_cpp__visibility_control.h
[7.140s] -- Up-to-date: /home/vboxuser/turtlebot3_ws/install/custom_interface/include/custom_interface/msg/detail
[7.140s] -- Installing: /home/vboxuser/turtlebot3_ws/install/custom_interface/include/custom_interface/msg/detail/dds_fastrtps
[7.140s] -- Installing: /home/vboxuser/turtlebot3_ws/install/custom_interface/include/custom_interface/msg/detail/distvel__rosidl_typesupport_fastrtps_cpp.hpp
[7.140s] -- Installing: /home/vboxuser/turtlebot3_ws/install/custom_interface/lib/libcustom_interface__rosidl_typesupport_fastrtps_cpp.so
[7.140s] -- Set runtime path of "/home/vboxuser/turtlebot3_ws/install/custom_interface/lib/libcustom_interface__rosidl_typesupport_fastrtps_cpp.so" to ""
[7.140s] -- Up-to-date: /home/vboxuser/turtlebot3_ws/install/custom_interface/include/custom_interface
[7.141s] -- Up-to-date: /home/vboxuser/turtlebot3_ws/install/custom_interface/include/custom_interface/msg
[7.141s] -- Installing: /home/vboxuser/turtlebot3_ws/install/custom_interface/include/custom_interface/msg/rosidl_typesupport_introspection_c__visibility_control.h
[7.141s] -- Up-to-date: /home/vboxuser/turtlebot3_ws/install/custom_interface/include/custom_interface/msg/detail
[7.141s] -- Installing: /home/vboxuser/turtlebot3_ws/install/custom_interface/include/custom_interface/msg/detail/distvel__type_support.c
[7.142s] -- Installing: /home/vboxuser/turtlebot3_ws/install/custom_interface/include/custom_interface/msg/detail/distvel__rosidl_typesupport_introspection_c.h
[7.142s] -- Installing: /home/vboxuser/turtlebot3_ws/install/custom_interface/lib/libcustom_interface__rosidl_typesupport_introspection_c.so
[7.142s] -- Set runtime path of "/home/vboxuser/turtlebot3_ws/install/custom_interface/lib/libcustom_interface__rosidl_typesupport_introspection_c.so" to ""
[7.142s] -- Installing: /home/vboxuser/turtlebot3_ws/install/custom_interface/lib/libcustom_interface__rosidl_typesupport_c.so
[7.143s] -- Set runtime path of "/home/vboxuser/turtlebot3_ws/install/custom_interface/lib/libcustom_interface__rosidl_typesupport_c.so" to ""
[7.143s] -- Up-to-date: /home/vboxuser/turtlebot3_ws/install/custom_interface/include/custom_interface
[7.143s] -- Up-to-date: /home/vboxuser/turtlebot3_ws/install/custom_interface/include/custom_interface/msg
[7.143s] -- Installing: /home/vboxuser/turtlebot3_ws/install/custom_interface/include/custom_interface/msg/distvel.hpp
[7.143s] -- Up-to-date: /home/vboxuser/turtlebot3_ws/install/custom_interface/include/custom_interface/msg/detail
[7.143s] -- Installing: /home/vboxuser/turtlebot3_ws/install/custom_interface/include/custom_interface/msg/detail/distvel__traits.hpp
[7.143s] -- Installing: /home/vboxuser/turtlebot3_ws/install/custom_interface/include/custom_interface/msg/detail/distvel__builder.hpp
[7.144s] -- Installing: /home/vboxuser/turtlebot3_ws/install/custom_interface/include/custom_interface/msg/detail/distvel__struct.hpp
[7.144s] -- Up-to-date: /home/vboxuser/turtlebot3_ws/install/custom_interface/include/custom_interface
[7.144s] -- Up-to-date: /home/vboxuser/turtlebot3_ws/install/custom_interface/include/custom_interface/msg
[7.144s] -- Up-to-date: /home/vboxuser/turtlebot3_ws/install/custom_interface/include/custom_interface/msg/detail
[7.144s] -- Installing: /home/vboxuser/turtlebot3_ws/install/custom_interface/include/custom_interface/msg/detail/distvel__rosidl_typesupport_introspection_cpp.hpp
[7.144s] -- Installing: /home/vboxuser/turtlebot3_ws/install/custom_interface/include/custom_interface/msg/detail/distvel__type_support.cpp
[7.144s] -- Installing: /home/vboxuser/turtlebot3_ws/install/custom_interface/lib/libcustom_interface__rosidl_typesupport_introspection_cpp.so
[7.144s] -- Set runtime path of "/home/vboxuser/turtlebot3_ws/install/custom_interface/lib/libcustom_interface__rosidl_typesupport_introspection_cpp.so" to ""
[7.144s] -- Installing: /home/vboxuser/turtlebot3_ws/install/custom_interface/lib/libcustom_interface__rosidl_typesupport_cpp.so
[7.144s] -- Set runtime path of "/home/vboxuser/turtlebot3_ws/install/custom_interface/lib/libcustom_interface__rosidl_typesupport_cpp.so" to ""
[7.144s] -- Installing: /home/vboxuser/turtlebot3_ws/install/custom_interface/share/custom_interface/environment/pythonpath.sh
[7.145s] -- Installing: /home/vboxuser/turtlebot3_ws/install/custom_interface/share/custom_interface/environment/pythonpath.dsv
[7.145s] -- Installing: /home/vboxuser/turtlebot3_ws/install/custom_interface/lib/python3.8/site-packages/custom_interface/__init__.py
[7.179s] Compiling '/home/vboxuser/turtlebot3_ws/install/custom_interface/lib/python3.8/site-packages/custom_interface/__init__.py'...
[7.182s] -- Installing: /home/vboxuser/turtlebot3_ws/install/custom_interface/lib/python3.8/site-packages/custom_interface/msg
[7.182s] -- Installing: /home/vboxuser/turtlebot3_ws/install/custom_interface/lib/python3.8/site-packages/custom_interface/msg/_distvel.py
[7.182s] -- Installing: /home/vboxuser/turtlebot3_ws/install/custom_interface/lib/python3.8/site-packages/custom_interface/msg/__init__.py
[7.182s] -- Installing: /home/vboxuser/turtlebot3_ws/install/custom_interface/lib/python3.8/site-packages/custom_interface/msg/_distvel_s.c
[7.182s] -- Installing: /home/vboxuser/turtlebot3_ws/install/custom_interface/lib/python3.8/site-packages/custom_interface/custom_interface_s__rosidl_typesupport_fastrtps_c.cpython-38-x86_64-linux-gnu.so
[7.183s] -- Set runtime path of "/home/vboxuser/turtlebot3_ws/install/custom_interface/lib/python3.8/site-packages/custom_interface/custom_interface_s__rosidl_typesupport_fastrtps_c.cpython-38-x86_64-linux-gnu.so" to ""
[7.183s] -- Installing: /home/vboxuser/turtlebot3_ws/install/custom_interface/lib/python3.8/site-packages/custom_interface/custom_interface_s__rosidl_typesupport_introspection_c.cpython-38-x86_64-linux-gnu.so
[7.184s] -- Set runtime path of "/home/vboxuser/turtlebot3_ws/install/custom_interface/lib/python3.8/site-packages/custom_interface/custom_interface_s__rosidl_typesupport_introspection_c.cpython-38-x86_64-linux-gnu.so" to ""
[7.184s] -- Installing: /home/vboxuser/turtlebot3_ws/install/custom_interface/lib/python3.8/site-packages/custom_interface/custom_interface_s__rosidl_typesupport_c.cpython-38-x86_64-linux-gnu.so
[7.184s] -- Set runtime path of "/home/vboxuser/turtlebot3_ws/install/custom_interface/lib/python3.8/site-packages/custom_interface/custom_interface_s__rosidl_typesupport_c.cpython-38-x86_64-linux-gnu.so" to ""
[7.184s] -- Installing: /home/vboxuser/turtlebot3_ws/install/custom_interface/lib/libcustom_interface__python.so
[7.185s] -- Set runtime path of "/home/vboxuser/turtlebot3_ws/install/custom_interface/lib/libcustom_interface__python.so" to ""
[7.185s] -- Installing: /home/vboxuser/turtlebot3_ws/install/custom_interface/share/custom_interface/msg/Distvel.idl
[7.185s] -- Installing: /home/vboxuser/turtlebot3_ws/install/custom_interface/share/custom_interface/msg/Distvel.msg
[7.185s] -- Installing: /home/vboxuser/turtlebot3_ws/install/custom_interface/share/ament_index/resource_index/package_run_dependencies/custom_interface
[7.186s] -- Installing: /home/vboxuser/turtlebot3_ws/install/custom_interface/share/ament_index/resource_index/parent_prefix_path/custom_interface
[7.186s] -- Installing: /home/vboxuser/turtlebot3_ws/install/custom_interface/share/custom_interface/environment/ament_prefix_path.sh
[7.186s] -- Installing: /home/vboxuser/turtlebot3_ws/install/custom_interface/share/custom_interface/environment/ament_prefix_path.dsv
[7.186s] -- Installing: /home/vboxuser/turtlebot3_ws/install/custom_interface/share/custom_interface/environment/path.sh
[7.186s] -- Installing: /home/vboxuser/turtlebot3_ws/install/custom_interface/share/custom_interface/environment/path.dsv
[7.186s] -- Installing: /home/vboxuser/turtlebot3_ws/install/custom_interface/share/custom_interface/local_setup.bash
[7.186s] -- Installing: /home/vboxuser/turtlebot3_ws/install/custom_interface/share/custom_interface/local_setup.sh
[7.187s] -- Installing: /home/vboxuser/turtlebot3_ws/install/custom_interface/share/custom_interface/local_setup.zsh
[7.187s] -- Installing: /home/vboxuser/turtlebot3_ws/install/custom_interface/share/custom_interface/local_setup.dsv
[7.188s] -- Installing: /home/vboxuser/turtlebot3_ws/install/custom_interface/share/custom_interface/package.dsv
[7.189s] -- Installing: /home/vboxuser/turtlebot3_ws/install/custom_interface/share/ament_index/resource_index/packages/custom_interface
[7.189s] -- Installing: /home/vboxuser/turtlebot3_ws/install/custom_interface/share/custom_interface/cmake/custom_interface__rosidl_generator_cExport.cmake
[7.190s] -- Installing: /home/vboxuser/turtlebot3_ws/install/custom_interface/share/custom_interface/cmake/custom_interface__rosidl_generator_cExport-noconfig.cmake
[7.190s] -- Installing: /home/vboxuser/turtlebot3_ws/install/custom_interface/share/custom_interface/cmake/custom_interface__rosidl_typesupport_introspection_cExport.cmake
[7.190s] -- Installing: /home/vboxuser/turtlebot3_ws/install/custom_interface/share/custom_interface/cmake/custom_interface__rosidl_typesupport_introspection_cExport-noconfig.cmake
[7.190s] -- Installing: /home/vboxuser/turtlebot3_ws/install/custom_interface/share/custom_interface/cmake/custom_interface__rosidl_typesupport_cExport.cmake
[7.190s] -- Installing: /home/vboxuser/turtlebot3_ws/install/custom_interface/share/custom_interface/cmake/custom_interface__rosidl_typesupport_cExport-noconfig.cmake
[7.190s] -- Installing: /home/vboxuser/turtlebot3_ws/install/custom_interface/share/custom_interface/cmake/custom_interface__rosidl_generator_cppExport.cmake
[7.191s] -- Installing: /home/vboxuser/turtlebot3_ws/install/custom_interface/share/custom_interface/cmake/custom_interface__rosidl_typesupport_introspection_cppExport.cmake
[7.191s] -- Installing: /home/vboxuser/turtlebot3_ws/install/custom_interface/share/custom_interface/cmake/custom_interface__rosidl_typesupport_introspection_cppExport-noconfig.cmake
[7.191s] -- Installing: /home/vboxuser/turtlebot3_ws/install/custom_interface/share/custom_interface/cmake/custom_interface__rosidl_typesupport_cppExport.cmake
[7.191s] -- Installing: /home/vboxuser/turtlebot3_ws/install/custom_interface/share/custom_interface/cmake/custom_interface__rosidl_typesupport_cppExport-noconfig.cmake
[7.191s] -- Installing: /home/vboxuser/turtlebot3_ws/install/custom_interface/share/custom_interface/cmake/rosidl_cmake-extras.cmake
[7.191s] -- Installing: /home/vboxuser/turtlebot3_ws/install/custom_interface/share/custom_interface/cmake/ament_cmake_export_dependencies-extras.cmake
[7.191s] -- Installing: /home/vboxuser/turtlebot3_ws/install/custom_interface/share/custom_interface/cmake/ament_cmake_export_libraries-extras.cmake
[7.191s] -- Installing: /home/vboxuser/turtlebot3_ws/install/custom_interface/share/custom_interface/cmake/ament_cmake_export_targets-extras.cmake
[7.191s] -- Installing: /home/vboxuser/turtlebot3_ws/install/custom_interface/share/custom_interface/cmake/ament_cmake_export_include_directories-extras.cmake
[7.191s] -- Installing: /home/vboxuser/turtlebot3_ws/install/custom_interface/share/custom_interface/cmake/rosidl_cmake_export_typesupport_libraries-extras.cmake
[7.191s] -- Installing: /home/vboxuser/turtlebot3_ws/install/custom_interface/share/custom_interface/cmake/rosidl_cmake_export_typesupport_targets-extras.cmake
[7.191s] -- Installing: /home/vboxuser/turtlebot3_ws/install/custom_interface/share/custom_interface/cmake/custom_interfaceConfig.cmake
[7.191s] -- Installing: /home/vboxuser/turtlebot3_ws/install/custom_interface/share/custom_interface/cmake/custom_interfaceConfig-version.cmake
[7.191s] -- Installing: /home/vboxuser/turtlebot3_ws/install/custom_interface/share/custom_interface/package.xml
[7.199s] Invoked command in '/home/vboxuser/turtlebot3_ws/build/custom_interface' returned '0': CMAKE_PREFIX_PATH=${CMAKE_PREFIX_PATH}:/home/vboxuser/turtlebot3_ws/install/my_first_subscriber:/home/vboxuser/turtlebot3_ws/install/my_first_publisher:/home/vboxuser/turtlebot3_ws/install/my_first_node:/opt/ros/galactic /usr/bin/cmake --install /home/vboxuser/turtlebot3_ws/build/custom_interface
