[0.580s] Invoking command in '/home/vboxuser/turtlebot3_ws/build/proy_eq1_custom_interface': CMAKE_PREFIX_PATH=${CMAKE_PREFIX_PATH}:/home/vboxuser/turtlebot3_ws/install/show_msg:/home/vboxuser/turtlebot3_ws/install/proy_eq1_slam:/home/vboxuser/turtlebot3_ws/install/proy_eq1_provide_map:/home/vboxuser/turtlebot3_ws/install/proy_eq1_nav_manual:/home/vboxuser/turtlebot3_ws/install/proy_eq1_nav2_system:/home/vboxuser/turtlebot3_ws/install/my_first_subscriber:/home/vboxuser/turtlebot3_ws/install/my_first_service:/home/vboxuser/turtlebot3_ws/install/my_first_publisher:/home/vboxuser/turtlebot3_ws/install/my_first_node:/home/vboxuser/turtlebot3_ws/install/my_first_action:/home/vboxuser/turtlebot3_ws/install/movimiento_manual_service:/opt/ros/galactic /usr/bin/cmake --build /home/vboxuser/turtlebot3_ws/build/proy_eq1_custom_interface -- -j4 -l4
[1.080s] -- Found ament_cmake: 1.1.6 (/opt/ros/galactic/share/ament_cmake/cmake)
[1.081s] -- Found PythonInterp: /usr/bin/python3 (found suitable version "3.8.10", minimum required is "3") 
[1.081s] -- Using PYTHON_EXECUTABLE: /usr/bin/python3
[1.082s] -- Found rclcpp: 9.2.2 (/opt/ros/galactic/share/rclcpp/cmake)
[1.086s] -- Using all available rosidl_typesupport_c: rosidl_typesupport_fastrtps_c;rosidl_typesupport_introspection_c
[1.097s] -- Found rosidl_adapter: 2.2.3 (/opt/ros/galactic/share/rosidl_adapter/cmake)
[1.341s] -- Using all available rosidl_typesupport_cpp: rosidl_typesupport_fastrtps_cpp;rosidl_typesupport_introspection_cpp
[1.446s] -- Found rmw_implementation_cmake: 3.3.1 (/opt/ros/galactic/share/rmw_implementation_cmake/cmake)
[1.456s] -- Found rmw_cyclonedds_cpp: 0.22.6 (/opt/ros/galactic/share/rmw_cyclonedds_cpp/cmake)
[1.493s] -- Using RMW implementation 'rmw_cyclonedds_cpp' as default
[1.720s] -- Found rosidl_default_generators: 1.1.1 (/opt/ros/galactic/share/rosidl_default_generators/cmake)
[1.749s] -- Found ament_lint_auto: 0.10.7 (/opt/ros/galactic/share/ament_lint_auto/cmake)
[1.875s] -- Found PythonInterp: /usr/bin/python3 (found version "3.8.10") 
[2.164s] -- Found ament_cmake_ros: 0.9.2 (/opt/ros/galactic/share/ament_cmake_ros/cmake)
[2.385s] -- Using all available rosidl_typesupport_c: rosidl_typesupport_fastrtps_c;rosidl_typesupport_introspection_c
[2.424s] -- Using all available rosidl_typesupport_cpp: rosidl_typesupport_fastrtps_cpp;rosidl_typesupport_introspection_cpp
[2.478s] -- Found PythonInterp: /usr/bin/python3 (found suitable version "3.8.10", minimum required is "3.5") 
[2.481s] -- Found python_cmake_module: 0.8.1 (/opt/ros/galactic/share/python_cmake_module/cmake)
[2.532s] -- Using PYTHON_EXECUTABLE: /usr/bin/python3
[2.532s] -- Using PYTHON_INCLUDE_DIRS: /usr/include/python3.8
[2.532s] -- Using PYTHON_LIBRARIES: /usr/lib/x86_64-linux-gnu/libpython3.8.so
[2.631s] -- Added test 'copyright' to check source files copyright and LICENSE
[2.640s] -- Added test 'lint_cmake' to check CMake code style
[2.643s] -- Added test 'xmllint' to check XML markup files
[2.705s] -- Configuring done
[2.881s] -- Generating done
[2.883s] -- Build files have been written to: /home/vboxuser/turtlebot3_ws/build/proy_eq1_custom_interface
[2.962s] [  2%] Built target proy_eq1_custom_interface__cpp
[3.002s] [ 12%] Built target proy_eq1_custom_interface__rosidl_generator_c
[3.042s] [ 23%] Built target proy_eq1_custom_interface__rosidl_typesupport_cpp
[3.083s] [ 34%] Built target proy_eq1_custom_interface__rosidl_typesupport_c
[3.134s] [ 44%] Built target proy_eq1_custom_interface__rosidl_typesupport_introspection_c
[3.189s] [ 55%] Built target proy_eq1_custom_interface__rosidl_typesupport_fastrtps_cpp
[3.242s] [ 65%] Built target proy_eq1_custom_interface__rosidl_typesupport_introspection_cpp
[3.299s] [ 76%] Built target proy_eq1_custom_interface__rosidl_typesupport_fastrtps_c
[3.350s] [ 76%] Built target proy_eq1_custom_interface
[3.398s] [ 78%] Built target proy_eq1_custom_interface__py
[3.450s] [ 87%] Built target proy_eq1_custom_interface__python
[3.489s] [ 91%] Built target proy_eq1_custom_interface__rosidl_typesupport_fastrtps_c__pyext
[3.530s] [ 95%] Built target proy_eq1_custom_interface__rosidl_typesupport_c__pyext
[3.581s] [100%] Built target proy_eq1_custom_interface__rosidl_typesupport_introspection_c__pyext
[3.751s] Invoked command in '/home/vboxuser/turtlebot3_ws/build/proy_eq1_custom_interface' returned '0': CMAKE_PREFIX_PATH=${CMAKE_PREFIX_PATH}:/home/vboxuser/turtlebot3_ws/install/show_msg:/home/vboxuser/turtlebot3_ws/install/proy_eq1_slam:/home/vboxuser/turtlebot3_ws/install/proy_eq1_provide_map:/home/vboxuser/turtlebot3_ws/install/proy_eq1_nav_manual:/home/vboxuser/turtlebot3_ws/install/proy_eq1_nav2_system:/home/vboxuser/turtlebot3_ws/install/my_first_subscriber:/home/vboxuser/turtlebot3_ws/install/my_first_service:/home/vboxuser/turtlebot3_ws/install/my_first_publisher:/home/vboxuser/turtlebot3_ws/install/my_first_node:/home/vboxuser/turtlebot3_ws/install/my_first_action:/home/vboxuser/turtlebot3_ws/install/movimiento_manual_service:/opt/ros/galactic /usr/bin/cmake --build /home/vboxuser/turtlebot3_ws/build/proy_eq1_custom_interface -- -j4 -l4
[3.941s] Invoking command in '/home/vboxuser/turtlebot3_ws/build/proy_eq1_custom_interface': CMAKE_PREFIX_PATH=${CMAKE_PREFIX_PATH}:/home/vboxuser/turtlebot3_ws/install/show_msg:/home/vboxuser/turtlebot3_ws/install/proy_eq1_slam:/home/vboxuser/turtlebot3_ws/install/proy_eq1_provide_map:/home/vboxuser/turtlebot3_ws/install/proy_eq1_nav_manual:/home/vboxuser/turtlebot3_ws/install/proy_eq1_nav2_system:/home/vboxuser/turtlebot3_ws/install/my_first_subscriber:/home/vboxuser/turtlebot3_ws/install/my_first_service:/home/vboxuser/turtlebot3_ws/install/my_first_publisher:/home/vboxuser/turtlebot3_ws/install/my_first_node:/home/vboxuser/turtlebot3_ws/install/my_first_action:/home/vboxuser/turtlebot3_ws/install/movimiento_manual_service:/opt/ros/galactic /usr/bin/cmake --install /home/vboxuser/turtlebot3_ws/build/proy_eq1_custom_interface
[3.954s] -- Install configuration: ""
[3.954s] -- Up-to-date: /home/vboxuser/turtlebot3_ws/install/proy_eq1_custom_interface/share/ament_index/resource_index/rosidl_interfaces/proy_eq1_custom_interface
[3.955s] -- Up-to-date: /home/vboxuser/turtlebot3_ws/install/proy_eq1_custom_interface/include/proy_eq1_custom_interface
[3.955s] -- Up-to-date: /home/vboxuser/turtlebot3_ws/install/proy_eq1_custom_interface/include/proy_eq1_custom_interface/action
[3.955s] -- Up-to-date: /home/vboxuser/turtlebot3_ws/install/proy_eq1_custom_interface/include/proy_eq1_custom_interface/action/move.h
[3.955s] -- Up-to-date: /home/vboxuser/turtlebot3_ws/install/proy_eq1_custom_interface/include/proy_eq1_custom_interface/action/detail
[3.955s] -- Up-to-date: /home/vboxuser/turtlebot3_ws/install/proy_eq1_custom_interface/include/proy_eq1_custom_interface/action/detail/move__functions.h
[3.955s] -- Up-to-date: /home/vboxuser/turtlebot3_ws/install/proy_eq1_custom_interface/include/proy_eq1_custom_interface/action/detail/move__struct.h
[3.955s] -- Up-to-date: /home/vboxuser/turtlebot3_ws/install/proy_eq1_custom_interface/include/proy_eq1_custom_interface/action/detail/move__type_support.h
[3.955s] -- Up-to-date: /home/vboxuser/turtlebot3_ws/install/proy_eq1_custom_interface/include/proy_eq1_custom_interface/action/detail/move__functions.c
[3.956s] -- Up-to-date: /home/vboxuser/turtlebot3_ws/install/proy_eq1_custom_interface/include/proy_eq1_custom_interface/srv
[3.956s] -- Up-to-date: /home/vboxuser/turtlebot3_ws/install/proy_eq1_custom_interface/include/proy_eq1_custom_interface/srv/my_move_msg.h
[3.956s] -- Up-to-date: /home/vboxuser/turtlebot3_ws/install/proy_eq1_custom_interface/include/proy_eq1_custom_interface/srv/detail
[3.956s] -- Up-to-date: /home/vboxuser/turtlebot3_ws/install/proy_eq1_custom_interface/include/proy_eq1_custom_interface/srv/detail/my_move_msg__functions.h
[3.956s] -- Up-to-date: /home/vboxuser/turtlebot3_ws/install/proy_eq1_custom_interface/include/proy_eq1_custom_interface/srv/detail/my_move_msg__functions.c
[3.956s] -- Up-to-date: /home/vboxuser/turtlebot3_ws/install/proy_eq1_custom_interface/include/proy_eq1_custom_interface/srv/detail/my_move_msg__struct.h
[3.956s] -- Up-to-date: /home/vboxuser/turtlebot3_ws/install/proy_eq1_custom_interface/include/proy_eq1_custom_interface/srv/detail/my_move_msg__type_support.h
[3.956s] -- Up-to-date: /home/vboxuser/turtlebot3_ws/install/proy_eq1_custom_interface/include/proy_eq1_custom_interface/msg
[3.956s] -- Up-to-date: /home/vboxuser/turtlebot3_ws/install/proy_eq1_custom_interface/include/proy_eq1_custom_interface/msg/distvel.h
[3.956s] -- Up-to-date: /home/vboxuser/turtlebot3_ws/install/proy_eq1_custom_interface/include/proy_eq1_custom_interface/msg/rosidl_generator_c__visibility_control.h
[3.956s] -- Up-to-date: /home/vboxuser/turtlebot3_ws/install/proy_eq1_custom_interface/include/proy_eq1_custom_interface/msg/detail
[3.956s] -- Up-to-date: /home/vboxuser/turtlebot3_ws/install/proy_eq1_custom_interface/include/proy_eq1_custom_interface/msg/detail/distvel__struct.h
[3.956s] -- Up-to-date: /home/vboxuser/turtlebot3_ws/install/proy_eq1_custom_interface/include/proy_eq1_custom_interface/msg/detail/distvel__functions.c
[3.956s] -- Up-to-date: /home/vboxuser/turtlebot3_ws/install/proy_eq1_custom_interface/include/proy_eq1_custom_interface/msg/detail/distvel__functions.h
[3.956s] -- Up-to-date: /home/vboxuser/turtlebot3_ws/install/proy_eq1_custom_interface/include/proy_eq1_custom_interface/msg/detail/distvel__type_support.h
[3.956s] -- Up-to-date: /home/vboxuser/turtlebot3_ws/install/proy_eq1_custom_interface/share/proy_eq1_custom_interface/environment/library_path.sh
[3.956s] -- Installing: /home/vboxuser/turtlebot3_ws/install/proy_eq1_custom_interface/share/proy_eq1_custom_interface/environment/library_path.dsv
[3.957s] -- Up-to-date: /home/vboxuser/turtlebot3_ws/install/proy_eq1_custom_interface/lib/libproy_eq1_custom_interface__rosidl_generator_c.so
[3.959s] -- Up-to-date: /home/vboxuser/turtlebot3_ws/install/proy_eq1_custom_interface/include/proy_eq1_custom_interface
[3.960s] -- Up-to-date: /home/vboxuser/turtlebot3_ws/install/proy_eq1_custom_interface/include/proy_eq1_custom_interface/action
[3.960s] -- Up-to-date: /home/vboxuser/turtlebot3_ws/install/proy_eq1_custom_interface/include/proy_eq1_custom_interface/action/detail
[3.960s] -- Up-to-date: /home/vboxuser/turtlebot3_ws/install/proy_eq1_custom_interface/include/proy_eq1_custom_interface/action/detail/move__rosidl_typesupport_fastrtps_c.h
[3.960s] -- Up-to-date: /home/vboxuser/turtlebot3_ws/install/proy_eq1_custom_interface/include/proy_eq1_custom_interface/srv
[3.960s] -- Up-to-date: /home/vboxuser/turtlebot3_ws/install/proy_eq1_custom_interface/include/proy_eq1_custom_interface/srv/detail
[3.960s] -- Up-to-date: /home/vboxuser/turtlebot3_ws/install/proy_eq1_custom_interface/include/proy_eq1_custom_interface/srv/detail/my_move_msg__rosidl_typesupport_fastrtps_c.h
[3.960s] -- Up-to-date: /home/vboxuser/turtlebot3_ws/install/proy_eq1_custom_interface/include/proy_eq1_custom_interface/msg
[3.960s] -- Up-to-date: /home/vboxuser/turtlebot3_ws/install/proy_eq1_custom_interface/include/proy_eq1_custom_interface/msg/rosidl_typesupport_fastrtps_c__visibility_control.h
[3.960s] -- Up-to-date: /home/vboxuser/turtlebot3_ws/install/proy_eq1_custom_interface/include/proy_eq1_custom_interface/msg/detail
[3.960s] -- Up-to-date: /home/vboxuser/turtlebot3_ws/install/proy_eq1_custom_interface/include/proy_eq1_custom_interface/msg/detail/distvel__rosidl_typesupport_fastrtps_c.h
[3.961s] -- Up-to-date: /home/vboxuser/turtlebot3_ws/install/proy_eq1_custom_interface/lib/libproy_eq1_custom_interface__rosidl_typesupport_fastrtps_c.so
[3.961s] -- Up-to-date: /home/vboxuser/turtlebot3_ws/install/proy_eq1_custom_interface/include/proy_eq1_custom_interface
[3.961s] -- Up-to-date: /home/vboxuser/turtlebot3_ws/install/proy_eq1_custom_interface/include/proy_eq1_custom_interface/action
[3.961s] -- Up-to-date: /home/vboxuser/turtlebot3_ws/install/proy_eq1_custom_interface/include/proy_eq1_custom_interface/action/detail
[3.961s] -- Up-to-date: /home/vboxuser/turtlebot3_ws/install/proy_eq1_custom_interface/include/proy_eq1_custom_interface/action/detail/move__rosidl_typesupport_fastrtps_cpp.hpp
[3.961s] -- Up-to-date: /home/vboxuser/turtlebot3_ws/install/proy_eq1_custom_interface/include/proy_eq1_custom_interface/action/detail/dds_fastrtps
[3.961s] -- Up-to-date: /home/vboxuser/turtlebot3_ws/install/proy_eq1_custom_interface/include/proy_eq1_custom_interface/srv
[3.961s] -- Up-to-date: /home/vboxuser/turtlebot3_ws/install/proy_eq1_custom_interface/include/proy_eq1_custom_interface/srv/detail
[3.961s] -- Up-to-date: /home/vboxuser/turtlebot3_ws/install/proy_eq1_custom_interface/include/proy_eq1_custom_interface/srv/detail/my_move_msg__rosidl_typesupport_fastrtps_cpp.hpp
[3.961s] -- Up-to-date: /home/vboxuser/turtlebot3_ws/install/proy_eq1_custom_interface/include/proy_eq1_custom_interface/srv/detail/dds_fastrtps
[3.961s] -- Up-to-date: /home/vboxuser/turtlebot3_ws/install/proy_eq1_custom_interface/include/proy_eq1_custom_interface/msg
[3.961s] -- Up-to-date: /home/vboxuser/turtlebot3_ws/install/proy_eq1_custom_interface/include/proy_eq1_custom_interface/msg/rosidl_typesupport_fastrtps_cpp__visibility_control.h
[3.962s] -- Up-to-date: /home/vboxuser/turtlebot3_ws/install/proy_eq1_custom_interface/include/proy_eq1_custom_interface/msg/detail
[3.962s] -- Up-to-date: /home/vboxuser/turtlebot3_ws/install/proy_eq1_custom_interface/include/proy_eq1_custom_interface/msg/detail/dds_fastrtps
[3.962s] -- Up-to-date: /home/vboxuser/turtlebot3_ws/install/proy_eq1_custom_interface/include/proy_eq1_custom_interface/msg/detail/distvel__rosidl_typesupport_fastrtps_cpp.hpp
[3.963s] -- Up-to-date: /home/vboxuser/turtlebot3_ws/install/proy_eq1_custom_interface/lib/libproy_eq1_custom_interface__rosidl_typesupport_fastrtps_cpp.so
[3.963s] -- Up-to-date: /home/vboxuser/turtlebot3_ws/install/proy_eq1_custom_interface/include/proy_eq1_custom_interface
[3.964s] -- Up-to-date: /home/vboxuser/turtlebot3_ws/install/proy_eq1_custom_interface/include/proy_eq1_custom_interface/action
[3.964s] -- Up-to-date: /home/vboxuser/turtlebot3_ws/install/proy_eq1_custom_interface/include/proy_eq1_custom_interface/action/detail
[3.964s] -- Up-to-date: /home/vboxuser/turtlebot3_ws/install/proy_eq1_custom_interface/include/proy_eq1_custom_interface/action/detail/move__type_support.c
[3.964s] -- Up-to-date: /home/vboxuser/turtlebot3_ws/install/proy_eq1_custom_interface/include/proy_eq1_custom_interface/action/detail/move__rosidl_typesupport_introspection_c.h
[3.964s] -- Up-to-date: /home/vboxuser/turtlebot3_ws/install/proy_eq1_custom_interface/include/proy_eq1_custom_interface/srv
[3.964s] -- Up-to-date: /home/vboxuser/turtlebot3_ws/install/proy_eq1_custom_interface/include/proy_eq1_custom_interface/srv/detail
[3.964s] -- Up-to-date: /home/vboxuser/turtlebot3_ws/install/proy_eq1_custom_interface/include/proy_eq1_custom_interface/srv/detail/my_move_msg__rosidl_typesupport_introspection_c.h
[3.964s] -- Up-to-date: /home/vboxuser/turtlebot3_ws/install/proy_eq1_custom_interface/include/proy_eq1_custom_interface/srv/detail/my_move_msg__type_support.c
[3.964s] -- Up-to-date: /home/vboxuser/turtlebot3_ws/install/proy_eq1_custom_interface/include/proy_eq1_custom_interface/msg
[3.964s] -- Up-to-date: /home/vboxuser/turtlebot3_ws/install/proy_eq1_custom_interface/include/proy_eq1_custom_interface/msg/rosidl_typesupport_introspection_c__visibility_control.h
[3.965s] -- Up-to-date: /home/vboxuser/turtlebot3_ws/install/proy_eq1_custom_interface/include/proy_eq1_custom_interface/msg/detail
[3.965s] -- Up-to-date: /home/vboxuser/turtlebot3_ws/install/proy_eq1_custom_interface/include/proy_eq1_custom_interface/msg/detail/distvel__type_support.c
[3.965s] -- Up-to-date: /home/vboxuser/turtlebot3_ws/install/proy_eq1_custom_interface/include/proy_eq1_custom_interface/msg/detail/distvel__rosidl_typesupport_introspection_c.h
[3.965s] -- Up-to-date: /home/vboxuser/turtlebot3_ws/install/proy_eq1_custom_interface/lib/libproy_eq1_custom_interface__rosidl_typesupport_introspection_c.so
[3.967s] -- Up-to-date: /home/vboxuser/turtlebot3_ws/install/proy_eq1_custom_interface/lib/libproy_eq1_custom_interface__rosidl_typesupport_c.so
[3.968s] -- Up-to-date: /home/vboxuser/turtlebot3_ws/install/proy_eq1_custom_interface/include/proy_eq1_custom_interface
[3.968s] -- Up-to-date: /home/vboxuser/turtlebot3_ws/install/proy_eq1_custom_interface/include/proy_eq1_custom_interface/action
[3.968s] -- Up-to-date: /home/vboxuser/turtlebot3_ws/install/proy_eq1_custom_interface/include/proy_eq1_custom_interface/action/move.hpp
[3.968s] -- Up-to-date: /home/vboxuser/turtlebot3_ws/install/proy_eq1_custom_interface/include/proy_eq1_custom_interface/action/detail
[3.968s] -- Up-to-date: /home/vboxuser/turtlebot3_ws/install/proy_eq1_custom_interface/include/proy_eq1_custom_interface/action/detail/move__builder.hpp
[3.969s] -- Up-to-date: /home/vboxuser/turtlebot3_ws/install/proy_eq1_custom_interface/include/proy_eq1_custom_interface/action/detail/move__traits.hpp
[3.969s] -- Up-to-date: /home/vboxuser/turtlebot3_ws/install/proy_eq1_custom_interface/include/proy_eq1_custom_interface/action/detail/move__struct.hpp
[3.969s] -- Up-to-date: /home/vboxuser/turtlebot3_ws/install/proy_eq1_custom_interface/include/proy_eq1_custom_interface/srv
[3.969s] -- Up-to-date: /home/vboxuser/turtlebot3_ws/install/proy_eq1_custom_interface/include/proy_eq1_custom_interface/srv/my_move_msg.hpp
[3.969s] -- Up-to-date: /home/vboxuser/turtlebot3_ws/install/proy_eq1_custom_interface/include/proy_eq1_custom_interface/srv/detail
[3.969s] -- Up-to-date: /home/vboxuser/turtlebot3_ws/install/proy_eq1_custom_interface/include/proy_eq1_custom_interface/srv/detail/my_move_msg__traits.hpp
[3.969s] -- Up-to-date: /home/vboxuser/turtlebot3_ws/install/proy_eq1_custom_interface/include/proy_eq1_custom_interface/srv/detail/my_move_msg__struct.hpp
[3.970s] -- Up-to-date: /home/vboxuser/turtlebot3_ws/install/proy_eq1_custom_interface/include/proy_eq1_custom_interface/srv/detail/my_move_msg__builder.hpp
[3.970s] -- Up-to-date: /home/vboxuser/turtlebot3_ws/install/proy_eq1_custom_interface/include/proy_eq1_custom_interface/msg
[3.970s] -- Up-to-date: /home/vboxuser/turtlebot3_ws/install/proy_eq1_custom_interface/include/proy_eq1_custom_interface/msg/distvel.hpp
[3.970s] -- Up-to-date: /home/vboxuser/turtlebot3_ws/install/proy_eq1_custom_interface/include/proy_eq1_custom_interface/msg/detail
[3.970s] -- Up-to-date: /home/vboxuser/turtlebot3_ws/install/proy_eq1_custom_interface/include/proy_eq1_custom_interface/msg/detail/distvel__traits.hpp
[3.970s] -- Up-to-date: /home/vboxuser/turtlebot3_ws/install/proy_eq1_custom_interface/include/proy_eq1_custom_interface/msg/detail/distvel__builder.hpp
[3.970s] -- Up-to-date: /home/vboxuser/turtlebot3_ws/install/proy_eq1_custom_interface/include/proy_eq1_custom_interface/msg/detail/distvel__struct.hpp
[3.970s] -- Up-to-date: /home/vboxuser/turtlebot3_ws/install/proy_eq1_custom_interface/include/proy_eq1_custom_interface
[3.970s] -- Up-to-date: /home/vboxuser/turtlebot3_ws/install/proy_eq1_custom_interface/include/proy_eq1_custom_interface/action
[3.970s] -- Up-to-date: /home/vboxuser/turtlebot3_ws/install/proy_eq1_custom_interface/include/proy_eq1_custom_interface/action/detail
[3.970s] -- Up-to-date: /home/vboxuser/turtlebot3_ws/install/proy_eq1_custom_interface/include/proy_eq1_custom_interface/action/detail/move__type_support.cpp
[3.970s] -- Up-to-date: /home/vboxuser/turtlebot3_ws/install/proy_eq1_custom_interface/include/proy_eq1_custom_interface/action/detail/move__rosidl_typesupport_introspection_cpp.hpp
[3.970s] -- Up-to-date: /home/vboxuser/turtlebot3_ws/install/proy_eq1_custom_interface/include/proy_eq1_custom_interface/srv
[3.971s] -- Up-to-date: /home/vboxuser/turtlebot3_ws/install/proy_eq1_custom_interface/include/proy_eq1_custom_interface/srv/detail
[3.971s] -- Up-to-date: /home/vboxuser/turtlebot3_ws/install/proy_eq1_custom_interface/include/proy_eq1_custom_interface/srv/detail/my_move_msg__rosidl_typesupport_introspection_cpp.hpp
[3.971s] -- Up-to-date: /home/vboxuser/turtlebot3_ws/install/proy_eq1_custom_interface/include/proy_eq1_custom_interface/srv/detail/my_move_msg__type_support.cpp
[3.971s] -- Up-to-date: /home/vboxuser/turtlebot3_ws/install/proy_eq1_custom_interface/include/proy_eq1_custom_interface/msg
[3.971s] -- Up-to-date: /home/vboxuser/turtlebot3_ws/install/proy_eq1_custom_interface/include/proy_eq1_custom_interface/msg/detail
[3.971s] -- Up-to-date: /home/vboxuser/turtlebot3_ws/install/proy_eq1_custom_interface/include/proy_eq1_custom_interface/msg/detail/distvel__rosidl_typesupport_introspection_cpp.hpp
[3.971s] -- Up-to-date: /home/vboxuser/turtlebot3_ws/install/proy_eq1_custom_interface/include/proy_eq1_custom_interface/msg/detail/distvel__type_support.cpp
[3.977s] -- Up-to-date: /home/vboxuser/turtlebot3_ws/install/proy_eq1_custom_interface/lib/libproy_eq1_custom_interface__rosidl_typesupport_introspection_cpp.so
[3.977s] -- Up-to-date: /home/vboxuser/turtlebot3_ws/install/proy_eq1_custom_interface/lib/libproy_eq1_custom_interface__rosidl_typesupport_cpp.so
[3.977s] -- Up-to-date: /home/vboxuser/turtlebot3_ws/install/proy_eq1_custom_interface/share/proy_eq1_custom_interface/environment/pythonpath.sh
[3.977s] -- Installing: /home/vboxuser/turtlebot3_ws/install/proy_eq1_custom_interface/share/proy_eq1_custom_interface/environment/pythonpath.dsv
[3.977s] -- Installing: /home/vboxuser/turtlebot3_ws/install/proy_eq1_custom_interface/lib/python3.8/site-packages/proy_eq1_custom_interface/__init__.py
[4.046s] Compiling '/home/vboxuser/turtlebot3_ws/install/proy_eq1_custom_interface/lib/python3.8/site-packages/proy_eq1_custom_interface/__init__.py'...
[4.051s] -- Up-to-date: /home/vboxuser/turtlebot3_ws/install/proy_eq1_custom_interface/lib/python3.8/site-packages/proy_eq1_custom_interface/msg
[4.052s] -- Up-to-date: /home/vboxuser/turtlebot3_ws/install/proy_eq1_custom_interface/lib/python3.8/site-packages/proy_eq1_custom_interface/msg/_distvel.py
[4.052s] -- Up-to-date: /home/vboxuser/turtlebot3_ws/install/proy_eq1_custom_interface/lib/python3.8/site-packages/proy_eq1_custom_interface/msg/__init__.py
[4.052s] -- Up-to-date: /home/vboxuser/turtlebot3_ws/install/proy_eq1_custom_interface/lib/python3.8/site-packages/proy_eq1_custom_interface/msg/_distvel_s.c
[4.052s] -- Up-to-date: /home/vboxuser/turtlebot3_ws/install/proy_eq1_custom_interface/lib/python3.8/site-packages/proy_eq1_custom_interface/srv
[4.052s] -- Up-to-date: /home/vboxuser/turtlebot3_ws/install/proy_eq1_custom_interface/lib/python3.8/site-packages/proy_eq1_custom_interface/srv/_my_move_msg.py
[4.052s] -- Up-to-date: /home/vboxuser/turtlebot3_ws/install/proy_eq1_custom_interface/lib/python3.8/site-packages/proy_eq1_custom_interface/srv/__init__.py
[4.052s] -- Up-to-date: /home/vboxuser/turtlebot3_ws/install/proy_eq1_custom_interface/lib/python3.8/site-packages/proy_eq1_custom_interface/srv/_my_move_msg_s.c
[4.053s] -- Up-to-date: /home/vboxuser/turtlebot3_ws/install/proy_eq1_custom_interface/lib/python3.8/site-packages/proy_eq1_custom_interface/action
[4.053s] -- Up-to-date: /home/vboxuser/turtlebot3_ws/install/proy_eq1_custom_interface/lib/python3.8/site-packages/proy_eq1_custom_interface/action/__init__.py
[4.053s] -- Up-to-date: /home/vboxuser/turtlebot3_ws/install/proy_eq1_custom_interface/lib/python3.8/site-packages/proy_eq1_custom_interface/action/_move_s.c
[4.053s] -- Up-to-date: /home/vboxuser/turtlebot3_ws/install/proy_eq1_custom_interface/lib/python3.8/site-packages/proy_eq1_custom_interface/action/_move.py
[4.053s] -- Up-to-date: /home/vboxuser/turtlebot3_ws/install/proy_eq1_custom_interface/lib/python3.8/site-packages/proy_eq1_custom_interface/proy_eq1_custom_interface_s__rosidl_typesupport_fastrtps_c.cpython-38-x86_64-linux-gnu.so
[4.054s] -- Up-to-date: /home/vboxuser/turtlebot3_ws/install/proy_eq1_custom_interface/lib/python3.8/site-packages/proy_eq1_custom_interface/proy_eq1_custom_interface_s__rosidl_typesupport_introspection_c.cpython-38-x86_64-linux-gnu.so
[4.056s] -- Up-to-date: /home/vboxuser/turtlebot3_ws/install/proy_eq1_custom_interface/lib/python3.8/site-packages/proy_eq1_custom_interface/proy_eq1_custom_interface_s__rosidl_typesupport_c.cpython-38-x86_64-linux-gnu.so
[4.059s] -- Up-to-date: /home/vboxuser/turtlebot3_ws/install/proy_eq1_custom_interface/lib/libproy_eq1_custom_interface__python.so
[4.060s] -- Up-to-date: /home/vboxuser/turtlebot3_ws/install/proy_eq1_custom_interface/share/proy_eq1_custom_interface/msg/Distvel.idl
[4.060s] -- Up-to-date: /home/vboxuser/turtlebot3_ws/install/proy_eq1_custom_interface/share/proy_eq1_custom_interface/srv/MyMoveMsg.idl
[4.060s] -- Up-to-date: /home/vboxuser/turtlebot3_ws/install/proy_eq1_custom_interface/share/proy_eq1_custom_interface/action/Move.idl
[4.060s] -- Installing: /home/vboxuser/turtlebot3_ws/install/proy_eq1_custom_interface/share/proy_eq1_custom_interface/msg/Distvel.msg
[4.060s] -- Installing: /home/vboxuser/turtlebot3_ws/install/proy_eq1_custom_interface/share/proy_eq1_custom_interface/srv/MyMoveMsg.srv
[4.060s] -- Up-to-date: /home/vboxuser/turtlebot3_ws/install/proy_eq1_custom_interface/share/proy_eq1_custom_interface/srv/MyMoveMsg_Request.msg
[4.060s] -- Up-to-date: /home/vboxuser/turtlebot3_ws/install/proy_eq1_custom_interface/share/proy_eq1_custom_interface/srv/MyMoveMsg_Response.msg
[4.060s] -- Installing: /home/vboxuser/turtlebot3_ws/install/proy_eq1_custom_interface/share/proy_eq1_custom_interface/action/Move.action
[4.061s] -- Up-to-date: /home/vboxuser/turtlebot3_ws/install/proy_eq1_custom_interface/share/ament_index/resource_index/package_run_dependencies/proy_eq1_custom_interface
[4.061s] -- Installing: /home/vboxuser/turtlebot3_ws/install/proy_eq1_custom_interface/share/ament_index/resource_index/parent_prefix_path/proy_eq1_custom_interface
[4.061s] -- Up-to-date: /home/vboxuser/turtlebot3_ws/install/proy_eq1_custom_interface/share/proy_eq1_custom_interface/environment/ament_prefix_path.sh
[4.061s] -- Installing: /home/vboxuser/turtlebot3_ws/install/proy_eq1_custom_interface/share/proy_eq1_custom_interface/environment/ament_prefix_path.dsv
[4.062s] -- Up-to-date: /home/vboxuser/turtlebot3_ws/install/proy_eq1_custom_interface/share/proy_eq1_custom_interface/environment/path.sh
[4.062s] -- Installing: /home/vboxuser/turtlebot3_ws/install/proy_eq1_custom_interface/share/proy_eq1_custom_interface/environment/path.dsv
[4.062s] -- Up-to-date: /home/vboxuser/turtlebot3_ws/install/proy_eq1_custom_interface/share/proy_eq1_custom_interface/local_setup.bash
[4.065s] -- Up-to-date: /home/vboxuser/turtlebot3_ws/install/proy_eq1_custom_interface/share/proy_eq1_custom_interface/local_setup.sh
[4.065s] -- Up-to-date: /home/vboxuser/turtlebot3_ws/install/proy_eq1_custom_interface/share/proy_eq1_custom_interface/local_setup.zsh
[4.065s] -- Installing: /home/vboxuser/turtlebot3_ws/install/proy_eq1_custom_interface/share/proy_eq1_custom_interface/local_setup.dsv
[4.065s] -- Installing: /home/vboxuser/turtlebot3_ws/install/proy_eq1_custom_interface/share/proy_eq1_custom_interface/package.dsv
[4.068s] -- Up-to-date: /home/vboxuser/turtlebot3_ws/install/proy_eq1_custom_interface/share/ament_index/resource_index/packages/proy_eq1_custom_interface
[4.069s] -- Up-to-date: /home/vboxuser/turtlebot3_ws/install/proy_eq1_custom_interface/share/proy_eq1_custom_interface/cmake/proy_eq1_custom_interface__rosidl_generator_cExport.cmake
[4.070s] -- Installing: /home/vboxuser/turtlebot3_ws/install/proy_eq1_custom_interface/share/proy_eq1_custom_interface/cmake/proy_eq1_custom_interface__rosidl_generator_cExport-noconfig.cmake
[4.071s] -- Up-to-date: /home/vboxuser/turtlebot3_ws/install/proy_eq1_custom_interface/share/proy_eq1_custom_interface/cmake/proy_eq1_custom_interface__rosidl_typesupport_introspection_cExport.cmake
[4.072s] -- Installing: /home/vboxuser/turtlebot3_ws/install/proy_eq1_custom_interface/share/proy_eq1_custom_interface/cmake/proy_eq1_custom_interface__rosidl_typesupport_introspection_cExport-noconfig.cmake
[4.072s] -- Up-to-date: /home/vboxuser/turtlebot3_ws/install/proy_eq1_custom_interface/share/proy_eq1_custom_interface/cmake/proy_eq1_custom_interface__rosidl_typesupport_cExport.cmake
[4.072s] -- Installing: /home/vboxuser/turtlebot3_ws/install/proy_eq1_custom_interface/share/proy_eq1_custom_interface/cmake/proy_eq1_custom_interface__rosidl_typesupport_cExport-noconfig.cmake
[4.072s] -- Up-to-date: /home/vboxuser/turtlebot3_ws/install/proy_eq1_custom_interface/share/proy_eq1_custom_interface/cmake/proy_eq1_custom_interface__rosidl_generator_cppExport.cmake
[4.072s] -- Up-to-date: /home/vboxuser/turtlebot3_ws/install/proy_eq1_custom_interface/share/proy_eq1_custom_interface/cmake/proy_eq1_custom_interface__rosidl_typesupport_introspection_cppExport.cmake
[4.072s] -- Installing: /home/vboxuser/turtlebot3_ws/install/proy_eq1_custom_interface/share/proy_eq1_custom_interface/cmake/proy_eq1_custom_interface__rosidl_typesupport_introspection_cppExport-noconfig.cmake
[4.072s] -- Up-to-date: /home/vboxuser/turtlebot3_ws/install/proy_eq1_custom_interface/share/proy_eq1_custom_interface/cmake/proy_eq1_custom_interface__rosidl_typesupport_cppExport.cmake
[4.072s] -- Installing: /home/vboxuser/turtlebot3_ws/install/proy_eq1_custom_interface/share/proy_eq1_custom_interface/cmake/proy_eq1_custom_interface__rosidl_typesupport_cppExport-noconfig.cmake
[4.072s] -- Up-to-date: /home/vboxuser/turtlebot3_ws/install/proy_eq1_custom_interface/share/proy_eq1_custom_interface/cmake/rosidl_cmake-extras.cmake
[4.072s] -- Up-to-date: /home/vboxuser/turtlebot3_ws/install/proy_eq1_custom_interface/share/proy_eq1_custom_interface/cmake/ament_cmake_export_dependencies-extras.cmake
[4.072s] -- Up-to-date: /home/vboxuser/turtlebot3_ws/install/proy_eq1_custom_interface/share/proy_eq1_custom_interface/cmake/ament_cmake_export_libraries-extras.cmake
[4.072s] -- Up-to-date: /home/vboxuser/turtlebot3_ws/install/proy_eq1_custom_interface/share/proy_eq1_custom_interface/cmake/ament_cmake_export_targets-extras.cmake
[4.072s] -- Up-to-date: /home/vboxuser/turtlebot3_ws/install/proy_eq1_custom_interface/share/proy_eq1_custom_interface/cmake/ament_cmake_export_include_directories-extras.cmake
[4.072s] -- Up-to-date: /home/vboxuser/turtlebot3_ws/install/proy_eq1_custom_interface/share/proy_eq1_custom_interface/cmake/rosidl_cmake_export_typesupport_libraries-extras.cmake
[4.073s] -- Up-to-date: /home/vboxuser/turtlebot3_ws/install/proy_eq1_custom_interface/share/proy_eq1_custom_interface/cmake/rosidl_cmake_export_typesupport_targets-extras.cmake
[4.073s] -- Up-to-date: /home/vboxuser/turtlebot3_ws/install/proy_eq1_custom_interface/share/proy_eq1_custom_interface/cmake/proy_eq1_custom_interfaceConfig.cmake
[4.073s] -- Up-to-date: /home/vboxuser/turtlebot3_ws/install/proy_eq1_custom_interface/share/proy_eq1_custom_interface/cmake/proy_eq1_custom_interfaceConfig-version.cmake
[4.074s] -- Installing: /home/vboxuser/turtlebot3_ws/install/proy_eq1_custom_interface/share/proy_eq1_custom_interface/package.xml
[4.409s] Invoked command in '/home/vboxuser/turtlebot3_ws/build/proy_eq1_custom_interface' returned '0': CMAKE_PREFIX_PATH=${CMAKE_PREFIX_PATH}:/home/vboxuser/turtlebot3_ws/install/show_msg:/home/vboxuser/turtlebot3_ws/install/proy_eq1_slam:/home/vboxuser/turtlebot3_ws/install/proy_eq1_provide_map:/home/vboxuser/turtlebot3_ws/install/proy_eq1_nav_manual:/home/vboxuser/turtlebot3_ws/install/proy_eq1_nav2_system:/home/vboxuser/turtlebot3_ws/install/my_first_subscriber:/home/vboxuser/turtlebot3_ws/install/my_first_service:/home/vboxuser/turtlebot3_ws/install/my_first_publisher:/home/vboxuser/turtlebot3_ws/install/my_first_node:/home/vboxuser/turtlebot3_ws/install/my_first_action:/home/vboxuser/turtlebot3_ws/install/movimiento_manual_service:/opt/ros/galactic /usr/bin/cmake --install /home/vboxuser/turtlebot3_ws/build/proy_eq1_custom_interface
