[1.159s] Invoking command in '/home/vboxuser/turtlebot3_ws/src/my_first_action': CMAKE_PREFIX_PATH=/home/vboxuser/turtlebot3_ws/install/custom_interface:/home/vboxuser/turtlebot3_ws/install/turtlebot3_simulations:/home/vboxuser/turtlebot3_ws/install/turtlebot3_gazebo:/home/vboxuser/turtlebot3_ws/install/turtlebot3_fake_node PYTHONPATH=/home/vboxuser/turtlebot3_ws/build/my_first_action/prefix_override:/home/vboxuser/turtlebot3_ws/install/my_first_action/lib/python3.8/site-packages:/home/vboxuser/turtlebot3_ws/install/custom_interface/lib/python3.8/site-packages:/home/vboxuser/turtlebot3_ws/install/show_msg/lib/python3.8/site-packages:/home/vboxuser/turtlebot3_ws/install/my_first_subscriber/lib/python3.8/site-packages:/home/vboxuser/turtlebot3_ws/install/my_first_service/lib/python3.8/site-packages:/home/vboxuser/turtlebot3_ws/install/my_first_publisher/lib/python3.8/site-packages:/home/vboxuser/turtlebot3_ws/install/my_first_node/lib/python3.8/site-packages:/opt/ros/galactic/lib/python3.8/site-packages /usr/bin/python3 setup.py egg_info --egg-base ../../build/my_first_action build --build-base /home/vboxuser/turtlebot3_ws/build/my_first_action/build install --record /home/vboxuser/turtlebot3_ws/build/my_first_action/install.log --single-version-externally-managed
[1.359s] running egg_info
[1.359s] creating ../../build/my_first_action/my_first_action.egg-info
[1.359s] writing ../../build/my_first_action/my_first_action.egg-info/PKG-INFO
[1.360s] writing dependency_links to ../../build/my_first_action/my_first_action.egg-info/dependency_links.txt
[1.360s] writing entry points to ../../build/my_first_action/my_first_action.egg-info/entry_points.txt
[1.360s] writing requirements to ../../build/my_first_action/my_first_action.egg-info/requires.txt
[1.360s] writing top-level names to ../../build/my_first_action/my_first_action.egg-info/top_level.txt
[1.365s] writing manifest file '../../build/my_first_action/my_first_action.egg-info/SOURCES.txt'
[1.391s] reading manifest file '../../build/my_first_action/my_first_action.egg-info/SOURCES.txt'
[1.392s] writing manifest file '../../build/my_first_action/my_first_action.egg-info/SOURCES.txt'
[1.392s] running build
[1.392s] running build_py
[1.393s] creating /home/vboxuser/turtlebot3_ws/build/my_first_action/build
[1.393s] creating /home/vboxuser/turtlebot3_ws/build/my_first_action/build/lib
[1.393s] creating /home/vboxuser/turtlebot3_ws/build/my_first_action/build/lib/my_first_action
[1.393s] copying my_first_action/__init__.py -> /home/vboxuser/turtlebot3_ws/build/my_first_action/build/lib/my_first_action
[1.393s] copying my_first_action/action_server.py -> /home/vboxuser/turtlebot3_ws/build/my_first_action/build/lib/my_first_action
[1.394s] running install
[1.395s] running install_lib
[1.396s] creating /home/vboxuser/turtlebot3_ws/install/my_first_action/lib/python3.8/site-packages/my_first_action
[1.396s] copying /home/vboxuser/turtlebot3_ws/build/my_first_action/build/lib/my_first_action/__init__.py -> /home/vboxuser/turtlebot3_ws/install/my_first_action/lib/python3.8/site-packages/my_first_action
[1.396s] copying /home/vboxuser/turtlebot3_ws/build/my_first_action/build/lib/my_first_action/action_server.py -> /home/vboxuser/turtlebot3_ws/install/my_first_action/lib/python3.8/site-packages/my_first_action
[1.397s] byte-compiling /home/vboxuser/turtlebot3_ws/install/my_first_action/lib/python3.8/site-packages/my_first_action/__init__.py to __init__.cpython-38.pyc
[1.397s] byte-compiling /home/vboxuser/turtlebot3_ws/install/my_first_action/lib/python3.8/site-packages/my_first_action/action_server.py to action_server.cpython-38.pyc
[1.398s] running install_data
[1.398s] creating /home/vboxuser/turtlebot3_ws/install/my_first_action/share/ament_index
[1.398s] creating /home/vboxuser/turtlebot3_ws/install/my_first_action/share/ament_index/resource_index
[1.399s] creating /home/vboxuser/turtlebot3_ws/install/my_first_action/share/ament_index/resource_index/packages
[1.399s] copying resource/my_first_action -> /home/vboxuser/turtlebot3_ws/install/my_first_action/share/ament_index/resource_index/packages
[1.400s] copying package.xml -> /home/vboxuser/turtlebot3_ws/install/my_first_action/share/my_first_action
[1.400s] copying launch/action_server.launch.py -> /home/vboxuser/turtlebot3_ws/install/my_first_action/share/my_first_action
[1.400s] running install_egg_info
[1.401s] Copying ../../build/my_first_action/my_first_action.egg-info to /home/vboxuser/turtlebot3_ws/install/my_first_action/lib/python3.8/site-packages/my_first_action-0.0.0-py3.8.egg-info
[1.402s] running install_scripts
[1.416s] Installing action_server script to /home/vboxuser/turtlebot3_ws/install/my_first_action/lib/my_first_action
[1.416s] writing list of installed files to '/home/vboxuser/turtlebot3_ws/build/my_first_action/install.log'
[1.432s] Invoked command in '/home/vboxuser/turtlebot3_ws/src/my_first_action' returned '0': CMAKE_PREFIX_PATH=/home/vboxuser/turtlebot3_ws/install/custom_interface:/home/vboxuser/turtlebot3_ws/install/turtlebot3_simulations:/home/vboxuser/turtlebot3_ws/install/turtlebot3_gazebo:/home/vboxuser/turtlebot3_ws/install/turtlebot3_fake_node PYTHONPATH=/home/vboxuser/turtlebot3_ws/build/my_first_action/prefix_override:/home/vboxuser/turtlebot3_ws/install/my_first_action/lib/python3.8/site-packages:/home/vboxuser/turtlebot3_ws/install/custom_interface/lib/python3.8/site-packages:/home/vboxuser/turtlebot3_ws/install/show_msg/lib/python3.8/site-packages:/home/vboxuser/turtlebot3_ws/install/my_first_subscriber/lib/python3.8/site-packages:/home/vboxuser/turtlebot3_ws/install/my_first_service/lib/python3.8/site-packages:/home/vboxuser/turtlebot3_ws/install/my_first_publisher/lib/python3.8/site-packages:/home/vboxuser/turtlebot3_ws/install/my_first_node/lib/python3.8/site-packages:/opt/ros/galactic/lib/python3.8/site-packages /usr/bin/python3 setup.py egg_info --egg-base ../../build/my_first_action build --build-base /home/vboxuser/turtlebot3_ws/build/my_first_action/build install --record /home/vboxuser/turtlebot3_ws/build/my_first_action/install.log --single-version-externally-managed
