running egg_info
writing ../../../build/proy_eq1_nav_manual/proy_eq1_nav_manual.egg-info/PKG-INFO
writing dependency_links to ../../../build/proy_eq1_nav_manual/proy_eq1_nav_manual.egg-info/dependency_links.txt
writing entry points to ../../../build/proy_eq1_nav_manual/proy_eq1_nav_manual.egg-info/entry_points.txt
writing requirements to ../../../build/proy_eq1_nav_manual/proy_eq1_nav_manual.egg-info/requires.txt
writing top-level names to ../../../build/proy_eq1_nav_manual/proy_eq1_nav_manual.egg-info/top_level.txt
reading manifest file '../../../build/proy_eq1_nav_manual/proy_eq1_nav_manual.egg-info/SOURCES.txt'
writing manifest file '../../../build/proy_eq1_nav_manual/proy_eq1_nav_manual.egg-info/SOURCES.txt'
running build
running build_py
copying proy_eq1_nav_manual/movement_client.py -> /home/vboxuser/turtlebot3_ws/build/proy_eq1_nav_manual/build/lib/proy_eq1_nav_manual
copying proy_eq1_nav_manual/__init__.py -> /home/vboxuser/turtlebot3_ws/build/proy_eq1_nav_manual/build/lib/proy_eq1_nav_manual
copying proy_eq1_nav_manual/movement_server.py -> /home/vboxuser/turtlebot3_ws/build/proy_eq1_nav_manual/build/lib/proy_eq1_nav_manual
running install
running install_lib
copying /home/vboxuser/turtlebot3_ws/build/proy_eq1_nav_manual/build/lib/proy_eq1_nav_manual/movement_client.py -> /home/vboxuser/turtlebot3_ws/install/proy_eq1_nav_manual/lib/python3.8/site-packages/proy_eq1_nav_manual
copying /home/vboxuser/turtlebot3_ws/build/proy_eq1_nav_manual/build/lib/proy_eq1_nav_manual/__init__.py -> /home/vboxuser/turtlebot3_ws/install/proy_eq1_nav_manual/lib/python3.8/site-packages/proy_eq1_nav_manual
copying /home/vboxuser/turtlebot3_ws/build/proy_eq1_nav_manual/build/lib/proy_eq1_nav_manual/movement_server.py -> /home/vboxuser/turtlebot3_ws/install/proy_eq1_nav_manual/lib/python3.8/site-packages/proy_eq1_nav_manual
byte-compiling /home/vboxuser/turtlebot3_ws/install/proy_eq1_nav_manual/lib/python3.8/site-packages/proy_eq1_nav_manual/movement_client.py to movement_client.cpython-38.pyc
byte-compiling /home/vboxuser/turtlebot3_ws/install/proy_eq1_nav_manual/lib/python3.8/site-packages/proy_eq1_nav_manual/__init__.py to __init__.cpython-38.pyc
byte-compiling /home/vboxuser/turtlebot3_ws/install/proy_eq1_nav_manual/lib/python3.8/site-packages/proy_eq1_nav_manual/movement_server.py to movement_server.cpython-38.pyc
running install_data
copying resource/proy_eq1_nav_manual -> /home/vboxuser/turtlebot3_ws/install/proy_eq1_nav_manual/share/ament_index/resource_index/packages
copying package.xml -> /home/vboxuser/turtlebot3_ws/install/proy_eq1_nav_manual/share/proy_eq1_nav_manual
copying launch/movement_server_launch.launch.py -> /home/vboxuser/turtlebot3_ws/install/proy_eq1_nav_manual/share/proy_eq1_nav_manual
running install_egg_info
removing '/home/vboxuser/turtlebot3_ws/install/proy_eq1_nav_manual/lib/python3.8/site-packages/proy_eq1_nav_manual-0.1.0-py3.8.egg-info' (and everything under it)
Copying ../../../build/proy_eq1_nav_manual/proy_eq1_nav_manual.egg-info to /home/vboxuser/turtlebot3_ws/install/proy_eq1_nav_manual/lib/python3.8/site-packages/proy_eq1_nav_manual-0.1.0-py3.8.egg-info
running install_scripts
Installing movement_client script to /home/vboxuser/turtlebot3_ws/install/proy_eq1_nav_manual/lib/proy_eq1_nav_manual
Installing movement_server script to /home/vboxuser/turtlebot3_ws/install/proy_eq1_nav_manual/lib/proy_eq1_nav_manual
writing list of installed files to '/home/vboxuser/turtlebot3_ws/build/proy_eq1_nav_manual/install.log'
