[2.801s] DEBUG:colcon:Command line arguments: ['/usr/bin/colcon', 'build', '--packages-select', 'my_first_subscriber']
[2.801s] DEBUG:colcon:Parsed command line arguments: Namespace(allow_overriding=[], ament_cmake_args=None, base_paths=['.'], build_base='build', catkin_cmake_args=None, catkin_skip_building_tests=False, cmake_args=None, cmake_clean_cache=False, cmake_clean_first=False, cmake_force_configure=False, cmake_target=None, cmake_target_skip_unavailable=False, continue_on_error=False, event_handlers=None, executor='parallel', ignore_user_meta=False, install_base='install', log_base=None, log_level=None, main=<bound method BuildVerb.main of <colcon_core.verb.build.BuildVerb object at 0x7f204fd113d0>>, merge_install=False, metas=['./colcon.meta'], packages_above=None, packages_above_and_dependencies=None, packages_above_depth=None, packages_end=None, packages_ignore=None, packages_ignore_regex=None, packages_select=['my_first_subscriber'], packages_select_build_failed=False, packages_select_by_dep=None, packages_select_regex=None, packages_select_test_failures=False, packages_skip=None, packages_skip_build_finished=False, packages_skip_by_dep=None, packages_skip_regex=None, packages_skip_test_passed=False, packages_skip_up_to=None, packages_start=None, packages_up_to=None, packages_up_to_regex=None, parallel_workers=4, paths=None, symlink_install=False, test_result_base=None, verb_extension=<colcon_core.verb.build.BuildVerb object at 0x7f204fd113d0>, verb_name='build', verb_parser=<colcon_defaults.argument_parser.defaults.DefaultArgumentsDecorator object at 0x7f204fd11160>)
[2.937s] Level 1:colcon.colcon_core.package_discovery:discover_packages(colcon_meta) check parameters
[2.937s] Level 1:colcon.colcon_core.package_discovery:discover_packages(recursive) check parameters
[2.937s] Level 1:colcon.colcon_core.package_discovery:discover_packages(ignore) check parameters
[2.937s] Level 1:colcon.colcon_core.package_discovery:discover_packages(path) check parameters
[2.937s] Level 1:colcon.colcon_core.package_discovery:discover_packages(colcon_meta) discover
[2.938s] Level 1:colcon.colcon_core.package_discovery:discover_packages(recursive) discover
[2.938s] INFO:colcon.colcon_core.package_discovery:Crawling recursively for packages in '/home/vboxuser/turtlebot3_ws'
[2.938s] Level 1:colcon.colcon_core.package_identification:_identify(.) by extensions ['ignore', 'ignore_ament_install']
[2.938s] Level 1:colcon.colcon_core.package_identification:_identify(.) by extension 'ignore'
[2.938s] Level 1:colcon.colcon_core.package_identification:_identify(.) by extension 'ignore_ament_install'
[2.938s] Level 1:colcon.colcon_core.package_identification:_identify(.) by extensions ['colcon_pkg']
[2.938s] Level 1:colcon.colcon_core.package_identification:_identify(.) by extension 'colcon_pkg'
[2.938s] Level 1:colcon.colcon_core.package_identification:_identify(.) by extensions ['colcon_meta']
[2.938s] Level 1:colcon.colcon_core.package_identification:_identify(.) by extension 'colcon_meta'
[2.938s] Level 1:colcon.colcon_core.package_identification:_identify(.) by extensions ['ros']
[2.938s] Level 1:colcon.colcon_core.package_identification:_identify(.) by extension 'ros'
[2.956s] Level 1:colcon.colcon_core.package_identification:_identify(.) by extensions ['cmake', 'python']
[2.956s] Level 1:colcon.colcon_core.package_identification:_identify(.) by extension 'cmake'
[2.957s] Level 1:colcon.colcon_core.package_identification:_identify(.) by extension 'python'
[2.957s] Level 1:colcon.colcon_core.package_identification:_identify(.) by extensions ['python_setup_py']
[2.957s] Level 1:colcon.colcon_core.package_identification:_identify(.) by extension 'python_setup_py'
[2.957s] Level 1:colcon.colcon_core.package_identification:_identify(build) by extensions ['ignore', 'ignore_ament_install']
[2.957s] Level 1:colcon.colcon_core.package_identification:_identify(build) by extension 'ignore'
[2.957s] Level 1:colcon.colcon_core.package_identification:_identify(build) ignored
[2.957s] Level 1:colcon.colcon_core.package_identification:_identify(install) by extensions ['ignore', 'ignore_ament_install']
[2.957s] Level 1:colcon.colcon_core.package_identification:_identify(install) by extension 'ignore'
[2.957s] Level 1:colcon.colcon_core.package_identification:_identify(install) ignored
[2.958s] Level 1:colcon.colcon_core.package_identification:_identify(log) by extensions ['ignore', 'ignore_ament_install']
[2.958s] Level 1:colcon.colcon_core.package_identification:_identify(log) by extension 'ignore'
[2.958s] Level 1:colcon.colcon_core.package_identification:_identify(log) ignored
[2.958s] Level 1:colcon.colcon_core.package_identification:_identify(src) by extensions ['ignore', 'ignore_ament_install']
[2.958s] Level 1:colcon.colcon_core.package_identification:_identify(src) by extension 'ignore'
[2.958s] Level 1:colcon.colcon_core.package_identification:_identify(src) by extension 'ignore_ament_install'
[2.958s] Level 1:colcon.colcon_core.package_identification:_identify(src) by extensions ['colcon_pkg']
[2.958s] Level 1:colcon.colcon_core.package_identification:_identify(src) by extension 'colcon_pkg'
[2.958s] Level 1:colcon.colcon_core.package_identification:_identify(src) by extensions ['colcon_meta']
[2.958s] Level 1:colcon.colcon_core.package_identification:_identify(src) by extension 'colcon_meta'
[2.958s] Level 1:colcon.colcon_core.package_identification:_identify(src) by extensions ['ros']
[2.958s] Level 1:colcon.colcon_core.package_identification:_identify(src) by extension 'ros'
[2.959s] Level 1:colcon.colcon_core.package_identification:_identify(src) by extensions ['cmake', 'python']
[2.959s] Level 1:colcon.colcon_core.package_identification:_identify(src) by extension 'cmake'
[2.959s] Level 1:colcon.colcon_core.package_identification:_identify(src) by extension 'python'
[2.959s] Level 1:colcon.colcon_core.package_identification:_identify(src) by extensions ['python_setup_py']
[2.959s] Level 1:colcon.colcon_core.package_identification:_identify(src) by extension 'python_setup_py'
[2.959s] Level 1:colcon.colcon_core.package_identification:_identify(src/my_first_node) by extensions ['ignore', 'ignore_ament_install']
[2.959s] Level 1:colcon.colcon_core.package_identification:_identify(src/my_first_node) by extension 'ignore'
[2.959s] Level 1:colcon.colcon_core.package_identification:_identify(src/my_first_node) by extension 'ignore_ament_install'
[2.959s] Level 1:colcon.colcon_core.package_identification:_identify(src/my_first_node) by extensions ['colcon_pkg']
[2.959s] Level 1:colcon.colcon_core.package_identification:_identify(src/my_first_node) by extension 'colcon_pkg'
[2.959s] Level 1:colcon.colcon_core.package_identification:_identify(src/my_first_node) by extensions ['colcon_meta']
[2.959s] Level 1:colcon.colcon_core.package_identification:_identify(src/my_first_node) by extension 'colcon_meta'
[2.959s] Level 1:colcon.colcon_core.package_identification:_identify(src/my_first_node) by extensions ['ros']
[2.960s] Level 1:colcon.colcon_core.package_identification:_identify(src/my_first_node) by extension 'ros'
[2.963s] DEBUG:colcon.colcon_core.package_identification:Package 'src/my_first_node' with type 'ros.ament_python' and name 'my_first_node'
[2.963s] Level 1:colcon.colcon_core.package_identification:_identify(src/my_first_publisher) by extensions ['ignore', 'ignore_ament_install']
[2.964s] Level 1:colcon.colcon_core.package_identification:_identify(src/my_first_publisher) by extension 'ignore'
[2.964s] Level 1:colcon.colcon_core.package_identification:_identify(src/my_first_publisher) by extension 'ignore_ament_install'
[2.964s] Level 1:colcon.colcon_core.package_identification:_identify(src/my_first_publisher) by extensions ['colcon_pkg']
[2.964s] Level 1:colcon.colcon_core.package_identification:_identify(src/my_first_publisher) by extension 'colcon_pkg'
[2.964s] Level 1:colcon.colcon_core.package_identification:_identify(src/my_first_publisher) by extensions ['colcon_meta']
[2.964s] Level 1:colcon.colcon_core.package_identification:_identify(src/my_first_publisher) by extension 'colcon_meta'
[2.964s] Level 1:colcon.colcon_core.package_identification:_identify(src/my_first_publisher) by extensions ['ros']
[2.964s] Level 1:colcon.colcon_core.package_identification:_identify(src/my_first_publisher) by extension 'ros'
[2.965s] DEBUG:colcon.colcon_core.package_identification:Package 'src/my_first_publisher' with type 'ros.ament_python' and name 'my_first_publisher'
[2.965s] Level 1:colcon.colcon_core.package_identification:_identify(src/my_first_subscriber) by extensions ['ignore', 'ignore_ament_install']
[2.965s] Level 1:colcon.colcon_core.package_identification:_identify(src/my_first_subscriber) by extension 'ignore'
[2.965s] Level 1:colcon.colcon_core.package_identification:_identify(src/my_first_subscriber) by extension 'ignore_ament_install'
[2.966s] Level 1:colcon.colcon_core.package_identification:_identify(src/my_first_subscriber) by extensions ['colcon_pkg']
[2.966s] Level 1:colcon.colcon_core.package_identification:_identify(src/my_first_subscriber) by extension 'colcon_pkg'
[2.966s] Level 1:colcon.colcon_core.package_identification:_identify(src/my_first_subscriber) by extensions ['colcon_meta']
[2.966s] Level 1:colcon.colcon_core.package_identification:_identify(src/my_first_subscriber) by extension 'colcon_meta'
[2.966s] Level 1:colcon.colcon_core.package_identification:_identify(src/my_first_subscriber) by extensions ['ros']
[2.966s] Level 1:colcon.colcon_core.package_identification:_identify(src/my_first_subscriber) by extension 'ros'
[2.967s] DEBUG:colcon.colcon_core.package_identification:Package 'src/my_first_subscriber' with type 'ros.ament_python' and name 'my_first_subscriber'
[2.967s] Level 1:colcon.colcon_core.package_identification:_identify(src/turtlebot3_simulations) by extensions ['ignore', 'ignore_ament_install']
[2.967s] Level 1:colcon.colcon_core.package_identification:_identify(src/turtlebot3_simulations) by extension 'ignore'
[2.967s] Level 1:colcon.colcon_core.package_identification:_identify(src/turtlebot3_simulations) by extension 'ignore_ament_install'
[2.967s] Level 1:colcon.colcon_core.package_identification:_identify(src/turtlebot3_simulations) by extensions ['colcon_pkg']
[2.967s] Level 1:colcon.colcon_core.package_identification:_identify(src/turtlebot3_simulations) by extension 'colcon_pkg'
[2.967s] Level 1:colcon.colcon_core.package_identification:_identify(src/turtlebot3_simulations) by extensions ['colcon_meta']
[2.967s] Level 1:colcon.colcon_core.package_identification:_identify(src/turtlebot3_simulations) by extension 'colcon_meta'
[2.967s] Level 1:colcon.colcon_core.package_identification:_identify(src/turtlebot3_simulations) by extensions ['ros']
[2.967s] Level 1:colcon.colcon_core.package_identification:_identify(src/turtlebot3_simulations) by extension 'ros'
[2.967s] Level 1:colcon.colcon_core.package_identification:_identify(src/turtlebot3_simulations) by extensions ['cmake', 'python']
[2.967s] Level 1:colcon.colcon_core.package_identification:_identify(src/turtlebot3_simulations) by extension 'cmake'
[2.968s] Level 1:colcon.colcon_core.package_identification:_identify(src/turtlebot3_simulations) by extension 'python'
[2.968s] Level 1:colcon.colcon_core.package_identification:_identify(src/turtlebot3_simulations) by extensions ['python_setup_py']
[2.968s] Level 1:colcon.colcon_core.package_identification:_identify(src/turtlebot3_simulations) by extension 'python_setup_py'
[2.968s] Level 1:colcon.colcon_core.package_identification:_identify(src/turtlebot3_simulations/turtlebot3_fake_node) by extensions ['ignore', 'ignore_ament_install']
[2.968s] Level 1:colcon.colcon_core.package_identification:_identify(src/turtlebot3_simulations/turtlebot3_fake_node) by extension 'ignore'
[2.968s] Level 1:colcon.colcon_core.package_identification:_identify(src/turtlebot3_simulations/turtlebot3_fake_node) by extension 'ignore_ament_install'
[2.968s] Level 1:colcon.colcon_core.package_identification:_identify(src/turtlebot3_simulations/turtlebot3_fake_node) by extensions ['colcon_pkg']
[2.968s] Level 1:colcon.colcon_core.package_identification:_identify(src/turtlebot3_simulations/turtlebot3_fake_node) by extension 'colcon_pkg'
[2.968s] Level 1:colcon.colcon_core.package_identification:_identify(src/turtlebot3_simulations/turtlebot3_fake_node) by extensions ['colcon_meta']
[2.968s] Level 1:colcon.colcon_core.package_identification:_identify(src/turtlebot3_simulations/turtlebot3_fake_node) by extension 'colcon_meta'
[2.968s] Level 1:colcon.colcon_core.package_identification:_identify(src/turtlebot3_simulations/turtlebot3_fake_node) by extensions ['ros']
[2.968s] Level 1:colcon.colcon_core.package_identification:_identify(src/turtlebot3_simulations/turtlebot3_fake_node) by extension 'ros'
[2.970s] DEBUG:colcon.colcon_core.package_identification:Package 'src/turtlebot3_simulations/turtlebot3_fake_node' with type 'ros.ament_cmake' and name 'turtlebot3_fake_node'
[2.970s] Level 1:colcon.colcon_core.package_identification:_identify(src/turtlebot3_simulations/turtlebot3_gazebo) by extensions ['ignore', 'ignore_ament_install']
[2.970s] Level 1:colcon.colcon_core.package_identification:_identify(src/turtlebot3_simulations/turtlebot3_gazebo) by extension 'ignore'
[2.970s] Level 1:colcon.colcon_core.package_identification:_identify(src/turtlebot3_simulations/turtlebot3_gazebo) by extension 'ignore_ament_install'
[2.971s] Level 1:colcon.colcon_core.package_identification:_identify(src/turtlebot3_simulations/turtlebot3_gazebo) by extensions ['colcon_pkg']
[2.971s] Level 1:colcon.colcon_core.package_identification:_identify(src/turtlebot3_simulations/turtlebot3_gazebo) by extension 'colcon_pkg'
[2.971s] Level 1:colcon.colcon_core.package_identification:_identify(src/turtlebot3_simulations/turtlebot3_gazebo) by extensions ['colcon_meta']
[2.971s] Level 1:colcon.colcon_core.package_identification:_identify(src/turtlebot3_simulations/turtlebot3_gazebo) by extension 'colcon_meta'
[2.971s] Level 1:colcon.colcon_core.package_identification:_identify(src/turtlebot3_simulations/turtlebot3_gazebo) by extensions ['ros']
[2.971s] Level 1:colcon.colcon_core.package_identification:_identify(src/turtlebot3_simulations/turtlebot3_gazebo) by extension 'ros'
[2.972s] DEBUG:colcon.colcon_core.package_identification:Package 'src/turtlebot3_simulations/turtlebot3_gazebo' with type 'ros.ament_cmake' and name 'turtlebot3_gazebo'
[2.972s] Level 1:colcon.colcon_core.package_identification:_identify(src/turtlebot3_simulations/turtlebot3_simulations) by extensions ['ignore', 'ignore_ament_install']
[2.972s] Level 1:colcon.colcon_core.package_identification:_identify(src/turtlebot3_simulations/turtlebot3_simulations) by extension 'ignore'
[2.973s] Level 1:colcon.colcon_core.package_identification:_identify(src/turtlebot3_simulations/turtlebot3_simulations) by extension 'ignore_ament_install'
[2.973s] Level 1:colcon.colcon_core.package_identification:_identify(src/turtlebot3_simulations/turtlebot3_simulations) by extensions ['colcon_pkg']
[2.973s] Level 1:colcon.colcon_core.package_identification:_identify(src/turtlebot3_simulations/turtlebot3_simulations) by extension 'colcon_pkg'
[2.973s] Level 1:colcon.colcon_core.package_identification:_identify(src/turtlebot3_simulations/turtlebot3_simulations) by extensions ['colcon_meta']
[2.973s] Level 1:colcon.colcon_core.package_identification:_identify(src/turtlebot3_simulations/turtlebot3_simulations) by extension 'colcon_meta'
[2.973s] Level 1:colcon.colcon_core.package_identification:_identify(src/turtlebot3_simulations/turtlebot3_simulations) by extensions ['ros']
[2.973s] Level 1:colcon.colcon_core.package_identification:_identify(src/turtlebot3_simulations/turtlebot3_simulations) by extension 'ros'
[2.974s] DEBUG:colcon.colcon_core.package_identification:Package 'src/turtlebot3_simulations/turtlebot3_simulations' with type 'ros.ament_cmake' and name 'turtlebot3_simulations'
[2.974s] Level 1:colcon.colcon_core.package_discovery:discover_packages(recursive) using defaults
[2.974s] Level 1:colcon.colcon_core.package_discovery:discover_packages(ignore) discover
[2.974s] Level 1:colcon.colcon_core.package_discovery:discover_packages(ignore) using defaults
[2.974s] Level 1:colcon.colcon_core.package_discovery:discover_packages(path) discover
[2.974s] Level 1:colcon.colcon_core.package_discovery:discover_packages(path) using defaults
[3.150s] INFO:colcon.colcon_core.package_selection:Skipping not selected package 'my_first_node' in 'src/my_first_node'
[3.150s] INFO:colcon.colcon_core.package_selection:Skipping not selected package 'my_first_publisher' in 'src/my_first_publisher'
[3.151s] INFO:colcon.colcon_core.package_selection:Skipping not selected package 'turtlebot3_fake_node' in 'src/turtlebot3_simulations/turtlebot3_fake_node'
[3.151s] INFO:colcon.colcon_core.package_selection:Skipping not selected package 'turtlebot3_gazebo' in 'src/turtlebot3_simulations/turtlebot3_gazebo'
[3.151s] INFO:colcon.colcon_core.package_selection:Skipping not selected package 'turtlebot3_simulations' in 'src/turtlebot3_simulations/turtlebot3_simulations'
[3.245s] Level 1:colcon.colcon_core.package_discovery:discover_packages(prefix_path) check parameters
[3.245s] Level 1:colcon.colcon_core.package_discovery:discover_packages(prefix_path) discover
[3.339s] DEBUG:colcon.colcon_installed_package_information.package_discovery:Found 6 installed packages in /home/vboxuser/turtlebot3_ws/install
[3.386s] DEBUG:colcon.colcon_installed_package_information.package_discovery:Found 336 installed packages in /opt/ros/galactic
[3.388s] Level 1:colcon.colcon_core.package_discovery:discover_packages(prefix_path) using defaults
[3.595s] Level 5:colcon.colcon_core.verb:set package 'my_first_subscriber' build argument 'cmake_args' from command line to 'None'
[3.596s] Level 5:colcon.colcon_core.verb:set package 'my_first_subscriber' build argument 'cmake_target' from command line to 'None'
[3.596s] Level 5:colcon.colcon_core.verb:set package 'my_first_subscriber' build argument 'cmake_target_skip_unavailable' from command line to 'False'
[3.596s] Level 5:colcon.colcon_core.verb:set package 'my_first_subscriber' build argument 'cmake_clean_cache' from command line to 'False'
[3.596s] Level 5:colcon.colcon_core.verb:set package 'my_first_subscriber' build argument 'cmake_clean_first' from command line to 'False'
[3.596s] Level 5:colcon.colcon_core.verb:set package 'my_first_subscriber' build argument 'cmake_force_configure' from command line to 'False'
[3.596s] Level 5:colcon.colcon_core.verb:set package 'my_first_subscriber' build argument 'ament_cmake_args' from command line to 'None'
[3.596s] Level 5:colcon.colcon_core.verb:set package 'my_first_subscriber' build argument 'catkin_cmake_args' from command line to 'None'
[3.596s] Level 5:colcon.colcon_core.verb:set package 'my_first_subscriber' build argument 'catkin_skip_building_tests' from command line to 'False'
[3.596s] DEBUG:colcon.colcon_core.verb:Building package 'my_first_subscriber' with the following arguments: {'ament_cmake_args': None, 'build_base': '/home/vboxuser/turtlebot3_ws/build/my_first_subscriber', 'catkin_cmake_args': None, 'catkin_skip_building_tests': False, 'cmake_args': None, 'cmake_clean_cache': False, 'cmake_clean_first': False, 'cmake_force_configure': False, 'cmake_target': None, 'cmake_target_skip_unavailable': False, 'install_base': '/home/vboxuser/turtlebot3_ws/install/my_first_subscriber', 'merge_install': False, 'path': '/home/vboxuser/turtlebot3_ws/src/my_first_subscriber', 'symlink_install': False, 'test_result_base': None}
[3.639s] INFO:colcon.colcon_core.executor:Executing jobs using 'parallel' executor
[3.684s] DEBUG:colcon.colcon_parallel_executor.executor.parallel:run_until_complete
[3.684s] INFO:colcon.colcon_ros.task.ament_python.build:Building ROS package in '/home/vboxuser/turtlebot3_ws/src/my_first_subscriber' with build type 'ament_python'
[3.685s] Level 1:colcon.colcon_core.shell:create_environment_hook('my_first_subscriber', 'ament_prefix_path')
[3.732s] INFO:colcon.colcon_core.plugin_system:Skipping extension 'colcon_core.shell.bat': Not used on non-Windows systems
[3.732s] INFO:colcon.colcon_core.shell:Creating environment hook '/home/vboxuser/turtlebot3_ws/install/my_first_subscriber/share/my_first_subscriber/hook/ament_prefix_path.ps1'
[3.733s] INFO:colcon.colcon_core.shell:Creating environment descriptor '/home/vboxuser/turtlebot3_ws/install/my_first_subscriber/share/my_first_subscriber/hook/ament_prefix_path.dsv'
[3.734s] INFO:colcon.colcon_core.shell:Creating environment hook '/home/vboxuser/turtlebot3_ws/install/my_first_subscriber/share/my_first_subscriber/hook/ament_prefix_path.sh'
[3.779s] INFO:colcon.colcon_core.shell:Skip shell extension 'powershell' for command environment: Not usable outside of PowerShell
[3.779s] DEBUG:colcon.colcon_core.shell:Skip shell extension 'dsv' for command environment
[4.256s] INFO:colcon.colcon_core.task.python.build:Building Python package in '/home/vboxuser/turtlebot3_ws/src/my_first_subscriber'
[4.312s] INFO:colcon.colcon_core.shell:Skip shell extension 'powershell' for command environment: Not usable outside of PowerShell
[4.312s] DEBUG:colcon.colcon_core.shell:Skip shell extension 'dsv' for command environment
[5.001s] DEBUG:colcon.colcon_core.event_handler.log_command:Invoking command in '/home/vboxuser/turtlebot3_ws/src/my_first_subscriber': PYTHONPATH=/home/vboxuser/turtlebot3_ws/build/my_first_subscriber/prefix_override:/home/vboxuser/turtlebot3_ws/install/my_first_subscriber/lib/python3.8/site-packages:${PYTHONPATH} /usr/bin/python3 setup.py egg_info --egg-base ../../build/my_first_subscriber build --build-base /home/vboxuser/turtlebot3_ws/build/my_first_subscriber/build install --record /home/vboxuser/turtlebot3_ws/build/my_first_subscriber/install.log --single-version-externally-managed
[5.503s] DEBUG:colcon.colcon_core.event_handler.log_command:Invoked command in '/home/vboxuser/turtlebot3_ws/src/my_first_subscriber' returned '0': PYTHONPATH=/home/vboxuser/turtlebot3_ws/build/my_first_subscriber/prefix_override:/home/vboxuser/turtlebot3_ws/install/my_first_subscriber/lib/python3.8/site-packages:${PYTHONPATH} /usr/bin/python3 setup.py egg_info --egg-base ../../build/my_first_subscriber build --build-base /home/vboxuser/turtlebot3_ws/build/my_first_subscriber/build install --record /home/vboxuser/turtlebot3_ws/build/my_first_subscriber/install.log --single-version-externally-managed
[5.565s] Level 1:colcon.colcon_core.environment:checking '/home/vboxuser/turtlebot3_ws/install/my_first_subscriber' for CMake module files
[5.566s] Level 1:colcon.colcon_core.environment:checking '/home/vboxuser/turtlebot3_ws/install/my_first_subscriber' for CMake config files
[5.567s] Level 1:colcon.colcon_core.environment:checking '/home/vboxuser/turtlebot3_ws/install/my_first_subscriber/lib'
[5.567s] Level 1:colcon.colcon_core.environment:checking '/home/vboxuser/turtlebot3_ws/install/my_first_subscriber/bin'
[5.567s] Level 1:colcon.colcon_core.environment:checking '/home/vboxuser/turtlebot3_ws/install/my_first_subscriber/lib/pkgconfig/my_first_subscriber.pc'
[5.567s] Level 1:colcon.colcon_core.environment:checking '/home/vboxuser/turtlebot3_ws/install/my_first_subscriber/lib/python3.8/site-packages'
[5.568s] Level 1:colcon.colcon_core.shell:create_environment_hook('my_first_subscriber', 'pythonpath')
[5.621s] INFO:colcon.colcon_core.shell:Creating environment hook '/home/vboxuser/turtlebot3_ws/install/my_first_subscriber/share/my_first_subscriber/hook/pythonpath.ps1'
[5.622s] INFO:colcon.colcon_core.shell:Creating environment descriptor '/home/vboxuser/turtlebot3_ws/install/my_first_subscriber/share/my_first_subscriber/hook/pythonpath.dsv'
[5.623s] INFO:colcon.colcon_core.shell:Creating environment hook '/home/vboxuser/turtlebot3_ws/install/my_first_subscriber/share/my_first_subscriber/hook/pythonpath.sh'
[5.624s] Level 1:colcon.colcon_core.environment:checking '/home/vboxuser/turtlebot3_ws/install/my_first_subscriber/bin'
[5.624s] Level 1:colcon.colcon_core.environment:create_environment_scripts_only(my_first_subscriber)
[5.678s] INFO:colcon.colcon_core.shell:Creating package script '/home/vboxuser/turtlebot3_ws/install/my_first_subscriber/share/my_first_subscriber/package.ps1'
[5.679s] INFO:colcon.colcon_core.shell:Creating package descriptor '/home/vboxuser/turtlebot3_ws/install/my_first_subscriber/share/my_first_subscriber/package.dsv'
[5.680s] INFO:colcon.colcon_core.shell:Creating package script '/home/vboxuser/turtlebot3_ws/install/my_first_subscriber/share/my_first_subscriber/package.sh'
[5.681s] INFO:colcon.colcon_core.shell:Creating package script '/home/vboxuser/turtlebot3_ws/install/my_first_subscriber/share/my_first_subscriber/package.bash'
[5.682s] INFO:colcon.colcon_core.shell:Creating package script '/home/vboxuser/turtlebot3_ws/install/my_first_subscriber/share/my_first_subscriber/package.zsh'
[5.683s] Level 1:colcon.colcon_core.environment:create_file_with_runtime_dependencies(/home/vboxuser/turtlebot3_ws/install/my_first_subscriber/share/colcon-core/packages/my_first_subscriber)
[5.684s] DEBUG:colcon.colcon_parallel_executor.executor.parallel:closing loop
[5.684s] DEBUG:colcon.colcon_parallel_executor.executor.parallel:loop closed
[5.684s] DEBUG:colcon.colcon_parallel_executor.executor.parallel:run_until_complete finished with '0'
[5.684s] DEBUG:colcon.colcon_core.event_reactor:joining thread
[5.750s] INFO:colcon.colcon_core.plugin_system:Skipping extension 'colcon_notification.desktop_notification.terminal_notifier': Not used on non-Darwin systems
[5.750s] INFO:colcon.colcon_core.plugin_system:Skipping extension 'colcon_notification.desktop_notification.win32': Not used on non-Windows systems
[5.750s] INFO:colcon.colcon_notification.desktop_notification:Sending desktop notification using 'notify2'
[5.821s] DEBUG:colcon.colcon_core.event_reactor:joined thread
[5.868s] INFO:colcon.colcon_core.shell:Creating prefix script '/home/vboxuser/turtlebot3_ws/install/local_setup.ps1'
[5.869s] INFO:colcon.colcon_core.shell:Creating prefix util module '/home/vboxuser/turtlebot3_ws/install/_local_setup_util_ps1.py'
[5.871s] INFO:colcon.colcon_core.shell:Creating prefix chain script '/home/vboxuser/turtlebot3_ws/install/setup.ps1'
[5.918s] INFO:colcon.colcon_core.shell:Creating prefix script '/home/vboxuser/turtlebot3_ws/install/local_setup.sh'
[5.918s] INFO:colcon.colcon_core.shell:Creating prefix util module '/home/vboxuser/turtlebot3_ws/install/_local_setup_util_sh.py'
[5.919s] INFO:colcon.colcon_core.shell:Creating prefix chain script '/home/vboxuser/turtlebot3_ws/install/setup.sh'
[5.967s] INFO:colcon.colcon_core.shell:Creating prefix script '/home/vboxuser/turtlebot3_ws/install/local_setup.bash'
[5.967s] INFO:colcon.colcon_core.shell:Creating prefix chain script '/home/vboxuser/turtlebot3_ws/install/setup.bash'
[6.016s] INFO:colcon.colcon_core.shell:Creating prefix script '/home/vboxuser/turtlebot3_ws/install/local_setup.zsh'
[6.017s] INFO:colcon.colcon_core.shell:Creating prefix chain script '/home/vboxuser/turtlebot3_ws/install/setup.zsh'
