[1.818s] DEBUG:colcon:Command line arguments: ['/usr/bin/colcon', 'build', '--packages-select', 'my_first_publisher']
[1.818s] DEBUG:colcon:Parsed command line arguments: Namespace(allow_overriding=[], ament_cmake_args=None, base_paths=['.'], build_base='build', catkin_cmake_args=None, catkin_skip_building_tests=False, cmake_args=None, cmake_clean_cache=False, cmake_clean_first=False, cmake_force_configure=False, cmake_target=None, cmake_target_skip_unavailable=False, continue_on_error=False, event_handlers=None, executor='parallel', ignore_user_meta=False, install_base='install', log_base=None, log_level=None, main=<bound method BuildVerb.main of <colcon_core.verb.build.BuildVerb object at 0x7f752e19ec10>>, merge_install=False, metas=['./colcon.meta'], packages_above=None, packages_above_and_dependencies=None, packages_above_depth=None, packages_end=None, packages_ignore=None, packages_ignore_regex=None, packages_select=['my_first_publisher'], packages_select_build_failed=False, packages_select_by_dep=None, packages_select_regex=None, packages_select_test_failures=False, packages_skip=None, packages_skip_build_finished=False, packages_skip_by_dep=None, packages_skip_regex=None, packages_skip_test_passed=False, packages_skip_up_to=None, packages_start=None, packages_up_to=None, packages_up_to_regex=None, parallel_workers=4, paths=None, symlink_install=False, test_result_base=None, verb_extension=<colcon_core.verb.build.BuildVerb object at 0x7f752e19ec10>, verb_name='build', verb_parser=<colcon_defaults.argument_parser.defaults.DefaultArgumentsDecorator object at 0x7f752e19e9a0>)
[1.902s] Level 1:colcon.colcon_core.package_discovery:discover_packages(colcon_meta) check parameters
[1.903s] Level 1:colcon.colcon_core.package_discovery:discover_packages(recursive) check parameters
[1.903s] Level 1:colcon.colcon_core.package_discovery:discover_packages(ignore) check parameters
[1.903s] Level 1:colcon.colcon_core.package_discovery:discover_packages(path) check parameters
[1.903s] Level 1:colcon.colcon_core.package_discovery:discover_packages(colcon_meta) discover
[1.903s] Level 1:colcon.colcon_core.package_discovery:discover_packages(recursive) discover
[1.903s] INFO:colcon.colcon_core.package_discovery:Crawling recursively for packages in '/home/vboxuser/turtlebot3_ws'
[1.903s] Level 1:colcon.colcon_core.package_identification:_identify(.) by extensions ['ignore', 'ignore_ament_install']
[1.903s] Level 1:colcon.colcon_core.package_identification:_identify(.) by extension 'ignore'
[1.903s] Level 1:colcon.colcon_core.package_identification:_identify(.) by extension 'ignore_ament_install'
[1.903s] Level 1:colcon.colcon_core.package_identification:_identify(.) by extensions ['colcon_pkg']
[1.903s] Level 1:colcon.colcon_core.package_identification:_identify(.) by extension 'colcon_pkg'
[1.903s] Level 1:colcon.colcon_core.package_identification:_identify(.) by extensions ['colcon_meta']
[1.903s] Level 1:colcon.colcon_core.package_identification:_identify(.) by extension 'colcon_meta'
[1.903s] Level 1:colcon.colcon_core.package_identification:_identify(.) by extensions ['ros']
[1.903s] Level 1:colcon.colcon_core.package_identification:_identify(.) by extension 'ros'
[1.916s] Level 1:colcon.colcon_core.package_identification:_identify(.) by extensions ['cmake', 'python']
[1.916s] Level 1:colcon.colcon_core.package_identification:_identify(.) by extension 'cmake'
[1.916s] Level 1:colcon.colcon_core.package_identification:_identify(.) by extension 'python'
[1.916s] Level 1:colcon.colcon_core.package_identification:_identify(.) by extensions ['python_setup_py']
[1.917s] Level 1:colcon.colcon_core.package_identification:_identify(.) by extension 'python_setup_py'
[1.917s] Level 1:colcon.colcon_core.package_identification:_identify(build) by extensions ['ignore', 'ignore_ament_install']
[1.917s] Level 1:colcon.colcon_core.package_identification:_identify(build) by extension 'ignore'
[1.917s] Level 1:colcon.colcon_core.package_identification:_identify(build) ignored
[1.917s] Level 1:colcon.colcon_core.package_identification:_identify(install) by extensions ['ignore', 'ignore_ament_install']
[1.917s] Level 1:colcon.colcon_core.package_identification:_identify(install) by extension 'ignore'
[1.917s] Level 1:colcon.colcon_core.package_identification:_identify(install) ignored
[1.917s] Level 1:colcon.colcon_core.package_identification:_identify(log) by extensions ['ignore', 'ignore_ament_install']
[1.917s] Level 1:colcon.colcon_core.package_identification:_identify(log) by extension 'ignore'
[1.917s] Level 1:colcon.colcon_core.package_identification:_identify(log) ignored
[1.918s] Level 1:colcon.colcon_core.package_identification:_identify(src) by extensions ['ignore', 'ignore_ament_install']
[1.918s] Level 1:colcon.colcon_core.package_identification:_identify(src) by extension 'ignore'
[1.918s] Level 1:colcon.colcon_core.package_identification:_identify(src) by extension 'ignore_ament_install'
[1.918s] Level 1:colcon.colcon_core.package_identification:_identify(src) by extensions ['colcon_pkg']
[1.918s] Level 1:colcon.colcon_core.package_identification:_identify(src) by extension 'colcon_pkg'
[1.918s] Level 1:colcon.colcon_core.package_identification:_identify(src) by extensions ['colcon_meta']
[1.918s] Level 1:colcon.colcon_core.package_identification:_identify(src) by extension 'colcon_meta'
[1.918s] Level 1:colcon.colcon_core.package_identification:_identify(src) by extensions ['ros']
[1.918s] Level 1:colcon.colcon_core.package_identification:_identify(src) by extension 'ros'
[1.918s] Level 1:colcon.colcon_core.package_identification:_identify(src) by extensions ['cmake', 'python']
[1.918s] Level 1:colcon.colcon_core.package_identification:_identify(src) by extension 'cmake'
[1.918s] Level 1:colcon.colcon_core.package_identification:_identify(src) by extension 'python'
[1.918s] Level 1:colcon.colcon_core.package_identification:_identify(src) by extensions ['python_setup_py']
[1.918s] Level 1:colcon.colcon_core.package_identification:_identify(src) by extension 'python_setup_py'
[1.918s] Level 1:colcon.colcon_core.package_identification:_identify(src/my_first_node) by extensions ['ignore', 'ignore_ament_install']
[1.918s] Level 1:colcon.colcon_core.package_identification:_identify(src/my_first_node) by extension 'ignore'
[1.918s] Level 1:colcon.colcon_core.package_identification:_identify(src/my_first_node) by extension 'ignore_ament_install'
[1.918s] Level 1:colcon.colcon_core.package_identification:_identify(src/my_first_node) by extensions ['colcon_pkg']
[1.918s] Level 1:colcon.colcon_core.package_identification:_identify(src/my_first_node) by extension 'colcon_pkg'
[1.918s] Level 1:colcon.colcon_core.package_identification:_identify(src/my_first_node) by extensions ['colcon_meta']
[1.918s] Level 1:colcon.colcon_core.package_identification:_identify(src/my_first_node) by extension 'colcon_meta'
[1.919s] Level 1:colcon.colcon_core.package_identification:_identify(src/my_first_node) by extensions ['ros']
[1.919s] Level 1:colcon.colcon_core.package_identification:_identify(src/my_first_node) by extension 'ros'
[1.921s] DEBUG:colcon.colcon_core.package_identification:Package 'src/my_first_node' with type 'ros.ament_python' and name 'my_first_node'
[1.921s] Level 1:colcon.colcon_core.package_identification:_identify(src/my_first_publisher) by extensions ['ignore', 'ignore_ament_install']
[1.921s] Level 1:colcon.colcon_core.package_identification:_identify(src/my_first_publisher) by extension 'ignore'
[1.921s] Level 1:colcon.colcon_core.package_identification:_identify(src/my_first_publisher) by extension 'ignore_ament_install'
[1.921s] Level 1:colcon.colcon_core.package_identification:_identify(src/my_first_publisher) by extensions ['colcon_pkg']
[1.921s] Level 1:colcon.colcon_core.package_identification:_identify(src/my_first_publisher) by extension 'colcon_pkg'
[1.921s] Level 1:colcon.colcon_core.package_identification:_identify(src/my_first_publisher) by extensions ['colcon_meta']
[1.921s] Level 1:colcon.colcon_core.package_identification:_identify(src/my_first_publisher) by extension 'colcon_meta'
[1.921s] Level 1:colcon.colcon_core.package_identification:_identify(src/my_first_publisher) by extensions ['ros']
[1.921s] Level 1:colcon.colcon_core.package_identification:_identify(src/my_first_publisher) by extension 'ros'
[1.922s] DEBUG:colcon.colcon_core.package_identification:Package 'src/my_first_publisher' with type 'ros.ament_python' and name 'my_first_publisher'
[1.922s] Level 1:colcon.colcon_core.package_identification:_identify(src/turtlebot3_simulations) by extensions ['ignore', 'ignore_ament_install']
[1.922s] Level 1:colcon.colcon_core.package_identification:_identify(src/turtlebot3_simulations) by extension 'ignore'
[1.922s] Level 1:colcon.colcon_core.package_identification:_identify(src/turtlebot3_simulations) by extension 'ignore_ament_install'
[1.922s] Level 1:colcon.colcon_core.package_identification:_identify(src/turtlebot3_simulations) by extensions ['colcon_pkg']
[1.922s] Level 1:colcon.colcon_core.package_identification:_identify(src/turtlebot3_simulations) by extension 'colcon_pkg'
[1.922s] Level 1:colcon.colcon_core.package_identification:_identify(src/turtlebot3_simulations) by extensions ['colcon_meta']
[1.922s] Level 1:colcon.colcon_core.package_identification:_identify(src/turtlebot3_simulations) by extension 'colcon_meta'
[1.922s] Level 1:colcon.colcon_core.package_identification:_identify(src/turtlebot3_simulations) by extensions ['ros']
[1.923s] Level 1:colcon.colcon_core.package_identification:_identify(src/turtlebot3_simulations) by extension 'ros'
[1.923s] Level 1:colcon.colcon_core.package_identification:_identify(src/turtlebot3_simulations) by extensions ['cmake', 'python']
[1.923s] Level 1:colcon.colcon_core.package_identification:_identify(src/turtlebot3_simulations) by extension 'cmake'
[1.923s] Level 1:colcon.colcon_core.package_identification:_identify(src/turtlebot3_simulations) by extension 'python'
[1.923s] Level 1:colcon.colcon_core.package_identification:_identify(src/turtlebot3_simulations) by extensions ['python_setup_py']
[1.923s] Level 1:colcon.colcon_core.package_identification:_identify(src/turtlebot3_simulations) by extension 'python_setup_py'
[1.923s] Level 1:colcon.colcon_core.package_identification:_identify(src/turtlebot3_simulations/turtlebot3_fake_node) by extensions ['ignore', 'ignore_ament_install']
[1.923s] Level 1:colcon.colcon_core.package_identification:_identify(src/turtlebot3_simulations/turtlebot3_fake_node) by extension 'ignore'
[1.923s] Level 1:colcon.colcon_core.package_identification:_identify(src/turtlebot3_simulations/turtlebot3_fake_node) by extension 'ignore_ament_install'
[1.923s] Level 1:colcon.colcon_core.package_identification:_identify(src/turtlebot3_simulations/turtlebot3_fake_node) by extensions ['colcon_pkg']
[1.923s] Level 1:colcon.colcon_core.package_identification:_identify(src/turtlebot3_simulations/turtlebot3_fake_node) by extension 'colcon_pkg'
[1.923s] Level 1:colcon.colcon_core.package_identification:_identify(src/turtlebot3_simulations/turtlebot3_fake_node) by extensions ['colcon_meta']
[1.923s] Level 1:colcon.colcon_core.package_identification:_identify(src/turtlebot3_simulations/turtlebot3_fake_node) by extension 'colcon_meta'
[1.923s] Level 1:colcon.colcon_core.package_identification:_identify(src/turtlebot3_simulations/turtlebot3_fake_node) by extensions ['ros']
[1.923s] Level 1:colcon.colcon_core.package_identification:_identify(src/turtlebot3_simulations/turtlebot3_fake_node) by extension 'ros'
[1.924s] DEBUG:colcon.colcon_core.package_identification:Package 'src/turtlebot3_simulations/turtlebot3_fake_node' with type 'ros.ament_cmake' and name 'turtlebot3_fake_node'
[1.924s] Level 1:colcon.colcon_core.package_identification:_identify(src/turtlebot3_simulations/turtlebot3_gazebo) by extensions ['ignore', 'ignore_ament_install']
[1.924s] Level 1:colcon.colcon_core.package_identification:_identify(src/turtlebot3_simulations/turtlebot3_gazebo) by extension 'ignore'
[1.924s] Level 1:colcon.colcon_core.package_identification:_identify(src/turtlebot3_simulations/turtlebot3_gazebo) by extension 'ignore_ament_install'
[1.925s] Level 1:colcon.colcon_core.package_identification:_identify(src/turtlebot3_simulations/turtlebot3_gazebo) by extensions ['colcon_pkg']
[1.925s] Level 1:colcon.colcon_core.package_identification:_identify(src/turtlebot3_simulations/turtlebot3_gazebo) by extension 'colcon_pkg'
[1.925s] Level 1:colcon.colcon_core.package_identification:_identify(src/turtlebot3_simulations/turtlebot3_gazebo) by extensions ['colcon_meta']
[1.925s] Level 1:colcon.colcon_core.package_identification:_identify(src/turtlebot3_simulations/turtlebot3_gazebo) by extension 'colcon_meta'
[1.925s] Level 1:colcon.colcon_core.package_identification:_identify(src/turtlebot3_simulations/turtlebot3_gazebo) by extensions ['ros']
[1.925s] Level 1:colcon.colcon_core.package_identification:_identify(src/turtlebot3_simulations/turtlebot3_gazebo) by extension 'ros'
[1.925s] DEBUG:colcon.colcon_core.package_identification:Package 'src/turtlebot3_simulations/turtlebot3_gazebo' with type 'ros.ament_cmake' and name 'turtlebot3_gazebo'
[1.925s] Level 1:colcon.colcon_core.package_identification:_identify(src/turtlebot3_simulations/turtlebot3_simulations) by extensions ['ignore', 'ignore_ament_install']
[1.926s] Level 1:colcon.colcon_core.package_identification:_identify(src/turtlebot3_simulations/turtlebot3_simulations) by extension 'ignore'
[1.926s] Level 1:colcon.colcon_core.package_identification:_identify(src/turtlebot3_simulations/turtlebot3_simulations) by extension 'ignore_ament_install'
[1.926s] Level 1:colcon.colcon_core.package_identification:_identify(src/turtlebot3_simulations/turtlebot3_simulations) by extensions ['colcon_pkg']
[1.926s] Level 1:colcon.colcon_core.package_identification:_identify(src/turtlebot3_simulations/turtlebot3_simulations) by extension 'colcon_pkg'
[1.926s] Level 1:colcon.colcon_core.package_identification:_identify(src/turtlebot3_simulations/turtlebot3_simulations) by extensions ['colcon_meta']
[1.926s] Level 1:colcon.colcon_core.package_identification:_identify(src/turtlebot3_simulations/turtlebot3_simulations) by extension 'colcon_meta'
[1.926s] Level 1:colcon.colcon_core.package_identification:_identify(src/turtlebot3_simulations/turtlebot3_simulations) by extensions ['ros']
[1.926s] Level 1:colcon.colcon_core.package_identification:_identify(src/turtlebot3_simulations/turtlebot3_simulations) by extension 'ros'
[1.927s] DEBUG:colcon.colcon_core.package_identification:Package 'src/turtlebot3_simulations/turtlebot3_simulations' with type 'ros.ament_cmake' and name 'turtlebot3_simulations'
[1.927s] Level 1:colcon.colcon_core.package_discovery:discover_packages(recursive) using defaults
[1.927s] Level 1:colcon.colcon_core.package_discovery:discover_packages(ignore) discover
[1.927s] Level 1:colcon.colcon_core.package_discovery:discover_packages(ignore) using defaults
[1.927s] Level 1:colcon.colcon_core.package_discovery:discover_packages(path) discover
[1.927s] Level 1:colcon.colcon_core.package_discovery:discover_packages(path) using defaults
[2.039s] INFO:colcon.colcon_core.package_selection:Skipping not selected package 'my_first_node' in 'src/my_first_node'
[2.039s] INFO:colcon.colcon_core.package_selection:Skipping not selected package 'turtlebot3_fake_node' in 'src/turtlebot3_simulations/turtlebot3_fake_node'
[2.039s] INFO:colcon.colcon_core.package_selection:Skipping not selected package 'turtlebot3_gazebo' in 'src/turtlebot3_simulations/turtlebot3_gazebo'
[2.039s] INFO:colcon.colcon_core.package_selection:Skipping not selected package 'turtlebot3_simulations' in 'src/turtlebot3_simulations/turtlebot3_simulations'
[2.101s] Level 1:colcon.colcon_core.package_discovery:discover_packages(prefix_path) check parameters
[2.101s] Level 1:colcon.colcon_core.package_discovery:discover_packages(prefix_path) discover
[2.162s] DEBUG:colcon.colcon_installed_package_information.package_discovery:Found 5 installed packages in /home/vboxuser/turtlebot3_ws/install
[2.196s] DEBUG:colcon.colcon_installed_package_information.package_discovery:Found 336 installed packages in /opt/ros/galactic
[2.198s] Level 1:colcon.colcon_core.package_discovery:discover_packages(prefix_path) using defaults
[2.339s] Level 5:colcon.colcon_core.verb:set package 'my_first_publisher' build argument 'cmake_args' from command line to 'None'
[2.339s] Level 5:colcon.colcon_core.verb:set package 'my_first_publisher' build argument 'cmake_target' from command line to 'None'
[2.339s] Level 5:colcon.colcon_core.verb:set package 'my_first_publisher' build argument 'cmake_target_skip_unavailable' from command line to 'False'
[2.339s] Level 5:colcon.colcon_core.verb:set package 'my_first_publisher' build argument 'cmake_clean_cache' from command line to 'False'
[2.339s] Level 5:colcon.colcon_core.verb:set package 'my_first_publisher' build argument 'cmake_clean_first' from command line to 'False'
[2.339s] Level 5:colcon.colcon_core.verb:set package 'my_first_publisher' build argument 'cmake_force_configure' from command line to 'False'
[2.339s] Level 5:colcon.colcon_core.verb:set package 'my_first_publisher' build argument 'ament_cmake_args' from command line to 'None'
[2.339s] Level 5:colcon.colcon_core.verb:set package 'my_first_publisher' build argument 'catkin_cmake_args' from command line to 'None'
[2.339s] Level 5:colcon.colcon_core.verb:set package 'my_first_publisher' build argument 'catkin_skip_building_tests' from command line to 'False'
[2.339s] DEBUG:colcon.colcon_core.verb:Building package 'my_first_publisher' with the following arguments: {'ament_cmake_args': None, 'build_base': '/home/vboxuser/turtlebot3_ws/build/my_first_publisher', 'catkin_cmake_args': None, 'catkin_skip_building_tests': False, 'cmake_args': None, 'cmake_clean_cache': False, 'cmake_clean_first': False, 'cmake_force_configure': False, 'cmake_target': None, 'cmake_target_skip_unavailable': False, 'install_base': '/home/vboxuser/turtlebot3_ws/install/my_first_publisher', 'merge_install': False, 'path': '/home/vboxuser/turtlebot3_ws/src/my_first_publisher', 'symlink_install': False, 'test_result_base': None}
[2.370s] INFO:colcon.colcon_core.executor:Executing jobs using 'parallel' executor
[2.401s] DEBUG:colcon.colcon_parallel_executor.executor.parallel:run_until_complete
[2.402s] INFO:colcon.colcon_ros.task.ament_python.build:Building ROS package in '/home/vboxuser/turtlebot3_ws/src/my_first_publisher' with build type 'ament_python'
[2.402s] Level 1:colcon.colcon_core.shell:create_environment_hook('my_first_publisher', 'ament_prefix_path')
[2.442s] INFO:colcon.colcon_core.plugin_system:Skipping extension 'colcon_core.shell.bat': Not used on non-Windows systems
[2.442s] INFO:colcon.colcon_core.shell:Creating environment hook '/home/vboxuser/turtlebot3_ws/install/my_first_publisher/share/my_first_publisher/hook/ament_prefix_path.ps1'
[2.443s] INFO:colcon.colcon_core.shell:Creating environment descriptor '/home/vboxuser/turtlebot3_ws/install/my_first_publisher/share/my_first_publisher/hook/ament_prefix_path.dsv'
[2.443s] INFO:colcon.colcon_core.shell:Creating environment hook '/home/vboxuser/turtlebot3_ws/install/my_first_publisher/share/my_first_publisher/hook/ament_prefix_path.sh'
[2.474s] INFO:colcon.colcon_core.shell:Skip shell extension 'powershell' for command environment: Not usable outside of PowerShell
[2.474s] DEBUG:colcon.colcon_core.shell:Skip shell extension 'dsv' for command environment
[2.791s] INFO:colcon.colcon_core.task.python.build:Building Python package in '/home/vboxuser/turtlebot3_ws/src/my_first_publisher'
[2.832s] INFO:colcon.colcon_core.shell:Skip shell extension 'powershell' for command environment: Not usable outside of PowerShell
[2.832s] DEBUG:colcon.colcon_core.shell:Skip shell extension 'dsv' for command environment
[3.282s] DEBUG:colcon.colcon_core.event_handler.log_command:Invoking command in '/home/vboxuser/turtlebot3_ws/src/my_first_publisher': PYTHONPATH=/home/vboxuser/turtlebot3_ws/build/my_first_publisher/prefix_override:/home/vboxuser/turtlebot3_ws/install/my_first_publisher/lib/python3.8/site-packages:${PYTHONPATH} /usr/bin/python3 setup.py egg_info --egg-base ../../build/my_first_publisher build --build-base /home/vboxuser/turtlebot3_ws/build/my_first_publisher/build install --record /home/vboxuser/turtlebot3_ws/build/my_first_publisher/install.log --single-version-externally-managed
[3.530s] DEBUG:colcon.colcon_core.event_handler.log_command:Invoked command in '/home/vboxuser/turtlebot3_ws/src/my_first_publisher' returned '0': PYTHONPATH=/home/vboxuser/turtlebot3_ws/build/my_first_publisher/prefix_override:/home/vboxuser/turtlebot3_ws/install/my_first_publisher/lib/python3.8/site-packages:${PYTHONPATH} /usr/bin/python3 setup.py egg_info --egg-base ../../build/my_first_publisher build --build-base /home/vboxuser/turtlebot3_ws/build/my_first_publisher/build install --record /home/vboxuser/turtlebot3_ws/build/my_first_publisher/install.log --single-version-externally-managed
[3.572s] Level 1:colcon.colcon_core.environment:checking '/home/vboxuser/turtlebot3_ws/install/my_first_publisher' for CMake module files
[3.573s] Level 1:colcon.colcon_core.environment:checking '/home/vboxuser/turtlebot3_ws/install/my_first_publisher' for CMake config files
[3.573s] Level 1:colcon.colcon_core.environment:checking '/home/vboxuser/turtlebot3_ws/install/my_first_publisher/lib'
[3.573s] Level 1:colcon.colcon_core.environment:checking '/home/vboxuser/turtlebot3_ws/install/my_first_publisher/bin'
[3.574s] Level 1:colcon.colcon_core.environment:checking '/home/vboxuser/turtlebot3_ws/install/my_first_publisher/lib/pkgconfig/my_first_publisher.pc'
[3.574s] Level 1:colcon.colcon_core.environment:checking '/home/vboxuser/turtlebot3_ws/install/my_first_publisher/lib/python3.8/site-packages'
[3.574s] Level 1:colcon.colcon_core.shell:create_environment_hook('my_first_publisher', 'pythonpath')
[3.611s] INFO:colcon.colcon_core.shell:Creating environment hook '/home/vboxuser/turtlebot3_ws/install/my_first_publisher/share/my_first_publisher/hook/pythonpath.ps1'
[3.611s] INFO:colcon.colcon_core.shell:Creating environment descriptor '/home/vboxuser/turtlebot3_ws/install/my_first_publisher/share/my_first_publisher/hook/pythonpath.dsv'
[3.611s] INFO:colcon.colcon_core.shell:Creating environment hook '/home/vboxuser/turtlebot3_ws/install/my_first_publisher/share/my_first_publisher/hook/pythonpath.sh'
[3.612s] Level 1:colcon.colcon_core.environment:checking '/home/vboxuser/turtlebot3_ws/install/my_first_publisher/bin'
[3.612s] Level 1:colcon.colcon_core.environment:create_environment_scripts_only(my_first_publisher)
[3.641s] INFO:colcon.colcon_core.shell:Creating package script '/home/vboxuser/turtlebot3_ws/install/my_first_publisher/share/my_first_publisher/package.ps1'
[3.642s] INFO:colcon.colcon_core.shell:Creating package descriptor '/home/vboxuser/turtlebot3_ws/install/my_first_publisher/share/my_first_publisher/package.dsv'
[3.642s] INFO:colcon.colcon_core.shell:Creating package script '/home/vboxuser/turtlebot3_ws/install/my_first_publisher/share/my_first_publisher/package.sh'
[3.643s] INFO:colcon.colcon_core.shell:Creating package script '/home/vboxuser/turtlebot3_ws/install/my_first_publisher/share/my_first_publisher/package.bash'
[3.644s] INFO:colcon.colcon_core.shell:Creating package script '/home/vboxuser/turtlebot3_ws/install/my_first_publisher/share/my_first_publisher/package.zsh'
[3.644s] Level 1:colcon.colcon_core.environment:create_file_with_runtime_dependencies(/home/vboxuser/turtlebot3_ws/install/my_first_publisher/share/colcon-core/packages/my_first_publisher)
[3.645s] DEBUG:colcon.colcon_parallel_executor.executor.parallel:closing loop
[3.645s] DEBUG:colcon.colcon_parallel_executor.executor.parallel:loop closed
[3.645s] DEBUG:colcon.colcon_parallel_executor.executor.parallel:run_until_complete finished with '0'
[3.645s] DEBUG:colcon.colcon_core.event_reactor:joining thread
[3.698s] INFO:colcon.colcon_core.plugin_system:Skipping extension 'colcon_notification.desktop_notification.terminal_notifier': Not used on non-Darwin systems
[3.699s] INFO:colcon.colcon_core.plugin_system:Skipping extension 'colcon_notification.desktop_notification.win32': Not used on non-Windows systems
[3.699s] INFO:colcon.colcon_notification.desktop_notification:Sending desktop notification using 'notify2'
[3.718s] DEBUG:colcon.colcon_core.event_reactor:joined thread
[3.766s] INFO:colcon.colcon_core.shell:Creating prefix script '/home/vboxuser/turtlebot3_ws/install/local_setup.ps1'
[3.767s] INFO:colcon.colcon_core.shell:Creating prefix util module '/home/vboxuser/turtlebot3_ws/install/_local_setup_util_ps1.py'
[3.768s] INFO:colcon.colcon_core.shell:Creating prefix chain script '/home/vboxuser/turtlebot3_ws/install/setup.ps1'
[3.809s] INFO:colcon.colcon_core.shell:Creating prefix script '/home/vboxuser/turtlebot3_ws/install/local_setup.sh'
[3.809s] INFO:colcon.colcon_core.shell:Creating prefix util module '/home/vboxuser/turtlebot3_ws/install/_local_setup_util_sh.py'
[3.810s] INFO:colcon.colcon_core.shell:Creating prefix chain script '/home/vboxuser/turtlebot3_ws/install/setup.sh'
[3.849s] INFO:colcon.colcon_core.shell:Creating prefix script '/home/vboxuser/turtlebot3_ws/install/local_setup.bash'
[3.850s] INFO:colcon.colcon_core.shell:Creating prefix chain script '/home/vboxuser/turtlebot3_ws/install/setup.bash'
[3.888s] INFO:colcon.colcon_core.shell:Creating prefix script '/home/vboxuser/turtlebot3_ws/install/local_setup.zsh'
[3.889s] INFO:colcon.colcon_core.shell:Creating prefix chain script '/home/vboxuser/turtlebot3_ws/install/setup.zsh'
