[1.551s] Invoking command in '/home/vboxuser/turtlebot3_ws/src/my_first_node': PYTHONPATH=/home/vboxuser/turtlebot3_ws/build/my_first_node/prefix_override:/home/vboxuser/turtlebot3_ws/install/my_first_node/lib/python3.8/site-packages:${PYTHONPATH} /usr/bin/python3 setup.py egg_info --egg-base ../../build/my_first_node build --build-base /home/vboxuser/turtlebot3_ws/build/my_first_node/build install --record /home/vboxuser/turtlebot3_ws/build/my_first_node/install.log --single-version-externally-managed
[1.768s] running egg_info
[1.768s] writing ../../build/my_first_node/my_first_node.egg-info/PKG-INFO
[1.768s] writing dependency_links to ../../build/my_first_node/my_first_node.egg-info/dependency_links.txt
[1.768s] writing entry points to ../../build/my_first_node/my_first_node.egg-info/entry_points.txt
[1.770s] writing requirements to ../../build/my_first_node/my_first_node.egg-info/requires.txt
[1.770s] writing top-level names to ../../build/my_first_node/my_first_node.egg-info/top_level.txt
[1.803s] reading manifest file '../../build/my_first_node/my_first_node.egg-info/SOURCES.txt'
[1.804s] writing manifest file '../../build/my_first_node/my_first_node.egg-info/SOURCES.txt'
[1.804s] running build
[1.805s] running build_py
[1.805s] running install
[1.806s] running install_lib
[1.808s] running install_data
[1.808s] running install_egg_info
[1.810s] removing '/home/vboxuser/turtlebot3_ws/install/my_first_node/lib/python3.8/site-packages/my_first_node-0.0.0-py3.8.egg-info' (and everything under it)
[1.811s] Copying ../../build/my_first_node/my_first_node.egg-info to /home/vboxuser/turtlebot3_ws/install/my_first_node/lib/python3.8/site-packages/my_first_node-0.0.0-py3.8.egg-info
[1.812s] running install_scripts
[1.829s] Installing simple_node script to /home/vboxuser/turtlebot3_ws/install/my_first_node/lib/my_first_node
[1.830s] writing list of installed files to '/home/vboxuser/turtlebot3_ws/build/my_first_node/install.log'
[1.886s] Invoked command in '/home/vboxuser/turtlebot3_ws/src/my_first_node' returned '0': PYTHONPATH=/home/vboxuser/turtlebot3_ws/build/my_first_node/prefix_override:/home/vboxuser/turtlebot3_ws/install/my_first_node/lib/python3.8/site-packages:${PYTHONPATH} /usr/bin/python3 setup.py egg_info --egg-base ../../build/my_first_node build --build-base /home/vboxuser/turtlebot3_ws/build/my_first_node/build install --record /home/vboxuser/turtlebot3_ws/build/my_first_node/install.log --single-version-externally-managed
