[0.993s] Invoking command in '/home/vboxuser/turtlebot3_ws/src/movimiento_manual_service': CMAKE_PREFIX_PATH=/home/vboxuser/turtlebot3_ws/install/custom_interface:/home/vboxuser/turtlebot3_ws/install/turtlebot3_simulations:/home/vboxuser/turtlebot3_ws/install/my_world:/home/vboxuser/turtlebot3_ws/install/turtlebot3_gazebo:/home/vboxuser/turtlebot3_ws/install/turtlebot3_fake_node PYTHONPATH=/home/vboxuser/turtlebot3_ws/build/movimiento_manual_service/prefix_override:/home/vboxuser/turtlebot3_ws/install/movimiento_manual_service/lib/python3.8/site-packages:/home/vboxuser/turtlebot3_ws/install/custom_interface/lib/python3.8/site-packages:/home/vboxuser/turtlebot3_ws/install/show_msg/lib/python3.8/site-packages:/home/vboxuser/turtlebot3_ws/install/my_first_subscriber/lib/python3.8/site-packages:/home/vboxuser/turtlebot3_ws/install/my_first_service/lib/python3.8/site-packages:/home/vboxuser/turtlebot3_ws/install/my_first_publisher/lib/python3.8/site-packages:/home/vboxuser/turtlebot3_ws/install/my_first_node/lib/python3.8/site-packages:/home/vboxuser/turtlebot3_ws/install/my_first_action/lib/python3.8/site-packages:/home/vboxuser/turtlebot3_ws/install/movimiento_manual_service/lib/python3.8/site-packages:/opt/ros/galactic/lib/python3.8/site-packages /usr/bin/python3 setup.py egg_info --egg-base ../../build/movimiento_manual_service build --build-base /home/vboxuser/turtlebot3_ws/build/movimiento_manual_service/build install --record /home/vboxuser/turtlebot3_ws/build/movimiento_manual_service/install.log --single-version-externally-managed
[1.173s] running egg_info
[1.173s] writing ../../build/movimiento_manual_service/movimiento_manual_service.egg-info/PKG-INFO
[1.174s] writing dependency_links to ../../build/movimiento_manual_service/movimiento_manual_service.egg-info/dependency_links.txt
[1.175s] writing entry points to ../../build/movimiento_manual_service/movimiento_manual_service.egg-info/entry_points.txt
[1.175s] writing requirements to ../../build/movimiento_manual_service/movimiento_manual_service.egg-info/requires.txt
[1.175s] writing top-level names to ../../build/movimiento_manual_service/movimiento_manual_service.egg-info/top_level.txt
[1.203s] reading manifest file '../../build/movimiento_manual_service/movimiento_manual_service.egg-info/SOURCES.txt'
[1.205s] writing manifest file '../../build/movimiento_manual_service/movimiento_manual_service.egg-info/SOURCES.txt'
[1.205s] running build
[1.205s] running build_py
[1.206s] running install
[1.206s] running install_lib
[1.208s] running install_data
[1.208s] copying package.xml -> /home/vboxuser/turtlebot3_ws/install/movimiento_manual_service/share/movimiento_manual_service
[1.208s] running install_egg_info
[1.209s] removing '/home/vboxuser/turtlebot3_ws/install/movimiento_manual_service/lib/python3.8/site-packages/movimiento_manual_service-0.0.0-py3.8.egg-info' (and everything under it)
[1.210s] Copying ../../build/movimiento_manual_service/movimiento_manual_service.egg-info to /home/vboxuser/turtlebot3_ws/install/movimiento_manual_service/lib/python3.8/site-packages/movimiento_manual_service-0.0.0-py3.8.egg-info
[1.210s] running install_scripts
[1.226s] Installing movement_client script to /home/vboxuser/turtlebot3_ws/install/movimiento_manual_service/lib/movimiento_manual_service
[1.226s] Installing movement_server script to /home/vboxuser/turtlebot3_ws/install/movimiento_manual_service/lib/movimiento_manual_service
[1.226s] writing list of installed files to '/home/vboxuser/turtlebot3_ws/build/movimiento_manual_service/install.log'
[1.245s] Invoked command in '/home/vboxuser/turtlebot3_ws/src/movimiento_manual_service' returned '0': CMAKE_PREFIX_PATH=/home/vboxuser/turtlebot3_ws/install/custom_interface:/home/vboxuser/turtlebot3_ws/install/turtlebot3_simulations:/home/vboxuser/turtlebot3_ws/install/my_world:/home/vboxuser/turtlebot3_ws/install/turtlebot3_gazebo:/home/vboxuser/turtlebot3_ws/install/turtlebot3_fake_node PYTHONPATH=/home/vboxuser/turtlebot3_ws/build/movimiento_manual_service/prefix_override:/home/vboxuser/turtlebot3_ws/install/movimiento_manual_service/lib/python3.8/site-packages:/home/vboxuser/turtlebot3_ws/install/custom_interface/lib/python3.8/site-packages:/home/vboxuser/turtlebot3_ws/install/show_msg/lib/python3.8/site-packages:/home/vboxuser/turtlebot3_ws/install/my_first_subscriber/lib/python3.8/site-packages:/home/vboxuser/turtlebot3_ws/install/my_first_service/lib/python3.8/site-packages:/home/vboxuser/turtlebot3_ws/install/my_first_publisher/lib/python3.8/site-packages:/home/vboxuser/turtlebot3_ws/install/my_first_node/lib/python3.8/site-packages:/home/vboxuser/turtlebot3_ws/install/my_first_action/lib/python3.8/site-packages:/home/vboxuser/turtlebot3_ws/install/movimiento_manual_service/lib/python3.8/site-packages:/opt/ros/galactic/lib/python3.8/site-packages /usr/bin/python3 setup.py egg_info --egg-base ../../build/movimiento_manual_service build --build-base /home/vboxuser/turtlebot3_ws/build/movimiento_manual_service/build install --record /home/vboxuser/turtlebot3_ws/build/movimiento_manual_service/install.log --single-version-externally-managed
