[2.043s] DEBUG:colcon:Command line arguments: ['/usr/bin/colcon', 'build', '--packages-select', 'proy_eq1_nav2_system']
[2.043s] DEBUG:colcon:Parsed command line arguments: Namespace(allow_overriding=[], ament_cmake_args=None, base_paths=['.'], build_base='build', catkin_cmake_args=None, catkin_skip_building_tests=False, cmake_args=None, cmake_clean_cache=False, cmake_clean_first=False, cmake_force_configure=False, cmake_target=None, cmake_target_skip_unavailable=False, continue_on_error=False, event_handlers=None, executor='parallel', ignore_user_meta=False, install_base='install', log_base=None, log_level=None, main=<bound method BuildVerb.main of <colcon_core.verb.build.BuildVerb object at 0x7f95fb336df0>>, merge_install=False, metas=['./colcon.meta'], packages_above=None, packages_above_and_dependencies=None, packages_above_depth=None, packages_end=None, packages_ignore=None, packages_ignore_regex=None, packages_select=['proy_eq1_nav2_system'], packages_select_build_failed=False, packages_select_by_dep=None, packages_select_regex=None, packages_select_test_failures=False, packages_skip=None, packages_skip_build_finished=False, packages_skip_by_dep=None, packages_skip_regex=None, packages_skip_test_passed=False, packages_skip_up_to=None, packages_start=None, packages_up_to=None, packages_up_to_regex=None, parallel_workers=4, paths=None, symlink_install=False, test_result_base=None, verb_extension=<colcon_core.verb.build.BuildVerb object at 0x7f95fb336df0>, verb_name='build', verb_parser=<colcon_defaults.argument_parser.defaults.DefaultArgumentsDecorator object at 0x7f95faef3910>)
[2.187s] Level 1:colcon.colcon_core.package_discovery:discover_packages(colcon_meta) check parameters
[2.187s] Level 1:colcon.colcon_core.package_discovery:discover_packages(recursive) check parameters
[2.187s] Level 1:colcon.colcon_core.package_discovery:discover_packages(ignore) check parameters
[2.187s] Level 1:colcon.colcon_core.package_discovery:discover_packages(path) check parameters
[2.187s] Level 1:colcon.colcon_core.package_discovery:discover_packages(colcon_meta) discover
[2.187s] Level 1:colcon.colcon_core.package_discovery:discover_packages(recursive) discover
[2.187s] INFO:colcon.colcon_core.package_discovery:Crawling recursively for packages in '/home/vboxuser/turtlebot3_ws'
[2.188s] Level 1:colcon.colcon_core.package_identification:_identify(.) by extensions ['ignore', 'ignore_ament_install']
[2.188s] Level 1:colcon.colcon_core.package_identification:_identify(.) by extension 'ignore'
[2.188s] Level 1:colcon.colcon_core.package_identification:_identify(.) by extension 'ignore_ament_install'
[2.188s] Level 1:colcon.colcon_core.package_identification:_identify(.) by extensions ['colcon_pkg']
[2.188s] Level 1:colcon.colcon_core.package_identification:_identify(.) by extension 'colcon_pkg'
[2.188s] Level 1:colcon.colcon_core.package_identification:_identify(.) by extensions ['colcon_meta']
[2.188s] Level 1:colcon.colcon_core.package_identification:_identify(.) by extension 'colcon_meta'
[2.188s] Level 1:colcon.colcon_core.package_identification:_identify(.) by extensions ['ros']
[2.188s] Level 1:colcon.colcon_core.package_identification:_identify(.) by extension 'ros'
[2.202s] Level 1:colcon.colcon_core.package_identification:_identify(.) by extensions ['cmake', 'python']
[2.202s] Level 1:colcon.colcon_core.package_identification:_identify(.) by extension 'cmake'
[2.202s] Level 1:colcon.colcon_core.package_identification:_identify(.) by extension 'python'
[2.202s] Level 1:colcon.colcon_core.package_identification:_identify(.) by extensions ['python_setup_py']
[2.202s] Level 1:colcon.colcon_core.package_identification:_identify(.) by extension 'python_setup_py'
[2.202s] Level 1:colcon.colcon_core.package_identification:_identify(build) by extensions ['ignore', 'ignore_ament_install']
[2.202s] Level 1:colcon.colcon_core.package_identification:_identify(build) by extension 'ignore'
[2.202s] Level 1:colcon.colcon_core.package_identification:_identify(build) ignored
[2.202s] Level 1:colcon.colcon_core.package_identification:_identify(install) by extensions ['ignore', 'ignore_ament_install']
[2.203s] Level 1:colcon.colcon_core.package_identification:_identify(install) by extension 'ignore'
[2.203s] Level 1:colcon.colcon_core.package_identification:_identify(install) ignored
[2.203s] Level 1:colcon.colcon_core.package_identification:_identify(log) by extensions ['ignore', 'ignore_ament_install']
[2.203s] Level 1:colcon.colcon_core.package_identification:_identify(log) by extension 'ignore'
[2.203s] Level 1:colcon.colcon_core.package_identification:_identify(log) ignored
[2.203s] Level 1:colcon.colcon_core.package_identification:_identify(src) by extensions ['ignore', 'ignore_ament_install']
[2.203s] Level 1:colcon.colcon_core.package_identification:_identify(src) by extension 'ignore'
[2.203s] Level 1:colcon.colcon_core.package_identification:_identify(src) by extension 'ignore_ament_install'
[2.203s] Level 1:colcon.colcon_core.package_identification:_identify(src) by extensions ['colcon_pkg']
[2.203s] Level 1:colcon.colcon_core.package_identification:_identify(src) by extension 'colcon_pkg'
[2.203s] Level 1:colcon.colcon_core.package_identification:_identify(src) by extensions ['colcon_meta']
[2.203s] Level 1:colcon.colcon_core.package_identification:_identify(src) by extension 'colcon_meta'
[2.203s] Level 1:colcon.colcon_core.package_identification:_identify(src) by extensions ['ros']
[2.203s] Level 1:colcon.colcon_core.package_identification:_identify(src) by extension 'ros'
[2.203s] Level 1:colcon.colcon_core.package_identification:_identify(src) by extensions ['cmake', 'python']
[2.203s] Level 1:colcon.colcon_core.package_identification:_identify(src) by extension 'cmake'
[2.203s] Level 1:colcon.colcon_core.package_identification:_identify(src) by extension 'python'
[2.203s] Level 1:colcon.colcon_core.package_identification:_identify(src) by extensions ['python_setup_py']
[2.203s] Level 1:colcon.colcon_core.package_identification:_identify(src) by extension 'python_setup_py'
[2.204s] Level 1:colcon.colcon_core.package_identification:_identify(src/proy_eq1) by extensions ['ignore', 'ignore_ament_install']
[2.204s] Level 1:colcon.colcon_core.package_identification:_identify(src/proy_eq1) by extension 'ignore'
[2.204s] Level 1:colcon.colcon_core.package_identification:_identify(src/proy_eq1) by extension 'ignore_ament_install'
[2.204s] Level 1:colcon.colcon_core.package_identification:_identify(src/proy_eq1) by extensions ['colcon_pkg']
[2.204s] Level 1:colcon.colcon_core.package_identification:_identify(src/proy_eq1) by extension 'colcon_pkg'
[2.204s] Level 1:colcon.colcon_core.package_identification:_identify(src/proy_eq1) by extensions ['colcon_meta']
[2.204s] Level 1:colcon.colcon_core.package_identification:_identify(src/proy_eq1) by extension 'colcon_meta'
[2.204s] Level 1:colcon.colcon_core.package_identification:_identify(src/proy_eq1) by extensions ['ros']
[2.204s] Level 1:colcon.colcon_core.package_identification:_identify(src/proy_eq1) by extension 'ros'
[2.204s] Level 1:colcon.colcon_core.package_identification:_identify(src/proy_eq1) by extensions ['cmake', 'python']
[2.204s] Level 1:colcon.colcon_core.package_identification:_identify(src/proy_eq1) by extension 'cmake'
[2.204s] Level 1:colcon.colcon_core.package_identification:_identify(src/proy_eq1) by extension 'python'
[2.204s] Level 1:colcon.colcon_core.package_identification:_identify(src/proy_eq1) by extensions ['python_setup_py']
[2.204s] Level 1:colcon.colcon_core.package_identification:_identify(src/proy_eq1) by extension 'python_setup_py'
[2.204s] Level 1:colcon.colcon_core.package_identification:_identify(src/proy_eq1/proy_eq1) by extensions ['ignore', 'ignore_ament_install']
[2.204s] Level 1:colcon.colcon_core.package_identification:_identify(src/proy_eq1/proy_eq1) by extension 'ignore'
[2.204s] Level 1:colcon.colcon_core.package_identification:_identify(src/proy_eq1/proy_eq1) by extension 'ignore_ament_install'
[2.204s] Level 1:colcon.colcon_core.package_identification:_identify(src/proy_eq1/proy_eq1) by extensions ['colcon_pkg']
[2.204s] Level 1:colcon.colcon_core.package_identification:_identify(src/proy_eq1/proy_eq1) by extension 'colcon_pkg'
[2.204s] Level 1:colcon.colcon_core.package_identification:_identify(src/proy_eq1/proy_eq1) by extensions ['colcon_meta']
[2.204s] Level 1:colcon.colcon_core.package_identification:_identify(src/proy_eq1/proy_eq1) by extension 'colcon_meta'
[2.204s] Level 1:colcon.colcon_core.package_identification:_identify(src/proy_eq1/proy_eq1) by extensions ['ros']
[2.204s] Level 1:colcon.colcon_core.package_identification:_identify(src/proy_eq1/proy_eq1) by extension 'ros'
[2.209s] DEBUG:colcon.colcon_core.package_identification:Package 'src/proy_eq1/proy_eq1' with type 'ros.ament_cmake' and name 'proy_eq1'
[2.209s] Level 1:colcon.colcon_core.package_identification:_identify(src/proy_eq1/proy_eq1_custom_interface) by extensions ['ignore', 'ignore_ament_install']
[2.210s] Level 1:colcon.colcon_core.package_identification:_identify(src/proy_eq1/proy_eq1_custom_interface) by extension 'ignore'
[2.210s] Level 1:colcon.colcon_core.package_identification:_identify(src/proy_eq1/proy_eq1_custom_interface) by extension 'ignore_ament_install'
[2.210s] Level 1:colcon.colcon_core.package_identification:_identify(src/proy_eq1/proy_eq1_custom_interface) by extensions ['colcon_pkg']
[2.210s] Level 1:colcon.colcon_core.package_identification:_identify(src/proy_eq1/proy_eq1_custom_interface) by extension 'colcon_pkg'
[2.210s] Level 1:colcon.colcon_core.package_identification:_identify(src/proy_eq1/proy_eq1_custom_interface) by extensions ['colcon_meta']
[2.210s] Level 1:colcon.colcon_core.package_identification:_identify(src/proy_eq1/proy_eq1_custom_interface) by extension 'colcon_meta'
[2.210s] Level 1:colcon.colcon_core.package_identification:_identify(src/proy_eq1/proy_eq1_custom_interface) by extensions ['ros']
[2.210s] Level 1:colcon.colcon_core.package_identification:_identify(src/proy_eq1/proy_eq1_custom_interface) by extension 'ros'
[2.212s] DEBUG:colcon.colcon_core.package_identification:Package 'src/proy_eq1/proy_eq1_custom_interface' with type 'ros.ament_cmake' and name 'proy_eq1_custom_interface'
[2.212s] Level 1:colcon.colcon_core.package_identification:_identify(src/proy_eq1/proy_eq1_mundo) by extensions ['ignore', 'ignore_ament_install']
[2.212s] Level 1:colcon.colcon_core.package_identification:_identify(src/proy_eq1/proy_eq1_mundo) by extension 'ignore'
[2.212s] Level 1:colcon.colcon_core.package_identification:_identify(src/proy_eq1/proy_eq1_mundo) by extension 'ignore_ament_install'
[2.212s] Level 1:colcon.colcon_core.package_identification:_identify(src/proy_eq1/proy_eq1_mundo) by extensions ['colcon_pkg']
[2.212s] Level 1:colcon.colcon_core.package_identification:_identify(src/proy_eq1/proy_eq1_mundo) by extension 'colcon_pkg'
[2.212s] Level 1:colcon.colcon_core.package_identification:_identify(src/proy_eq1/proy_eq1_mundo) by extensions ['colcon_meta']
[2.212s] Level 1:colcon.colcon_core.package_identification:_identify(src/proy_eq1/proy_eq1_mundo) by extension 'colcon_meta'
[2.212s] Level 1:colcon.colcon_core.package_identification:_identify(src/proy_eq1/proy_eq1_mundo) by extensions ['ros']
[2.212s] Level 1:colcon.colcon_core.package_identification:_identify(src/proy_eq1/proy_eq1_mundo) by extension 'ros'
[2.214s] DEBUG:colcon.colcon_core.package_identification:Package 'src/proy_eq1/proy_eq1_mundo' with type 'ros.ament_cmake' and name 'proy_eq1_mundo'
[2.214s] Level 1:colcon.colcon_core.package_identification:_identify(src/proy_eq1/proy_eq1_nav2_system) by extensions ['ignore', 'ignore_ament_install']
[2.214s] Level 1:colcon.colcon_core.package_identification:_identify(src/proy_eq1/proy_eq1_nav2_system) by extension 'ignore'
[2.214s] Level 1:colcon.colcon_core.package_identification:_identify(src/proy_eq1/proy_eq1_nav2_system) by extension 'ignore_ament_install'
[2.214s] Level 1:colcon.colcon_core.package_identification:_identify(src/proy_eq1/proy_eq1_nav2_system) by extensions ['colcon_pkg']
[2.214s] Level 1:colcon.colcon_core.package_identification:_identify(src/proy_eq1/proy_eq1_nav2_system) by extension 'colcon_pkg'
[2.214s] Level 1:colcon.colcon_core.package_identification:_identify(src/proy_eq1/proy_eq1_nav2_system) by extensions ['colcon_meta']
[2.214s] Level 1:colcon.colcon_core.package_identification:_identify(src/proy_eq1/proy_eq1_nav2_system) by extension 'colcon_meta'
[2.214s] Level 1:colcon.colcon_core.package_identification:_identify(src/proy_eq1/proy_eq1_nav2_system) by extensions ['ros']
[2.214s] Level 1:colcon.colcon_core.package_identification:_identify(src/proy_eq1/proy_eq1_nav2_system) by extension 'ros'
[2.215s] DEBUG:colcon.colcon_core.package_identification:Package 'src/proy_eq1/proy_eq1_nav2_system' with type 'ros.ament_python' and name 'proy_eq1_nav2_system'
[2.215s] Level 1:colcon.colcon_core.package_identification:_identify(src/proy_eq1/proy_eq1_nav_manual) by extensions ['ignore', 'ignore_ament_install']
[2.215s] Level 1:colcon.colcon_core.package_identification:_identify(src/proy_eq1/proy_eq1_nav_manual) by extension 'ignore'
[2.216s] Level 1:colcon.colcon_core.package_identification:_identify(src/proy_eq1/proy_eq1_nav_manual) by extension 'ignore_ament_install'
[2.216s] Level 1:colcon.colcon_core.package_identification:_identify(src/proy_eq1/proy_eq1_nav_manual) by extensions ['colcon_pkg']
[2.216s] Level 1:colcon.colcon_core.package_identification:_identify(src/proy_eq1/proy_eq1_nav_manual) by extension 'colcon_pkg'
[2.216s] Level 1:colcon.colcon_core.package_identification:_identify(src/proy_eq1/proy_eq1_nav_manual) by extensions ['colcon_meta']
[2.216s] Level 1:colcon.colcon_core.package_identification:_identify(src/proy_eq1/proy_eq1_nav_manual) by extension 'colcon_meta'
[2.216s] Level 1:colcon.colcon_core.package_identification:_identify(src/proy_eq1/proy_eq1_nav_manual) by extensions ['ros']
[2.216s] Level 1:colcon.colcon_core.package_identification:_identify(src/proy_eq1/proy_eq1_nav_manual) by extension 'ros'
[2.217s] DEBUG:colcon.colcon_core.package_identification:Package 'src/proy_eq1/proy_eq1_nav_manual' with type 'ros.ament_python' and name 'proy_eq1_nav_manual'
[2.217s] Level 1:colcon.colcon_core.package_identification:_identify(src/proy_eq1/proy_eq1_provide_map) by extensions ['ignore', 'ignore_ament_install']
[2.218s] Level 1:colcon.colcon_core.package_identification:_identify(src/proy_eq1/proy_eq1_provide_map) by extension 'ignore'
[2.218s] Level 1:colcon.colcon_core.package_identification:_identify(src/proy_eq1/proy_eq1_provide_map) by extension 'ignore_ament_install'
[2.218s] Level 1:colcon.colcon_core.package_identification:_identify(src/proy_eq1/proy_eq1_provide_map) by extensions ['colcon_pkg']
[2.218s] Level 1:colcon.colcon_core.package_identification:_identify(src/proy_eq1/proy_eq1_provide_map) by extension 'colcon_pkg'
[2.218s] Level 1:colcon.colcon_core.package_identification:_identify(src/proy_eq1/proy_eq1_provide_map) by extensions ['colcon_meta']
[2.218s] Level 1:colcon.colcon_core.package_identification:_identify(src/proy_eq1/proy_eq1_provide_map) by extension 'colcon_meta'
[2.218s] Level 1:colcon.colcon_core.package_identification:_identify(src/proy_eq1/proy_eq1_provide_map) by extensions ['ros']
[2.218s] Level 1:colcon.colcon_core.package_identification:_identify(src/proy_eq1/proy_eq1_provide_map) by extension 'ros'
[2.219s] DEBUG:colcon.colcon_core.package_identification:Package 'src/proy_eq1/proy_eq1_provide_map' with type 'ros.ament_python' and name 'proy_eq1_provide_map'
[2.219s] Level 1:colcon.colcon_core.package_identification:_identify(src/proy_eq1/proy_eq1_slam) by extensions ['ignore', 'ignore_ament_install']
[2.219s] Level 1:colcon.colcon_core.package_identification:_identify(src/proy_eq1/proy_eq1_slam) by extension 'ignore'
[2.219s] Level 1:colcon.colcon_core.package_identification:_identify(src/proy_eq1/proy_eq1_slam) by extension 'ignore_ament_install'
[2.219s] Level 1:colcon.colcon_core.package_identification:_identify(src/proy_eq1/proy_eq1_slam) by extensions ['colcon_pkg']
[2.219s] Level 1:colcon.colcon_core.package_identification:_identify(src/proy_eq1/proy_eq1_slam) by extension 'colcon_pkg'
[2.219s] Level 1:colcon.colcon_core.package_identification:_identify(src/proy_eq1/proy_eq1_slam) by extensions ['colcon_meta']
[2.219s] Level 1:colcon.colcon_core.package_identification:_identify(src/proy_eq1/proy_eq1_slam) by extension 'colcon_meta'
[2.219s] Level 1:colcon.colcon_core.package_identification:_identify(src/proy_eq1/proy_eq1_slam) by extensions ['ros']
[2.219s] Level 1:colcon.colcon_core.package_identification:_identify(src/proy_eq1/proy_eq1_slam) by extension 'ros'
[2.221s] DEBUG:colcon.colcon_core.package_identification:Package 'src/proy_eq1/proy_eq1_slam' with type 'ros.ament_python' and name 'proy_eq1_slam'
[2.221s] Level 1:colcon.colcon_core.package_identification:_identify(src/turtlebot3_simulations) by extensions ['ignore', 'ignore_ament_install']
[2.221s] Level 1:colcon.colcon_core.package_identification:_identify(src/turtlebot3_simulations) by extension 'ignore'
[2.221s] Level 1:colcon.colcon_core.package_identification:_identify(src/turtlebot3_simulations) by extension 'ignore_ament_install'
[2.221s] Level 1:colcon.colcon_core.package_identification:_identify(src/turtlebot3_simulations) by extensions ['colcon_pkg']
[2.221s] Level 1:colcon.colcon_core.package_identification:_identify(src/turtlebot3_simulations) by extension 'colcon_pkg'
[2.221s] Level 1:colcon.colcon_core.package_identification:_identify(src/turtlebot3_simulations) by extensions ['colcon_meta']
[2.221s] Level 1:colcon.colcon_core.package_identification:_identify(src/turtlebot3_simulations) by extension 'colcon_meta'
[2.221s] Level 1:colcon.colcon_core.package_identification:_identify(src/turtlebot3_simulations) by extensions ['ros']
[2.221s] Level 1:colcon.colcon_core.package_identification:_identify(src/turtlebot3_simulations) by extension 'ros'
[2.221s] Level 1:colcon.colcon_core.package_identification:_identify(src/turtlebot3_simulations) by extensions ['cmake', 'python']
[2.221s] Level 1:colcon.colcon_core.package_identification:_identify(src/turtlebot3_simulations) by extension 'cmake'
[2.221s] Level 1:colcon.colcon_core.package_identification:_identify(src/turtlebot3_simulations) by extension 'python'
[2.221s] Level 1:colcon.colcon_core.package_identification:_identify(src/turtlebot3_simulations) by extensions ['python_setup_py']
[2.221s] Level 1:colcon.colcon_core.package_identification:_identify(src/turtlebot3_simulations) by extension 'python_setup_py'
[2.222s] Level 1:colcon.colcon_core.package_identification:_identify(src/turtlebot3_simulations/turtlebot3_fake_node) by extensions ['ignore', 'ignore_ament_install']
[2.222s] Level 1:colcon.colcon_core.package_identification:_identify(src/turtlebot3_simulations/turtlebot3_fake_node) by extension 'ignore'
[2.222s] Level 1:colcon.colcon_core.package_identification:_identify(src/turtlebot3_simulations/turtlebot3_fake_node) by extension 'ignore_ament_install'
[2.222s] Level 1:colcon.colcon_core.package_identification:_identify(src/turtlebot3_simulations/turtlebot3_fake_node) by extensions ['colcon_pkg']
[2.222s] Level 1:colcon.colcon_core.package_identification:_identify(src/turtlebot3_simulations/turtlebot3_fake_node) by extension 'colcon_pkg'
[2.222s] Level 1:colcon.colcon_core.package_identification:_identify(src/turtlebot3_simulations/turtlebot3_fake_node) by extensions ['colcon_meta']
[2.222s] Level 1:colcon.colcon_core.package_identification:_identify(src/turtlebot3_simulations/turtlebot3_fake_node) by extension 'colcon_meta'
[2.222s] Level 1:colcon.colcon_core.package_identification:_identify(src/turtlebot3_simulations/turtlebot3_fake_node) by extensions ['ros']
[2.222s] Level 1:colcon.colcon_core.package_identification:_identify(src/turtlebot3_simulations/turtlebot3_fake_node) by extension 'ros'
[2.223s] DEBUG:colcon.colcon_core.package_identification:Package 'src/turtlebot3_simulations/turtlebot3_fake_node' with type 'ros.ament_cmake' and name 'turtlebot3_fake_node'
[2.223s] Level 1:colcon.colcon_core.package_identification:_identify(src/turtlebot3_simulations/turtlebot3_gazebo) by extensions ['ignore', 'ignore_ament_install']
[2.223s] Level 1:colcon.colcon_core.package_identification:_identify(src/turtlebot3_simulations/turtlebot3_gazebo) by extension 'ignore'
[2.223s] Level 1:colcon.colcon_core.package_identification:_identify(src/turtlebot3_simulations/turtlebot3_gazebo) by extension 'ignore_ament_install'
[2.223s] Level 1:colcon.colcon_core.package_identification:_identify(src/turtlebot3_simulations/turtlebot3_gazebo) by extensions ['colcon_pkg']
[2.223s] Level 1:colcon.colcon_core.package_identification:_identify(src/turtlebot3_simulations/turtlebot3_gazebo) by extension 'colcon_pkg'
[2.223s] Level 1:colcon.colcon_core.package_identification:_identify(src/turtlebot3_simulations/turtlebot3_gazebo) by extensions ['colcon_meta']
[2.223s] Level 1:colcon.colcon_core.package_identification:_identify(src/turtlebot3_simulations/turtlebot3_gazebo) by extension 'colcon_meta'
[2.223s] Level 1:colcon.colcon_core.package_identification:_identify(src/turtlebot3_simulations/turtlebot3_gazebo) by extensions ['ros']
[2.224s] Level 1:colcon.colcon_core.package_identification:_identify(src/turtlebot3_simulations/turtlebot3_gazebo) by extension 'ros'
[2.224s] DEBUG:colcon.colcon_core.package_identification:Package 'src/turtlebot3_simulations/turtlebot3_gazebo' with type 'ros.ament_cmake' and name 'turtlebot3_gazebo'
[2.225s] Level 1:colcon.colcon_core.package_identification:_identify(src/turtlebot3_simulations/turtlebot3_simulations) by extensions ['ignore', 'ignore_ament_install']
[2.225s] Level 1:colcon.colcon_core.package_identification:_identify(src/turtlebot3_simulations/turtlebot3_simulations) by extension 'ignore'
[2.225s] Level 1:colcon.colcon_core.package_identification:_identify(src/turtlebot3_simulations/turtlebot3_simulations) by extension 'ignore_ament_install'
[2.225s] Level 1:colcon.colcon_core.package_identification:_identify(src/turtlebot3_simulations/turtlebot3_simulations) by extensions ['colcon_pkg']
[2.225s] Level 1:colcon.colcon_core.package_identification:_identify(src/turtlebot3_simulations/turtlebot3_simulations) by extension 'colcon_pkg'
[2.225s] Level 1:colcon.colcon_core.package_identification:_identify(src/turtlebot3_simulations/turtlebot3_simulations) by extensions ['colcon_meta']
[2.225s] Level 1:colcon.colcon_core.package_identification:_identify(src/turtlebot3_simulations/turtlebot3_simulations) by extension 'colcon_meta'
[2.225s] Level 1:colcon.colcon_core.package_identification:_identify(src/turtlebot3_simulations/turtlebot3_simulations) by extensions ['ros']
[2.225s] Level 1:colcon.colcon_core.package_identification:_identify(src/turtlebot3_simulations/turtlebot3_simulations) by extension 'ros'
[2.225s] DEBUG:colcon.colcon_core.package_identification:Package 'src/turtlebot3_simulations/turtlebot3_simulations' with type 'ros.ament_cmake' and name 'turtlebot3_simulations'
[2.225s] Level 1:colcon.colcon_core.package_discovery:discover_packages(recursive) using defaults
[2.226s] Level 1:colcon.colcon_core.package_discovery:discover_packages(ignore) discover
[2.226s] Level 1:colcon.colcon_core.package_discovery:discover_packages(ignore) using defaults
[2.226s] Level 1:colcon.colcon_core.package_discovery:discover_packages(path) discover
[2.226s] Level 1:colcon.colcon_core.package_discovery:discover_packages(path) using defaults
[2.383s] INFO:colcon.colcon_core.package_selection:Skipping not selected package 'proy_eq1_custom_interface' in 'src/proy_eq1/proy_eq1_custom_interface'
[2.383s] INFO:colcon.colcon_core.package_selection:Skipping not selected package 'proy_eq1_nav_manual' in 'src/proy_eq1/proy_eq1_nav_manual'
[2.383s] INFO:colcon.colcon_core.package_selection:Skipping not selected package 'proy_eq1_provide_map' in 'src/proy_eq1/proy_eq1_provide_map'
[2.383s] INFO:colcon.colcon_core.package_selection:Skipping not selected package 'proy_eq1_slam' in 'src/proy_eq1/proy_eq1_slam'
[2.383s] INFO:colcon.colcon_core.package_selection:Skipping not selected package 'turtlebot3_fake_node' in 'src/turtlebot3_simulations/turtlebot3_fake_node'
[2.383s] INFO:colcon.colcon_core.package_selection:Skipping not selected package 'turtlebot3_gazebo' in 'src/turtlebot3_simulations/turtlebot3_gazebo'
[2.383s] INFO:colcon.colcon_core.package_selection:Skipping not selected package 'proy_eq1' in 'src/proy_eq1/proy_eq1'
[2.383s] INFO:colcon.colcon_core.package_selection:Skipping not selected package 'proy_eq1_mundo' in 'src/proy_eq1/proy_eq1_mundo'
[2.383s] INFO:colcon.colcon_core.package_selection:Skipping not selected package 'turtlebot3_simulations' in 'src/turtlebot3_simulations/turtlebot3_simulations'
[2.453s] Level 1:colcon.colcon_core.package_discovery:discover_packages(prefix_path) check parameters
[2.453s] Level 1:colcon.colcon_core.package_discovery:discover_packages(prefix_path) discover
[2.540s] DEBUG:colcon.colcon_installed_package_information.package_discovery:Found 19 installed packages in /home/vboxuser/turtlebot3_ws/install
[2.576s] DEBUG:colcon.colcon_installed_package_information.package_discovery:Found 336 installed packages in /opt/ros/galactic
[2.577s] Level 1:colcon.colcon_core.package_discovery:discover_packages(prefix_path) using defaults
[2.813s] Level 5:colcon.colcon_core.verb:set package 'proy_eq1_nav2_system' build argument 'cmake_args' from command line to 'None'
[2.813s] Level 5:colcon.colcon_core.verb:set package 'proy_eq1_nav2_system' build argument 'cmake_target' from command line to 'None'
[2.813s] Level 5:colcon.colcon_core.verb:set package 'proy_eq1_nav2_system' build argument 'cmake_target_skip_unavailable' from command line to 'False'
[2.813s] Level 5:colcon.colcon_core.verb:set package 'proy_eq1_nav2_system' build argument 'cmake_clean_cache' from command line to 'False'
[2.813s] Level 5:colcon.colcon_core.verb:set package 'proy_eq1_nav2_system' build argument 'cmake_clean_first' from command line to 'False'
[2.813s] Level 5:colcon.colcon_core.verb:set package 'proy_eq1_nav2_system' build argument 'cmake_force_configure' from command line to 'False'
[2.813s] Level 5:colcon.colcon_core.verb:set package 'proy_eq1_nav2_system' build argument 'ament_cmake_args' from command line to 'None'
[2.813s] Level 5:colcon.colcon_core.verb:set package 'proy_eq1_nav2_system' build argument 'catkin_cmake_args' from command line to 'None'
[2.813s] Level 5:colcon.colcon_core.verb:set package 'proy_eq1_nav2_system' build argument 'catkin_skip_building_tests' from command line to 'False'
[2.813s] DEBUG:colcon.colcon_core.verb:Building package 'proy_eq1_nav2_system' with the following arguments: {'ament_cmake_args': None, 'build_base': '/home/vboxuser/turtlebot3_ws/build/proy_eq1_nav2_system', 'catkin_cmake_args': None, 'catkin_skip_building_tests': False, 'cmake_args': None, 'cmake_clean_cache': False, 'cmake_clean_first': False, 'cmake_force_configure': False, 'cmake_target': None, 'cmake_target_skip_unavailable': False, 'install_base': '/home/vboxuser/turtlebot3_ws/install/proy_eq1_nav2_system', 'merge_install': False, 'path': '/home/vboxuser/turtlebot3_ws/src/proy_eq1/proy_eq1_nav2_system', 'symlink_install': False, 'test_result_base': None}
[2.846s] INFO:colcon.colcon_core.executor:Executing jobs using 'parallel' executor
[2.881s] DEBUG:colcon.colcon_parallel_executor.executor.parallel:run_until_complete
[2.881s] INFO:colcon.colcon_ros.task.ament_python.build:Building ROS package in '/home/vboxuser/turtlebot3_ws/src/proy_eq1/proy_eq1_nav2_system' with build type 'ament_python'
[2.881s] Level 1:colcon.colcon_core.shell:create_environment_hook('proy_eq1_nav2_system', 'ament_prefix_path')
[2.957s] INFO:colcon.colcon_core.plugin_system:Skipping extension 'colcon_core.shell.bat': Not used on non-Windows systems
[2.957s] INFO:colcon.colcon_core.shell:Creating environment hook '/home/vboxuser/turtlebot3_ws/install/proy_eq1_nav2_system/share/proy_eq1_nav2_system/hook/ament_prefix_path.ps1'
[2.959s] INFO:colcon.colcon_core.shell:Creating environment descriptor '/home/vboxuser/turtlebot3_ws/install/proy_eq1_nav2_system/share/proy_eq1_nav2_system/hook/ament_prefix_path.dsv'
[2.959s] INFO:colcon.colcon_core.shell:Creating environment hook '/home/vboxuser/turtlebot3_ws/install/proy_eq1_nav2_system/share/proy_eq1_nav2_system/hook/ament_prefix_path.sh'
[3.005s] INFO:colcon.colcon_core.shell:Skip shell extension 'powershell' for command environment: Not usable outside of PowerShell
[3.005s] DEBUG:colcon.colcon_core.shell:Skip shell extension 'dsv' for command environment
[3.437s] INFO:colcon.colcon_core.task.python.build:Building Python package in '/home/vboxuser/turtlebot3_ws/src/proy_eq1/proy_eq1_nav2_system'
[3.480s] INFO:colcon.colcon_core.shell:Skip shell extension 'powershell' for command environment: Not usable outside of PowerShell
[3.480s] DEBUG:colcon.colcon_core.shell:Skip shell extension 'dsv' for command environment
[4.186s] DEBUG:colcon.colcon_core.event_handler.log_command:Invoking command in '/home/vboxuser/turtlebot3_ws/src/proy_eq1/proy_eq1_nav2_system': PYTHONPATH=/home/vboxuser/turtlebot3_ws/build/proy_eq1_nav2_system/prefix_override:/home/vboxuser/turtlebot3_ws/install/proy_eq1_nav2_system/lib/python3.8/site-packages:${PYTHONPATH} /usr/bin/python3 setup.py egg_info --egg-base ../../../build/proy_eq1_nav2_system build --build-base /home/vboxuser/turtlebot3_ws/build/proy_eq1_nav2_system/build install --record /home/vboxuser/turtlebot3_ws/build/proy_eq1_nav2_system/install.log --single-version-externally-managed
[4.557s] DEBUG:colcon.colcon_core.event_handler.log_command:Invoked command in '/home/vboxuser/turtlebot3_ws/src/proy_eq1/proy_eq1_nav2_system' returned '0': PYTHONPATH=/home/vboxuser/turtlebot3_ws/build/proy_eq1_nav2_system/prefix_override:/home/vboxuser/turtlebot3_ws/install/proy_eq1_nav2_system/lib/python3.8/site-packages:${PYTHONPATH} /usr/bin/python3 setup.py egg_info --egg-base ../../../build/proy_eq1_nav2_system build --build-base /home/vboxuser/turtlebot3_ws/build/proy_eq1_nav2_system/build install --record /home/vboxuser/turtlebot3_ws/build/proy_eq1_nav2_system/install.log --single-version-externally-managed
[4.611s] Level 1:colcon.colcon_core.environment:checking '/home/vboxuser/turtlebot3_ws/install/proy_eq1_nav2_system' for CMake module files
[4.611s] Level 1:colcon.colcon_core.environment:checking '/home/vboxuser/turtlebot3_ws/install/proy_eq1_nav2_system' for CMake config files
[4.612s] Level 1:colcon.colcon_core.environment:checking '/home/vboxuser/turtlebot3_ws/install/proy_eq1_nav2_system/lib'
[4.612s] Level 1:colcon.colcon_core.environment:checking '/home/vboxuser/turtlebot3_ws/install/proy_eq1_nav2_system/bin'
[4.612s] Level 1:colcon.colcon_core.environment:checking '/home/vboxuser/turtlebot3_ws/install/proy_eq1_nav2_system/lib/pkgconfig/proy_eq1_nav2_system.pc'
[4.612s] Level 1:colcon.colcon_core.environment:checking '/home/vboxuser/turtlebot3_ws/install/proy_eq1_nav2_system/lib/python3.8/site-packages'
[4.612s] Level 1:colcon.colcon_core.shell:create_environment_hook('proy_eq1_nav2_system', 'pythonpath')
[4.646s] INFO:colcon.colcon_core.shell:Creating environment hook '/home/vboxuser/turtlebot3_ws/install/proy_eq1_nav2_system/share/proy_eq1_nav2_system/hook/pythonpath.ps1'
[4.648s] INFO:colcon.colcon_core.shell:Creating environment descriptor '/home/vboxuser/turtlebot3_ws/install/proy_eq1_nav2_system/share/proy_eq1_nav2_system/hook/pythonpath.dsv'
[4.648s] INFO:colcon.colcon_core.shell:Creating environment hook '/home/vboxuser/turtlebot3_ws/install/proy_eq1_nav2_system/share/proy_eq1_nav2_system/hook/pythonpath.sh'
[4.649s] Level 1:colcon.colcon_core.environment:checking '/home/vboxuser/turtlebot3_ws/install/proy_eq1_nav2_system/bin'
[4.649s] Level 1:colcon.colcon_core.environment:create_environment_scripts_only(proy_eq1_nav2_system)
[4.683s] INFO:colcon.colcon_core.shell:Creating package script '/home/vboxuser/turtlebot3_ws/install/proy_eq1_nav2_system/share/proy_eq1_nav2_system/package.ps1'
[4.684s] INFO:colcon.colcon_core.shell:Creating package descriptor '/home/vboxuser/turtlebot3_ws/install/proy_eq1_nav2_system/share/proy_eq1_nav2_system/package.dsv'
[4.685s] INFO:colcon.colcon_core.shell:Creating package script '/home/vboxuser/turtlebot3_ws/install/proy_eq1_nav2_system/share/proy_eq1_nav2_system/package.sh'
[4.686s] INFO:colcon.colcon_core.shell:Creating package script '/home/vboxuser/turtlebot3_ws/install/proy_eq1_nav2_system/share/proy_eq1_nav2_system/package.bash'
[4.688s] INFO:colcon.colcon_core.shell:Creating package script '/home/vboxuser/turtlebot3_ws/install/proy_eq1_nav2_system/share/proy_eq1_nav2_system/package.zsh'
[4.689s] Level 1:colcon.colcon_core.environment:create_file_with_runtime_dependencies(/home/vboxuser/turtlebot3_ws/install/proy_eq1_nav2_system/share/colcon-core/packages/proy_eq1_nav2_system)
[4.690s] DEBUG:colcon.colcon_parallel_executor.executor.parallel:closing loop
[4.690s] DEBUG:colcon.colcon_parallel_executor.executor.parallel:loop closed
[4.690s] DEBUG:colcon.colcon_parallel_executor.executor.parallel:run_until_complete finished with '0'
[4.691s] DEBUG:colcon.colcon_core.event_reactor:joining thread
[4.770s] INFO:colcon.colcon_core.plugin_system:Skipping extension 'colcon_notification.desktop_notification.terminal_notifier': Not used on non-Darwin systems
[4.770s] INFO:colcon.colcon_core.plugin_system:Skipping extension 'colcon_notification.desktop_notification.win32': Not used on non-Windows systems
[4.770s] INFO:colcon.colcon_notification.desktop_notification:Sending desktop notification using 'notify2'
[4.793s] DEBUG:colcon.colcon_core.event_reactor:joined thread
[4.850s] INFO:colcon.colcon_core.shell:Creating prefix script '/home/vboxuser/turtlebot3_ws/install/local_setup.ps1'
[4.854s] INFO:colcon.colcon_core.shell:Creating prefix util module '/home/vboxuser/turtlebot3_ws/install/_local_setup_util_ps1.py'
[4.856s] INFO:colcon.colcon_core.shell:Creating prefix chain script '/home/vboxuser/turtlebot3_ws/install/setup.ps1'
[4.905s] INFO:colcon.colcon_core.shell:Creating prefix script '/home/vboxuser/turtlebot3_ws/install/local_setup.sh'
[4.906s] INFO:colcon.colcon_core.shell:Creating prefix util module '/home/vboxuser/turtlebot3_ws/install/_local_setup_util_sh.py'
[4.907s] INFO:colcon.colcon_core.shell:Creating prefix chain script '/home/vboxuser/turtlebot3_ws/install/setup.sh'
[4.949s] INFO:colcon.colcon_core.shell:Creating prefix script '/home/vboxuser/turtlebot3_ws/install/local_setup.bash'
[4.951s] INFO:colcon.colcon_core.shell:Creating prefix chain script '/home/vboxuser/turtlebot3_ws/install/setup.bash'
[5.002s] INFO:colcon.colcon_core.shell:Creating prefix script '/home/vboxuser/turtlebot3_ws/install/local_setup.zsh'
[5.003s] INFO:colcon.colcon_core.shell:Creating prefix chain script '/home/vboxuser/turtlebot3_ws/install/setup.zsh'
