[0.919s] Invoking command in '/home/vboxuser/turtlebot3_ws/src/proy_eq1/proy_eq1_nav2_system': PYTHONPATH=/home/vboxuser/turtlebot3_ws/build/proy_eq1_nav2_system/prefix_override:/home/vboxuser/turtlebot3_ws/install/proy_eq1_nav2_system/lib/python3.8/site-packages:${PYTHONPATH} /usr/bin/python3 setup.py egg_info --egg-base ../../../build/proy_eq1_nav2_system build --build-base /home/vboxuser/turtlebot3_ws/build/proy_eq1_nav2_system/build install --record /home/vboxuser/turtlebot3_ws/build/proy_eq1_nav2_system/install.log --single-version-externally-managed
[1.127s] running egg_info
[1.127s] writing ../../../build/proy_eq1_nav2_system/proy_eq1_nav2_system.egg-info/PKG-INFO
[1.128s] writing dependency_links to ../../../build/proy_eq1_nav2_system/proy_eq1_nav2_system.egg-info/dependency_links.txt
[1.128s] writing entry points to ../../../build/proy_eq1_nav2_system/proy_eq1_nav2_system.egg-info/entry_points.txt
[1.128s] writing requirements to ../../../build/proy_eq1_nav2_system/proy_eq1_nav2_system.egg-info/requires.txt
[1.129s] writing top-level names to ../../../build/proy_eq1_nav2_system/proy_eq1_nav2_system.egg-info/top_level.txt
[1.159s] reading manifest file '../../../build/proy_eq1_nav2_system/proy_eq1_nav2_system.egg-info/SOURCES.txt'
[1.160s] writing manifest file '../../../build/proy_eq1_nav2_system/proy_eq1_nav2_system.egg-info/SOURCES.txt'
[1.160s] running build
[1.160s] running build_py
[1.161s] running install
[1.162s] running install_lib
[1.163s] running install_data
[1.164s] running install_egg_info
[1.166s] removing '/home/vboxuser/turtlebot3_ws/install/proy_eq1_nav2_system/lib/python3.8/site-packages/proy_eq1_nav2_system-0.0.0-py3.8.egg-info' (and everything under it)
[1.166s] Copying ../../../build/proy_eq1_nav2_system/proy_eq1_nav2_system.egg-info to /home/vboxuser/turtlebot3_ws/install/proy_eq1_nav2_system/lib/python3.8/site-packages/proy_eq1_nav2_system-0.0.0-py3.8.egg-info
[1.167s] running install_scripts
[1.181s] Installing initial_pose_pub script to /home/vboxuser/turtlebot3_ws/install/proy_eq1_nav2_system/lib/proy_eq1_nav2_system
[1.182s] writing list of installed files to '/home/vboxuser/turtlebot3_ws/build/proy_eq1_nav2_system/install.log'
[1.196s] Invoked command in '/home/vboxuser/turtlebot3_ws/src/proy_eq1/proy_eq1_nav2_system' returned '0': PYTHONPATH=/home/vboxuser/turtlebot3_ws/build/proy_eq1_nav2_system/prefix_override:/home/vboxuser/turtlebot3_ws/install/proy_eq1_nav2_system/lib/python3.8/site-packages:${PYTHONPATH} /usr/bin/python3 setup.py egg_info --egg-base ../../../build/proy_eq1_nav2_system build --build-base /home/vboxuser/turtlebot3_ws/build/proy_eq1_nav2_system/build install --record /home/vboxuser/turtlebot3_ws/build/proy_eq1_nav2_system/install.log --single-version-externally-managed
