[1.458s] Invoking command in '/home/vboxuser/turtlebot3_ws/src/my_first_publisher': PYTHONPATH=/home/vboxuser/turtlebot3_ws/build/my_first_publisher/prefix_override:/home/vboxuser/turtlebot3_ws/install/my_first_publisher/lib/python3.8/site-packages:${PYTHONPATH} /usr/bin/python3 setup.py egg_info --egg-base ../../build/my_first_publisher build --build-base /home/vboxuser/turtlebot3_ws/build/my_first_publisher/build install --record /home/vboxuser/turtlebot3_ws/build/my_first_publisher/install.log --single-version-externally-managed
[1.798s] running egg_info
[1.800s] writing ../../build/my_first_publisher/my_first_publisher.egg-info/PKG-INFO
[1.801s] writing dependency_links to ../../build/my_first_publisher/my_first_publisher.egg-info/dependency_links.txt
[1.802s] writing entry points to ../../build/my_first_publisher/my_first_publisher.egg-info/entry_points.txt
[1.803s] writing requirements to ../../build/my_first_publisher/my_first_publisher.egg-info/requires.txt
[1.804s] writing top-level names to ../../build/my_first_publisher/my_first_publisher.egg-info/top_level.txt
[1.853s] reading manifest file '../../build/my_first_publisher/my_first_publisher.egg-info/SOURCES.txt'
[1.854s] writing manifest file '../../build/my_first_publisher/my_first_publisher.egg-info/SOURCES.txt'
[1.855s] running build
[1.855s] running build_py
[1.856s] copying my_first_publisher/simple_publisher.py -> /home/vboxuser/turtlebot3_ws/build/my_first_publisher/build/lib/my_first_publisher
[1.858s] running install
[1.859s] running install_lib
[1.861s] copying /home/vboxuser/turtlebot3_ws/build/my_first_publisher/build/lib/my_first_publisher/simple_publisher.py -> /home/vboxuser/turtlebot3_ws/install/my_first_publisher/lib/python3.8/site-packages/my_first_publisher
[1.863s] byte-compiling /home/vboxuser/turtlebot3_ws/install/my_first_publisher/lib/python3.8/site-packages/my_first_publisher/simple_publisher.py to simple_publisher.cpython-38.pyc
[1.867s] running install_data
[1.868s] running install_egg_info
[1.870s] removing '/home/vboxuser/turtlebot3_ws/install/my_first_publisher/lib/python3.8/site-packages/my_first_publisher-0.0.0-py3.8.egg-info' (and everything under it)
[1.890s] Copying ../../build/my_first_publisher/my_first_publisher.egg-info to /home/vboxuser/turtlebot3_ws/install/my_first_publisher/lib/python3.8/site-packages/my_first_publisher-0.0.0-py3.8.egg-info
[1.898s] running install_scripts
[1.922s] Installing simple_publisher script to /home/vboxuser/turtlebot3_ws/install/my_first_publisher/lib/my_first_publisher
[1.923s] writing list of installed files to '/home/vboxuser/turtlebot3_ws/build/my_first_publisher/install.log'
[1.950s] Invoked command in '/home/vboxuser/turtlebot3_ws/src/my_first_publisher' returned '0': PYTHONPATH=/home/vboxuser/turtlebot3_ws/build/my_first_publisher/prefix_override:/home/vboxuser/turtlebot3_ws/install/my_first_publisher/lib/python3.8/site-packages:${PYTHONPATH} /usr/bin/python3 setup.py egg_info --egg-base ../../build/my_first_publisher build --build-base /home/vboxuser/turtlebot3_ws/build/my_first_publisher/build install --record /home/vboxuser/turtlebot3_ws/build/my_first_publisher/install.log --single-version-externally-managed
