[0.000000] (-) TimerEvent: {}
[0.000472] (-) JobUnselected: {'identifier': 'custom_interface'}
[0.000492] (-) JobUnselected: {'identifier': 'custom_interface'}
[0.000503] (-) JobUnselected: {'identifier': 'movimiento_manual_service'}
[0.000512] (-) JobUnselected: {'identifier': 'my_first_action'}
[0.000522] (-) JobUnselected: {'identifier': 'my_first_node'}
[0.000530] (-) JobUnselected: {'identifier': 'my_first_publisher'}
[0.000539] (-) JobUnselected: {'identifier': 'my_first_subscriber'}
[0.000548] (-) JobUnselected: {'identifier': 'my_world'}
[0.000556] (-) JobUnselected: {'identifier': 'proy_asun'}
[0.000564] (-) JobUnselected: {'identifier': 'proy_eq1_nav_manual'}
[0.000572] (-) JobUnselected: {'identifier': 'show_msg'}
[0.000581] (-) JobUnselected: {'identifier': 'turtlebot3_fake_node'}
[0.000590] (-) JobUnselected: {'identifier': 'turtlebot3_gazebo'}
[0.000598] (-) JobUnselected: {'identifier': 'turtlebot3_simulations'}
[0.000609] (proy_eq1) JobQueued: {'identifier': 'proy_eq1', 'dependencies': OrderedDict([('custom_interface', '/home/vboxuser/turtlebot3_ws/install/custom_interface'), ('proy_eq1_nav_manual', '/home/vboxuser/turtlebot3_ws/install/proy_eq1_nav_manual')])}
[0.000624] (proy_eq1) JobStarted: {'identifier': 'proy_eq1'}
[0.101255] (-) TimerEvent: {}
[0.202729] (-) TimerEvent: {}
[0.203645] (proy_eq1) JobEnded: {'identifier': 'proy_eq1', 'rc': 1}
[0.214214] (-) EventReactorShutdown: {}
