[100%] Built target turtlebot3_drive
-- Install configuration: ""
-- Up-to-date: /home/vboxuser/turtlebot3_ws/install/my_world/lib/my_world/turtlebot3_drive
-- Up-to-date: /home/vboxuser/turtlebot3_ws/install/my_world/share/my_world//launch
-- Up-to-date: /home/vboxuser/turtlebot3_ws/install/my_world/share/my_world//launch/turtlebot3_my_world.launch.py
-- Up-to-date: /home/vboxuser/turtlebot3_ws/install/my_world/share/my_world//launch/log
-- Up-to-date: /home/vboxuser/turtlebot3_ws/install/my_world/share/my_world//launch/log/COLCON_IGNORE
-- Up-to-date: /home/vboxuser/turtlebot3_ws/install/my_world/share/my_world//launch/log/build_2024-03-26_11-47-26
-- Up-to-date: /home/vboxuser/turtlebot3_ws/install/my_world/share/my_world//launch/log/build_2024-03-26_11-47-26/logger_all.log
-- Up-to-date: /home/vboxuser/turtlebot3_ws/install/my_world/share/my_world//launch/log/build_2024-03-26_11-47-26/events.log
-- Up-to-date: /home/vboxuser/turtlebot3_ws/install/my_world/share/my_world//launch/log/latest
-- Up-to-date: /home/vboxuser/turtlebot3_ws/install/my_world/share/my_world//launch/log/latest_build
-- Up-to-date: /home/vboxuser/turtlebot3_ws/install/my_world/share/my_world//launch/install
-- Up-to-date: /home/vboxuser/turtlebot3_ws/install/my_world/share/my_world//launch/install/setup.sh
-- Up-to-date: /home/vboxuser/turtlebot3_ws/install/my_world/share/my_world//launch/install/local_setup.ps1
-- Up-to-date: /home/vboxuser/turtlebot3_ws/install/my_world/share/my_world//launch/install/setup.zsh
-- Up-to-date: /home/vboxuser/turtlebot3_ws/install/my_world/share/my_world//launch/install/local_setup.sh
-- Up-to-date: /home/vboxuser/turtlebot3_ws/install/my_world/share/my_world//launch/install/COLCON_IGNORE
-- Up-to-date: /home/vboxuser/turtlebot3_ws/install/my_world/share/my_world//launch/install/local_setup.zsh
-- Up-to-date: /home/vboxuser/turtlebot3_ws/install/my_world/share/my_world//launch/install/.colcon_install_layout
-- Up-to-date: /home/vboxuser/turtlebot3_ws/install/my_world/share/my_world//launch/install/_local_setup_util_sh.py
-- Up-to-date: /home/vboxuser/turtlebot3_ws/install/my_world/share/my_world//launch/install/_local_setup_util_ps1.py
-- Up-to-date: /home/vboxuser/turtlebot3_ws/install/my_world/share/my_world//launch/install/setup.ps1
-- Up-to-date: /home/vboxuser/turtlebot3_ws/install/my_world/share/my_world//launch/install/local_setup.bash
-- Up-to-date: /home/vboxuser/turtlebot3_ws/install/my_world/share/my_world//launch/install/setup.bash
-- Up-to-date: /home/vboxuser/turtlebot3_ws/install/my_world/share/my_world//launch/build
-- Up-to-date: /home/vboxuser/turtlebot3_ws/install/my_world/share/my_world//launch/build/.built_by
-- Up-to-date: /home/vboxuser/turtlebot3_ws/install/my_world/share/my_world//launch/build/COLCON_IGNORE
-- Up-to-date: /home/vboxuser/turtlebot3_ws/install/my_world/share/my_world//models
-- Up-to-date: /home/vboxuser/turtlebot3_ws/install/my_world/share/my_world//models/my_world
-- Up-to-date: /home/vboxuser/turtlebot3_ws/install/my_world/share/my_world//models/my_world/model.config
-- Up-to-date: /home/vboxuser/turtlebot3_ws/install/my_world/share/my_world//models/my_world/model.sdf
-- Up-to-date: /home/vboxuser/turtlebot3_ws/install/my_world/share/my_world//models/turtlebot3_burger
-- Up-to-date: /home/vboxuser/turtlebot3_ws/install/my_world/share/my_world//models/turtlebot3_burger/meshes
-- Up-to-date: /home/vboxuser/turtlebot3_ws/install/my_world/share/my_world//models/turtlebot3_burger/meshes/tire.dae
-- Up-to-date: /home/vboxuser/turtlebot3_ws/install/my_world/share/my_world//models/turtlebot3_burger/meshes/burger_base.dae
-- Up-to-date: /home/vboxuser/turtlebot3_ws/install/my_world/share/my_world//models/turtlebot3_burger/meshes/lds.dae
-- Up-to-date: /home/vboxuser/turtlebot3_ws/install/my_world/share/my_world//models/turtlebot3_burger/model-1_4.sdf
-- Up-to-date: /home/vboxuser/turtlebot3_ws/install/my_world/share/my_world//models/turtlebot3_burger/model.config
-- Up-to-date: /home/vboxuser/turtlebot3_ws/install/my_world/share/my_world//models/turtlebot3_burger/model.sdf
-- Up-to-date: /home/vboxuser/turtlebot3_ws/install/my_world/share/my_world//world
-- Up-to-date: /home/vboxuser/turtlebot3_ws/install/my_world/share/my_world//world/burguer.model
-- Up-to-date: /home/vboxuser/turtlebot3_ws/install/my_world/share/my_world//urdf
-- Up-to-date: /home/vboxuser/turtlebot3_ws/install/my_world/share/my_world//urdf/turtlebot3_burger.urdf
-- Up-to-date: /home/vboxuser/turtlebot3_ws/install/my_world/share/my_world//urdf/turtlebot3_burger_pi.urdf
-- Up-to-date: /home/vboxuser/turtlebot3_ws/install/my_world/include/
-- Up-to-date: /home/vboxuser/turtlebot3_ws/install/my_world/include//my_world
-- Up-to-date: /home/vboxuser/turtlebot3_ws/install/my_world/share/ament_index/resource_index/package_run_dependencies/my_world
-- Up-to-date: /home/vboxuser/turtlebot3_ws/install/my_world/share/ament_index/resource_index/parent_prefix_path/my_world
-- Up-to-date: /home/vboxuser/turtlebot3_ws/install/my_world/share/my_world/environment/ament_prefix_path.sh
-- Up-to-date: /home/vboxuser/turtlebot3_ws/install/my_world/share/my_world/environment/ament_prefix_path.dsv
-- Up-to-date: /home/vboxuser/turtlebot3_ws/install/my_world/share/my_world/environment/path.sh
-- Up-to-date: /home/vboxuser/turtlebot3_ws/install/my_world/share/my_world/environment/path.dsv
-- Up-to-date: /home/vboxuser/turtlebot3_ws/install/my_world/share/my_world/local_setup.bash
-- Up-to-date: /home/vboxuser/turtlebot3_ws/install/my_world/share/my_world/local_setup.sh
-- Up-to-date: /home/vboxuser/turtlebot3_ws/install/my_world/share/my_world/local_setup.zsh
-- Up-to-date: /home/vboxuser/turtlebot3_ws/install/my_world/share/my_world/local_setup.dsv
-- Installing: /home/vboxuser/turtlebot3_ws/install/my_world/share/my_world/package.dsv
-- Up-to-date: /home/vboxuser/turtlebot3_ws/install/my_world/share/ament_index/resource_index/packages/my_world
-- Up-to-date: /home/vboxuser/turtlebot3_ws/install/my_world/share/my_world/cmake/ament_cmake_export_include_directories-extras.cmake
-- Up-to-date: /home/vboxuser/turtlebot3_ws/install/my_world/share/my_world/cmake/ament_cmake_export_dependencies-extras.cmake
-- Up-to-date: /home/vboxuser/turtlebot3_ws/install/my_world/share/my_world/cmake/my_worldConfig.cmake
-- Up-to-date: /home/vboxuser/turtlebot3_ws/install/my_world/share/my_world/cmake/my_worldConfig-version.cmake
-- Up-to-date: /home/vboxuser/turtlebot3_ws/install/my_world/share/my_world/package.xml
