[1.659s] Invoking command in '/home/vboxuser/turtlebot3_ws/src/my_first_node': PYTHONPATH=/home/vboxuser/turtlebot3_ws/build/my_first_node/prefix_override:/home/vboxuser/turtlebot3_ws/install/my_first_node/lib/python3.8/site-packages:${PYTHONPATH} /usr/bin/python3 setup.py egg_info --egg-base ../../build/my_first_node build --build-base /home/vboxuser/turtlebot3_ws/build/my_first_node/build install --record /home/vboxuser/turtlebot3_ws/build/my_first_node/install.log --single-version-externally-managed
[1.881s] running egg_info
[1.882s] writing ../../build/my_first_node/my_first_node.egg-info/PKG-INFO
[1.882s] writing dependency_links to ../../build/my_first_node/my_first_node.egg-info/dependency_links.txt
[1.889s] writing entry points to ../../build/my_first_node/my_first_node.egg-info/entry_points.txt
[1.893s] writing requirements to ../../build/my_first_node/my_first_node.egg-info/requires.txt
[1.902s] writing top-level names to ../../build/my_first_node/my_first_node.egg-info/top_level.txt
[1.939s] reading manifest file '../../build/my_first_node/my_first_node.egg-info/SOURCES.txt'
[1.949s] writing manifest file '../../build/my_first_node/my_first_node.egg-info/SOURCES.txt'
[1.951s] running build
[1.953s] running build_py
[1.955s] running install
[1.956s] running install_lib
[1.964s] running install_data
[1.966s] running install_egg_info
[1.989s] removing '/home/vboxuser/turtlebot3_ws/install/my_first_node/lib/python3.8/site-packages/my_first_node-0.0.0-py3.8.egg-info' (and everything under it)
[1.992s] Copying ../../build/my_first_node/my_first_node.egg-info to /home/vboxuser/turtlebot3_ws/install/my_first_node/lib/python3.8/site-packages/my_first_node-0.0.0-py3.8.egg-info
[1.993s] running install_scripts
[1.995s] Installing simple_node script to /home/vboxuser/turtlebot3_ws/install/my_first_node/lib/my_first_node
[1.998s] writing list of installed files to '/home/vboxuser/turtlebot3_ws/build/my_first_node/install.log'
[2.190s] Invoked command in '/home/vboxuser/turtlebot3_ws/src/my_first_node' returned '0': PYTHONPATH=/home/vboxuser/turtlebot3_ws/build/my_first_node/prefix_override:/home/vboxuser/turtlebot3_ws/install/my_first_node/lib/python3.8/site-packages:${PYTHONPATH} /usr/bin/python3 setup.py egg_info --egg-base ../../build/my_first_node build --build-base /home/vboxuser/turtlebot3_ws/build/my_first_node/build install --record /home/vboxuser/turtlebot3_ws/build/my_first_node/install.log --single-version-externally-managed
