[0.656s] Invoking command in '/home/vboxuser/turtlebot3_ws/src/proy_eq1': PYTHONPATH=/home/vboxuser/turtlebot3_ws/build/proy_eq1/prefix_override:/home/vboxuser/turtlebot3_ws/install/proy_eq1/lib/python3.8/site-packages:${PYTHONPATH} /usr/bin/python3 setup.py egg_info --egg-base ../../build/proy_eq1 build --build-base /home/vboxuser/turtlebot3_ws/build/proy_eq1/build install --record /home/vboxuser/turtlebot3_ws/build/proy_eq1/install.log --single-version-externally-managed
[0.803s] running egg_info
[0.803s] writing ../../build/proy_eq1/proy_eq1.egg-info/PKG-INFO
[0.803s] writing dependency_links to ../../build/proy_eq1/proy_eq1.egg-info/dependency_links.txt
[0.803s] writing entry points to ../../build/proy_eq1/proy_eq1.egg-info/entry_points.txt
[0.803s] writing requirements to ../../build/proy_eq1/proy_eq1.egg-info/requires.txt
[0.803s] writing top-level names to ../../build/proy_eq1/proy_eq1.egg-info/top_level.txt
[0.825s] reading manifest file '../../build/proy_eq1/proy_eq1.egg-info/SOURCES.txt'
[0.826s] writing manifest file '../../build/proy_eq1/proy_eq1.egg-info/SOURCES.txt'
[0.826s] running build
[0.826s] running build_py
[0.826s] running install
[0.826s] running install_lib
[0.827s] running install_data
[0.827s] copying package.xml -> /home/vboxuser/turtlebot3_ws/install/proy_eq1/share/proy_eq1
[0.827s] running install_egg_info
[0.829s] Copying ../../build/proy_eq1/proy_eq1.egg-info to /home/vboxuser/turtlebot3_ws/install/proy_eq1/lib/python3.8/site-packages/proy_eq1-0.0.0-py3.8.egg-info
[0.829s] running install_scripts
[0.842s] writing list of installed files to '/home/vboxuser/turtlebot3_ws/build/proy_eq1/install.log'
[0.854s] Invoked command in '/home/vboxuser/turtlebot3_ws/src/proy_eq1' returned '0': PYTHONPATH=/home/vboxuser/turtlebot3_ws/build/proy_eq1/prefix_override:/home/vboxuser/turtlebot3_ws/install/proy_eq1/lib/python3.8/site-packages:${PYTHONPATH} /usr/bin/python3 setup.py egg_info --egg-base ../../build/proy_eq1 build --build-base /home/vboxuser/turtlebot3_ws/build/proy_eq1/build install --record /home/vboxuser/turtlebot3_ws/build/proy_eq1/install.log --single-version-externally-managed
