[0.846s] Invoking command in '/home/vboxuser/turtlebot3_ws/src/proy_eq1/proy_eq1_provide_map': PYTHONPATH=/home/vboxuser/turtlebot3_ws/build/proy_eq1_provide_map/prefix_override:/home/vboxuser/turtlebot3_ws/install/proy_eq1_provide_map/lib/python3.8/site-packages:${PYTHONPATH} /usr/bin/python3 setup.py egg_info --egg-base ../../../build/proy_eq1_provide_map build --build-base /home/vboxuser/turtlebot3_ws/build/proy_eq1_provide_map/build install --record /home/vboxuser/turtlebot3_ws/build/proy_eq1_provide_map/install.log --single-version-externally-managed
[1.019s] running egg_info
[1.020s] writing ../../../build/proy_eq1_provide_map/proy_eq1_provide_map.egg-info/PKG-INFO
[1.021s] writing dependency_links to ../../../build/proy_eq1_provide_map/proy_eq1_provide_map.egg-info/dependency_links.txt
[1.021s] writing entry points to ../../../build/proy_eq1_provide_map/proy_eq1_provide_map.egg-info/entry_points.txt
[1.021s] writing requirements to ../../../build/proy_eq1_provide_map/proy_eq1_provide_map.egg-info/requires.txt
[1.021s] writing top-level names to ../../../build/proy_eq1_provide_map/proy_eq1_provide_map.egg-info/top_level.txt
[1.051s] reading manifest file '../../../build/proy_eq1_provide_map/proy_eq1_provide_map.egg-info/SOURCES.txt'
[1.052s] writing manifest file '../../../build/proy_eq1_provide_map/proy_eq1_provide_map.egg-info/SOURCES.txt'
[1.052s] running build
[1.052s] running build_py
[1.052s] running install
[1.053s] running install_lib
[1.054s] running install_data
[1.055s] running install_egg_info
[1.056s] removing '/home/vboxuser/turtlebot3_ws/install/proy_eq1_provide_map/lib/python3.8/site-packages/proy_eq1_provide_map-0.0.0-py3.8.egg-info' (and everything under it)
[1.056s] Copying ../../../build/proy_eq1_provide_map/proy_eq1_provide_map.egg-info to /home/vboxuser/turtlebot3_ws/install/proy_eq1_provide_map/lib/python3.8/site-packages/proy_eq1_provide_map-0.0.0-py3.8.egg-info
[1.057s] running install_scripts
[1.072s] writing list of installed files to '/home/vboxuser/turtlebot3_ws/build/proy_eq1_provide_map/install.log'
[1.087s] Invoked command in '/home/vboxuser/turtlebot3_ws/src/proy_eq1/proy_eq1_provide_map' returned '0': PYTHONPATH=/home/vboxuser/turtlebot3_ws/build/proy_eq1_provide_map/prefix_override:/home/vboxuser/turtlebot3_ws/install/proy_eq1_provide_map/lib/python3.8/site-packages:${PYTHONPATH} /usr/bin/python3 setup.py egg_info --egg-base ../../../build/proy_eq1_provide_map build --build-base /home/vboxuser/turtlebot3_ws/build/proy_eq1_provide_map/build install --record /home/vboxuser/turtlebot3_ws/build/proy_eq1_provide_map/install.log --single-version-externally-managed
