[1.306s] Invoking command in '/home/vboxuser/turtlebot3_ws/src/my_first_node': PYTHONPATH=/home/vboxuser/turtlebot3_ws/build/my_first_node/prefix_override:/home/vboxuser/turtlebot3_ws/install/my_first_node/lib/python3.8/site-packages:${PYTHONPATH} /usr/bin/python3 setup.py egg_info --egg-base ../../build/my_first_node build --build-base /home/vboxuser/turtlebot3_ws/build/my_first_node/build install --record /home/vboxuser/turtlebot3_ws/build/my_first_node/install.log --single-version-externally-managed
[1.528s] running egg_info
[1.529s] creating ../../build/my_first_node/my_first_node.egg-info
[1.530s] writing ../../build/my_first_node/my_first_node.egg-info/PKG-INFO
[1.530s] writing dependency_links to ../../build/my_first_node/my_first_node.egg-info/dependency_links.txt
[1.532s] writing entry points to ../../build/my_first_node/my_first_node.egg-info/entry_points.txt
[1.532s] writing requirements to ../../build/my_first_node/my_first_node.egg-info/requires.txt
[1.532s] writing top-level names to ../../build/my_first_node/my_first_node.egg-info/top_level.txt
[1.539s] writing manifest file '../../build/my_first_node/my_first_node.egg-info/SOURCES.txt'
[1.572s] reading manifest file '../../build/my_first_node/my_first_node.egg-info/SOURCES.txt'
[1.573s] writing manifest file '../../build/my_first_node/my_first_node.egg-info/SOURCES.txt'
[1.573s] running build
[1.573s] running build_py
[1.573s] creating /home/vboxuser/turtlebot3_ws/build/my_first_node/build
[1.574s] creating /home/vboxuser/turtlebot3_ws/build/my_first_node/build/lib
[1.574s] creating /home/vboxuser/turtlebot3_ws/build/my_first_node/build/lib/my_first_node
[1.574s] copying my_first_node/simple_node.py -> /home/vboxuser/turtlebot3_ws/build/my_first_node/build/lib/my_first_node
[1.575s] copying my_first_node/__init__.py -> /home/vboxuser/turtlebot3_ws/build/my_first_node/build/lib/my_first_node
[1.575s] running install
[1.576s] running install_lib
[1.577s] creating /home/vboxuser/turtlebot3_ws/install/my_first_node/lib/python3.8/site-packages/my_first_node
[1.578s] copying /home/vboxuser/turtlebot3_ws/build/my_first_node/build/lib/my_first_node/simple_node.py -> /home/vboxuser/turtlebot3_ws/install/my_first_node/lib/python3.8/site-packages/my_first_node
[1.578s] copying /home/vboxuser/turtlebot3_ws/build/my_first_node/build/lib/my_first_node/__init__.py -> /home/vboxuser/turtlebot3_ws/install/my_first_node/lib/python3.8/site-packages/my_first_node
[1.578s] byte-compiling /home/vboxuser/turtlebot3_ws/install/my_first_node/lib/python3.8/site-packages/my_first_node/simple_node.py to simple_node.cpython-38.pyc
[1.580s] byte-compiling /home/vboxuser/turtlebot3_ws/install/my_first_node/lib/python3.8/site-packages/my_first_node/__init__.py to __init__.cpython-38.pyc
[1.580s] running install_data
[1.580s] creating /home/vboxuser/turtlebot3_ws/install/my_first_node/share/ament_index
[1.580s] creating /home/vboxuser/turtlebot3_ws/install/my_first_node/share/ament_index/resource_index
[1.580s] creating /home/vboxuser/turtlebot3_ws/install/my_first_node/share/ament_index/resource_index/packages
[1.580s] copying resource/my_first_node -> /home/vboxuser/turtlebot3_ws/install/my_first_node/share/ament_index/resource_index/packages
[1.580s] copying package.xml -> /home/vboxuser/turtlebot3_ws/install/my_first_node/share/my_first_node
[1.581s] copying launch/my_first_node_launch.launch.py -> /home/vboxuser/turtlebot3_ws/install/my_first_node/share/my_first_node
[1.581s] running install_egg_info
[1.583s] Copying ../../build/my_first_node/my_first_node.egg-info to /home/vboxuser/turtlebot3_ws/install/my_first_node/lib/python3.8/site-packages/my_first_node-0.0.0-py3.8.egg-info
[1.584s] running install_scripts
[1.598s] Installing simple_node script to /home/vboxuser/turtlebot3_ws/install/my_first_node/lib/my_first_node
[1.599s] writing list of installed files to '/home/vboxuser/turtlebot3_ws/build/my_first_node/install.log'
[1.617s] Invoked command in '/home/vboxuser/turtlebot3_ws/src/my_first_node' returned '0': PYTHONPATH=/home/vboxuser/turtlebot3_ws/build/my_first_node/prefix_override:/home/vboxuser/turtlebot3_ws/install/my_first_node/lib/python3.8/site-packages:${PYTHONPATH} /usr/bin/python3 setup.py egg_info --egg-base ../../build/my_first_node build --build-base /home/vboxuser/turtlebot3_ws/build/my_first_node/build install --record /home/vboxuser/turtlebot3_ws/build/my_first_node/install.log --single-version-externally-managed
