[0.131s] Invoking command in '/home/vboxuser/turtlebot3_ws/build/custom_interface': CMAKE_PREFIX_PATH=${CMAKE_PREFIX_PATH}:/home/vboxuser/turtlebot3_ws/install/show_msg:/home/vboxuser/turtlebot3_ws/install/my_first_subscriber:/home/vboxuser/turtlebot3_ws/install/my_first_publisher:/home/vboxuser/turtlebot3_ws/install/my_first_node:/opt/ros/galactic /usr/bin/cmake --build /home/vboxuser/turtlebot3_ws/build/custom_interface -- -j4 -l4
[0.240s] -- Found ament_cmake: 1.1.6 (/opt/ros/galactic/share/ament_cmake/cmake)
[0.263s] -- Found PythonInterp: /usr/bin/python3 (found suitable version "3.8.10", minimum required is "3") 
[0.263s] -- Using PYTHON_EXECUTABLE: /usr/bin/python3
[0.334s] -- Found rclcpp: 9.2.2 (/opt/ros/galactic/share/rclcpp/cmake)
[0.390s] -- Using all available rosidl_typesupport_c: rosidl_typesupport_fastrtps_c;rosidl_typesupport_introspection_c
[0.394s] -- Found rosidl_adapter: 2.2.3 (/opt/ros/galactic/share/rosidl_adapter/cmake)
[0.524s] -- Using all available rosidl_typesupport_cpp: rosidl_typesupport_fastrtps_cpp;rosidl_typesupport_introspection_cpp
[0.581s] -- Found rmw_implementation_cmake: 3.3.1 (/opt/ros/galactic/share/rmw_implementation_cmake/cmake)
[0.583s] -- Found rmw_cyclonedds_cpp: 0.22.6 (/opt/ros/galactic/share/rmw_cyclonedds_cpp/cmake)
[0.602s] -- Using RMW implementation 'rmw_cyclonedds_cpp' as default
[0.724s] -- Found rosidl_default_generators: 1.1.1 (/opt/ros/galactic/share/rosidl_default_generators/cmake)
[0.734s] -- Found ament_lint_auto: 0.10.7 (/opt/ros/galactic/share/ament_lint_auto/cmake)
[0.808s] -- Found PythonInterp: /usr/bin/python3 (found version "3.8.10") 
[0.873s] -- Found ament_cmake_ros: 0.9.2 (/opt/ros/galactic/share/ament_cmake_ros/cmake)
[0.968s] -- Using all available rosidl_typesupport_c: rosidl_typesupport_fastrtps_c;rosidl_typesupport_introspection_c
[0.976s] -- Using all available rosidl_typesupport_cpp: rosidl_typesupport_fastrtps_cpp;rosidl_typesupport_introspection_cpp
[0.997s] -- Found PythonInterp: /usr/bin/python3 (found suitable version "3.8.10", minimum required is "3.5") 
[0.998s] -- Found python_cmake_module: 0.8.1 (/opt/ros/galactic/share/python_cmake_module/cmake)
[1.021s] -- Using PYTHON_EXECUTABLE: /usr/bin/python3
[1.021s] -- Using PYTHON_INCLUDE_DIRS: /usr/include/python3.8
[1.021s] -- Using PYTHON_LIBRARIES: /usr/lib/x86_64-linux-gnu/libpython3.8.so
[1.041s] -- Added test 'copyright' to check source files copyright and LICENSE
[1.043s] -- Added test 'lint_cmake' to check CMake code style
[1.044s] -- Added test 'xmllint' to check XML markup files
[1.054s] -- Configuring done
[1.102s] -- Generating done
[1.105s] -- Build files have been written to: /home/vboxuser/turtlebot3_ws/build/custom_interface
[1.131s] [  2%] [34m[1mGenerating C code for ROS interfaces[0m
[1.131s] [35m[1mScanning dependencies of target custom_interface__cpp[0m
[1.142s] [  5%] [34m[1mGenerating C++ code for ROS interfaces[0m
[1.392s] [  5%] Built target custom_interface__cpp
[1.393s] [35m[1mScanning dependencies of target custom_interface__rosidl_generator_c[0m
[1.402s] [  7%] [34m[1mGenerating C++ type support dispatch for ROS interfaces[0m
[1.404s] [ 10%] [34m[1mGenerating C++ introspection for ROS interfaces[0m
[1.404s] [ 12%] [34m[1mGenerating C++ type support for eProsima Fast-RTPS[0m
[1.404s] [ 15%] [32mBuilding C object CMakeFiles/custom_interface__rosidl_generator_c.dir/rosidl_generator_c/custom_interface/msg/detail/distvel__functions.c.o[0m
[1.454s] [ 17%] [32mBuilding C object CMakeFiles/custom_interface__rosidl_generator_c.dir/rosidl_generator_c/custom_interface/srv/detail/my_move_msg__functions.c.o[0m
[1.501s] [ 20%] [32m[1mLinking C shared library libcustom_interface__rosidl_generator_c.so[0m
[1.553s] [ 20%] Built target custom_interface__rosidl_generator_c
[1.563s] [ 23%] [34m[1mGenerating C introspection for ROS interfaces[0m
[1.625s] [35m[1mScanning dependencies of target custom_interface__rosidl_typesupport_cpp[0m
[1.636s] [ 25%] [32mBuilding CXX object CMakeFiles/custom_interface__rosidl_typesupport_cpp.dir/rosidl_typesupport_cpp/custom_interface/msg/distvel__type_support.cpp.o[0m
[1.652s] [35m[1mScanning dependencies of target custom_interface__rosidl_typesupport_introspection_cpp[0m
[1.668s] [ 28%] [32mBuilding CXX object CMakeFiles/custom_interface__rosidl_typesupport_introspection_cpp.dir/rosidl_typesupport_introspection_cpp/custom_interface/msg/detail/distvel__type_support.cpp.o[0m
[1.688s] [35m[1mScanning dependencies of target custom_interface__rosidl_typesupport_fastrtps_cpp[0m
[1.755s] [ 30%] [32mBuilding CXX object CMakeFiles/custom_interface__rosidl_typesupport_fastrtps_cpp.dir/rosidl_typesupport_fastrtps_cpp/custom_interface/msg/detail/dds_fastrtps/distvel__type_support.cpp.o[0m
[1.810s] [35m[1mScanning dependencies of target custom_interface__rosidl_typesupport_introspection_c[0m
[1.839s] [ 33%] [32mBuilding C object CMakeFiles/custom_interface__rosidl_typesupport_introspection_c.dir/rosidl_typesupport_introspection_c/custom_interface/msg/detail/distvel__type_support.c.o[0m
[1.869s] [ 35%] [32mBuilding C object CMakeFiles/custom_interface__rosidl_typesupport_introspection_c.dir/rosidl_typesupport_introspection_c/custom_interface/srv/detail/my_move_msg__type_support.c.o[0m
[1.898s] [ 38%] [32m[1mLinking C shared library libcustom_interface__rosidl_typesupport_introspection_c.so[0m
[1.932s] [ 38%] Built target custom_interface__rosidl_typesupport_introspection_c
[1.951s] [ 43%] [34m[1mGenerating C type support dispatch for ROS interfaces[0m
[1.951s] [ 43%] [32mBuilding CXX object CMakeFiles/custom_interface__rosidl_typesupport_cpp.dir/rosidl_typesupport_cpp/custom_interface/srv/my_move_msg__type_support.cpp.o[0m
[1.959s] [ 46%] [32mBuilding CXX object CMakeFiles/custom_interface__rosidl_typesupport_introspection_cpp.dir/rosidl_typesupport_introspection_cpp/custom_interface/srv/detail/my_move_msg__type_support.cpp.o[0m
[2.083s] [ 48%] [32mBuilding CXX object CMakeFiles/custom_interface__rosidl_typesupport_fastrtps_cpp.dir/rosidl_typesupport_fastrtps_cpp/custom_interface/srv/detail/dds_fastrtps/my_move_msg__type_support.cpp.o[0m
[2.155s] [35m[1mScanning dependencies of target custom_interface__rosidl_typesupport_c[0m
[2.167s] [ 51%] [32m[1mLinking CXX shared library libcustom_interface__rosidl_typesupport_cpp.so[0m
[2.168s] [ 53%] [32mBuilding CXX object CMakeFiles/custom_interface__rosidl_typesupport_c.dir/rosidl_typesupport_c/custom_interface/msg/distvel__type_support.cpp.o[0m
[2.191s] [ 56%] [32m[1mLinking CXX shared library libcustom_interface__rosidl_typesupport_introspection_cpp.so[0m
[2.193s] [ 58%] [32mBuilding CXX object CMakeFiles/custom_interface__rosidl_typesupport_c.dir/rosidl_typesupport_c/custom_interface/srv/my_move_msg__type_support.cpp.o[0m
[2.207s] [ 58%] Built target custom_interface__rosidl_typesupport_cpp
[2.223s] [ 61%] [32m[1mLinking CXX shared library libcustom_interface__rosidl_typesupport_c.so[0m
[2.252s] [ 61%] Built target custom_interface__rosidl_typesupport_introspection_cpp
[2.259s] [ 61%] Built target custom_interface__rosidl_typesupport_c
[2.398s] [ 64%] [32m[1mLinking CXX shared library libcustom_interface__rosidl_typesupport_fastrtps_cpp.so[0m
[2.469s] [ 64%] Built target custom_interface__rosidl_typesupport_fastrtps_cpp
[2.479s] [ 66%] [34m[1mGenerating C type support for eProsima Fast-RTPS[0m
[2.695s] [35m[1mScanning dependencies of target custom_interface__rosidl_typesupport_fastrtps_c[0m
[2.712s] [ 69%] [32mBuilding CXX object CMakeFiles/custom_interface__rosidl_typesupport_fastrtps_c.dir/rosidl_typesupport_fastrtps_c/custom_interface/msg/detail/distvel__type_support_c.cpp.o[0m
[2.713s] [ 71%] [32mBuilding CXX object CMakeFiles/custom_interface__rosidl_typesupport_fastrtps_c.dir/rosidl_typesupport_fastrtps_c/custom_interface/srv/detail/my_move_msg__type_support_c.cpp.o[0m
[2.975s] [ 74%] [32m[1mLinking CXX shared library libcustom_interface__rosidl_typesupport_fastrtps_c.so[0m
[3.040s] [ 74%] Built target custom_interface__rosidl_typesupport_fastrtps_c
[3.058s] [ 74%] Built target custom_interface
[3.067s] [35m[1mScanning dependencies of target custom_interface__py[0m
[3.077s] [ 76%] [34m[1mGenerating Python code for ROS interfaces[0m
[3.498s] [ 76%] Built target custom_interface__py
[3.513s] [35m[1mScanning dependencies of target custom_interface__python[0m
[3.540s] [ 79%] [32mBuilding C object CMakeFiles/custom_interface__python.dir/rosidl_generator_py/custom_interface/msg/_distvel_s.c.o[0m
[3.542s] [ 82%] [32mBuilding C object CMakeFiles/custom_interface__python.dir/rosidl_generator_py/custom_interface/srv/_my_move_msg_s.c.o[0m
[3.641s] [ 84%] [32m[1mLinking C shared library rosidl_generator_py/custom_interface/libcustom_interface__python.so[0m
[3.674s] [ 84%] Built target custom_interface__python
[3.685s] [35m[1mScanning dependencies of target custom_interface__rosidl_typesupport_introspection_c__pyext[0m
[3.685s] [35m[1mScanning dependencies of target custom_interface__rosidl_typesupport_c__pyext[0m
[3.691s] [35m[1mScanning dependencies of target custom_interface__rosidl_typesupport_fastrtps_c__pyext[0m
[3.704s] [ 87%] [32mBuilding C object CMakeFiles/custom_interface__rosidl_typesupport_c__pyext.dir/rosidl_generator_py/custom_interface/_custom_interface_s.ep.rosidl_typesupport_c.c.o[0m
[3.706s] [ 89%] [32mBuilding C object CMakeFiles/custom_interface__rosidl_typesupport_introspection_c__pyext.dir/rosidl_generator_py/custom_interface/_custom_interface_s.ep.rosidl_typesupport_introspection_c.c.o[0m
[3.709s] [ 92%] [32mBuilding C object CMakeFiles/custom_interface__rosidl_typesupport_fastrtps_c__pyext.dir/rosidl_generator_py/custom_interface/_custom_interface_s.ep.rosidl_typesupport_fastrtps_c.c.o[0m
[3.779s] [ 97%] [32m[1mLinking C shared library rosidl_generator_py/custom_interface/custom_interface_s__rosidl_typesupport_c.cpython-38-x86_64-linux-gnu.so[0m
[3.779s] [ 97%] [32m[1mLinking C shared library rosidl_generator_py/custom_interface/custom_interface_s__rosidl_typesupport_introspection_c.cpython-38-x86_64-linux-gnu.so[0m
[3.787s] [100%] [32m[1mLinking CXX shared library rosidl_generator_py/custom_interface/custom_interface_s__rosidl_typesupport_fastrtps_c.cpython-38-x86_64-linux-gnu.so[0m
[3.816s] [100%] Built target custom_interface__rosidl_typesupport_c__pyext
[3.818s] [100%] Built target custom_interface__rosidl_typesupport_introspection_c__pyext
[3.851s] [100%] Built target custom_interface__rosidl_typesupport_fastrtps_c__pyext
[3.874s] Invoked command in '/home/vboxuser/turtlebot3_ws/build/custom_interface' returned '0': CMAKE_PREFIX_PATH=${CMAKE_PREFIX_PATH}:/home/vboxuser/turtlebot3_ws/install/show_msg:/home/vboxuser/turtlebot3_ws/install/my_first_subscriber:/home/vboxuser/turtlebot3_ws/install/my_first_publisher:/home/vboxuser/turtlebot3_ws/install/my_first_node:/opt/ros/galactic /usr/bin/cmake --build /home/vboxuser/turtlebot3_ws/build/custom_interface -- -j4 -l4
[3.938s] Invoking command in '/home/vboxuser/turtlebot3_ws/build/custom_interface': CMAKE_PREFIX_PATH=${CMAKE_PREFIX_PATH}:/home/vboxuser/turtlebot3_ws/install/show_msg:/home/vboxuser/turtlebot3_ws/install/my_first_subscriber:/home/vboxuser/turtlebot3_ws/install/my_first_publisher:/home/vboxuser/turtlebot3_ws/install/my_first_node:/opt/ros/galactic /usr/bin/cmake --install /home/vboxuser/turtlebot3_ws/build/custom_interface
[3.946s] -- Install configuration: ""
[3.946s] -- Installing: /home/vboxuser/turtlebot3_ws/install/custom_interface/share/ament_index/resource_index/rosidl_interfaces/custom_interface
[3.946s] -- Up-to-date: /home/vboxuser/turtlebot3_ws/install/custom_interface/include/custom_interface
[3.947s] -- Installing: /home/vboxuser/turtlebot3_ws/install/custom_interface/include/custom_interface/srv
[3.947s] -- Installing: /home/vboxuser/turtlebot3_ws/install/custom_interface/include/custom_interface/srv/my_move_msg.h
[3.947s] -- Installing: /home/vboxuser/turtlebot3_ws/install/custom_interface/include/custom_interface/srv/detail
[3.947s] -- Installing: /home/vboxuser/turtlebot3_ws/install/custom_interface/include/custom_interface/srv/detail/my_move_msg__functions.h
[3.947s] -- Installing: /home/vboxuser/turtlebot3_ws/install/custom_interface/include/custom_interface/srv/detail/my_move_msg__functions.c
[3.947s] -- Installing: /home/vboxuser/turtlebot3_ws/install/custom_interface/include/custom_interface/srv/detail/my_move_msg__struct.h
[3.947s] -- Installing: /home/vboxuser/turtlebot3_ws/install/custom_interface/include/custom_interface/srv/detail/my_move_msg__type_support.h
[3.947s] -- Up-to-date: /home/vboxuser/turtlebot3_ws/install/custom_interface/include/custom_interface/msg
[3.948s] -- Installing: /home/vboxuser/turtlebot3_ws/install/custom_interface/include/custom_interface/msg/distvel.h
[3.948s] -- Up-to-date: /home/vboxuser/turtlebot3_ws/install/custom_interface/include/custom_interface/msg/rosidl_generator_c__visibility_control.h
[3.948s] -- Up-to-date: /home/vboxuser/turtlebot3_ws/install/custom_interface/include/custom_interface/msg/detail
[3.948s] -- Installing: /home/vboxuser/turtlebot3_ws/install/custom_interface/include/custom_interface/msg/detail/distvel__struct.h
[3.948s] -- Installing: /home/vboxuser/turtlebot3_ws/install/custom_interface/include/custom_interface/msg/detail/distvel__functions.c
[3.948s] -- Installing: /home/vboxuser/turtlebot3_ws/install/custom_interface/include/custom_interface/msg/detail/distvel__functions.h
[3.948s] -- Installing: /home/vboxuser/turtlebot3_ws/install/custom_interface/include/custom_interface/msg/detail/distvel__type_support.h
[3.948s] -- Up-to-date: /home/vboxuser/turtlebot3_ws/install/custom_interface/share/custom_interface/environment/library_path.sh
[3.948s] -- Installing: /home/vboxuser/turtlebot3_ws/install/custom_interface/share/custom_interface/environment/library_path.dsv
[3.949s] -- Installing: /home/vboxuser/turtlebot3_ws/install/custom_interface/lib/libcustom_interface__rosidl_generator_c.so
[3.950s] -- Set runtime path of "/home/vboxuser/turtlebot3_ws/install/custom_interface/lib/libcustom_interface__rosidl_generator_c.so" to ""
[3.950s] -- Up-to-date: /home/vboxuser/turtlebot3_ws/install/custom_interface/include/custom_interface
[3.950s] -- Up-to-date: /home/vboxuser/turtlebot3_ws/install/custom_interface/include/custom_interface/srv
[3.950s] -- Up-to-date: /home/vboxuser/turtlebot3_ws/install/custom_interface/include/custom_interface/srv/detail
[3.950s] -- Installing: /home/vboxuser/turtlebot3_ws/install/custom_interface/include/custom_interface/srv/detail/my_move_msg__rosidl_typesupport_fastrtps_c.h
[3.950s] -- Up-to-date: /home/vboxuser/turtlebot3_ws/install/custom_interface/include/custom_interface/msg
[3.950s] -- Up-to-date: /home/vboxuser/turtlebot3_ws/install/custom_interface/include/custom_interface/msg/rosidl_typesupport_fastrtps_c__visibility_control.h
[3.950s] -- Up-to-date: /home/vboxuser/turtlebot3_ws/install/custom_interface/include/custom_interface/msg/detail
[3.950s] -- Installing: /home/vboxuser/turtlebot3_ws/install/custom_interface/include/custom_interface/msg/detail/distvel__rosidl_typesupport_fastrtps_c.h
[3.951s] -- Installing: /home/vboxuser/turtlebot3_ws/install/custom_interface/lib/libcustom_interface__rosidl_typesupport_fastrtps_c.so
[3.951s] -- Set runtime path of "/home/vboxuser/turtlebot3_ws/install/custom_interface/lib/libcustom_interface__rosidl_typesupport_fastrtps_c.so" to ""
[3.951s] -- Up-to-date: /home/vboxuser/turtlebot3_ws/install/custom_interface/include/custom_interface
[3.951s] -- Up-to-date: /home/vboxuser/turtlebot3_ws/install/custom_interface/include/custom_interface/srv
[3.951s] -- Up-to-date: /home/vboxuser/turtlebot3_ws/install/custom_interface/include/custom_interface/srv/detail
[3.951s] -- Installing: /home/vboxuser/turtlebot3_ws/install/custom_interface/include/custom_interface/srv/detail/my_move_msg__rosidl_typesupport_fastrtps_cpp.hpp
[3.951s] -- Installing: /home/vboxuser/turtlebot3_ws/install/custom_interface/include/custom_interface/srv/detail/dds_fastrtps
[3.952s] -- Up-to-date: /home/vboxuser/turtlebot3_ws/install/custom_interface/include/custom_interface/msg
[3.952s] -- Up-to-date: /home/vboxuser/turtlebot3_ws/install/custom_interface/include/custom_interface/msg/rosidl_typesupport_fastrtps_cpp__visibility_control.h
[3.952s] -- Up-to-date: /home/vboxuser/turtlebot3_ws/install/custom_interface/include/custom_interface/msg/detail
[3.952s] -- Up-to-date: /home/vboxuser/turtlebot3_ws/install/custom_interface/include/custom_interface/msg/detail/dds_fastrtps
[3.952s] -- Installing: /home/vboxuser/turtlebot3_ws/install/custom_interface/include/custom_interface/msg/detail/distvel__rosidl_typesupport_fastrtps_cpp.hpp
[3.952s] -- Installing: /home/vboxuser/turtlebot3_ws/install/custom_interface/lib/libcustom_interface__rosidl_typesupport_fastrtps_cpp.so
[3.953s] -- Set runtime path of "/home/vboxuser/turtlebot3_ws/install/custom_interface/lib/libcustom_interface__rosidl_typesupport_fastrtps_cpp.so" to ""
[3.953s] -- Up-to-date: /home/vboxuser/turtlebot3_ws/install/custom_interface/include/custom_interface
[3.953s] -- Up-to-date: /home/vboxuser/turtlebot3_ws/install/custom_interface/include/custom_interface/srv
[3.953s] -- Up-to-date: /home/vboxuser/turtlebot3_ws/install/custom_interface/include/custom_interface/srv/detail
[3.953s] -- Installing: /home/vboxuser/turtlebot3_ws/install/custom_interface/include/custom_interface/srv/detail/my_move_msg__rosidl_typesupport_introspection_c.h
[3.953s] -- Installing: /home/vboxuser/turtlebot3_ws/install/custom_interface/include/custom_interface/srv/detail/my_move_msg__type_support.c
[3.953s] -- Up-to-date: /home/vboxuser/turtlebot3_ws/install/custom_interface/include/custom_interface/msg
[3.953s] -- Up-to-date: /home/vboxuser/turtlebot3_ws/install/custom_interface/include/custom_interface/msg/rosidl_typesupport_introspection_c__visibility_control.h
[3.953s] -- Up-to-date: /home/vboxuser/turtlebot3_ws/install/custom_interface/include/custom_interface/msg/detail
[3.953s] -- Installing: /home/vboxuser/turtlebot3_ws/install/custom_interface/include/custom_interface/msg/detail/distvel__type_support.c
[3.953s] -- Installing: /home/vboxuser/turtlebot3_ws/install/custom_interface/include/custom_interface/msg/detail/distvel__rosidl_typesupport_introspection_c.h
[3.954s] -- Installing: /home/vboxuser/turtlebot3_ws/install/custom_interface/lib/libcustom_interface__rosidl_typesupport_introspection_c.so
[3.954s] -- Set runtime path of "/home/vboxuser/turtlebot3_ws/install/custom_interface/lib/libcustom_interface__rosidl_typesupport_introspection_c.so" to ""
[3.955s] -- Installing: /home/vboxuser/turtlebot3_ws/install/custom_interface/lib/libcustom_interface__rosidl_typesupport_c.so
[3.955s] -- Set runtime path of "/home/vboxuser/turtlebot3_ws/install/custom_interface/lib/libcustom_interface__rosidl_typesupport_c.so" to ""
[3.955s] -- Up-to-date: /home/vboxuser/turtlebot3_ws/install/custom_interface/include/custom_interface
[3.955s] -- Up-to-date: /home/vboxuser/turtlebot3_ws/install/custom_interface/include/custom_interface/srv
[3.955s] -- Installing: /home/vboxuser/turtlebot3_ws/install/custom_interface/include/custom_interface/srv/my_move_msg.hpp
[3.955s] -- Up-to-date: /home/vboxuser/turtlebot3_ws/install/custom_interface/include/custom_interface/srv/detail
[3.955s] -- Installing: /home/vboxuser/turtlebot3_ws/install/custom_interface/include/custom_interface/srv/detail/my_move_msg__traits.hpp
[3.956s] -- Installing: /home/vboxuser/turtlebot3_ws/install/custom_interface/include/custom_interface/srv/detail/my_move_msg__struct.hpp
[3.956s] -- Installing: /home/vboxuser/turtlebot3_ws/install/custom_interface/include/custom_interface/srv/detail/my_move_msg__builder.hpp
[3.956s] -- Up-to-date: /home/vboxuser/turtlebot3_ws/install/custom_interface/include/custom_interface/msg
[3.956s] -- Installing: /home/vboxuser/turtlebot3_ws/install/custom_interface/include/custom_interface/msg/distvel.hpp
[3.956s] -- Up-to-date: /home/vboxuser/turtlebot3_ws/install/custom_interface/include/custom_interface/msg/detail
[3.956s] -- Installing: /home/vboxuser/turtlebot3_ws/install/custom_interface/include/custom_interface/msg/detail/distvel__traits.hpp
[3.956s] -- Installing: /home/vboxuser/turtlebot3_ws/install/custom_interface/include/custom_interface/msg/detail/distvel__builder.hpp
[3.956s] -- Installing: /home/vboxuser/turtlebot3_ws/install/custom_interface/include/custom_interface/msg/detail/distvel__struct.hpp
[3.956s] -- Up-to-date: /home/vboxuser/turtlebot3_ws/install/custom_interface/include/custom_interface
[3.956s] -- Up-to-date: /home/vboxuser/turtlebot3_ws/install/custom_interface/include/custom_interface/srv
[3.956s] -- Up-to-date: /home/vboxuser/turtlebot3_ws/install/custom_interface/include/custom_interface/srv/detail
[3.956s] -- Installing: /home/vboxuser/turtlebot3_ws/install/custom_interface/include/custom_interface/srv/detail/my_move_msg__rosidl_typesupport_introspection_cpp.hpp
[3.956s] -- Installing: /home/vboxuser/turtlebot3_ws/install/custom_interface/include/custom_interface/srv/detail/my_move_msg__type_support.cpp
[3.956s] -- Up-to-date: /home/vboxuser/turtlebot3_ws/install/custom_interface/include/custom_interface/msg
[3.957s] -- Up-to-date: /home/vboxuser/turtlebot3_ws/install/custom_interface/include/custom_interface/msg/detail
[3.957s] -- Installing: /home/vboxuser/turtlebot3_ws/install/custom_interface/include/custom_interface/msg/detail/distvel__rosidl_typesupport_introspection_cpp.hpp
[3.957s] -- Installing: /home/vboxuser/turtlebot3_ws/install/custom_interface/include/custom_interface/msg/detail/distvel__type_support.cpp
[3.957s] -- Installing: /home/vboxuser/turtlebot3_ws/install/custom_interface/lib/libcustom_interface__rosidl_typesupport_introspection_cpp.so
[3.957s] -- Set runtime path of "/home/vboxuser/turtlebot3_ws/install/custom_interface/lib/libcustom_interface__rosidl_typesupport_introspection_cpp.so" to ""
[3.958s] -- Installing: /home/vboxuser/turtlebot3_ws/install/custom_interface/lib/libcustom_interface__rosidl_typesupport_cpp.so
[3.958s] -- Set runtime path of "/home/vboxuser/turtlebot3_ws/install/custom_interface/lib/libcustom_interface__rosidl_typesupport_cpp.so" to ""
[3.958s] -- Up-to-date: /home/vboxuser/turtlebot3_ws/install/custom_interface/share/custom_interface/environment/pythonpath.sh
[3.958s] -- Installing: /home/vboxuser/turtlebot3_ws/install/custom_interface/share/custom_interface/environment/pythonpath.dsv
[3.958s] -- Installing: /home/vboxuser/turtlebot3_ws/install/custom_interface/lib/python3.8/site-packages/custom_interface/__init__.py
[3.983s] Compiling '/home/vboxuser/turtlebot3_ws/install/custom_interface/lib/python3.8/site-packages/custom_interface/__init__.py'...
[3.987s] -- Up-to-date: /home/vboxuser/turtlebot3_ws/install/custom_interface/lib/python3.8/site-packages/custom_interface/msg
[3.987s] -- Installing: /home/vboxuser/turtlebot3_ws/install/custom_interface/lib/python3.8/site-packages/custom_interface/msg/_distvel.py
[3.987s] -- Installing: /home/vboxuser/turtlebot3_ws/install/custom_interface/lib/python3.8/site-packages/custom_interface/msg/__init__.py
[3.987s] -- Installing: /home/vboxuser/turtlebot3_ws/install/custom_interface/lib/python3.8/site-packages/custom_interface/msg/_distvel_s.c
[3.987s] -- Installing: /home/vboxuser/turtlebot3_ws/install/custom_interface/lib/python3.8/site-packages/custom_interface/srv
[3.987s] -- Installing: /home/vboxuser/turtlebot3_ws/install/custom_interface/lib/python3.8/site-packages/custom_interface/srv/_my_move_msg.py
[3.987s] -- Installing: /home/vboxuser/turtlebot3_ws/install/custom_interface/lib/python3.8/site-packages/custom_interface/srv/__init__.py
[3.987s] -- Installing: /home/vboxuser/turtlebot3_ws/install/custom_interface/lib/python3.8/site-packages/custom_interface/srv/_my_move_msg_s.c
[3.988s] -- Installing: /home/vboxuser/turtlebot3_ws/install/custom_interface/lib/python3.8/site-packages/custom_interface/custom_interface_s__rosidl_typesupport_fastrtps_c.cpython-38-x86_64-linux-gnu.so
[3.988s] -- Set runtime path of "/home/vboxuser/turtlebot3_ws/install/custom_interface/lib/python3.8/site-packages/custom_interface/custom_interface_s__rosidl_typesupport_fastrtps_c.cpython-38-x86_64-linux-gnu.so" to ""
[3.989s] -- Installing: /home/vboxuser/turtlebot3_ws/install/custom_interface/lib/python3.8/site-packages/custom_interface/custom_interface_s__rosidl_typesupport_introspection_c.cpython-38-x86_64-linux-gnu.so
[3.990s] -- Set runtime path of "/home/vboxuser/turtlebot3_ws/install/custom_interface/lib/python3.8/site-packages/custom_interface/custom_interface_s__rosidl_typesupport_introspection_c.cpython-38-x86_64-linux-gnu.so" to ""
[3.991s] -- Installing: /home/vboxuser/turtlebot3_ws/install/custom_interface/lib/python3.8/site-packages/custom_interface/custom_interface_s__rosidl_typesupport_c.cpython-38-x86_64-linux-gnu.so
[3.991s] -- Set runtime path of "/home/vboxuser/turtlebot3_ws/install/custom_interface/lib/python3.8/site-packages/custom_interface/custom_interface_s__rosidl_typesupport_c.cpython-38-x86_64-linux-gnu.so" to ""
[3.992s] -- Installing: /home/vboxuser/turtlebot3_ws/install/custom_interface/lib/libcustom_interface__python.so
[3.992s] -- Set runtime path of "/home/vboxuser/turtlebot3_ws/install/custom_interface/lib/libcustom_interface__python.so" to ""
[3.993s] -- Up-to-date: /home/vboxuser/turtlebot3_ws/install/custom_interface/share/custom_interface/msg/Distvel.idl
[3.993s] -- Installing: /home/vboxuser/turtlebot3_ws/install/custom_interface/share/custom_interface/srv/MyMoveMsg.idl
[3.993s] -- Up-to-date: /home/vboxuser/turtlebot3_ws/install/custom_interface/share/custom_interface/msg/Distvel.msg
[3.993s] -- Installing: /home/vboxuser/turtlebot3_ws/install/custom_interface/share/custom_interface/srv/MyMoveMsg.srv
[3.993s] -- Installing: /home/vboxuser/turtlebot3_ws/install/custom_interface/share/custom_interface/srv/MyMoveMsg_Request.msg
[3.993s] -- Installing: /home/vboxuser/turtlebot3_ws/install/custom_interface/share/custom_interface/srv/MyMoveMsg_Response.msg
[3.993s] -- Up-to-date: /home/vboxuser/turtlebot3_ws/install/custom_interface/share/ament_index/resource_index/package_run_dependencies/custom_interface
[3.994s] -- Installing: /home/vboxuser/turtlebot3_ws/install/custom_interface/share/ament_index/resource_index/parent_prefix_path/custom_interface
[3.994s] -- Up-to-date: /home/vboxuser/turtlebot3_ws/install/custom_interface/share/custom_interface/environment/ament_prefix_path.sh
[3.994s] -- Installing: /home/vboxuser/turtlebot3_ws/install/custom_interface/share/custom_interface/environment/ament_prefix_path.dsv
[3.994s] -- Up-to-date: /home/vboxuser/turtlebot3_ws/install/custom_interface/share/custom_interface/environment/path.sh
[3.994s] -- Installing: /home/vboxuser/turtlebot3_ws/install/custom_interface/share/custom_interface/environment/path.dsv
[3.994s] -- Up-to-date: /home/vboxuser/turtlebot3_ws/install/custom_interface/share/custom_interface/local_setup.bash
[3.994s] -- Up-to-date: /home/vboxuser/turtlebot3_ws/install/custom_interface/share/custom_interface/local_setup.sh
[3.994s] -- Up-to-date: /home/vboxuser/turtlebot3_ws/install/custom_interface/share/custom_interface/local_setup.zsh
[3.995s] -- Installing: /home/vboxuser/turtlebot3_ws/install/custom_interface/share/custom_interface/local_setup.dsv
[3.995s] -- Installing: /home/vboxuser/turtlebot3_ws/install/custom_interface/share/custom_interface/package.dsv
[3.995s] -- Up-to-date: /home/vboxuser/turtlebot3_ws/install/custom_interface/share/ament_index/resource_index/packages/custom_interface
[3.996s] -- Up-to-date: /home/vboxuser/turtlebot3_ws/install/custom_interface/share/custom_interface/cmake/custom_interface__rosidl_generator_cExport.cmake
[3.996s] -- Installing: /home/vboxuser/turtlebot3_ws/install/custom_interface/share/custom_interface/cmake/custom_interface__rosidl_generator_cExport-noconfig.cmake
[3.996s] -- Up-to-date: /home/vboxuser/turtlebot3_ws/install/custom_interface/share/custom_interface/cmake/custom_interface__rosidl_typesupport_introspection_cExport.cmake
[3.997s] -- Installing: /home/vboxuser/turtlebot3_ws/install/custom_interface/share/custom_interface/cmake/custom_interface__rosidl_typesupport_introspection_cExport-noconfig.cmake
[3.997s] -- Up-to-date: /home/vboxuser/turtlebot3_ws/install/custom_interface/share/custom_interface/cmake/custom_interface__rosidl_typesupport_cExport.cmake
[3.997s] -- Installing: /home/vboxuser/turtlebot3_ws/install/custom_interface/share/custom_interface/cmake/custom_interface__rosidl_typesupport_cExport-noconfig.cmake
[3.998s] -- Up-to-date: /home/vboxuser/turtlebot3_ws/install/custom_interface/share/custom_interface/cmake/custom_interface__rosidl_generator_cppExport.cmake
[3.998s] -- Up-to-date: /home/vboxuser/turtlebot3_ws/install/custom_interface/share/custom_interface/cmake/custom_interface__rosidl_typesupport_introspection_cppExport.cmake
[3.998s] -- Installing: /home/vboxuser/turtlebot3_ws/install/custom_interface/share/custom_interface/cmake/custom_interface__rosidl_typesupport_introspection_cppExport-noconfig.cmake
[3.999s] -- Up-to-date: /home/vboxuser/turtlebot3_ws/install/custom_interface/share/custom_interface/cmake/custom_interface__rosidl_typesupport_cppExport.cmake
[3.999s] -- Installing: /home/vboxuser/turtlebot3_ws/install/custom_interface/share/custom_interface/cmake/custom_interface__rosidl_typesupport_cppExport-noconfig.cmake
[3.999s] -- Installing: /home/vboxuser/turtlebot3_ws/install/custom_interface/share/custom_interface/cmake/rosidl_cmake-extras.cmake
[3.999s] -- Up-to-date: /home/vboxuser/turtlebot3_ws/install/custom_interface/share/custom_interface/cmake/ament_cmake_export_dependencies-extras.cmake
[3.999s] -- Up-to-date: /home/vboxuser/turtlebot3_ws/install/custom_interface/share/custom_interface/cmake/ament_cmake_export_libraries-extras.cmake
[3.999s] -- Up-to-date: /home/vboxuser/turtlebot3_ws/install/custom_interface/share/custom_interface/cmake/ament_cmake_export_targets-extras.cmake
[3.999s] -- Up-to-date: /home/vboxuser/turtlebot3_ws/install/custom_interface/share/custom_interface/cmake/ament_cmake_export_include_directories-extras.cmake
[3.999s] -- Up-to-date: /home/vboxuser/turtlebot3_ws/install/custom_interface/share/custom_interface/cmake/rosidl_cmake_export_typesupport_libraries-extras.cmake
[3.999s] -- Up-to-date: /home/vboxuser/turtlebot3_ws/install/custom_interface/share/custom_interface/cmake/rosidl_cmake_export_typesupport_targets-extras.cmake
[3.999s] -- Up-to-date: /home/vboxuser/turtlebot3_ws/install/custom_interface/share/custom_interface/cmake/custom_interfaceConfig.cmake
[3.999s] -- Up-to-date: /home/vboxuser/turtlebot3_ws/install/custom_interface/share/custom_interface/cmake/custom_interfaceConfig-version.cmake
[3.999s] -- Up-to-date: /home/vboxuser/turtlebot3_ws/install/custom_interface/share/custom_interface/package.xml
[4.001s] Invoked command in '/home/vboxuser/turtlebot3_ws/build/custom_interface' returned '0': CMAKE_PREFIX_PATH=${CMAKE_PREFIX_PATH}:/home/vboxuser/turtlebot3_ws/install/show_msg:/home/vboxuser/turtlebot3_ws/install/my_first_subscriber:/home/vboxuser/turtlebot3_ws/install/my_first_publisher:/home/vboxuser/turtlebot3_ws/install/my_first_node:/opt/ros/galactic /usr/bin/cmake --install /home/vboxuser/turtlebot3_ws/build/custom_interface
