[0.179s] Invoking command in '/home/vboxuser/turtlebot3_ws/build/my_world': CMAKE_PREFIX_PATH=${CMAKE_PREFIX_PATH}:/home/vboxuser/turtlebot3_ws/install/show_msg:/home/vboxuser/turtlebot3_ws/install/my_first_subscriber:/home/vboxuser/turtlebot3_ws/install/my_first_service:/home/vboxuser/turtlebot3_ws/install/my_first_publisher:/home/vboxuser/turtlebot3_ws/install/my_first_node:/home/vboxuser/turtlebot3_ws/install/my_first_action:/opt/ros/galactic /usr/bin/cmake --build /home/vboxuser/turtlebot3_ws/build/my_world -- -j4 -l4
[0.255s] [35m[1mScanning dependencies of target turtlebot3_drive[0m
[0.296s] [ 50%] [32mBuilding CXX object CMakeFiles/turtlebot3_drive.dir/src/turtlebot3_drive.cpp.o[0m
[8.686s] [100%] [32m[1mLinking CXX executable turtlebot3_drive[0m
[9.094s] [100%] Built target turtlebot3_drive
[9.109s] Invoked command in '/home/vboxuser/turtlebot3_ws/build/my_world' returned '0': CMAKE_PREFIX_PATH=${CMAKE_PREFIX_PATH}:/home/vboxuser/turtlebot3_ws/install/show_msg:/home/vboxuser/turtlebot3_ws/install/my_first_subscriber:/home/vboxuser/turtlebot3_ws/install/my_first_service:/home/vboxuser/turtlebot3_ws/install/my_first_publisher:/home/vboxuser/turtlebot3_ws/install/my_first_node:/home/vboxuser/turtlebot3_ws/install/my_first_action:/opt/ros/galactic /usr/bin/cmake --build /home/vboxuser/turtlebot3_ws/build/my_world -- -j4 -l4
[9.165s] Invoking command in '/home/vboxuser/turtlebot3_ws/build/my_world': CMAKE_PREFIX_PATH=${CMAKE_PREFIX_PATH}:/home/vboxuser/turtlebot3_ws/install/show_msg:/home/vboxuser/turtlebot3_ws/install/my_first_subscriber:/home/vboxuser/turtlebot3_ws/install/my_first_service:/home/vboxuser/turtlebot3_ws/install/my_first_publisher:/home/vboxuser/turtlebot3_ws/install/my_first_node:/home/vboxuser/turtlebot3_ws/install/my_first_action:/opt/ros/galactic /usr/bin/cmake --install /home/vboxuser/turtlebot3_ws/build/my_world
[9.175s] -- Install configuration: ""
[9.179s] -- Installing: /home/vboxuser/turtlebot3_ws/install/my_world/lib/my_world/turtlebot3_drive
[9.186s] -- Set runtime path of "/home/vboxuser/turtlebot3_ws/install/my_world/lib/my_world/turtlebot3_drive" to ""
[9.186s] -- Up-to-date: /home/vboxuser/turtlebot3_ws/install/my_world/share/my_world//launch
[9.186s] -- Up-to-date: /home/vboxuser/turtlebot3_ws/install/my_world/share/my_world//launch/turtlebot3_my_world.launch.py
[9.186s] -- Installing: /home/vboxuser/turtlebot3_ws/install/my_world/share/my_world//launch/log
[9.186s] -- Installing: /home/vboxuser/turtlebot3_ws/install/my_world/share/my_world//launch/log/COLCON_IGNORE
[9.187s] -- Installing: /home/vboxuser/turtlebot3_ws/install/my_world/share/my_world//launch/log/build_2024-03-26_11-47-26
[9.187s] -- Installing: /home/vboxuser/turtlebot3_ws/install/my_world/share/my_world//launch/log/build_2024-03-26_11-47-26/logger_all.log
[9.187s] -- Installing: /home/vboxuser/turtlebot3_ws/install/my_world/share/my_world//launch/log/build_2024-03-26_11-47-26/events.log
[9.187s] -- Installing: /home/vboxuser/turtlebot3_ws/install/my_world/share/my_world//launch/log/latest
[9.187s] -- Installing: /home/vboxuser/turtlebot3_ws/install/my_world/share/my_world//launch/log/latest_build
[9.188s] -- Installing: /home/vboxuser/turtlebot3_ws/install/my_world/share/my_world//launch/install
[9.189s] -- Installing: /home/vboxuser/turtlebot3_ws/install/my_world/share/my_world//launch/install/setup.sh
[9.189s] -- Installing: /home/vboxuser/turtlebot3_ws/install/my_world/share/my_world//launch/install/local_setup.ps1
[9.190s] -- Installing: /home/vboxuser/turtlebot3_ws/install/my_world/share/my_world//launch/install/setup.zsh
[9.190s] -- Installing: /home/vboxuser/turtlebot3_ws/install/my_world/share/my_world//launch/install/local_setup.sh
[9.190s] -- Installing: /home/vboxuser/turtlebot3_ws/install/my_world/share/my_world//launch/install/COLCON_IGNORE
[9.190s] -- Installing: /home/vboxuser/turtlebot3_ws/install/my_world/share/my_world//launch/install/local_setup.zsh
[9.191s] -- Installing: /home/vboxuser/turtlebot3_ws/install/my_world/share/my_world//launch/install/.colcon_install_layout
[9.191s] -- Installing: /home/vboxuser/turtlebot3_ws/install/my_world/share/my_world//launch/install/_local_setup_util_sh.py
[9.191s] -- Installing: /home/vboxuser/turtlebot3_ws/install/my_world/share/my_world//launch/install/_local_setup_util_ps1.py
[9.191s] -- Installing: /home/vboxuser/turtlebot3_ws/install/my_world/share/my_world//launch/install/setup.ps1
[9.191s] -- Installing: /home/vboxuser/turtlebot3_ws/install/my_world/share/my_world//launch/install/local_setup.bash
[9.191s] -- Installing: /home/vboxuser/turtlebot3_ws/install/my_world/share/my_world//launch/install/setup.bash
[9.191s] -- Installing: /home/vboxuser/turtlebot3_ws/install/my_world/share/my_world//launch/build
[9.191s] -- Installing: /home/vboxuser/turtlebot3_ws/install/my_world/share/my_world//launch/build/.built_by
[9.191s] -- Installing: /home/vboxuser/turtlebot3_ws/install/my_world/share/my_world//launch/build/COLCON_IGNORE
[9.191s] -- Up-to-date: /home/vboxuser/turtlebot3_ws/install/my_world/share/my_world//models
[9.191s] -- Up-to-date: /home/vboxuser/turtlebot3_ws/install/my_world/share/my_world//models/my_world
[9.192s] -- Up-to-date: /home/vboxuser/turtlebot3_ws/install/my_world/share/my_world//models/my_world/model.config
[9.192s] -- Up-to-date: /home/vboxuser/turtlebot3_ws/install/my_world/share/my_world//models/my_world/model.sdf
[9.192s] -- Up-to-date: /home/vboxuser/turtlebot3_ws/install/my_world/share/my_world//models/turtlebot3_burger
[9.193s] -- Up-to-date: /home/vboxuser/turtlebot3_ws/install/my_world/share/my_world//models/turtlebot3_burger/meshes
[9.193s] -- Up-to-date: /home/vboxuser/turtlebot3_ws/install/my_world/share/my_world//models/turtlebot3_burger/meshes/tire.dae
[9.193s] -- Up-to-date: /home/vboxuser/turtlebot3_ws/install/my_world/share/my_world//models/turtlebot3_burger/meshes/burger_base.dae
[9.193s] -- Up-to-date: /home/vboxuser/turtlebot3_ws/install/my_world/share/my_world//models/turtlebot3_burger/meshes/lds.dae
[9.193s] -- Up-to-date: /home/vboxuser/turtlebot3_ws/install/my_world/share/my_world//models/turtlebot3_burger/model-1_4.sdf
[9.193s] -- Up-to-date: /home/vboxuser/turtlebot3_ws/install/my_world/share/my_world//models/turtlebot3_burger/model.config
[9.194s] -- Up-to-date: /home/vboxuser/turtlebot3_ws/install/my_world/share/my_world//models/turtlebot3_burger/model.sdf
[9.194s] -- Up-to-date: /home/vboxuser/turtlebot3_ws/install/my_world/share/my_world//world
[9.194s] -- Up-to-date: /home/vboxuser/turtlebot3_ws/install/my_world/share/my_world//world/burguer.model
[9.194s] -- Up-to-date: /home/vboxuser/turtlebot3_ws/install/my_world/share/my_world//urdf
[9.194s] -- Up-to-date: /home/vboxuser/turtlebot3_ws/install/my_world/share/my_world//urdf/turtlebot3_burger.urdf
[9.195s] -- Up-to-date: /home/vboxuser/turtlebot3_ws/install/my_world/share/my_world//urdf/turtlebot3_burger_pi.urdf
[9.195s] -- Up-to-date: /home/vboxuser/turtlebot3_ws/install/my_world/include/
[9.195s] -- Up-to-date: /home/vboxuser/turtlebot3_ws/install/my_world/include//my_world
[9.195s] -- Up-to-date: /home/vboxuser/turtlebot3_ws/install/my_world/share/ament_index/resource_index/package_run_dependencies/my_world
[9.195s] -- Up-to-date: /home/vboxuser/turtlebot3_ws/install/my_world/share/ament_index/resource_index/parent_prefix_path/my_world
[9.195s] -- Up-to-date: /home/vboxuser/turtlebot3_ws/install/my_world/share/my_world/environment/ament_prefix_path.sh
[9.195s] -- Up-to-date: /home/vboxuser/turtlebot3_ws/install/my_world/share/my_world/environment/ament_prefix_path.dsv
[9.196s] -- Up-to-date: /home/vboxuser/turtlebot3_ws/install/my_world/share/my_world/environment/path.sh
[9.197s] -- Up-to-date: /home/vboxuser/turtlebot3_ws/install/my_world/share/my_world/environment/path.dsv
[9.197s] -- Up-to-date: /home/vboxuser/turtlebot3_ws/install/my_world/share/my_world/local_setup.bash
[9.197s] -- Up-to-date: /home/vboxuser/turtlebot3_ws/install/my_world/share/my_world/local_setup.sh
[9.197s] -- Up-to-date: /home/vboxuser/turtlebot3_ws/install/my_world/share/my_world/local_setup.zsh
[9.197s] -- Up-to-date: /home/vboxuser/turtlebot3_ws/install/my_world/share/my_world/local_setup.dsv
[9.197s] -- Installing: /home/vboxuser/turtlebot3_ws/install/my_world/share/my_world/package.dsv
[9.197s] -- Up-to-date: /home/vboxuser/turtlebot3_ws/install/my_world/share/ament_index/resource_index/packages/my_world
[9.197s] -- Up-to-date: /home/vboxuser/turtlebot3_ws/install/my_world/share/my_world/cmake/ament_cmake_export_include_directories-extras.cmake
[9.197s] -- Up-to-date: /home/vboxuser/turtlebot3_ws/install/my_world/share/my_world/cmake/ament_cmake_export_dependencies-extras.cmake
[9.198s] -- Up-to-date: /home/vboxuser/turtlebot3_ws/install/my_world/share/my_world/cmake/my_worldConfig.cmake
[9.198s] -- Up-to-date: /home/vboxuser/turtlebot3_ws/install/my_world/share/my_world/cmake/my_worldConfig-version.cmake
[9.198s] -- Up-to-date: /home/vboxuser/turtlebot3_ws/install/my_world/share/my_world/package.xml
[9.198s] Invoked command in '/home/vboxuser/turtlebot3_ws/build/my_world' returned '0': CMAKE_PREFIX_PATH=${CMAKE_PREFIX_PATH}:/home/vboxuser/turtlebot3_ws/install/show_msg:/home/vboxuser/turtlebot3_ws/install/my_first_subscriber:/home/vboxuser/turtlebot3_ws/install/my_first_service:/home/vboxuser/turtlebot3_ws/install/my_first_publisher:/home/vboxuser/turtlebot3_ws/install/my_first_node:/home/vboxuser/turtlebot3_ws/install/my_first_action:/opt/ros/galactic /usr/bin/cmake --install /home/vboxuser/turtlebot3_ws/build/my_world
