running egg_info
writing ../../../build/proy_eq1_nav_manual/proy_eq1_nav_manual.egg-info/PKG-INFO
writing dependency_links to ../../../build/proy_eq1_nav_manual/proy_eq1_nav_manual.egg-info/dependency_links.txt
writing entry points to ../../../build/proy_eq1_nav_manual/proy_eq1_nav_manual.egg-info/entry_points.txt
writing requirements to ../../../build/proy_eq1_nav_manual/proy_eq1_nav_manual.egg-info/requires.txt
writing top-level names to ../../../build/proy_eq1_nav_manual/proy_eq1_nav_manual.egg-info/top_level.txt
reading manifest file '../../../build/proy_eq1_nav_manual/proy_eq1_nav_manual.egg-info/SOURCES.txt'
writing manifest file '../../../build/proy_eq1_nav_manual/proy_eq1_nav_manual.egg-info/SOURCES.txt'
running build
running build_py
copying proy_eq1_nav_manual/__init__.py -> /home/vboxuser/turtlebot3_ws/build/proy_eq1_nav_manual/build/lib/proy_eq1_nav_manual
running install
running install_lib
copying /home/vboxuser/turtlebot3_ws/build/proy_eq1_nav_manual/build/lib/proy_eq1_nav_manual/__init__.py -> /home/vboxuser/turtlebot3_ws/install/proy_eq1_nav_manual/lib/python3.8/site-packages/proy_eq1_nav_manual
byte-compiling /home/vboxuser/turtlebot3_ws/install/proy_eq1_nav_manual/lib/python3.8/site-packages/proy_eq1_nav_manual/__init__.py to __init__.cpython-38.pyc
running install_data
copying resource/proy_eq1_nav_manual -> /home/vboxuser/turtlebot3_ws/install/proy_eq1_nav_manual/share/ament_index/resource_index/packages
copying package.xml -> /home/vboxuser/turtlebot3_ws/install/proy_eq1_nav_manual/share/proy_eq1_nav_manual
running install_egg_info
Copying ../../../build/proy_eq1_nav_manual/proy_eq1_nav_manual.egg-info to /home/vboxuser/turtlebot3_ws/install/proy_eq1_nav_manual/lib/python3.8/site-packages/proy_eq1_nav_manual-0.0.0-py3.8.egg-info
running install_scripts
writing list of installed files to '/home/vboxuser/turtlebot3_ws/build/proy_eq1_nav_manual/install.log'
