[0.778s] Invoking command in '/home/vboxuser/turtlebot3_ws/src/show_msg': CMAKE_PREFIX_PATH=/home/vboxuser/turtlebot3_ws/install/custom_interface:/home/vboxuser/turtlebot3_ws/install/turtlebot3_simulations:/home/vboxuser/turtlebot3_ws/install/turtlebot3_gazebo:/home/vboxuser/turtlebot3_ws/install/turtlebot3_fake_node PYTHONPATH=/home/vboxuser/turtlebot3_ws/build/show_msg/prefix_override:/home/vboxuser/turtlebot3_ws/install/show_msg/lib/python3.8/site-packages:/home/vboxuser/turtlebot3_ws/install/custom_interface/lib/python3.8/site-packages:/home/vboxuser/turtlebot3_ws/install/show_msg/lib/python3.8/site-packages:/home/vboxuser/turtlebot3_ws/install/my_first_subscriber/lib/python3.8/site-packages:/home/vboxuser/turtlebot3_ws/install/my_first_publisher/lib/python3.8/site-packages:/home/vboxuser/turtlebot3_ws/install/my_first_node/lib/python3.8/site-packages:/opt/ros/galactic/lib/python3.8/site-packages /usr/bin/python3 setup.py egg_info --egg-base ../../build/show_msg build --build-base /home/vboxuser/turtlebot3_ws/build/show_msg/build install --record /home/vboxuser/turtlebot3_ws/build/show_msg/install.log --single-version-externally-managed
[0.975s] running egg_info
[0.976s] writing ../../build/show_msg/show_msg.egg-info/PKG-INFO
[0.976s] writing dependency_links to ../../build/show_msg/show_msg.egg-info/dependency_links.txt
[0.976s] writing entry points to ../../build/show_msg/show_msg.egg-info/entry_points.txt
[0.977s] writing requirements to ../../build/show_msg/show_msg.egg-info/requires.txt
[0.977s] writing top-level names to ../../build/show_msg/show_msg.egg-info/top_level.txt
[1.004s] reading manifest file '../../build/show_msg/show_msg.egg-info/SOURCES.txt'
[1.005s] writing manifest file '../../build/show_msg/show_msg.egg-info/SOURCES.txt'
[1.005s] running build
[1.005s] running build_py
[1.005s] copying show_msg/show_msg_param.py -> /home/vboxuser/turtlebot3_ws/build/show_msg/build/lib/show_msg
[1.005s] running install
[1.006s] running install_lib
[1.007s] copying /home/vboxuser/turtlebot3_ws/build/show_msg/build/lib/show_msg/show_msg_param.py -> /home/vboxuser/turtlebot3_ws/install/show_msg/lib/python3.8/site-packages/show_msg
[1.007s] byte-compiling /home/vboxuser/turtlebot3_ws/install/show_msg/lib/python3.8/site-packages/show_msg/show_msg_param.py to show_msg_param.cpython-38.pyc
[1.008s] running install_data
[1.009s] copying launch/show_msg_param.launch.py -> /home/vboxuser/turtlebot3_ws/install/show_msg/share/show_msg
[1.009s] running install_egg_info
[1.010s] removing '/home/vboxuser/turtlebot3_ws/install/show_msg/lib/python3.8/site-packages/show_msg-0.0.0-py3.8.egg-info' (and everything under it)
[1.010s] Copying ../../build/show_msg/show_msg.egg-info to /home/vboxuser/turtlebot3_ws/install/show_msg/lib/python3.8/site-packages/show_msg-0.0.0-py3.8.egg-info
[1.011s] running install_scripts
[1.025s] Installing show_msg = show_msg.show_msg:mainshow_msg_param script to /home/vboxuser/turtlebot3_ws/install/show_msg/lib/show_msg
[1.025s] writing list of installed files to '/home/vboxuser/turtlebot3_ws/build/show_msg/install.log'
[1.046s] Invoked command in '/home/vboxuser/turtlebot3_ws/src/show_msg' returned '0': CMAKE_PREFIX_PATH=/home/vboxuser/turtlebot3_ws/install/custom_interface:/home/vboxuser/turtlebot3_ws/install/turtlebot3_simulations:/home/vboxuser/turtlebot3_ws/install/turtlebot3_gazebo:/home/vboxuser/turtlebot3_ws/install/turtlebot3_fake_node PYTHONPATH=/home/vboxuser/turtlebot3_ws/build/show_msg/prefix_override:/home/vboxuser/turtlebot3_ws/install/show_msg/lib/python3.8/site-packages:/home/vboxuser/turtlebot3_ws/install/custom_interface/lib/python3.8/site-packages:/home/vboxuser/turtlebot3_ws/install/show_msg/lib/python3.8/site-packages:/home/vboxuser/turtlebot3_ws/install/my_first_subscriber/lib/python3.8/site-packages:/home/vboxuser/turtlebot3_ws/install/my_first_publisher/lib/python3.8/site-packages:/home/vboxuser/turtlebot3_ws/install/my_first_node/lib/python3.8/site-packages:/opt/ros/galactic/lib/python3.8/site-packages /usr/bin/python3 setup.py egg_info --egg-base ../../build/show_msg build --build-base /home/vboxuser/turtlebot3_ws/build/show_msg/build install --record /home/vboxuser/turtlebot3_ws/build/show_msg/install.log --single-version-externally-managed
