[0.722s] Invoking command in '/home/vboxuser/turtlebot3_ws/src/movimiento_manual_service': CMAKE_PREFIX_PATH=/home/vboxuser/turtlebot3_ws/install/custom_interface:/home/vboxuser/turtlebot3_ws/install/turtlebot3_simulations:/home/vboxuser/turtlebot3_ws/install/my_world:/home/vboxuser/turtlebot3_ws/install/turtlebot3_gazebo:/home/vboxuser/turtlebot3_ws/install/turtlebot3_fake_node PYTHONPATH=/home/vboxuser/turtlebot3_ws/build/movimiento_manual_service/prefix_override:/home/vboxuser/turtlebot3_ws/install/movimiento_manual_service/lib/python3.8/site-packages:/home/vboxuser/turtlebot3_ws/install/custom_interface/lib/python3.8/site-packages:/home/vboxuser/turtlebot3_ws/install/show_msg/lib/python3.8/site-packages:/home/vboxuser/turtlebot3_ws/install/my_first_subscriber/lib/python3.8/site-packages:/home/vboxuser/turtlebot3_ws/install/my_first_service/lib/python3.8/site-packages:/home/vboxuser/turtlebot3_ws/install/my_first_publisher/lib/python3.8/site-packages:/home/vboxuser/turtlebot3_ws/install/my_first_node/lib/python3.8/site-packages:/home/vboxuser/turtlebot3_ws/install/my_first_action/lib/python3.8/site-packages:/home/vboxuser/turtlebot3_ws/install/movimiento_manual_service/lib/python3.8/site-packages:/opt/ros/galactic/lib/python3.8/site-packages /usr/bin/python3 setup.py egg_info --egg-base ../../build/movimiento_manual_service build --build-base /home/vboxuser/turtlebot3_ws/build/movimiento_manual_service/build install --record /home/vboxuser/turtlebot3_ws/build/movimiento_manual_service/install.log --single-version-externally-managed
[0.888s] running egg_info
[0.888s] writing ../../build/movimiento_manual_service/movimiento_manual_service.egg-info/PKG-INFO
[0.888s] writing dependency_links to ../../build/movimiento_manual_service/movimiento_manual_service.egg-info/dependency_links.txt
[0.888s] writing entry points to ../../build/movimiento_manual_service/movimiento_manual_service.egg-info/entry_points.txt
[0.888s] writing requirements to ../../build/movimiento_manual_service/movimiento_manual_service.egg-info/requires.txt
[0.889s] writing top-level names to ../../build/movimiento_manual_service/movimiento_manual_service.egg-info/top_level.txt
[0.912s] reading manifest file '../../build/movimiento_manual_service/movimiento_manual_service.egg-info/SOURCES.txt'
[0.913s] writing manifest file '../../build/movimiento_manual_service/movimiento_manual_service.egg-info/SOURCES.txt'
[0.913s] running build
[0.913s] running build_py
[0.913s] copying movimiento_manual_service/movement_server.py -> /home/vboxuser/turtlebot3_ws/build/movimiento_manual_service/build/lib/movimiento_manual_service
[0.914s] running install
[0.914s] running install_lib
[0.915s] copying /home/vboxuser/turtlebot3_ws/build/movimiento_manual_service/build/lib/movimiento_manual_service/movement_server.py -> /home/vboxuser/turtlebot3_ws/install/movimiento_manual_service/lib/python3.8/site-packages/movimiento_manual_service
[0.915s] byte-compiling /home/vboxuser/turtlebot3_ws/install/movimiento_manual_service/lib/python3.8/site-packages/movimiento_manual_service/movement_server.py to movement_server.cpython-38.pyc
[0.917s] running install_data
[0.917s] running install_egg_info
[0.918s] removing '/home/vboxuser/turtlebot3_ws/install/movimiento_manual_service/lib/python3.8/site-packages/movimiento_manual_service-0.0.0-py3.8.egg-info' (and everything under it)
[0.931s] Copying ../../build/movimiento_manual_service/movimiento_manual_service.egg-info to /home/vboxuser/turtlebot3_ws/install/movimiento_manual_service/lib/python3.8/site-packages/movimiento_manual_service-0.0.0-py3.8.egg-info
[0.932s] running install_scripts
[0.946s] Installing movement_client script to /home/vboxuser/turtlebot3_ws/install/movimiento_manual_service/lib/movimiento_manual_service
[0.946s] Installing movement_server script to /home/vboxuser/turtlebot3_ws/install/movimiento_manual_service/lib/movimiento_manual_service
[0.946s] writing list of installed files to '/home/vboxuser/turtlebot3_ws/build/movimiento_manual_service/install.log'
[0.961s] Invoked command in '/home/vboxuser/turtlebot3_ws/src/movimiento_manual_service' returned '0': CMAKE_PREFIX_PATH=/home/vboxuser/turtlebot3_ws/install/custom_interface:/home/vboxuser/turtlebot3_ws/install/turtlebot3_simulations:/home/vboxuser/turtlebot3_ws/install/my_world:/home/vboxuser/turtlebot3_ws/install/turtlebot3_gazebo:/home/vboxuser/turtlebot3_ws/install/turtlebot3_fake_node PYTHONPATH=/home/vboxuser/turtlebot3_ws/build/movimiento_manual_service/prefix_override:/home/vboxuser/turtlebot3_ws/install/movimiento_manual_service/lib/python3.8/site-packages:/home/vboxuser/turtlebot3_ws/install/custom_interface/lib/python3.8/site-packages:/home/vboxuser/turtlebot3_ws/install/show_msg/lib/python3.8/site-packages:/home/vboxuser/turtlebot3_ws/install/my_first_subscriber/lib/python3.8/site-packages:/home/vboxuser/turtlebot3_ws/install/my_first_service/lib/python3.8/site-packages:/home/vboxuser/turtlebot3_ws/install/my_first_publisher/lib/python3.8/site-packages:/home/vboxuser/turtlebot3_ws/install/my_first_node/lib/python3.8/site-packages:/home/vboxuser/turtlebot3_ws/install/my_first_action/lib/python3.8/site-packages:/home/vboxuser/turtlebot3_ws/install/movimiento_manual_service/lib/python3.8/site-packages:/opt/ros/galactic/lib/python3.8/site-packages /usr/bin/python3 setup.py egg_info --egg-base ../../build/movimiento_manual_service build --build-base /home/vboxuser/turtlebot3_ws/build/movimiento_manual_service/build install --record /home/vboxuser/turtlebot3_ws/build/movimiento_manual_service/install.log --single-version-externally-managed
