running egg_info
creating ../../../build/proy_eq1_nav2_system/proy_eq1_nav2_system.egg-info
writing ../../../build/proy_eq1_nav2_system/proy_eq1_nav2_system.egg-info/PKG-INFO
writing dependency_links to ../../../build/proy_eq1_nav2_system/proy_eq1_nav2_system.egg-info/dependency_links.txt
writing entry points to ../../../build/proy_eq1_nav2_system/proy_eq1_nav2_system.egg-info/entry_points.txt
writing requirements to ../../../build/proy_eq1_nav2_system/proy_eq1_nav2_system.egg-info/requires.txt
writing top-level names to ../../../build/proy_eq1_nav2_system/proy_eq1_nav2_system.egg-info/top_level.txt
writing manifest file '../../../build/proy_eq1_nav2_system/proy_eq1_nav2_system.egg-info/SOURCES.txt'
reading manifest file '../../../build/proy_eq1_nav2_system/proy_eq1_nav2_system.egg-info/SOURCES.txt'
writing manifest file '../../../build/proy_eq1_nav2_system/proy_eq1_nav2_system.egg-info/SOURCES.txt'
running build
running build_py
creating /home/vboxuser/turtlebot3_ws/build/proy_eq1_nav2_system/build
creating /home/vboxuser/turtlebot3_ws/build/proy_eq1_nav2_system/build/lib
creating /home/vboxuser/turtlebot3_ws/build/proy_eq1_nav2_system/build/lib/proy_eq1_nav2_system
copying proy_eq1_nav2_system/__init__.py -> /home/vboxuser/turtlebot3_ws/build/proy_eq1_nav2_system/build/lib/proy_eq1_nav2_system
running install
running install_lib
creating /home/vboxuser/turtlebot3_ws/install/proy_eq1_nav2_system/lib/python3.8/site-packages/proy_eq1_nav2_system
copying /home/vboxuser/turtlebot3_ws/build/proy_eq1_nav2_system/build/lib/proy_eq1_nav2_system/__init__.py -> /home/vboxuser/turtlebot3_ws/install/proy_eq1_nav2_system/lib/python3.8/site-packages/proy_eq1_nav2_system
byte-compiling /home/vboxuser/turtlebot3_ws/install/proy_eq1_nav2_system/lib/python3.8/site-packages/proy_eq1_nav2_system/__init__.py to __init__.cpython-38.pyc
running install_data
creating /home/vboxuser/turtlebot3_ws/install/proy_eq1_nav2_system/share/ament_index
creating /home/vboxuser/turtlebot3_ws/install/proy_eq1_nav2_system/share/ament_index/resource_index
creating /home/vboxuser/turtlebot3_ws/install/proy_eq1_nav2_system/share/ament_index/resource_index/packages
copying resource/proy_eq1_nav2_system -> /home/vboxuser/turtlebot3_ws/install/proy_eq1_nav2_system/share/ament_index/resource_index/packages
copying package.xml -> /home/vboxuser/turtlebot3_ws/install/proy_eq1_nav2_system/share/proy_eq1_nav2_system
creating /home/vboxuser/turtlebot3_ws/install/proy_eq1_nav2_system/share/proy_eq1_nav2_system/launch
copying launch/proy_eq1_nav2_system.launch.py -> /home/vboxuser/turtlebot3_ws/install/proy_eq1_nav2_system/share/proy_eq1_nav2_system/launch
creating /home/vboxuser/turtlebot3_ws/install/proy_eq1_nav2_system/share/proy_eq1_nav2_system/config
copying config/my_nav2_params.yaml -> /home/vboxuser/turtlebot3_ws/install/proy_eq1_nav2_system/share/proy_eq1_nav2_system/config
running install_egg_info
Copying ../../../build/proy_eq1_nav2_system/proy_eq1_nav2_system.egg-info to /home/vboxuser/turtlebot3_ws/install/proy_eq1_nav2_system/lib/python3.8/site-packages/proy_eq1_nav2_system-0.0.0-py3.8.egg-info
running install_scripts
writing list of installed files to '/home/vboxuser/turtlebot3_ws/build/proy_eq1_nav2_system/install.log'
