[0.801s] Invoking command in '/home/vboxuser/turtlebot3_ws/src/proy_eq1/proy_eq1_nav2_system': PYTHONPATH=/home/vboxuser/turtlebot3_ws/build/proy_eq1_nav2_system/prefix_override:/home/vboxuser/turtlebot3_ws/install/proy_eq1_nav2_system/lib/python3.8/site-packages:${PYTHONPATH} /usr/bin/python3 setup.py egg_info --egg-base ../../../build/proy_eq1_nav2_system build --build-base /home/vboxuser/turtlebot3_ws/build/proy_eq1_nav2_system/build install --record /home/vboxuser/turtlebot3_ws/build/proy_eq1_nav2_system/install.log --single-version-externally-managed
[0.972s] running egg_info
[0.972s] creating ../../../build/proy_eq1_nav2_system/proy_eq1_nav2_system.egg-info
[0.972s] writing ../../../build/proy_eq1_nav2_system/proy_eq1_nav2_system.egg-info/PKG-INFO
[0.972s] writing dependency_links to ../../../build/proy_eq1_nav2_system/proy_eq1_nav2_system.egg-info/dependency_links.txt
[0.973s] writing entry points to ../../../build/proy_eq1_nav2_system/proy_eq1_nav2_system.egg-info/entry_points.txt
[0.973s] writing requirements to ../../../build/proy_eq1_nav2_system/proy_eq1_nav2_system.egg-info/requires.txt
[0.973s] writing top-level names to ../../../build/proy_eq1_nav2_system/proy_eq1_nav2_system.egg-info/top_level.txt
[0.977s] writing manifest file '../../../build/proy_eq1_nav2_system/proy_eq1_nav2_system.egg-info/SOURCES.txt'
[1.000s] reading manifest file '../../../build/proy_eq1_nav2_system/proy_eq1_nav2_system.egg-info/SOURCES.txt'
[1.000s] writing manifest file '../../../build/proy_eq1_nav2_system/proy_eq1_nav2_system.egg-info/SOURCES.txt'
[1.001s] running build
[1.001s] running build_py
[1.001s] creating /home/vboxuser/turtlebot3_ws/build/proy_eq1_nav2_system/build
[1.001s] creating /home/vboxuser/turtlebot3_ws/build/proy_eq1_nav2_system/build/lib
[1.001s] creating /home/vboxuser/turtlebot3_ws/build/proy_eq1_nav2_system/build/lib/proy_eq1_nav2_system
[1.001s] copying proy_eq1_nav2_system/__init__.py -> /home/vboxuser/turtlebot3_ws/build/proy_eq1_nav2_system/build/lib/proy_eq1_nav2_system
[1.001s] running install
[1.002s] running install_lib
[1.002s] creating /home/vboxuser/turtlebot3_ws/install/proy_eq1_nav2_system/lib/python3.8/site-packages/proy_eq1_nav2_system
[1.002s] copying /home/vboxuser/turtlebot3_ws/build/proy_eq1_nav2_system/build/lib/proy_eq1_nav2_system/__init__.py -> /home/vboxuser/turtlebot3_ws/install/proy_eq1_nav2_system/lib/python3.8/site-packages/proy_eq1_nav2_system
[1.003s] byte-compiling /home/vboxuser/turtlebot3_ws/install/proy_eq1_nav2_system/lib/python3.8/site-packages/proy_eq1_nav2_system/__init__.py to __init__.cpython-38.pyc
[1.004s] running install_data
[1.004s] creating /home/vboxuser/turtlebot3_ws/install/proy_eq1_nav2_system/share/ament_index
[1.004s] creating /home/vboxuser/turtlebot3_ws/install/proy_eq1_nav2_system/share/ament_index/resource_index
[1.004s] creating /home/vboxuser/turtlebot3_ws/install/proy_eq1_nav2_system/share/ament_index/resource_index/packages
[1.004s] copying resource/proy_eq1_nav2_system -> /home/vboxuser/turtlebot3_ws/install/proy_eq1_nav2_system/share/ament_index/resource_index/packages
[1.004s] copying package.xml -> /home/vboxuser/turtlebot3_ws/install/proy_eq1_nav2_system/share/proy_eq1_nav2_system
[1.004s] creating /home/vboxuser/turtlebot3_ws/install/proy_eq1_nav2_system/share/proy_eq1_nav2_system/launch
[1.004s] copying launch/proy_eq1_nav2_system.launch.py -> /home/vboxuser/turtlebot3_ws/install/proy_eq1_nav2_system/share/proy_eq1_nav2_system/launch
[1.004s] creating /home/vboxuser/turtlebot3_ws/install/proy_eq1_nav2_system/share/proy_eq1_nav2_system/config
[1.004s] copying config/my_nav2_params.yaml -> /home/vboxuser/turtlebot3_ws/install/proy_eq1_nav2_system/share/proy_eq1_nav2_system/config
[1.004s] running install_egg_info
[1.005s] Copying ../../../build/proy_eq1_nav2_system/proy_eq1_nav2_system.egg-info to /home/vboxuser/turtlebot3_ws/install/proy_eq1_nav2_system/lib/python3.8/site-packages/proy_eq1_nav2_system-0.0.0-py3.8.egg-info
[1.006s] running install_scripts
[1.020s] writing list of installed files to '/home/vboxuser/turtlebot3_ws/build/proy_eq1_nav2_system/install.log'
[1.035s] Invoked command in '/home/vboxuser/turtlebot3_ws/src/proy_eq1/proy_eq1_nav2_system' returned '0': PYTHONPATH=/home/vboxuser/turtlebot3_ws/build/proy_eq1_nav2_system/prefix_override:/home/vboxuser/turtlebot3_ws/install/proy_eq1_nav2_system/lib/python3.8/site-packages:${PYTHONPATH} /usr/bin/python3 setup.py egg_info --egg-base ../../../build/proy_eq1_nav2_system build --build-base /home/vboxuser/turtlebot3_ws/build/proy_eq1_nav2_system/build install --record /home/vboxuser/turtlebot3_ws/build/proy_eq1_nav2_system/install.log --single-version-externally-managed
