[1.381s] Invoking command in '/home/vboxuser/turtlebot3_ws/src/my_first_publisher': PYTHONPATH=/home/vboxuser/turtlebot3_ws/build/my_first_publisher/prefix_override:/home/vboxuser/turtlebot3_ws/install/my_first_publisher/lib/python3.8/site-packages:${PYTHONPATH} /usr/bin/python3 setup.py egg_info --egg-base ../../build/my_first_publisher build --build-base /home/vboxuser/turtlebot3_ws/build/my_first_publisher/build install --record /home/vboxuser/turtlebot3_ws/build/my_first_publisher/install.log --single-version-externally-managed
[1.597s] running egg_info
[1.597s] creating ../../build/my_first_publisher/my_first_publisher.egg-info
[1.599s] writing ../../build/my_first_publisher/my_first_publisher.egg-info/PKG-INFO
[1.599s] writing dependency_links to ../../build/my_first_publisher/my_first_publisher.egg-info/dependency_links.txt
[1.599s] writing entry points to ../../build/my_first_publisher/my_first_publisher.egg-info/entry_points.txt
[1.601s] writing requirements to ../../build/my_first_publisher/my_first_publisher.egg-info/requires.txt
[1.602s] writing top-level names to ../../build/my_first_publisher/my_first_publisher.egg-info/top_level.txt
[1.603s] writing manifest file '../../build/my_first_publisher/my_first_publisher.egg-info/SOURCES.txt'
[1.630s] reading manifest file '../../build/my_first_publisher/my_first_publisher.egg-info/SOURCES.txt'
[1.631s] writing manifest file '../../build/my_first_publisher/my_first_publisher.egg-info/SOURCES.txt'
[1.633s] running build
[1.633s] running build_py
[1.633s] creating /home/vboxuser/turtlebot3_ws/build/my_first_publisher/build
[1.633s] creating /home/vboxuser/turtlebot3_ws/build/my_first_publisher/build/lib
[1.634s] creating /home/vboxuser/turtlebot3_ws/build/my_first_publisher/build/lib/my_first_publisher
[1.634s] copying my_first_publisher/simple_publisher.py -> /home/vboxuser/turtlebot3_ws/build/my_first_publisher/build/lib/my_first_publisher
[1.634s] copying my_first_publisher/__init__.py -> /home/vboxuser/turtlebot3_ws/build/my_first_publisher/build/lib/my_first_publisher
[1.634s] running install
[1.634s] running install_lib
[1.635s] creating /home/vboxuser/turtlebot3_ws/install/my_first_publisher/lib/python3.8/site-packages/my_first_publisher
[1.635s] copying /home/vboxuser/turtlebot3_ws/build/my_first_publisher/build/lib/my_first_publisher/simple_publisher.py -> /home/vboxuser/turtlebot3_ws/install/my_first_publisher/lib/python3.8/site-packages/my_first_publisher
[1.635s] copying /home/vboxuser/turtlebot3_ws/build/my_first_publisher/build/lib/my_first_publisher/__init__.py -> /home/vboxuser/turtlebot3_ws/install/my_first_publisher/lib/python3.8/site-packages/my_first_publisher
[1.635s] byte-compiling /home/vboxuser/turtlebot3_ws/install/my_first_publisher/lib/python3.8/site-packages/my_first_publisher/simple_publisher.py to simple_publisher.cpython-38.pyc
[1.635s] byte-compiling /home/vboxuser/turtlebot3_ws/install/my_first_publisher/lib/python3.8/site-packages/my_first_publisher/__init__.py to __init__.cpython-38.pyc
[1.635s] running install_data
[1.635s] creating /home/vboxuser/turtlebot3_ws/install/my_first_publisher/share/ament_index
[1.635s] creating /home/vboxuser/turtlebot3_ws/install/my_first_publisher/share/ament_index/resource_index
[1.635s] creating /home/vboxuser/turtlebot3_ws/install/my_first_publisher/share/ament_index/resource_index/packages
[1.635s] copying resource/my_first_publisher -> /home/vboxuser/turtlebot3_ws/install/my_first_publisher/share/ament_index/resource_index/packages
[1.635s] copying package.xml -> /home/vboxuser/turtlebot3_ws/install/my_first_publisher/share/my_first_publisher
[1.635s] copying launch/my_first_publisher.launch.py -> /home/vboxuser/turtlebot3_ws/install/my_first_publisher/share/my_first_publisher
[1.635s] running install_egg_info
[1.635s] Copying ../../build/my_first_publisher/my_first_publisher.egg-info to /home/vboxuser/turtlebot3_ws/install/my_first_publisher/lib/python3.8/site-packages/my_first_publisher-0.0.0-py3.8.egg-info
[1.636s] running install_scripts
[1.653s] Installing simple_publisher script to /home/vboxuser/turtlebot3_ws/install/my_first_publisher/lib/my_first_publisher
[1.654s] writing list of installed files to '/home/vboxuser/turtlebot3_ws/build/my_first_publisher/install.log'
[1.822s] Invoked command in '/home/vboxuser/turtlebot3_ws/src/my_first_publisher' returned '0': PYTHONPATH=/home/vboxuser/turtlebot3_ws/build/my_first_publisher/prefix_override:/home/vboxuser/turtlebot3_ws/install/my_first_publisher/lib/python3.8/site-packages:${PYTHONPATH} /usr/bin/python3 setup.py egg_info --egg-base ../../build/my_first_publisher build --build-base /home/vboxuser/turtlebot3_ws/build/my_first_publisher/build install --record /home/vboxuser/turtlebot3_ws/build/my_first_publisher/install.log --single-version-externally-managed
