[0.000000] (-) TimerEvent: {}
[0.000372] (-) JobUnselected: {'identifier': 'custom_interface'}
[0.000404] (-) JobUnselected: {'identifier': 'movimiento_manual_service'}
[0.000415] (-) JobUnselected: {'identifier': 'my_first_action'}
[0.000425] (-) JobUnselected: {'identifier': 'my_first_node'}
[0.000434] (-) JobUnselected: {'identifier': 'my_first_publisher'}
[0.000597] (-) JobUnselected: {'identifier': 'my_first_subscriber'}
[0.000611] (-) JobUnselected: {'identifier': 'my_world'}
[0.000620] (-) JobUnselected: {'identifier': 'proy_asun'}
[0.000628] (-) JobUnselected: {'identifier': 'proy_eq1_custom_interface'}
[0.000637] (-) JobUnselected: {'identifier': 'proy_eq1_nav_manual'}
[0.000645] (-) JobUnselected: {'identifier': 'show_msg'}
[0.000654] (-) JobUnselected: {'identifier': 'turtlebot3_fake_node'}
[0.000662] (-) JobUnselected: {'identifier': 'turtlebot3_gazebo'}
[0.000671] (-) JobUnselected: {'identifier': 'turtlebot3_simulations'}
[0.000684] (proy_eq1) JobQueued: {'identifier': 'proy_eq1', 'dependencies': OrderedDict([('custom_interface', '/home/vboxuser/turtlebot3_ws/install/custom_interface'), ('proy_eq1_custom_interface', '/home/vboxuser/turtlebot3_ws/install/proy_eq1_custom_interface'), ('proy_eq1_nav_manual', '/home/vboxuser/turtlebot3_ws/install/proy_eq1_nav_manual')])}
[0.001040] (proy_eq1) JobStarted: {'identifier': 'proy_eq1'}
[0.100084] (-) TimerEvent: {}
[0.201017] (-) TimerEvent: {}
[0.203194] (proy_eq1) JobEnded: {'identifier': 'proy_eq1', 'rc': 1}
[0.214014] (-) EventReactorShutdown: {}
