[1.931s] DEBUG:colcon:Command line arguments: ['/usr/bin/colcon', 'build', '--packages-select', 'my_world']
[1.931s] DEBUG:colcon:Parsed command line arguments: Namespace(allow_overriding=[], ament_cmake_args=None, base_paths=['.'], build_base='build', catkin_cmake_args=None, catkin_skip_building_tests=False, cmake_args=None, cmake_clean_cache=False, cmake_clean_first=False, cmake_force_configure=False, cmake_target=None, cmake_target_skip_unavailable=False, continue_on_error=False, event_handlers=None, executor='parallel', ignore_user_meta=False, install_base='install', log_base=None, log_level=None, main=<bound method BuildVerb.main of <colcon_core.verb.build.BuildVerb object at 0x7f80e06eccd0>>, merge_install=False, metas=['./colcon.meta'], packages_above=None, packages_above_and_dependencies=None, packages_above_depth=None, packages_end=None, packages_ignore=None, packages_ignore_regex=None, packages_select=['my_world'], packages_select_build_failed=False, packages_select_by_dep=None, packages_select_regex=None, packages_select_test_failures=False, packages_skip=None, packages_skip_build_finished=False, packages_skip_by_dep=None, packages_skip_regex=None, packages_skip_test_passed=False, packages_skip_up_to=None, packages_start=None, packages_up_to=None, packages_up_to_regex=None, parallel_workers=4, paths=None, symlink_install=False, test_result_base=None, verb_extension=<colcon_core.verb.build.BuildVerb object at 0x7f80e06eccd0>, verb_name='build', verb_parser=<colcon_defaults.argument_parser.defaults.DefaultArgumentsDecorator object at 0x7f80e06e2700>)
[2.015s] Level 1:colcon.colcon_core.package_discovery:discover_packages(colcon_meta) check parameters
[2.016s] Level 1:colcon.colcon_core.package_discovery:discover_packages(recursive) check parameters
[2.016s] Level 1:colcon.colcon_core.package_discovery:discover_packages(ignore) check parameters
[2.016s] Level 1:colcon.colcon_core.package_discovery:discover_packages(path) check parameters
[2.016s] Level 1:colcon.colcon_core.package_discovery:discover_packages(colcon_meta) discover
[2.016s] Level 1:colcon.colcon_core.package_discovery:discover_packages(recursive) discover
[2.016s] INFO:colcon.colcon_core.package_discovery:Crawling recursively for packages in '/home/vboxuser/turtlebot3_ws'
[2.016s] Level 1:colcon.colcon_core.package_identification:_identify(.) by extensions ['ignore', 'ignore_ament_install']
[2.016s] Level 1:colcon.colcon_core.package_identification:_identify(.) by extension 'ignore'
[2.016s] Level 1:colcon.colcon_core.package_identification:_identify(.) by extension 'ignore_ament_install'
[2.016s] Level 1:colcon.colcon_core.package_identification:_identify(.) by extensions ['colcon_pkg']
[2.016s] Level 1:colcon.colcon_core.package_identification:_identify(.) by extension 'colcon_pkg'
[2.016s] Level 1:colcon.colcon_core.package_identification:_identify(.) by extensions ['colcon_meta']
[2.016s] Level 1:colcon.colcon_core.package_identification:_identify(.) by extension 'colcon_meta'
[2.016s] Level 1:colcon.colcon_core.package_identification:_identify(.) by extensions ['ros']
[2.016s] Level 1:colcon.colcon_core.package_identification:_identify(.) by extension 'ros'
[2.026s] Level 1:colcon.colcon_core.package_identification:_identify(.) by extensions ['cmake', 'python']
[2.026s] Level 1:colcon.colcon_core.package_identification:_identify(.) by extension 'cmake'
[2.026s] Level 1:colcon.colcon_core.package_identification:_identify(.) by extension 'python'
[2.026s] Level 1:colcon.colcon_core.package_identification:_identify(.) by extensions ['python_setup_py']
[2.026s] Level 1:colcon.colcon_core.package_identification:_identify(.) by extension 'python_setup_py'
[2.026s] Level 1:colcon.colcon_core.package_identification:_identify(build) by extensions ['ignore', 'ignore_ament_install']
[2.026s] Level 1:colcon.colcon_core.package_identification:_identify(build) by extension 'ignore'
[2.026s] Level 1:colcon.colcon_core.package_identification:_identify(build) ignored
[2.026s] Level 1:colcon.colcon_core.package_identification:_identify(install) by extensions ['ignore', 'ignore_ament_install']
[2.026s] Level 1:colcon.colcon_core.package_identification:_identify(install) by extension 'ignore'
[2.027s] Level 1:colcon.colcon_core.package_identification:_identify(install) ignored
[2.027s] Level 1:colcon.colcon_core.package_identification:_identify(log) by extensions ['ignore', 'ignore_ament_install']
[2.027s] Level 1:colcon.colcon_core.package_identification:_identify(log) by extension 'ignore'
[2.027s] Level 1:colcon.colcon_core.package_identification:_identify(log) ignored
[2.027s] Level 1:colcon.colcon_core.package_identification:_identify(src) by extensions ['ignore', 'ignore_ament_install']
[2.027s] Level 1:colcon.colcon_core.package_identification:_identify(src) by extension 'ignore'
[2.027s] Level 1:colcon.colcon_core.package_identification:_identify(src) by extension 'ignore_ament_install'
[2.027s] Level 1:colcon.colcon_core.package_identification:_identify(src) by extensions ['colcon_pkg']
[2.027s] Level 1:colcon.colcon_core.package_identification:_identify(src) by extension 'colcon_pkg'
[2.027s] Level 1:colcon.colcon_core.package_identification:_identify(src) by extensions ['colcon_meta']
[2.027s] Level 1:colcon.colcon_core.package_identification:_identify(src) by extension 'colcon_meta'
[2.027s] Level 1:colcon.colcon_core.package_identification:_identify(src) by extensions ['ros']
[2.027s] Level 1:colcon.colcon_core.package_identification:_identify(src) by extension 'ros'
[2.027s] Level 1:colcon.colcon_core.package_identification:_identify(src) by extensions ['cmake', 'python']
[2.027s] Level 1:colcon.colcon_core.package_identification:_identify(src) by extension 'cmake'
[2.027s] Level 1:colcon.colcon_core.package_identification:_identify(src) by extension 'python'
[2.027s] Level 1:colcon.colcon_core.package_identification:_identify(src) by extensions ['python_setup_py']
[2.027s] Level 1:colcon.colcon_core.package_identification:_identify(src) by extension 'python_setup_py'
[2.027s] Level 1:colcon.colcon_core.package_identification:_identify(src/custom_interface) by extensions ['ignore', 'ignore_ament_install']
[2.028s] Level 1:colcon.colcon_core.package_identification:_identify(src/custom_interface) by extension 'ignore'
[2.028s] Level 1:colcon.colcon_core.package_identification:_identify(src/custom_interface) by extension 'ignore_ament_install'
[2.028s] Level 1:colcon.colcon_core.package_identification:_identify(src/custom_interface) by extensions ['colcon_pkg']
[2.028s] Level 1:colcon.colcon_core.package_identification:_identify(src/custom_interface) by extension 'colcon_pkg'
[2.028s] Level 1:colcon.colcon_core.package_identification:_identify(src/custom_interface) by extensions ['colcon_meta']
[2.028s] Level 1:colcon.colcon_core.package_identification:_identify(src/custom_interface) by extension 'colcon_meta'
[2.028s] Level 1:colcon.colcon_core.package_identification:_identify(src/custom_interface) by extensions ['ros']
[2.028s] Level 1:colcon.colcon_core.package_identification:_identify(src/custom_interface) by extension 'ros'
[2.030s] DEBUG:colcon.colcon_core.package_identification:Package 'src/custom_interface' with type 'ros.ament_cmake' and name 'custom_interface'
[2.031s] Level 1:colcon.colcon_core.package_identification:_identify(src/my_first_action) by extensions ['ignore', 'ignore_ament_install']
[2.031s] Level 1:colcon.colcon_core.package_identification:_identify(src/my_first_action) by extension 'ignore'
[2.031s] Level 1:colcon.colcon_core.package_identification:_identify(src/my_first_action) by extension 'ignore_ament_install'
[2.031s] Level 1:colcon.colcon_core.package_identification:_identify(src/my_first_action) by extensions ['colcon_pkg']
[2.031s] Level 1:colcon.colcon_core.package_identification:_identify(src/my_first_action) by extension 'colcon_pkg'
[2.031s] Level 1:colcon.colcon_core.package_identification:_identify(src/my_first_action) by extensions ['colcon_meta']
[2.031s] Level 1:colcon.colcon_core.package_identification:_identify(src/my_first_action) by extension 'colcon_meta'
[2.031s] Level 1:colcon.colcon_core.package_identification:_identify(src/my_first_action) by extensions ['ros']
[2.031s] Level 1:colcon.colcon_core.package_identification:_identify(src/my_first_action) by extension 'ros'
[2.031s] DEBUG:colcon.colcon_core.package_identification:Package 'src/my_first_action' with type 'ros.ament_python' and name 'my_first_action'
[2.032s] Level 1:colcon.colcon_core.package_identification:_identify(src/my_first_node) by extensions ['ignore', 'ignore_ament_install']
[2.032s] Level 1:colcon.colcon_core.package_identification:_identify(src/my_first_node) by extension 'ignore'
[2.032s] Level 1:colcon.colcon_core.package_identification:_identify(src/my_first_node) by extension 'ignore_ament_install'
[2.032s] Level 1:colcon.colcon_core.package_identification:_identify(src/my_first_node) by extensions ['colcon_pkg']
[2.032s] Level 1:colcon.colcon_core.package_identification:_identify(src/my_first_node) by extension 'colcon_pkg'
[2.032s] Level 1:colcon.colcon_core.package_identification:_identify(src/my_first_node) by extensions ['colcon_meta']
[2.032s] Level 1:colcon.colcon_core.package_identification:_identify(src/my_first_node) by extension 'colcon_meta'
[2.032s] Level 1:colcon.colcon_core.package_identification:_identify(src/my_first_node) by extensions ['ros']
[2.032s] Level 1:colcon.colcon_core.package_identification:_identify(src/my_first_node) by extension 'ros'
[2.032s] DEBUG:colcon.colcon_core.package_identification:Package 'src/my_first_node' with type 'ros.ament_python' and name 'my_first_node'
[2.032s] Level 1:colcon.colcon_core.package_identification:_identify(src/my_first_publisher) by extensions ['ignore', 'ignore_ament_install']
[2.032s] Level 1:colcon.colcon_core.package_identification:_identify(src/my_first_publisher) by extension 'ignore'
[2.032s] Level 1:colcon.colcon_core.package_identification:_identify(src/my_first_publisher) by extension 'ignore_ament_install'
[2.032s] Level 1:colcon.colcon_core.package_identification:_identify(src/my_first_publisher) by extensions ['colcon_pkg']
[2.032s] Level 1:colcon.colcon_core.package_identification:_identify(src/my_first_publisher) by extension 'colcon_pkg'
[2.032s] Level 1:colcon.colcon_core.package_identification:_identify(src/my_first_publisher) by extensions ['colcon_meta']
[2.033s] Level 1:colcon.colcon_core.package_identification:_identify(src/my_first_publisher) by extension 'colcon_meta'
[2.033s] Level 1:colcon.colcon_core.package_identification:_identify(src/my_first_publisher) by extensions ['ros']
[2.033s] Level 1:colcon.colcon_core.package_identification:_identify(src/my_first_publisher) by extension 'ros'
[2.033s] DEBUG:colcon.colcon_core.package_identification:Package 'src/my_first_publisher' with type 'ros.ament_python' and name 'my_first_publisher'
[2.033s] Level 1:colcon.colcon_core.package_identification:_identify(src/my_first_service) by extensions ['ignore', 'ignore_ament_install']
[2.034s] Level 1:colcon.colcon_core.package_identification:_identify(src/my_first_service) by extension 'ignore'
[2.034s] Level 1:colcon.colcon_core.package_identification:_identify(src/my_first_service) by extension 'ignore_ament_install'
[2.034s] Level 1:colcon.colcon_core.package_identification:_identify(src/my_first_service) by extensions ['colcon_pkg']
[2.034s] Level 1:colcon.colcon_core.package_identification:_identify(src/my_first_service) by extension 'colcon_pkg'
[2.034s] Level 1:colcon.colcon_core.package_identification:_identify(src/my_first_service) by extensions ['colcon_meta']
[2.034s] Level 1:colcon.colcon_core.package_identification:_identify(src/my_first_service) by extension 'colcon_meta'
[2.034s] Level 1:colcon.colcon_core.package_identification:_identify(src/my_first_service) by extensions ['ros']
[2.034s] Level 1:colcon.colcon_core.package_identification:_identify(src/my_first_service) by extension 'ros'
[2.034s] DEBUG:colcon.colcon_core.package_identification:Package 'src/my_first_service' with type 'ros.ament_python' and name 'my_first_service'
[2.034s] Level 1:colcon.colcon_core.package_identification:_identify(src/my_first_subscriber) by extensions ['ignore', 'ignore_ament_install']
[2.035s] Level 1:colcon.colcon_core.package_identification:_identify(src/my_first_subscriber) by extension 'ignore'
[2.035s] Level 1:colcon.colcon_core.package_identification:_identify(src/my_first_subscriber) by extension 'ignore_ament_install'
[2.035s] Level 1:colcon.colcon_core.package_identification:_identify(src/my_first_subscriber) by extensions ['colcon_pkg']
[2.035s] Level 1:colcon.colcon_core.package_identification:_identify(src/my_first_subscriber) by extension 'colcon_pkg'
[2.035s] Level 1:colcon.colcon_core.package_identification:_identify(src/my_first_subscriber) by extensions ['colcon_meta']
[2.035s] Level 1:colcon.colcon_core.package_identification:_identify(src/my_first_subscriber) by extension 'colcon_meta'
[2.035s] Level 1:colcon.colcon_core.package_identification:_identify(src/my_first_subscriber) by extensions ['ros']
[2.035s] Level 1:colcon.colcon_core.package_identification:_identify(src/my_first_subscriber) by extension 'ros'
[2.035s] DEBUG:colcon.colcon_core.package_identification:Package 'src/my_first_subscriber' with type 'ros.ament_python' and name 'my_first_subscriber'
[2.035s] Level 1:colcon.colcon_core.package_identification:_identify(src/my_world) by extensions ['ignore', 'ignore_ament_install']
[2.035s] Level 1:colcon.colcon_core.package_identification:_identify(src/my_world) by extension 'ignore'
[2.035s] Level 1:colcon.colcon_core.package_identification:_identify(src/my_world) by extension 'ignore_ament_install'
[2.036s] Level 1:colcon.colcon_core.package_identification:_identify(src/my_world) by extensions ['colcon_pkg']
[2.036s] Level 1:colcon.colcon_core.package_identification:_identify(src/my_world) by extension 'colcon_pkg'
[2.036s] Level 1:colcon.colcon_core.package_identification:_identify(src/my_world) by extensions ['colcon_meta']
[2.036s] Level 1:colcon.colcon_core.package_identification:_identify(src/my_world) by extension 'colcon_meta'
[2.036s] Level 1:colcon.colcon_core.package_identification:_identify(src/my_world) by extensions ['ros']
[2.036s] Level 1:colcon.colcon_core.package_identification:_identify(src/my_world) by extension 'ros'
[2.036s] DEBUG:colcon.colcon_core.package_identification:Package 'src/my_world' with type 'ros.ament_cmake' and name 'my_world'
[2.036s] Level 1:colcon.colcon_core.package_identification:_identify(src/show_msg) by extensions ['ignore', 'ignore_ament_install']
[2.036s] Level 1:colcon.colcon_core.package_identification:_identify(src/show_msg) by extension 'ignore'
[2.036s] Level 1:colcon.colcon_core.package_identification:_identify(src/show_msg) by extension 'ignore_ament_install'
[2.037s] Level 1:colcon.colcon_core.package_identification:_identify(src/show_msg) by extensions ['colcon_pkg']
[2.037s] Level 1:colcon.colcon_core.package_identification:_identify(src/show_msg) by extension 'colcon_pkg'
[2.037s] Level 1:colcon.colcon_core.package_identification:_identify(src/show_msg) by extensions ['colcon_meta']
[2.037s] Level 1:colcon.colcon_core.package_identification:_identify(src/show_msg) by extension 'colcon_meta'
[2.037s] Level 1:colcon.colcon_core.package_identification:_identify(src/show_msg) by extensions ['ros']
[2.037s] Level 1:colcon.colcon_core.package_identification:_identify(src/show_msg) by extension 'ros'
[2.037s] DEBUG:colcon.colcon_core.package_identification:Package 'src/show_msg' with type 'ros.ament_python' and name 'show_msg'
[2.037s] Level 1:colcon.colcon_core.package_identification:_identify(src/turtlebot3_simulations) by extensions ['ignore', 'ignore_ament_install']
[2.037s] Level 1:colcon.colcon_core.package_identification:_identify(src/turtlebot3_simulations) by extension 'ignore'
[2.037s] Level 1:colcon.colcon_core.package_identification:_identify(src/turtlebot3_simulations) by extension 'ignore_ament_install'
[2.037s] Level 1:colcon.colcon_core.package_identification:_identify(src/turtlebot3_simulations) by extensions ['colcon_pkg']
[2.037s] Level 1:colcon.colcon_core.package_identification:_identify(src/turtlebot3_simulations) by extension 'colcon_pkg'
[2.037s] Level 1:colcon.colcon_core.package_identification:_identify(src/turtlebot3_simulations) by extensions ['colcon_meta']
[2.037s] Level 1:colcon.colcon_core.package_identification:_identify(src/turtlebot3_simulations) by extension 'colcon_meta'
[2.037s] Level 1:colcon.colcon_core.package_identification:_identify(src/turtlebot3_simulations) by extensions ['ros']
[2.037s] Level 1:colcon.colcon_core.package_identification:_identify(src/turtlebot3_simulations) by extension 'ros'
[2.038s] Level 1:colcon.colcon_core.package_identification:_identify(src/turtlebot3_simulations) by extensions ['cmake', 'python']
[2.038s] Level 1:colcon.colcon_core.package_identification:_identify(src/turtlebot3_simulations) by extension 'cmake'
[2.038s] Level 1:colcon.colcon_core.package_identification:_identify(src/turtlebot3_simulations) by extension 'python'
[2.038s] Level 1:colcon.colcon_core.package_identification:_identify(src/turtlebot3_simulations) by extensions ['python_setup_py']
[2.038s] Level 1:colcon.colcon_core.package_identification:_identify(src/turtlebot3_simulations) by extension 'python_setup_py'
[2.038s] Level 1:colcon.colcon_core.package_identification:_identify(src/turtlebot3_simulations/turtlebot3_fake_node) by extensions ['ignore', 'ignore_ament_install']
[2.038s] Level 1:colcon.colcon_core.package_identification:_identify(src/turtlebot3_simulations/turtlebot3_fake_node) by extension 'ignore'
[2.038s] Level 1:colcon.colcon_core.package_identification:_identify(src/turtlebot3_simulations/turtlebot3_fake_node) by extension 'ignore_ament_install'
[2.038s] Level 1:colcon.colcon_core.package_identification:_identify(src/turtlebot3_simulations/turtlebot3_fake_node) by extensions ['colcon_pkg']
[2.038s] Level 1:colcon.colcon_core.package_identification:_identify(src/turtlebot3_simulations/turtlebot3_fake_node) by extension 'colcon_pkg'
[2.038s] Level 1:colcon.colcon_core.package_identification:_identify(src/turtlebot3_simulations/turtlebot3_fake_node) by extensions ['colcon_meta']
[2.038s] Level 1:colcon.colcon_core.package_identification:_identify(src/turtlebot3_simulations/turtlebot3_fake_node) by extension 'colcon_meta'
[2.038s] Level 1:colcon.colcon_core.package_identification:_identify(src/turtlebot3_simulations/turtlebot3_fake_node) by extensions ['ros']
[2.038s] Level 1:colcon.colcon_core.package_identification:_identify(src/turtlebot3_simulations/turtlebot3_fake_node) by extension 'ros'
[2.039s] DEBUG:colcon.colcon_core.package_identification:Package 'src/turtlebot3_simulations/turtlebot3_fake_node' with type 'ros.ament_cmake' and name 'turtlebot3_fake_node'
[2.039s] Level 1:colcon.colcon_core.package_identification:_identify(src/turtlebot3_simulations/turtlebot3_gazebo) by extensions ['ignore', 'ignore_ament_install']
[2.039s] Level 1:colcon.colcon_core.package_identification:_identify(src/turtlebot3_simulations/turtlebot3_gazebo) by extension 'ignore'
[2.039s] Level 1:colcon.colcon_core.package_identification:_identify(src/turtlebot3_simulations/turtlebot3_gazebo) by extension 'ignore_ament_install'
[2.039s] Level 1:colcon.colcon_core.package_identification:_identify(src/turtlebot3_simulations/turtlebot3_gazebo) by extensions ['colcon_pkg']
[2.039s] Level 1:colcon.colcon_core.package_identification:_identify(src/turtlebot3_simulations/turtlebot3_gazebo) by extension 'colcon_pkg'
[2.039s] Level 1:colcon.colcon_core.package_identification:_identify(src/turtlebot3_simulations/turtlebot3_gazebo) by extensions ['colcon_meta']
[2.039s] Level 1:colcon.colcon_core.package_identification:_identify(src/turtlebot3_simulations/turtlebot3_gazebo) by extension 'colcon_meta'
[2.039s] Level 1:colcon.colcon_core.package_identification:_identify(src/turtlebot3_simulations/turtlebot3_gazebo) by extensions ['ros']
[2.039s] Level 1:colcon.colcon_core.package_identification:_identify(src/turtlebot3_simulations/turtlebot3_gazebo) by extension 'ros'
[2.039s] DEBUG:colcon.colcon_core.package_identification:Package 'src/turtlebot3_simulations/turtlebot3_gazebo' with type 'ros.ament_cmake' and name 'turtlebot3_gazebo'
[2.040s] Level 1:colcon.colcon_core.package_identification:_identify(src/turtlebot3_simulations/turtlebot3_simulations) by extensions ['ignore', 'ignore_ament_install']
[2.040s] Level 1:colcon.colcon_core.package_identification:_identify(src/turtlebot3_simulations/turtlebot3_simulations) by extension 'ignore'
[2.040s] Level 1:colcon.colcon_core.package_identification:_identify(src/turtlebot3_simulations/turtlebot3_simulations) by extension 'ignore_ament_install'
[2.040s] Level 1:colcon.colcon_core.package_identification:_identify(src/turtlebot3_simulations/turtlebot3_simulations) by extensions ['colcon_pkg']
[2.040s] Level 1:colcon.colcon_core.package_identification:_identify(src/turtlebot3_simulations/turtlebot3_simulations) by extension 'colcon_pkg'
[2.040s] Level 1:colcon.colcon_core.package_identification:_identify(src/turtlebot3_simulations/turtlebot3_simulations) by extensions ['colcon_meta']
[2.040s] Level 1:colcon.colcon_core.package_identification:_identify(src/turtlebot3_simulations/turtlebot3_simulations) by extension 'colcon_meta'
[2.040s] Level 1:colcon.colcon_core.package_identification:_identify(src/turtlebot3_simulations/turtlebot3_simulations) by extensions ['ros']
[2.040s] Level 1:colcon.colcon_core.package_identification:_identify(src/turtlebot3_simulations/turtlebot3_simulations) by extension 'ros'
[2.040s] DEBUG:colcon.colcon_core.package_identification:Package 'src/turtlebot3_simulations/turtlebot3_simulations' with type 'ros.ament_cmake' and name 'turtlebot3_simulations'
[2.040s] Level 1:colcon.colcon_core.package_discovery:discover_packages(recursive) using defaults
[2.041s] Level 1:colcon.colcon_core.package_discovery:discover_packages(ignore) discover
[2.041s] Level 1:colcon.colcon_core.package_discovery:discover_packages(ignore) using defaults
[2.041s] Level 1:colcon.colcon_core.package_discovery:discover_packages(path) discover
[2.041s] Level 1:colcon.colcon_core.package_discovery:discover_packages(path) using defaults
[2.148s] INFO:colcon.colcon_core.package_selection:Skipping not selected package 'custom_interface' in 'src/custom_interface'
[2.148s] INFO:colcon.colcon_core.package_selection:Skipping not selected package 'my_first_node' in 'src/my_first_node'
[2.148s] INFO:colcon.colcon_core.package_selection:Skipping not selected package 'my_first_publisher' in 'src/my_first_publisher'
[2.148s] INFO:colcon.colcon_core.package_selection:Skipping not selected package 'my_first_subscriber' in 'src/my_first_subscriber'
[2.148s] INFO:colcon.colcon_core.package_selection:Skipping not selected package 'turtlebot3_fake_node' in 'src/turtlebot3_simulations/turtlebot3_fake_node'
[2.148s] INFO:colcon.colcon_core.package_selection:Skipping not selected package 'turtlebot3_gazebo' in 'src/turtlebot3_simulations/turtlebot3_gazebo'
[2.148s] INFO:colcon.colcon_core.package_selection:Skipping not selected package 'my_first_action' in 'src/my_first_action'
[2.148s] INFO:colcon.colcon_core.package_selection:Skipping not selected package 'my_first_service' in 'src/my_first_service'
[2.148s] INFO:colcon.colcon_core.package_selection:Skipping not selected package 'show_msg' in 'src/show_msg'
[2.148s] INFO:colcon.colcon_core.package_selection:Skipping not selected package 'turtlebot3_simulations' in 'src/turtlebot3_simulations/turtlebot3_simulations'
[2.212s] Level 1:colcon.colcon_core.package_discovery:discover_packages(prefix_path) check parameters
[2.212s] Level 1:colcon.colcon_core.package_discovery:discover_packages(prefix_path) discover
[2.277s] DEBUG:colcon.colcon_installed_package_information.package_discovery:Found 11 installed packages in /home/vboxuser/turtlebot3_ws/install
[2.308s] DEBUG:colcon.colcon_installed_package_information.package_discovery:Found 336 installed packages in /opt/ros/galactic
[2.310s] Level 1:colcon.colcon_core.package_discovery:discover_packages(prefix_path) using defaults
[2.458s] Level 5:colcon.colcon_core.verb:set package 'my_world' build argument 'cmake_args' from command line to 'None'
[2.458s] Level 5:colcon.colcon_core.verb:set package 'my_world' build argument 'cmake_target' from command line to 'None'
[2.458s] Level 5:colcon.colcon_core.verb:set package 'my_world' build argument 'cmake_target_skip_unavailable' from command line to 'False'
[2.458s] Level 5:colcon.colcon_core.verb:set package 'my_world' build argument 'cmake_clean_cache' from command line to 'False'
[2.458s] Level 5:colcon.colcon_core.verb:set package 'my_world' build argument 'cmake_clean_first' from command line to 'False'
[2.458s] Level 5:colcon.colcon_core.verb:set package 'my_world' build argument 'cmake_force_configure' from command line to 'False'
[2.458s] Level 5:colcon.colcon_core.verb:set package 'my_world' build argument 'ament_cmake_args' from command line to 'None'
[2.458s] Level 5:colcon.colcon_core.verb:set package 'my_world' build argument 'catkin_cmake_args' from command line to 'None'
[2.458s] Level 5:colcon.colcon_core.verb:set package 'my_world' build argument 'catkin_skip_building_tests' from command line to 'False'
[2.458s] DEBUG:colcon.colcon_core.verb:Building package 'my_world' with the following arguments: {'ament_cmake_args': None, 'build_base': '/home/vboxuser/turtlebot3_ws/build/my_world', 'catkin_cmake_args': None, 'catkin_skip_building_tests': False, 'cmake_args': None, 'cmake_clean_cache': False, 'cmake_clean_first': False, 'cmake_force_configure': False, 'cmake_target': None, 'cmake_target_skip_unavailable': False, 'install_base': '/home/vboxuser/turtlebot3_ws/install/my_world', 'merge_install': False, 'path': '/home/vboxuser/turtlebot3_ws/src/my_world', 'symlink_install': False, 'test_result_base': None}
[2.488s] INFO:colcon.colcon_core.executor:Executing jobs using 'parallel' executor
[2.519s] DEBUG:colcon.colcon_parallel_executor.executor.parallel:run_until_complete
[2.519s] INFO:colcon.colcon_ros.task.ament_cmake.build:Building ROS package in '/home/vboxuser/turtlebot3_ws/src/my_world' with build type 'ament_cmake'
[2.519s] INFO:colcon.colcon_cmake.task.cmake.build:Building CMake package in '/home/vboxuser/turtlebot3_ws/src/my_world'
[2.553s] INFO:colcon.colcon_core.plugin_system:Skipping extension 'colcon_core.shell.bat': Not used on non-Windows systems
[2.553s] INFO:colcon.colcon_core.shell:Skip shell extension 'powershell' for command environment: Not usable outside of PowerShell
[2.553s] DEBUG:colcon.colcon_core.shell:Skip shell extension 'dsv' for command environment
[2.667s] DEBUG:colcon.colcon_core.event_handler.log_command:Invoking command in '/home/vboxuser/turtlebot3_ws/build/my_world': CMAKE_PREFIX_PATH=${CMAKE_PREFIX_PATH}:/home/vboxuser/turtlebot3_ws/install/show_msg:/home/vboxuser/turtlebot3_ws/install/my_first_subscriber:/home/vboxuser/turtlebot3_ws/install/my_first_service:/home/vboxuser/turtlebot3_ws/install/my_first_publisher:/home/vboxuser/turtlebot3_ws/install/my_first_node:/home/vboxuser/turtlebot3_ws/install/my_first_action:/opt/ros/galactic /usr/bin/cmake --build /home/vboxuser/turtlebot3_ws/build/my_world -- -j4 -l4
[2.794s] DEBUG:colcon.colcon_core.event_handler.log_command:Invoked command in '/home/vboxuser/turtlebot3_ws/build/my_world' returned '0': CMAKE_PREFIX_PATH=${CMAKE_PREFIX_PATH}:/home/vboxuser/turtlebot3_ws/install/show_msg:/home/vboxuser/turtlebot3_ws/install/my_first_subscriber:/home/vboxuser/turtlebot3_ws/install/my_first_service:/home/vboxuser/turtlebot3_ws/install/my_first_publisher:/home/vboxuser/turtlebot3_ws/install/my_first_node:/home/vboxuser/turtlebot3_ws/install/my_first_action:/opt/ros/galactic /usr/bin/cmake --build /home/vboxuser/turtlebot3_ws/build/my_world -- -j4 -l4
[2.838s] DEBUG:colcon.colcon_core.event_handler.log_command:Invoking command in '/home/vboxuser/turtlebot3_ws/build/my_world': CMAKE_PREFIX_PATH=${CMAKE_PREFIX_PATH}:/home/vboxuser/turtlebot3_ws/install/show_msg:/home/vboxuser/turtlebot3_ws/install/my_first_subscriber:/home/vboxuser/turtlebot3_ws/install/my_first_service:/home/vboxuser/turtlebot3_ws/install/my_first_publisher:/home/vboxuser/turtlebot3_ws/install/my_first_node:/home/vboxuser/turtlebot3_ws/install/my_first_action:/opt/ros/galactic /usr/bin/cmake --install /home/vboxuser/turtlebot3_ws/build/my_world
[2.858s] Level 1:colcon.colcon_core.environment:create_environment_scripts_only(my_world)
[2.859s] DEBUG:colcon.colcon_core.event_handler.log_command:Invoked command in '/home/vboxuser/turtlebot3_ws/build/my_world' returned '0': CMAKE_PREFIX_PATH=${CMAKE_PREFIX_PATH}:/home/vboxuser/turtlebot3_ws/install/show_msg:/home/vboxuser/turtlebot3_ws/install/my_first_subscriber:/home/vboxuser/turtlebot3_ws/install/my_first_service:/home/vboxuser/turtlebot3_ws/install/my_first_publisher:/home/vboxuser/turtlebot3_ws/install/my_first_node:/home/vboxuser/turtlebot3_ws/install/my_first_action:/opt/ros/galactic /usr/bin/cmake --install /home/vboxuser/turtlebot3_ws/build/my_world
[2.896s] Level 1:colcon.colcon_core.environment:checking '/home/vboxuser/turtlebot3_ws/install/my_world' for CMake module files
[2.897s] Level 1:colcon.colcon_core.environment:checking '/home/vboxuser/turtlebot3_ws/install/my_world' for CMake config files
[2.897s] Level 1:colcon.colcon_core.shell:create_environment_hook('my_world', 'cmake_prefix_path')
[2.931s] INFO:colcon.colcon_core.shell:Creating environment hook '/home/vboxuser/turtlebot3_ws/install/my_world/share/my_world/hook/cmake_prefix_path.ps1'
[2.932s] INFO:colcon.colcon_core.shell:Creating environment descriptor '/home/vboxuser/turtlebot3_ws/install/my_world/share/my_world/hook/cmake_prefix_path.dsv'
[2.933s] INFO:colcon.colcon_core.shell:Creating environment hook '/home/vboxuser/turtlebot3_ws/install/my_world/share/my_world/hook/cmake_prefix_path.sh'
[2.934s] Level 1:colcon.colcon_core.environment:checking '/home/vboxuser/turtlebot3_ws/install/my_world/lib'
[2.935s] Level 1:colcon.colcon_core.environment:checking '/home/vboxuser/turtlebot3_ws/install/my_world/bin'
[2.935s] Level 1:colcon.colcon_core.environment:checking '/home/vboxuser/turtlebot3_ws/install/my_world/lib/pkgconfig/my_world.pc'
[2.935s] Level 1:colcon.colcon_core.environment:checking '/home/vboxuser/turtlebot3_ws/install/my_world/lib/python3.8/site-packages'
[2.935s] Level 1:colcon.colcon_core.environment:checking '/home/vboxuser/turtlebot3_ws/install/my_world/bin'
[2.977s] INFO:colcon.colcon_core.shell:Creating package script '/home/vboxuser/turtlebot3_ws/install/my_world/share/my_world/package.ps1'
[2.978s] INFO:colcon.colcon_core.shell:Creating package descriptor '/home/vboxuser/turtlebot3_ws/install/my_world/share/my_world/package.dsv'
[2.978s] INFO:colcon.colcon_core.shell:Creating package script '/home/vboxuser/turtlebot3_ws/install/my_world/share/my_world/package.sh'
[2.979s] INFO:colcon.colcon_core.shell:Creating package script '/home/vboxuser/turtlebot3_ws/install/my_world/share/my_world/package.bash'
[2.980s] INFO:colcon.colcon_core.shell:Creating package script '/home/vboxuser/turtlebot3_ws/install/my_world/share/my_world/package.zsh'
[2.981s] Level 1:colcon.colcon_core.environment:create_file_with_runtime_dependencies(/home/vboxuser/turtlebot3_ws/install/my_world/share/colcon-core/packages/my_world)
[3.052s] Level 1:colcon.colcon_core.environment:create_environment_scripts_only(my_world)
[3.086s] Level 1:colcon.colcon_core.environment:checking '/home/vboxuser/turtlebot3_ws/install/my_world' for CMake module files
[3.086s] Level 1:colcon.colcon_core.environment:checking '/home/vboxuser/turtlebot3_ws/install/my_world' for CMake config files
[3.086s] Level 1:colcon.colcon_core.shell:create_environment_hook('my_world', 'cmake_prefix_path')
[3.117s] INFO:colcon.colcon_core.shell:Creating environment hook '/home/vboxuser/turtlebot3_ws/install/my_world/share/my_world/hook/cmake_prefix_path.ps1'
[3.119s] INFO:colcon.colcon_core.shell:Creating environment descriptor '/home/vboxuser/turtlebot3_ws/install/my_world/share/my_world/hook/cmake_prefix_path.dsv'
[3.120s] INFO:colcon.colcon_core.shell:Creating environment hook '/home/vboxuser/turtlebot3_ws/install/my_world/share/my_world/hook/cmake_prefix_path.sh'
[3.120s] Level 1:colcon.colcon_core.environment:checking '/home/vboxuser/turtlebot3_ws/install/my_world/lib'
[3.120s] Level 1:colcon.colcon_core.environment:checking '/home/vboxuser/turtlebot3_ws/install/my_world/bin'
[3.120s] Level 1:colcon.colcon_core.environment:checking '/home/vboxuser/turtlebot3_ws/install/my_world/lib/pkgconfig/my_world.pc'
[3.121s] Level 1:colcon.colcon_core.environment:checking '/home/vboxuser/turtlebot3_ws/install/my_world/lib/python3.8/site-packages'
[3.121s] Level 1:colcon.colcon_core.environment:checking '/home/vboxuser/turtlebot3_ws/install/my_world/bin'
[3.161s] INFO:colcon.colcon_core.shell:Creating package script '/home/vboxuser/turtlebot3_ws/install/my_world/share/my_world/package.ps1'
[3.162s] INFO:colcon.colcon_core.shell:Creating package descriptor '/home/vboxuser/turtlebot3_ws/install/my_world/share/my_world/package.dsv'
[3.162s] INFO:colcon.colcon_core.shell:Creating package script '/home/vboxuser/turtlebot3_ws/install/my_world/share/my_world/package.sh'
[3.163s] INFO:colcon.colcon_core.shell:Creating package script '/home/vboxuser/turtlebot3_ws/install/my_world/share/my_world/package.bash'
[3.164s] INFO:colcon.colcon_core.shell:Creating package script '/home/vboxuser/turtlebot3_ws/install/my_world/share/my_world/package.zsh'
[3.165s] Level 1:colcon.colcon_core.environment:create_file_with_runtime_dependencies(/home/vboxuser/turtlebot3_ws/install/my_world/share/colcon-core/packages/my_world)
[3.172s] DEBUG:colcon.colcon_parallel_executor.executor.parallel:closing loop
[3.172s] DEBUG:colcon.colcon_parallel_executor.executor.parallel:loop closed
[3.173s] DEBUG:colcon.colcon_parallel_executor.executor.parallel:run_until_complete finished with '0'
[3.173s] DEBUG:colcon.colcon_core.event_reactor:joining thread
[3.265s] INFO:colcon.colcon_core.plugin_system:Skipping extension 'colcon_notification.desktop_notification.terminal_notifier': Not used on non-Darwin systems
[3.266s] INFO:colcon.colcon_core.plugin_system:Skipping extension 'colcon_notification.desktop_notification.win32': Not used on non-Windows systems
[3.266s] INFO:colcon.colcon_notification.desktop_notification:Sending desktop notification using 'notify2'
[3.297s] DEBUG:colcon.colcon_core.event_reactor:joined thread
[3.354s] INFO:colcon.colcon_core.shell:Creating prefix script '/home/vboxuser/turtlebot3_ws/install/local_setup.ps1'
[3.355s] INFO:colcon.colcon_core.shell:Creating prefix util module '/home/vboxuser/turtlebot3_ws/install/_local_setup_util_ps1.py'
[3.356s] INFO:colcon.colcon_core.shell:Creating prefix chain script '/home/vboxuser/turtlebot3_ws/install/setup.ps1'
[3.400s] INFO:colcon.colcon_core.shell:Creating prefix script '/home/vboxuser/turtlebot3_ws/install/local_setup.sh'
[3.401s] INFO:colcon.colcon_core.shell:Creating prefix util module '/home/vboxuser/turtlebot3_ws/install/_local_setup_util_sh.py'
[3.402s] INFO:colcon.colcon_core.shell:Creating prefix chain script '/home/vboxuser/turtlebot3_ws/install/setup.sh'
[3.449s] INFO:colcon.colcon_core.shell:Creating prefix script '/home/vboxuser/turtlebot3_ws/install/local_setup.bash'
[3.450s] INFO:colcon.colcon_core.shell:Creating prefix chain script '/home/vboxuser/turtlebot3_ws/install/setup.bash'
[3.497s] INFO:colcon.colcon_core.shell:Creating prefix script '/home/vboxuser/turtlebot3_ws/install/local_setup.zsh'
[3.500s] INFO:colcon.colcon_core.shell:Creating prefix chain script '/home/vboxuser/turtlebot3_ws/install/setup.zsh'
