[0.794s] Invoking command in '/home/vboxuser/turtlebot3_ws/src/show_msg': PYTHONPATH=/home/vboxuser/turtlebot3_ws/build/show_msg/prefix_override:/home/vboxuser/turtlebot3_ws/install/show_msg/lib/python3.8/site-packages:${PYTHONPATH} /usr/bin/python3 setup.py egg_info --egg-base ../../build/show_msg build --build-base /home/vboxuser/turtlebot3_ws/build/show_msg/build install --record /home/vboxuser/turtlebot3_ws/build/show_msg/install.log --single-version-externally-managed
[0.958s] running egg_info
[0.958s] writing ../../build/show_msg/show_msg.egg-info/PKG-INFO
[0.958s] writing dependency_links to ../../build/show_msg/show_msg.egg-info/dependency_links.txt
[0.958s] writing entry points to ../../build/show_msg/show_msg.egg-info/entry_points.txt
[0.959s] writing requirements to ../../build/show_msg/show_msg.egg-info/requires.txt
[0.959s] writing top-level names to ../../build/show_msg/show_msg.egg-info/top_level.txt
[0.983s] reading manifest file '../../build/show_msg/show_msg.egg-info/SOURCES.txt'
[0.984s] writing manifest file '../../build/show_msg/show_msg.egg-info/SOURCES.txt'
[0.984s] running build
[0.984s] running build_py
[0.984s] copying show_msg/show_msg.py -> /home/vboxuser/turtlebot3_ws/build/show_msg/build/lib/show_msg
[0.984s] running install
[0.985s] running install_lib
[0.986s] copying /home/vboxuser/turtlebot3_ws/build/show_msg/build/lib/show_msg/show_msg.py -> /home/vboxuser/turtlebot3_ws/install/show_msg/lib/python3.8/site-packages/show_msg
[0.986s] byte-compiling /home/vboxuser/turtlebot3_ws/install/show_msg/lib/python3.8/site-packages/show_msg/show_msg.py to show_msg.cpython-38.pyc
[0.987s] Sorry: TabError: inconsistent use of tabs and spaces in indentation (show_msg.py, line 14)
[0.987s] running install_data
[0.987s] running install_egg_info
[0.989s] removing '/home/vboxuser/turtlebot3_ws/install/show_msg/lib/python3.8/site-packages/show_msg-0.0.0-py3.8.egg-info' (and everything under it)
[0.989s] Copying ../../build/show_msg/show_msg.egg-info to /home/vboxuser/turtlebot3_ws/install/show_msg/lib/python3.8/site-packages/show_msg-0.0.0-py3.8.egg-info
[0.990s] running install_scripts
[1.002s] Installing show_msg script to /home/vboxuser/turtlebot3_ws/install/show_msg/lib/show_msg
[1.003s] writing list of installed files to '/home/vboxuser/turtlebot3_ws/build/show_msg/install.log'
[1.017s] Invoked command in '/home/vboxuser/turtlebot3_ws/src/show_msg' returned '0': PYTHONPATH=/home/vboxuser/turtlebot3_ws/build/show_msg/prefix_override:/home/vboxuser/turtlebot3_ws/install/show_msg/lib/python3.8/site-packages:${PYTHONPATH} /usr/bin/python3 setup.py egg_info --egg-base ../../build/show_msg build --build-base /home/vboxuser/turtlebot3_ws/build/show_msg/build install --record /home/vboxuser/turtlebot3_ws/build/show_msg/install.log --single-version-externally-managed
