running egg_info
writing ../../../build/proy_eq1_slam/proy_eq1_slam.egg-info/PKG-INFO
writing dependency_links to ../../../build/proy_eq1_slam/proy_eq1_slam.egg-info/dependency_links.txt
writing entry points to ../../../build/proy_eq1_slam/proy_eq1_slam.egg-info/entry_points.txt
writing requirements to ../../../build/proy_eq1_slam/proy_eq1_slam.egg-info/requires.txt
writing top-level names to ../../../build/proy_eq1_slam/proy_eq1_slam.egg-info/top_level.txt
reading manifest file '../../../build/proy_eq1_slam/proy_eq1_slam.egg-info/SOURCES.txt'
writing manifest file '../../../build/proy_eq1_slam/proy_eq1_slam.egg-info/SOURCES.txt'
running build
running build_py
copying proy_eq1_slam/__init__.py -> /home/vboxuser/turtlebot3_ws/build/proy_eq1_slam/build/lib/proy_eq1_slam
running install
running install_lib
copying /home/vboxuser/turtlebot3_ws/build/proy_eq1_slam/build/lib/proy_eq1_slam/__init__.py -> /home/vboxuser/turtlebot3_ws/install/proy_eq1_slam/lib/python3.8/site-packages/proy_eq1_slam
byte-compiling /home/vboxuser/turtlebot3_ws/install/proy_eq1_slam/lib/python3.8/site-packages/proy_eq1_slam/__init__.py to __init__.cpython-38.pyc
running install_data
copying resource/proy_eq1_slam -> /home/vboxuser/turtlebot3_ws/install/proy_eq1_slam/share/ament_index/resource_index/packages
copying package.xml -> /home/vboxuser/turtlebot3_ws/install/proy_eq1_slam/share/proy_eq1_slam
copying launch/proy_eq1_slam.launch.py -> /home/vboxuser/turtlebot3_ws/install/proy_eq1_slam/share/proy_eq1_slam/launch
copying config/proy_eq1_slam.lua -> /home/vboxuser/turtlebot3_ws/install/proy_eq1_slam/share/proy_eq1_slam/config
running install_egg_info
removing '/home/vboxuser/turtlebot3_ws/install/proy_eq1_slam/lib/python3.8/site-packages/proy_eq1_slam-0.0.0-py3.8.egg-info' (and everything under it)
Copying ../../../build/proy_eq1_slam/proy_eq1_slam.egg-info to /home/vboxuser/turtlebot3_ws/install/proy_eq1_slam/lib/python3.8/site-packages/proy_eq1_slam-0.0.0-py3.8.egg-info
running install_scripts
writing list of installed files to '/home/vboxuser/turtlebot3_ws/build/proy_eq1_slam/install.log'
