[0.000000] (-) TimerEvent: {}
[0.000500] (-) JobUnselected: {'identifier': 'custom_interface'}
[0.000522] (-) JobUnselected: {'identifier': 'movimiento_manual_service'}
[0.000535] (-) JobUnselected: {'identifier': 'my_first_action'}
[0.000545] (-) JobUnselected: {'identifier': 'my_first_node'}
[0.000554] (-) JobUnselected: {'identifier': 'my_first_publisher'}
[0.000564] (-) JobUnselected: {'identifier': 'my_first_subscriber'}
[0.000573] (-) JobUnselected: {'identifier': 'my_world'}
[0.000582] (-) JobUnselected: {'identifier': 'proy_asun'}
[0.000590] (-) JobUnselected: {'identifier': 'proy_eq1_custom_interface'}
[0.000600] (-) JobUnselected: {'identifier': 'proy_eq1_nav_manual'}
[0.000609] (-) JobUnselected: {'identifier': 'show_msg'}
[0.000617] (-) JobUnselected: {'identifier': 'turtlebot3_fake_node'}
[0.000627] (-) JobUnselected: {'identifier': 'turtlebot3_gazebo'}
[0.000635] (-) JobUnselected: {'identifier': 'turtlebot3_simulations'}
[0.000646] (proy_eq1) JobQueued: {'identifier': 'proy_eq1', 'dependencies': OrderedDict([('custom_interface', '/home/vboxuser/turtlebot3_ws/install/custom_interface'), ('proy_eq1_custom_interface', '/home/vboxuser/turtlebot3_ws/install/proy_eq1_custom_interface'), ('proy_eq1_nav_manual', '/home/vboxuser/turtlebot3_ws/install/proy_eq1_nav_manual')])}
[0.000667] (proy_eq1) JobStarted: {'identifier': 'proy_eq1'}
[0.100305] (-) TimerEvent: {}
[0.201804] (-) TimerEvent: {}
[0.237977] (proy_eq1) JobEnded: {'identifier': 'proy_eq1', 'rc': 1}
[0.248612] (-) EventReactorShutdown: {}
