[0.237s] Invoking command in '/home/vboxuser/turtlebot3_ws/build/my_world': CMAKE_PREFIX_PATH=${CMAKE_PREFIX_PATH}:/home/vboxuser/turtlebot3_ws/install/show_msg:/home/vboxuser/turtlebot3_ws/install/my_first_subscriber:/home/vboxuser/turtlebot3_ws/install/my_first_service:/home/vboxuser/turtlebot3_ws/install/my_first_publisher:/home/vboxuser/turtlebot3_ws/install/my_first_node:/home/vboxuser/turtlebot3_ws/install/my_first_action:/opt/ros/galactic /usr/bin/cmake --build /home/vboxuser/turtlebot3_ws/build/my_world -- -j4 -l4
[0.411s] [35m[1mScanning dependencies of target turtlebot3_drive[0m
[0.487s] [ 50%] [32mBuilding CXX object CMakeFiles/turtlebot3_drive.dir/src/turtlebot3_drive.cpp.o[0m
[11.144s] [100%] [32m[1mLinking CXX executable turtlebot3_drive[0m
[11.659s] [100%] Built target turtlebot3_drive
[11.675s] Invoked command in '/home/vboxuser/turtlebot3_ws/build/my_world' returned '0': CMAKE_PREFIX_PATH=${CMAKE_PREFIX_PATH}:/home/vboxuser/turtlebot3_ws/install/show_msg:/home/vboxuser/turtlebot3_ws/install/my_first_subscriber:/home/vboxuser/turtlebot3_ws/install/my_first_service:/home/vboxuser/turtlebot3_ws/install/my_first_publisher:/home/vboxuser/turtlebot3_ws/install/my_first_node:/home/vboxuser/turtlebot3_ws/install/my_first_action:/opt/ros/galactic /usr/bin/cmake --build /home/vboxuser/turtlebot3_ws/build/my_world -- -j4 -l4
[11.752s] Invoking command in '/home/vboxuser/turtlebot3_ws/build/my_world': CMAKE_PREFIX_PATH=${CMAKE_PREFIX_PATH}:/home/vboxuser/turtlebot3_ws/install/show_msg:/home/vboxuser/turtlebot3_ws/install/my_first_subscriber:/home/vboxuser/turtlebot3_ws/install/my_first_service:/home/vboxuser/turtlebot3_ws/install/my_first_publisher:/home/vboxuser/turtlebot3_ws/install/my_first_node:/home/vboxuser/turtlebot3_ws/install/my_first_action:/opt/ros/galactic /usr/bin/cmake --install /home/vboxuser/turtlebot3_ws/build/my_world
[11.797s] -- Install configuration: ""
[11.799s] -- Installing: /home/vboxuser/turtlebot3_ws/install/my_world/lib/my_world/turtlebot3_drive
[11.812s] -- Set runtime path of "/home/vboxuser/turtlebot3_ws/install/my_world/lib/my_world/turtlebot3_drive" to ""
[11.812s] -- Up-to-date: /home/vboxuser/turtlebot3_ws/install/my_world/share/my_world//launch
[11.813s] -- Up-to-date: /home/vboxuser/turtlebot3_ws/install/my_world/share/my_world//launch/turtlebot3_my_world.launch.py
[11.814s] -- Up-to-date: /home/vboxuser/turtlebot3_ws/install/my_world/share/my_world//launch/log
[11.814s] -- Up-to-date: /home/vboxuser/turtlebot3_ws/install/my_world/share/my_world//launch/log/COLCON_IGNORE
[11.815s] -- Up-to-date: /home/vboxuser/turtlebot3_ws/install/my_world/share/my_world//launch/log/build_2024-03-26_11-47-26
[11.815s] -- Up-to-date: /home/vboxuser/turtlebot3_ws/install/my_world/share/my_world//launch/log/build_2024-03-26_11-47-26/logger_all.log
[11.815s] -- Up-to-date: /home/vboxuser/turtlebot3_ws/install/my_world/share/my_world//launch/log/build_2024-03-26_11-47-26/events.log
[11.816s] -- Up-to-date: /home/vboxuser/turtlebot3_ws/install/my_world/share/my_world//launch/log/latest
[11.816s] -- Up-to-date: /home/vboxuser/turtlebot3_ws/install/my_world/share/my_world//launch/log/latest_build
[11.817s] -- Up-to-date: /home/vboxuser/turtlebot3_ws/install/my_world/share/my_world//launch/install
[11.817s] -- Up-to-date: /home/vboxuser/turtlebot3_ws/install/my_world/share/my_world//launch/install/setup.sh
[11.817s] -- Up-to-date: /home/vboxuser/turtlebot3_ws/install/my_world/share/my_world//launch/install/local_setup.ps1
[11.817s] -- Up-to-date: /home/vboxuser/turtlebot3_ws/install/my_world/share/my_world//launch/install/setup.zsh
[11.817s] -- Up-to-date: /home/vboxuser/turtlebot3_ws/install/my_world/share/my_world//launch/install/local_setup.sh
[11.817s] -- Up-to-date: /home/vboxuser/turtlebot3_ws/install/my_world/share/my_world//launch/install/COLCON_IGNORE
[11.817s] -- Up-to-date: /home/vboxuser/turtlebot3_ws/install/my_world/share/my_world//launch/install/local_setup.zsh
[11.818s] -- Up-to-date: /home/vboxuser/turtlebot3_ws/install/my_world/share/my_world//launch/install/.colcon_install_layout
[11.818s] -- Up-to-date: /home/vboxuser/turtlebot3_ws/install/my_world/share/my_world//launch/install/_local_setup_util_sh.py
[11.818s] -- Up-to-date: /home/vboxuser/turtlebot3_ws/install/my_world/share/my_world//launch/install/_local_setup_util_ps1.py
[11.818s] -- Up-to-date: /home/vboxuser/turtlebot3_ws/install/my_world/share/my_world//launch/install/setup.ps1
[11.818s] -- Up-to-date: /home/vboxuser/turtlebot3_ws/install/my_world/share/my_world//launch/install/local_setup.bash
[11.818s] -- Up-to-date: /home/vboxuser/turtlebot3_ws/install/my_world/share/my_world//launch/install/setup.bash
[11.819s] -- Up-to-date: /home/vboxuser/turtlebot3_ws/install/my_world/share/my_world//launch/build
[11.819s] -- Up-to-date: /home/vboxuser/turtlebot3_ws/install/my_world/share/my_world//launch/build/.built_by
[11.819s] -- Up-to-date: /home/vboxuser/turtlebot3_ws/install/my_world/share/my_world//launch/build/COLCON_IGNORE
[11.819s] -- Up-to-date: /home/vboxuser/turtlebot3_ws/install/my_world/share/my_world//models
[11.819s] -- Up-to-date: /home/vboxuser/turtlebot3_ws/install/my_world/share/my_world//models/my_world
[11.819s] -- Up-to-date: /home/vboxuser/turtlebot3_ws/install/my_world/share/my_world//models/my_world/model.config
[11.819s] -- Up-to-date: /home/vboxuser/turtlebot3_ws/install/my_world/share/my_world//models/my_world/model.sdf
[11.819s] -- Up-to-date: /home/vboxuser/turtlebot3_ws/install/my_world/share/my_world//models/turtlebot3_burger
[11.819s] -- Up-to-date: /home/vboxuser/turtlebot3_ws/install/my_world/share/my_world//models/turtlebot3_burger/meshes
[11.820s] -- Up-to-date: /home/vboxuser/turtlebot3_ws/install/my_world/share/my_world//models/turtlebot3_burger/meshes/tire.dae
[11.821s] -- Up-to-date: /home/vboxuser/turtlebot3_ws/install/my_world/share/my_world//models/turtlebot3_burger/meshes/burger_base.dae
[11.821s] -- Up-to-date: /home/vboxuser/turtlebot3_ws/install/my_world/share/my_world//models/turtlebot3_burger/meshes/lds.dae
[11.821s] -- Up-to-date: /home/vboxuser/turtlebot3_ws/install/my_world/share/my_world//models/turtlebot3_burger/model-1_4.sdf
[11.821s] -- Up-to-date: /home/vboxuser/turtlebot3_ws/install/my_world/share/my_world//models/turtlebot3_burger/model.config
[11.823s] -- Up-to-date: /home/vboxuser/turtlebot3_ws/install/my_world/share/my_world//models/turtlebot3_burger/model.sdf
[11.823s] -- Up-to-date: /home/vboxuser/turtlebot3_ws/install/my_world/share/my_world//world
[11.823s] -- Up-to-date: /home/vboxuser/turtlebot3_ws/install/my_world/share/my_world//world/burguer.model
[11.823s] -- Up-to-date: /home/vboxuser/turtlebot3_ws/install/my_world/share/my_world//urdf
[11.824s] -- Up-to-date: /home/vboxuser/turtlebot3_ws/install/my_world/share/my_world//urdf/turtlebot3_burger.urdf
[11.825s] -- Up-to-date: /home/vboxuser/turtlebot3_ws/install/my_world/share/my_world//urdf/turtlebot3_burger_pi.urdf
[11.825s] -- Up-to-date: /home/vboxuser/turtlebot3_ws/install/my_world/include/
[11.825s] -- Up-to-date: /home/vboxuser/turtlebot3_ws/install/my_world/include//my_world
[11.825s] -- Up-to-date: /home/vboxuser/turtlebot3_ws/install/my_world/share/ament_index/resource_index/package_run_dependencies/my_world
[11.828s] -- Up-to-date: /home/vboxuser/turtlebot3_ws/install/my_world/share/ament_index/resource_index/parent_prefix_path/my_world
[11.828s] -- Up-to-date: /home/vboxuser/turtlebot3_ws/install/my_world/share/my_world/environment/ament_prefix_path.sh
[11.828s] -- Up-to-date: /home/vboxuser/turtlebot3_ws/install/my_world/share/my_world/environment/ament_prefix_path.dsv
[11.828s] -- Up-to-date: /home/vboxuser/turtlebot3_ws/install/my_world/share/my_world/environment/path.sh
[11.828s] -- Up-to-date: /home/vboxuser/turtlebot3_ws/install/my_world/share/my_world/environment/path.dsv
[11.828s] -- Up-to-date: /home/vboxuser/turtlebot3_ws/install/my_world/share/my_world/local_setup.bash
[11.828s] -- Up-to-date: /home/vboxuser/turtlebot3_ws/install/my_world/share/my_world/local_setup.sh
[11.828s] -- Up-to-date: /home/vboxuser/turtlebot3_ws/install/my_world/share/my_world/local_setup.zsh
[11.828s] -- Up-to-date: /home/vboxuser/turtlebot3_ws/install/my_world/share/my_world/local_setup.dsv
[11.828s] -- Installing: /home/vboxuser/turtlebot3_ws/install/my_world/share/my_world/package.dsv
[11.829s] -- Up-to-date: /home/vboxuser/turtlebot3_ws/install/my_world/share/ament_index/resource_index/packages/my_world
[11.830s] -- Up-to-date: /home/vboxuser/turtlebot3_ws/install/my_world/share/my_world/cmake/ament_cmake_export_include_directories-extras.cmake
[11.830s] -- Up-to-date: /home/vboxuser/turtlebot3_ws/install/my_world/share/my_world/cmake/ament_cmake_export_dependencies-extras.cmake
[11.830s] -- Up-to-date: /home/vboxuser/turtlebot3_ws/install/my_world/share/my_world/cmake/my_worldConfig.cmake
[11.830s] -- Up-to-date: /home/vboxuser/turtlebot3_ws/install/my_world/share/my_world/cmake/my_worldConfig-version.cmake
[11.831s] -- Up-to-date: /home/vboxuser/turtlebot3_ws/install/my_world/share/my_world/package.xml
[11.834s] Invoked command in '/home/vboxuser/turtlebot3_ws/build/my_world' returned '0': CMAKE_PREFIX_PATH=${CMAKE_PREFIX_PATH}:/home/vboxuser/turtlebot3_ws/install/show_msg:/home/vboxuser/turtlebot3_ws/install/my_first_subscriber:/home/vboxuser/turtlebot3_ws/install/my_first_service:/home/vboxuser/turtlebot3_ws/install/my_first_publisher:/home/vboxuser/turtlebot3_ws/install/my_first_node:/home/vboxuser/turtlebot3_ws/install/my_first_action:/opt/ros/galactic /usr/bin/cmake --install /home/vboxuser/turtlebot3_ws/build/my_world
