running egg_info
writing ../../build/show_msg/show_msg.egg-info/PKG-INFO
writing dependency_links to ../../build/show_msg/show_msg.egg-info/dependency_links.txt
writing entry points to ../../build/show_msg/show_msg.egg-info/entry_points.txt
writing requirements to ../../build/show_msg/show_msg.egg-info/requires.txt
writing top-level names to ../../build/show_msg/show_msg.egg-info/top_level.txt
reading manifest file '../../build/show_msg/show_msg.egg-info/SOURCES.txt'
writing manifest file '../../build/show_msg/show_msg.egg-info/SOURCES.txt'
running build
running build_py
copying show_msg/show_msg.py -> /home/vboxuser/turtlebot3_ws/build/show_msg/build/lib/show_msg
running install
running install_lib
copying /home/vboxuser/turtlebot3_ws/build/show_msg/build/lib/show_msg/show_msg.py -> /home/vboxuser/turtlebot3_ws/install/show_msg/lib/python3.8/site-packages/show_msg
byte-compiling /home/vboxuser/turtlebot3_ws/install/show_msg/lib/python3.8/site-packages/show_msg/show_msg.py to show_msg.cpython-38.pyc
running install_data
running install_egg_info
Sorry: TabError: inconsistent use of tabs and spaces in indentation (show_msg.py, line 24)
removing '/home/vboxuser/turtlebot3_ws/install/show_msg/lib/python3.8/site-packages/show_msg-0.0.0-py3.8.egg-info' (and everything under it)
Copying ../../build/show_msg/show_msg.egg-info to /home/vboxuser/turtlebot3_ws/install/show_msg/lib/python3.8/site-packages/show_msg-0.0.0-py3.8.egg-info
running install_scripts
Installing show_msg script to /home/vboxuser/turtlebot3_ws/install/show_msg/lib/show_msg
writing list of installed files to '/home/vboxuser/turtlebot3_ws/build/show_msg/install.log'
