[0.000000] (-) TimerEvent: {}
[0.000126] (-) JobUnselected: {'identifier': 'custom_interface'}
[0.000145] (-) JobUnselected: {'identifier': 'custom_interface'}
[0.000157] (-) JobUnselected: {'identifier': 'movimiento_manual_service'}
[0.000168] (-) JobUnselected: {'identifier': 'my_first_action'}
[0.000177] (-) JobUnselected: {'identifier': 'my_first_node'}
[0.000194] (-) JobUnselected: {'identifier': 'my_first_publisher'}
[0.000203] (-) JobUnselected: {'identifier': 'my_first_subscriber'}
[0.000211] (-) JobUnselected: {'identifier': 'my_world'}
[0.000220] (-) JobUnselected: {'identifier': 'proy_asun'}
[0.000228] (-) JobUnselected: {'identifier': 'proy_eq1_nav_manual'}
[0.000236] (-) JobUnselected: {'identifier': 'show_msg'}
[0.000245] (-) JobUnselected: {'identifier': 'turtlebot3_fake_node'}
[0.000259] (-) JobUnselected: {'identifier': 'turtlebot3_gazebo'}
[0.000268] (-) JobUnselected: {'identifier': 'turtlebot3_simulations'}
[0.000413] (proy_eq1) JobQueued: {'identifier': 'proy_eq1', 'dependencies': OrderedDict([('custom_interface', '/home/vboxuser/turtlebot3_ws/install/custom_interface'), ('proy_eq1_nav_manual', '/home/vboxuser/turtlebot3_ws/install/proy_eq1_nav_manual')])}
[0.000441] (proy_eq1) JobStarted: {'identifier': 'proy_eq1'}
[0.100488] (-) TimerEvent: {}
[0.201387] (-) TimerEvent: {}
[0.204655] (proy_eq1) JobEnded: {'identifier': 'proy_eq1', 'rc': 1}
[0.205376] (-) EventReactorShutdown: {}
