[1.649s] DEBUG:colcon:Command line arguments: ['/usr/bin/colcon', 'build', '--packages-select', 'proy_eq1_custom_interface']
[1.649s] DEBUG:colcon:Parsed command line arguments: Namespace(allow_overriding=[], ament_cmake_args=None, base_paths=['.'], build_base='build', catkin_cmake_args=None, catkin_skip_building_tests=False, cmake_args=None, cmake_clean_cache=False, cmake_clean_first=False, cmake_force_configure=False, cmake_target=None, cmake_target_skip_unavailable=False, continue_on_error=False, event_handlers=None, executor='parallel', ignore_user_meta=False, install_base='install', log_base=None, log_level=None, main=<bound method BuildVerb.main of <colcon_core.verb.build.BuildVerb object at 0x7f5011db82e0>>, merge_install=False, metas=['./colcon.meta'], packages_above=None, packages_above_and_dependencies=None, packages_above_depth=None, packages_end=None, packages_ignore=None, packages_ignore_regex=None, packages_select=['proy_eq1_custom_interface'], packages_select_build_failed=False, packages_select_by_dep=None, packages_select_regex=None, packages_select_test_failures=False, packages_skip=None, packages_skip_build_finished=False, packages_skip_by_dep=None, packages_skip_regex=None, packages_skip_test_passed=False, packages_skip_up_to=None, packages_start=None, packages_up_to=None, packages_up_to_regex=None, parallel_workers=4, paths=None, symlink_install=False, test_result_base=None, verb_extension=<colcon_core.verb.build.BuildVerb object at 0x7f5011db82e0>, verb_name='build', verb_parser=<colcon_defaults.argument_parser.defaults.DefaultArgumentsDecorator object at 0x7f5011daa4f0>)
[1.734s] Level 1:colcon.colcon_core.package_discovery:discover_packages(colcon_meta) check parameters
[1.734s] Level 1:colcon.colcon_core.package_discovery:discover_packages(recursive) check parameters
[1.734s] Level 1:colcon.colcon_core.package_discovery:discover_packages(ignore) check parameters
[1.734s] Level 1:colcon.colcon_core.package_discovery:discover_packages(path) check parameters
[1.734s] Level 1:colcon.colcon_core.package_discovery:discover_packages(colcon_meta) discover
[1.734s] Level 1:colcon.colcon_core.package_discovery:discover_packages(recursive) discover
[1.734s] INFO:colcon.colcon_core.package_discovery:Crawling recursively for packages in '/home/vboxuser/turtlebot3_ws'
[1.734s] Level 1:colcon.colcon_core.package_identification:_identify(.) by extensions ['ignore', 'ignore_ament_install']
[1.735s] Level 1:colcon.colcon_core.package_identification:_identify(.) by extension 'ignore'
[1.735s] Level 1:colcon.colcon_core.package_identification:_identify(.) by extension 'ignore_ament_install'
[1.735s] Level 1:colcon.colcon_core.package_identification:_identify(.) by extensions ['colcon_pkg']
[1.735s] Level 1:colcon.colcon_core.package_identification:_identify(.) by extension 'colcon_pkg'
[1.735s] Level 1:colcon.colcon_core.package_identification:_identify(.) by extensions ['colcon_meta']
[1.735s] Level 1:colcon.colcon_core.package_identification:_identify(.) by extension 'colcon_meta'
[1.735s] Level 1:colcon.colcon_core.package_identification:_identify(.) by extensions ['ros']
[1.735s] Level 1:colcon.colcon_core.package_identification:_identify(.) by extension 'ros'
[1.745s] Level 1:colcon.colcon_core.package_identification:_identify(.) by extensions ['cmake', 'python']
[1.745s] Level 1:colcon.colcon_core.package_identification:_identify(.) by extension 'cmake'
[1.745s] Level 1:colcon.colcon_core.package_identification:_identify(.) by extension 'python'
[1.745s] Level 1:colcon.colcon_core.package_identification:_identify(.) by extensions ['python_setup_py']
[1.745s] Level 1:colcon.colcon_core.package_identification:_identify(.) by extension 'python_setup_py'
[1.745s] Level 1:colcon.colcon_core.package_identification:_identify(build) by extensions ['ignore', 'ignore_ament_install']
[1.745s] Level 1:colcon.colcon_core.package_identification:_identify(build) by extension 'ignore'
[1.745s] Level 1:colcon.colcon_core.package_identification:_identify(build) ignored
[1.745s] Level 1:colcon.colcon_core.package_identification:_identify(install) by extensions ['ignore', 'ignore_ament_install']
[1.745s] Level 1:colcon.colcon_core.package_identification:_identify(install) by extension 'ignore'
[1.745s] Level 1:colcon.colcon_core.package_identification:_identify(install) ignored
[1.745s] Level 1:colcon.colcon_core.package_identification:_identify(log) by extensions ['ignore', 'ignore_ament_install']
[1.746s] Level 1:colcon.colcon_core.package_identification:_identify(log) by extension 'ignore'
[1.746s] Level 1:colcon.colcon_core.package_identification:_identify(log) ignored
[1.746s] Level 1:colcon.colcon_core.package_identification:_identify(src) by extensions ['ignore', 'ignore_ament_install']
[1.746s] Level 1:colcon.colcon_core.package_identification:_identify(src) by extension 'ignore'
[1.746s] Level 1:colcon.colcon_core.package_identification:_identify(src) by extension 'ignore_ament_install'
[1.746s] Level 1:colcon.colcon_core.package_identification:_identify(src) by extensions ['colcon_pkg']
[1.746s] Level 1:colcon.colcon_core.package_identification:_identify(src) by extension 'colcon_pkg'
[1.746s] Level 1:colcon.colcon_core.package_identification:_identify(src) by extensions ['colcon_meta']
[1.746s] Level 1:colcon.colcon_core.package_identification:_identify(src) by extension 'colcon_meta'
[1.746s] Level 1:colcon.colcon_core.package_identification:_identify(src) by extensions ['ros']
[1.746s] Level 1:colcon.colcon_core.package_identification:_identify(src) by extension 'ros'
[1.746s] Level 1:colcon.colcon_core.package_identification:_identify(src) by extensions ['cmake', 'python']
[1.746s] Level 1:colcon.colcon_core.package_identification:_identify(src) by extension 'cmake'
[1.746s] Level 1:colcon.colcon_core.package_identification:_identify(src) by extension 'python'
[1.746s] Level 1:colcon.colcon_core.package_identification:_identify(src) by extensions ['python_setup_py']
[1.746s] Level 1:colcon.colcon_core.package_identification:_identify(src) by extension 'python_setup_py'
[1.746s] Level 1:colcon.colcon_core.package_identification:_identify(src/custom_interface) by extensions ['ignore', 'ignore_ament_install']
[1.746s] Level 1:colcon.colcon_core.package_identification:_identify(src/custom_interface) by extension 'ignore'
[1.746s] Level 1:colcon.colcon_core.package_identification:_identify(src/custom_interface) by extension 'ignore_ament_install'
[1.746s] Level 1:colcon.colcon_core.package_identification:_identify(src/custom_interface) by extensions ['colcon_pkg']
[1.746s] Level 1:colcon.colcon_core.package_identification:_identify(src/custom_interface) by extension 'colcon_pkg'
[1.746s] Level 1:colcon.colcon_core.package_identification:_identify(src/custom_interface) by extensions ['colcon_meta']
[1.746s] Level 1:colcon.colcon_core.package_identification:_identify(src/custom_interface) by extension 'colcon_meta'
[1.746s] Level 1:colcon.colcon_core.package_identification:_identify(src/custom_interface) by extensions ['ros']
[1.746s] Level 1:colcon.colcon_core.package_identification:_identify(src/custom_interface) by extension 'ros'
[1.749s] DEBUG:colcon.colcon_core.package_identification:Package 'src/custom_interface' with type 'ros.ament_cmake' and name 'custom_interface'
[1.749s] Level 1:colcon.colcon_core.package_identification:_identify(src/movimiento_manual_service) by extensions ['ignore', 'ignore_ament_install']
[1.749s] Level 1:colcon.colcon_core.package_identification:_identify(src/movimiento_manual_service) by extension 'ignore'
[1.749s] Level 1:colcon.colcon_core.package_identification:_identify(src/movimiento_manual_service) by extension 'ignore_ament_install'
[1.749s] Level 1:colcon.colcon_core.package_identification:_identify(src/movimiento_manual_service) by extensions ['colcon_pkg']
[1.749s] Level 1:colcon.colcon_core.package_identification:_identify(src/movimiento_manual_service) by extension 'colcon_pkg'
[1.749s] Level 1:colcon.colcon_core.package_identification:_identify(src/movimiento_manual_service) by extensions ['colcon_meta']
[1.749s] Level 1:colcon.colcon_core.package_identification:_identify(src/movimiento_manual_service) by extension 'colcon_meta'
[1.749s] Level 1:colcon.colcon_core.package_identification:_identify(src/movimiento_manual_service) by extensions ['ros']
[1.749s] Level 1:colcon.colcon_core.package_identification:_identify(src/movimiento_manual_service) by extension 'ros'
[1.749s] DEBUG:colcon.colcon_core.package_identification:Package 'src/movimiento_manual_service' with type 'ros.ament_python' and name 'movimiento_manual_service'
[1.750s] Level 1:colcon.colcon_core.package_identification:_identify(src/my_first_action) by extensions ['ignore', 'ignore_ament_install']
[1.750s] Level 1:colcon.colcon_core.package_identification:_identify(src/my_first_action) by extension 'ignore'
[1.750s] Level 1:colcon.colcon_core.package_identification:_identify(src/my_first_action) by extension 'ignore_ament_install'
[1.750s] Level 1:colcon.colcon_core.package_identification:_identify(src/my_first_action) by extensions ['colcon_pkg']
[1.750s] Level 1:colcon.colcon_core.package_identification:_identify(src/my_first_action) by extension 'colcon_pkg'
[1.750s] Level 1:colcon.colcon_core.package_identification:_identify(src/my_first_action) by extensions ['colcon_meta']
[1.750s] Level 1:colcon.colcon_core.package_identification:_identify(src/my_first_action) by extension 'colcon_meta'
[1.750s] Level 1:colcon.colcon_core.package_identification:_identify(src/my_first_action) by extensions ['ros']
[1.750s] Level 1:colcon.colcon_core.package_identification:_identify(src/my_first_action) by extension 'ros'
[1.751s] DEBUG:colcon.colcon_core.package_identification:Package 'src/my_first_action' with type 'ros.ament_python' and name 'my_first_action'
[1.751s] Level 1:colcon.colcon_core.package_identification:_identify(src/my_first_node) by extensions ['ignore', 'ignore_ament_install']
[1.751s] Level 1:colcon.colcon_core.package_identification:_identify(src/my_first_node) by extension 'ignore'
[1.751s] Level 1:colcon.colcon_core.package_identification:_identify(src/my_first_node) by extension 'ignore_ament_install'
[1.751s] Level 1:colcon.colcon_core.package_identification:_identify(src/my_first_node) by extensions ['colcon_pkg']
[1.751s] Level 1:colcon.colcon_core.package_identification:_identify(src/my_first_node) by extension 'colcon_pkg'
[1.751s] Level 1:colcon.colcon_core.package_identification:_identify(src/my_first_node) by extensions ['colcon_meta']
[1.751s] Level 1:colcon.colcon_core.package_identification:_identify(src/my_first_node) by extension 'colcon_meta'
[1.751s] Level 1:colcon.colcon_core.package_identification:_identify(src/my_first_node) by extensions ['ros']
[1.751s] Level 1:colcon.colcon_core.package_identification:_identify(src/my_first_node) by extension 'ros'
[1.751s] DEBUG:colcon.colcon_core.package_identification:Package 'src/my_first_node' with type 'ros.ament_python' and name 'my_first_node'
[1.752s] Level 1:colcon.colcon_core.package_identification:_identify(src/my_first_publisher) by extensions ['ignore', 'ignore_ament_install']
[1.752s] Level 1:colcon.colcon_core.package_identification:_identify(src/my_first_publisher) by extension 'ignore'
[1.752s] Level 1:colcon.colcon_core.package_identification:_identify(src/my_first_publisher) by extension 'ignore_ament_install'
[1.752s] Level 1:colcon.colcon_core.package_identification:_identify(src/my_first_publisher) by extensions ['colcon_pkg']
[1.752s] Level 1:colcon.colcon_core.package_identification:_identify(src/my_first_publisher) by extension 'colcon_pkg'
[1.752s] Level 1:colcon.colcon_core.package_identification:_identify(src/my_first_publisher) by extensions ['colcon_meta']
[1.752s] Level 1:colcon.colcon_core.package_identification:_identify(src/my_first_publisher) by extension 'colcon_meta'
[1.752s] Level 1:colcon.colcon_core.package_identification:_identify(src/my_first_publisher) by extensions ['ros']
[1.752s] Level 1:colcon.colcon_core.package_identification:_identify(src/my_first_publisher) by extension 'ros'
[1.752s] DEBUG:colcon.colcon_core.package_identification:Package 'src/my_first_publisher' with type 'ros.ament_python' and name 'my_first_publisher'
[1.753s] Level 1:colcon.colcon_core.package_identification:_identify(src/my_first_subscriber) by extensions ['ignore', 'ignore_ament_install']
[1.753s] Level 1:colcon.colcon_core.package_identification:_identify(src/my_first_subscriber) by extension 'ignore'
[1.753s] Level 1:colcon.colcon_core.package_identification:_identify(src/my_first_subscriber) by extension 'ignore_ament_install'
[1.753s] Level 1:colcon.colcon_core.package_identification:_identify(src/my_first_subscriber) by extensions ['colcon_pkg']
[1.753s] Level 1:colcon.colcon_core.package_identification:_identify(src/my_first_subscriber) by extension 'colcon_pkg'
[1.753s] Level 1:colcon.colcon_core.package_identification:_identify(src/my_first_subscriber) by extensions ['colcon_meta']
[1.753s] Level 1:colcon.colcon_core.package_identification:_identify(src/my_first_subscriber) by extension 'colcon_meta'
[1.753s] Level 1:colcon.colcon_core.package_identification:_identify(src/my_first_subscriber) by extensions ['ros']
[1.753s] Level 1:colcon.colcon_core.package_identification:_identify(src/my_first_subscriber) by extension 'ros'
[1.754s] DEBUG:colcon.colcon_core.package_identification:Package 'src/my_first_subscriber' with type 'ros.ament_python' and name 'my_first_subscriber'
[1.754s] Level 1:colcon.colcon_core.package_identification:_identify(src/my_world) by extensions ['ignore', 'ignore_ament_install']
[1.754s] Level 1:colcon.colcon_core.package_identification:_identify(src/my_world) by extension 'ignore'
[1.754s] Level 1:colcon.colcon_core.package_identification:_identify(src/my_world) by extension 'ignore_ament_install'
[1.754s] Level 1:colcon.colcon_core.package_identification:_identify(src/my_world) by extensions ['colcon_pkg']
[1.754s] Level 1:colcon.colcon_core.package_identification:_identify(src/my_world) by extension 'colcon_pkg'
[1.754s] Level 1:colcon.colcon_core.package_identification:_identify(src/my_world) by extensions ['colcon_meta']
[1.754s] Level 1:colcon.colcon_core.package_identification:_identify(src/my_world) by extension 'colcon_meta'
[1.754s] Level 1:colcon.colcon_core.package_identification:_identify(src/my_world) by extensions ['ros']
[1.754s] Level 1:colcon.colcon_core.package_identification:_identify(src/my_world) by extension 'ros'
[1.756s] DEBUG:colcon.colcon_core.package_identification:Package 'src/my_world' with type 'ros.ament_cmake' and name 'my_world'
[1.756s] Level 1:colcon.colcon_core.package_identification:_identify(src/proy_eq1) by extensions ['ignore', 'ignore_ament_install']
[1.756s] Level 1:colcon.colcon_core.package_identification:_identify(src/proy_eq1) by extension 'ignore'
[1.756s] Level 1:colcon.colcon_core.package_identification:_identify(src/proy_eq1) by extension 'ignore_ament_install'
[1.756s] Level 1:colcon.colcon_core.package_identification:_identify(src/proy_eq1) by extensions ['colcon_pkg']
[1.756s] Level 1:colcon.colcon_core.package_identification:_identify(src/proy_eq1) by extension 'colcon_pkg'
[1.756s] Level 1:colcon.colcon_core.package_identification:_identify(src/proy_eq1) by extensions ['colcon_meta']
[1.756s] Level 1:colcon.colcon_core.package_identification:_identify(src/proy_eq1) by extension 'colcon_meta'
[1.756s] Level 1:colcon.colcon_core.package_identification:_identify(src/proy_eq1) by extensions ['ros']
[1.756s] Level 1:colcon.colcon_core.package_identification:_identify(src/proy_eq1) by extension 'ros'
[1.756s] Level 1:colcon.colcon_core.package_identification:_identify(src/proy_eq1) by extensions ['cmake', 'python']
[1.756s] Level 1:colcon.colcon_core.package_identification:_identify(src/proy_eq1) by extension 'cmake'
[1.756s] Level 1:colcon.colcon_core.package_identification:_identify(src/proy_eq1) by extension 'python'
[1.756s] Level 1:colcon.colcon_core.package_identification:_identify(src/proy_eq1) by extensions ['python_setup_py']
[1.756s] Level 1:colcon.colcon_core.package_identification:_identify(src/proy_eq1) by extension 'python_setup_py'
[1.757s] Level 1:colcon.colcon_core.package_identification:_identify(src/proy_eq1/proy_eq1) by extensions ['ignore', 'ignore_ament_install']
[1.757s] Level 1:colcon.colcon_core.package_identification:_identify(src/proy_eq1/proy_eq1) by extension 'ignore'
[1.757s] Level 1:colcon.colcon_core.package_identification:_identify(src/proy_eq1/proy_eq1) by extension 'ignore_ament_install'
[1.757s] Level 1:colcon.colcon_core.package_identification:_identify(src/proy_eq1/proy_eq1) by extensions ['colcon_pkg']
[1.757s] Level 1:colcon.colcon_core.package_identification:_identify(src/proy_eq1/proy_eq1) by extension 'colcon_pkg'
[1.757s] Level 1:colcon.colcon_core.package_identification:_identify(src/proy_eq1/proy_eq1) by extensions ['colcon_meta']
[1.757s] Level 1:colcon.colcon_core.package_identification:_identify(src/proy_eq1/proy_eq1) by extension 'colcon_meta'
[1.757s] Level 1:colcon.colcon_core.package_identification:_identify(src/proy_eq1/proy_eq1) by extensions ['ros']
[1.757s] Level 1:colcon.colcon_core.package_identification:_identify(src/proy_eq1/proy_eq1) by extension 'ros'
[1.758s] ERROR:colcon.colcon_core.package_identification:Exception in package identification extension 'ros' in 'src/proy_eq1/proy_eq1': 'NoneType' object has no attribute 'group'
Traceback (most recent call last):
  File "/usr/lib/python3/dist-packages/colcon_ros/package_identification/ros.py", line 166, in _get_package
    pkg = parse_package(path)
  File "/usr/lib/python3/dist-packages/catkin_pkg/package.py", line 584, in parse_package
    return parse_package_string(xml, filename, warnings=warnings)
  File "/usr/lib/python3/dist-packages/catkin_pkg/package.py", line 788, in parse_package_string
    pkg.validate(warnings=warnings)
  File "/usr/lib/python3/dist-packages/catkin_pkg/package.py", line 330, in validate
    raise InvalidPackage('\n'.join(errors), self.filename)
catkin_pkg.package.InvalidPackage: Error(s) in package 'src/proy_eq1/proy_eq1/package.xml':
Package version "0.1" does not follow version conventions
Invalid email "XXXXX" for person "XXXXX"

During handling of the above exception, another exception occurred:

Traceback (most recent call last):
  File "/usr/lib/python3/dist-packages/colcon_core/package_identification/__init__.py", line 142, in _identify
    retval = extension.identify(_reused_descriptor_instance)
  File "/usr/lib/python3/dist-packages/colcon_ros/package_identification/ros.py", line 55, in identify
    pkg, build_type = get_package_with_build_type(str(desc.path))
  File "/usr/lib/python3/dist-packages/colcon_ros/package_identification/ros.py", line 149, in get_package_with_build_type
    pkg = _get_package(path)
  File "/usr/lib/python3/dist-packages/colcon_ros/package_identification/ros.py", line 168, in _get_package
    if has_ros_schema_reference(path):
  File "/usr/lib/python3/dist-packages/catkin_pkg/package.py", line 540, in has_ros_schema_reference
    return has_ros_schema_reference_string(xml)
  File "/usr/lib/python3/dist-packages/catkin_pkg/package.py", line 564, in has_ros_schema_reference_string
    schema_url = re.search(r'href="([A-Za-z0-9\._/:]*)"', child.data).group(1)
AttributeError: 'NoneType' object has no attribute 'group'

[1.759s] Level 1:colcon.colcon_core.package_identification:_identify(src/proy_eq1/proy_eq1) by extensions ['cmake', 'python']
[1.759s] Level 1:colcon.colcon_core.package_identification:_identify(src/proy_eq1/proy_eq1) by extension 'cmake'
[1.759s] Level 1:colcon.colcon_core.package_identification:_identify(src/proy_eq1/proy_eq1) by extension 'python'
[1.759s] DEBUG:colcon.colcon_core.package_identification:Package 'src/proy_eq1/proy_eq1' with type 'cmake' and name 'proy_eq1'
[1.759s] Level 1:colcon.colcon_core.package_identification:_identify(src/proy_eq1/proy_eq1_custom_interface) by extensions ['ignore', 'ignore_ament_install']
[1.760s] Level 1:colcon.colcon_core.package_identification:_identify(src/proy_eq1/proy_eq1_custom_interface) by extension 'ignore'
[1.760s] Level 1:colcon.colcon_core.package_identification:_identify(src/proy_eq1/proy_eq1_custom_interface) by extension 'ignore_ament_install'
[1.760s] Level 1:colcon.colcon_core.package_identification:_identify(src/proy_eq1/proy_eq1_custom_interface) by extensions ['colcon_pkg']
[1.760s] Level 1:colcon.colcon_core.package_identification:_identify(src/proy_eq1/proy_eq1_custom_interface) by extension 'colcon_pkg'
[1.760s] Level 1:colcon.colcon_core.package_identification:_identify(src/proy_eq1/proy_eq1_custom_interface) by extensions ['colcon_meta']
[1.760s] Level 1:colcon.colcon_core.package_identification:_identify(src/proy_eq1/proy_eq1_custom_interface) by extension 'colcon_meta'
[1.760s] Level 1:colcon.colcon_core.package_identification:_identify(src/proy_eq1/proy_eq1_custom_interface) by extensions ['ros']
[1.760s] Level 1:colcon.colcon_core.package_identification:_identify(src/proy_eq1/proy_eq1_custom_interface) by extension 'ros'
[1.760s] DEBUG:colcon.colcon_core.package_identification:Package 'src/proy_eq1/proy_eq1_custom_interface' with type 'ros.ament_cmake' and name 'custom_interface'
[1.760s] Level 1:colcon.colcon_core.package_identification:_identify(src/proy_eq1/proy_eq1_nav_manual) by extensions ['ignore', 'ignore_ament_install']
[1.760s] Level 1:colcon.colcon_core.package_identification:_identify(src/proy_eq1/proy_eq1_nav_manual) by extension 'ignore'
[1.760s] Level 1:colcon.colcon_core.package_identification:_identify(src/proy_eq1/proy_eq1_nav_manual) by extension 'ignore_ament_install'
[1.760s] Level 1:colcon.colcon_core.package_identification:_identify(src/proy_eq1/proy_eq1_nav_manual) by extensions ['colcon_pkg']
[1.760s] Level 1:colcon.colcon_core.package_identification:_identify(src/proy_eq1/proy_eq1_nav_manual) by extension 'colcon_pkg'
[1.760s] Level 1:colcon.colcon_core.package_identification:_identify(src/proy_eq1/proy_eq1_nav_manual) by extensions ['colcon_meta']
[1.760s] Level 1:colcon.colcon_core.package_identification:_identify(src/proy_eq1/proy_eq1_nav_manual) by extension 'colcon_meta'
[1.760s] Level 1:colcon.colcon_core.package_identification:_identify(src/proy_eq1/proy_eq1_nav_manual) by extensions ['ros']
[1.760s] Level 1:colcon.colcon_core.package_identification:_identify(src/proy_eq1/proy_eq1_nav_manual) by extension 'ros'
[1.761s] DEBUG:colcon.colcon_core.package_identification:Package 'src/proy_eq1/proy_eq1_nav_manual' with type 'ros.ament_python' and name 'proy_eq1_nav_manual'
[1.761s] Level 1:colcon.colcon_core.package_identification:_identify(src/show_msg) by extensions ['ignore', 'ignore_ament_install']
[1.761s] Level 1:colcon.colcon_core.package_identification:_identify(src/show_msg) by extension 'ignore'
[1.761s] Level 1:colcon.colcon_core.package_identification:_identify(src/show_msg) by extension 'ignore_ament_install'
[1.761s] Level 1:colcon.colcon_core.package_identification:_identify(src/show_msg) by extensions ['colcon_pkg']
[1.761s] Level 1:colcon.colcon_core.package_identification:_identify(src/show_msg) by extension 'colcon_pkg'
[1.761s] Level 1:colcon.colcon_core.package_identification:_identify(src/show_msg) by extensions ['colcon_meta']
[1.761s] Level 1:colcon.colcon_core.package_identification:_identify(src/show_msg) by extension 'colcon_meta'
[1.761s] Level 1:colcon.colcon_core.package_identification:_identify(src/show_msg) by extensions ['ros']
[1.761s] Level 1:colcon.colcon_core.package_identification:_identify(src/show_msg) by extension 'ros'
[1.762s] DEBUG:colcon.colcon_core.package_identification:Package 'src/show_msg' with type 'ros.ament_python' and name 'show_msg'
[1.762s] Level 1:colcon.colcon_core.package_identification:_identify(src/turtlebot3_simulations) by extensions ['ignore', 'ignore_ament_install']
[1.762s] Level 1:colcon.colcon_core.package_identification:_identify(src/turtlebot3_simulations) by extension 'ignore'
[1.762s] Level 1:colcon.colcon_core.package_identification:_identify(src/turtlebot3_simulations) by extension 'ignore_ament_install'
[1.762s] Level 1:colcon.colcon_core.package_identification:_identify(src/turtlebot3_simulations) by extensions ['colcon_pkg']
[1.762s] Level 1:colcon.colcon_core.package_identification:_identify(src/turtlebot3_simulations) by extension 'colcon_pkg'
[1.762s] Level 1:colcon.colcon_core.package_identification:_identify(src/turtlebot3_simulations) by extensions ['colcon_meta']
[1.762s] Level 1:colcon.colcon_core.package_identification:_identify(src/turtlebot3_simulations) by extension 'colcon_meta'
[1.762s] Level 1:colcon.colcon_core.package_identification:_identify(src/turtlebot3_simulations) by extensions ['ros']
[1.762s] Level 1:colcon.colcon_core.package_identification:_identify(src/turtlebot3_simulations) by extension 'ros'
[1.762s] Level 1:colcon.colcon_core.package_identification:_identify(src/turtlebot3_simulations) by extensions ['cmake', 'python']
[1.762s] Level 1:colcon.colcon_core.package_identification:_identify(src/turtlebot3_simulations) by extension 'cmake'
[1.762s] Level 1:colcon.colcon_core.package_identification:_identify(src/turtlebot3_simulations) by extension 'python'
[1.762s] Level 1:colcon.colcon_core.package_identification:_identify(src/turtlebot3_simulations) by extensions ['python_setup_py']
[1.762s] Level 1:colcon.colcon_core.package_identification:_identify(src/turtlebot3_simulations) by extension 'python_setup_py'
[1.763s] Level 1:colcon.colcon_core.package_identification:_identify(src/turtlebot3_simulations/turtlebot3_fake_node) by extensions ['ignore', 'ignore_ament_install']
[1.763s] Level 1:colcon.colcon_core.package_identification:_identify(src/turtlebot3_simulations/turtlebot3_fake_node) by extension 'ignore'
[1.763s] Level 1:colcon.colcon_core.package_identification:_identify(src/turtlebot3_simulations/turtlebot3_fake_node) by extension 'ignore_ament_install'
[1.763s] Level 1:colcon.colcon_core.package_identification:_identify(src/turtlebot3_simulations/turtlebot3_fake_node) by extensions ['colcon_pkg']
[1.763s] Level 1:colcon.colcon_core.package_identification:_identify(src/turtlebot3_simulations/turtlebot3_fake_node) by extension 'colcon_pkg'
[1.763s] Level 1:colcon.colcon_core.package_identification:_identify(src/turtlebot3_simulations/turtlebot3_fake_node) by extensions ['colcon_meta']
[1.763s] Level 1:colcon.colcon_core.package_identification:_identify(src/turtlebot3_simulations/turtlebot3_fake_node) by extension 'colcon_meta'
[1.763s] Level 1:colcon.colcon_core.package_identification:_identify(src/turtlebot3_simulations/turtlebot3_fake_node) by extensions ['ros']
[1.763s] Level 1:colcon.colcon_core.package_identification:_identify(src/turtlebot3_simulations/turtlebot3_fake_node) by extension 'ros'
[1.764s] DEBUG:colcon.colcon_core.package_identification:Package 'src/turtlebot3_simulations/turtlebot3_fake_node' with type 'ros.ament_cmake' and name 'turtlebot3_fake_node'
[1.764s] Level 1:colcon.colcon_core.package_identification:_identify(src/turtlebot3_simulations/turtlebot3_gazebo) by extensions ['ignore', 'ignore_ament_install']
[1.764s] Level 1:colcon.colcon_core.package_identification:_identify(src/turtlebot3_simulations/turtlebot3_gazebo) by extension 'ignore'
[1.764s] Level 1:colcon.colcon_core.package_identification:_identify(src/turtlebot3_simulations/turtlebot3_gazebo) by extension 'ignore_ament_install'
[1.764s] Level 1:colcon.colcon_core.package_identification:_identify(src/turtlebot3_simulations/turtlebot3_gazebo) by extensions ['colcon_pkg']
[1.764s] Level 1:colcon.colcon_core.package_identification:_identify(src/turtlebot3_simulations/turtlebot3_gazebo) by extension 'colcon_pkg'
[1.764s] Level 1:colcon.colcon_core.package_identification:_identify(src/turtlebot3_simulations/turtlebot3_gazebo) by extensions ['colcon_meta']
[1.764s] Level 1:colcon.colcon_core.package_identification:_identify(src/turtlebot3_simulations/turtlebot3_gazebo) by extension 'colcon_meta'
[1.764s] Level 1:colcon.colcon_core.package_identification:_identify(src/turtlebot3_simulations/turtlebot3_gazebo) by extensions ['ros']
[1.764s] Level 1:colcon.colcon_core.package_identification:_identify(src/turtlebot3_simulations/turtlebot3_gazebo) by extension 'ros'
[1.765s] DEBUG:colcon.colcon_core.package_identification:Package 'src/turtlebot3_simulations/turtlebot3_gazebo' with type 'ros.ament_cmake' and name 'turtlebot3_gazebo'
[1.765s] Level 1:colcon.colcon_core.package_identification:_identify(src/turtlebot3_simulations/turtlebot3_simulations) by extensions ['ignore', 'ignore_ament_install']
[1.765s] Level 1:colcon.colcon_core.package_identification:_identify(src/turtlebot3_simulations/turtlebot3_simulations) by extension 'ignore'
[1.765s] Level 1:colcon.colcon_core.package_identification:_identify(src/turtlebot3_simulations/turtlebot3_simulations) by extension 'ignore_ament_install'
[1.765s] Level 1:colcon.colcon_core.package_identification:_identify(src/turtlebot3_simulations/turtlebot3_simulations) by extensions ['colcon_pkg']
[1.765s] Level 1:colcon.colcon_core.package_identification:_identify(src/turtlebot3_simulations/turtlebot3_simulations) by extension 'colcon_pkg'
[1.766s] Level 1:colcon.colcon_core.package_identification:_identify(src/turtlebot3_simulations/turtlebot3_simulations) by extensions ['colcon_meta']
[1.766s] Level 1:colcon.colcon_core.package_identification:_identify(src/turtlebot3_simulations/turtlebot3_simulations) by extension 'colcon_meta'
[1.766s] Level 1:colcon.colcon_core.package_identification:_identify(src/turtlebot3_simulations/turtlebot3_simulations) by extensions ['ros']
[1.766s] Level 1:colcon.colcon_core.package_identification:_identify(src/turtlebot3_simulations/turtlebot3_simulations) by extension 'ros'
[1.766s] DEBUG:colcon.colcon_core.package_identification:Package 'src/turtlebot3_simulations/turtlebot3_simulations' with type 'ros.ament_cmake' and name 'turtlebot3_simulations'
[1.766s] Level 1:colcon.colcon_core.package_discovery:discover_packages(recursive) using defaults
[1.766s] Level 1:colcon.colcon_core.package_discovery:discover_packages(ignore) discover
[1.766s] Level 1:colcon.colcon_core.package_discovery:discover_packages(ignore) using defaults
[1.766s] Level 1:colcon.colcon_core.package_discovery:discover_packages(path) discover
[1.766s] Level 1:colcon.colcon_core.package_discovery:discover_packages(path) using defaults
[1.799s] WARNING:colcon.colcon_core.package_selection:ignoring unknown package 'proy_eq1_custom_interface' in --packages-select
[1.873s] INFO:colcon.colcon_core.package_selection:Skipping not selected package 'custom_interface' in 'src/custom_interface'
[1.874s] INFO:colcon.colcon_core.package_selection:Skipping not selected package 'custom_interface' in 'src/proy_eq1/proy_eq1_custom_interface'
[1.874s] INFO:colcon.colcon_core.package_selection:Skipping not selected package 'my_first_node' in 'src/my_first_node'
[1.874s] INFO:colcon.colcon_core.package_selection:Skipping not selected package 'my_first_publisher' in 'src/my_first_publisher'
[1.874s] INFO:colcon.colcon_core.package_selection:Skipping not selected package 'my_first_subscriber' in 'src/my_first_subscriber'
[1.874s] INFO:colcon.colcon_core.package_selection:Skipping not selected package 'proy_eq1' in 'src/proy_eq1/proy_eq1'
[1.874s] INFO:colcon.colcon_core.package_selection:Skipping not selected package 'turtlebot3_fake_node' in 'src/turtlebot3_simulations/turtlebot3_fake_node'
[1.874s] INFO:colcon.colcon_core.package_selection:Skipping not selected package 'turtlebot3_gazebo' in 'src/turtlebot3_simulations/turtlebot3_gazebo'
[1.874s] INFO:colcon.colcon_core.package_selection:Skipping not selected package 'movimiento_manual_service' in 'src/movimiento_manual_service'
[1.874s] INFO:colcon.colcon_core.package_selection:Skipping not selected package 'my_first_action' in 'src/my_first_action'
[1.874s] INFO:colcon.colcon_core.package_selection:Skipping not selected package 'my_world' in 'src/my_world'
[1.874s] INFO:colcon.colcon_core.package_selection:Skipping not selected package 'proy_eq1_nav_manual' in 'src/proy_eq1/proy_eq1_nav_manual'
[1.874s] INFO:colcon.colcon_core.package_selection:Skipping not selected package 'show_msg' in 'src/show_msg'
[1.874s] INFO:colcon.colcon_core.package_selection:Skipping not selected package 'turtlebot3_simulations' in 'src/turtlebot3_simulations/turtlebot3_simulations'
[1.926s] Level 1:colcon.colcon_core.package_discovery:discover_packages(prefix_path) check parameters
[1.926s] Level 1:colcon.colcon_core.package_discovery:discover_packages(prefix_path) discover
[1.979s] DEBUG:colcon.colcon_installed_package_information.package_discovery:Found 12 installed packages in /home/vboxuser/turtlebot3_ws/install
[2.005s] DEBUG:colcon.colcon_installed_package_information.package_discovery:Found 336 installed packages in /opt/ros/galactic
[2.007s] Level 1:colcon.colcon_core.package_discovery:discover_packages(prefix_path) using defaults
[2.151s] INFO:colcon.colcon_core.executor:Executing jobs using 'parallel' executor
[2.177s] DEBUG:colcon.colcon_parallel_executor.executor.parallel:run_until_complete
[2.177s] DEBUG:colcon.colcon_parallel_executor.executor.parallel:closing loop
[2.177s] DEBUG:colcon.colcon_parallel_executor.executor.parallel:loop closed
[2.177s] DEBUG:colcon.colcon_parallel_executor.executor.parallel:run_until_complete finished with '0'
[2.177s] DEBUG:colcon.colcon_core.event_reactor:joining thread
[2.214s] INFO:colcon.colcon_core.plugin_system:Skipping extension 'colcon_notification.desktop_notification.terminal_notifier': Not used on non-Darwin systems
[2.214s] INFO:colcon.colcon_core.plugin_system:Skipping extension 'colcon_notification.desktop_notification.win32': Not used on non-Windows systems
[2.214s] INFO:colcon.colcon_notification.desktop_notification:Sending desktop notification using 'notify2'
[2.254s] DEBUG:colcon.colcon_core.event_reactor:joined thread
[2.286s] INFO:colcon.colcon_core.plugin_system:Skipping extension 'colcon_core.shell.bat': Not used on non-Windows systems
[2.286s] INFO:colcon.colcon_core.shell:Creating prefix script '/home/vboxuser/turtlebot3_ws/install/local_setup.ps1'
[2.287s] INFO:colcon.colcon_core.shell:Creating prefix util module '/home/vboxuser/turtlebot3_ws/install/_local_setup_util_ps1.py'
[2.288s] INFO:colcon.colcon_core.shell:Creating prefix chain script '/home/vboxuser/turtlebot3_ws/install/setup.ps1'
[2.316s] INFO:colcon.colcon_core.shell:Creating prefix script '/home/vboxuser/turtlebot3_ws/install/local_setup.sh'
[2.317s] INFO:colcon.colcon_core.shell:Creating prefix util module '/home/vboxuser/turtlebot3_ws/install/_local_setup_util_sh.py'
[2.317s] INFO:colcon.colcon_core.shell:Creating prefix chain script '/home/vboxuser/turtlebot3_ws/install/setup.sh'
[2.345s] INFO:colcon.colcon_core.shell:Creating prefix script '/home/vboxuser/turtlebot3_ws/install/local_setup.bash'
[2.346s] INFO:colcon.colcon_core.shell:Creating prefix chain script '/home/vboxuser/turtlebot3_ws/install/setup.bash'
[2.374s] INFO:colcon.colcon_core.shell:Creating prefix script '/home/vboxuser/turtlebot3_ws/install/local_setup.zsh'
[2.375s] INFO:colcon.colcon_core.shell:Creating prefix chain script '/home/vboxuser/turtlebot3_ws/install/setup.zsh'
