running egg_info
creating ../../../build/proy_eq1_nav_manual/proy_eq1_nav_manual.egg-info
writing ../../../build/proy_eq1_nav_manual/proy_eq1_nav_manual.egg-info/PKG-INFO
writing dependency_links to ../../../build/proy_eq1_nav_manual/proy_eq1_nav_manual.egg-info/dependency_links.txt
writing entry points to ../../../build/proy_eq1_nav_manual/proy_eq1_nav_manual.egg-info/entry_points.txt
writing requirements to ../../../build/proy_eq1_nav_manual/proy_eq1_nav_manual.egg-info/requires.txt
writing top-level names to ../../../build/proy_eq1_nav_manual/proy_eq1_nav_manual.egg-info/top_level.txt
writing manifest file '../../../build/proy_eq1_nav_manual/proy_eq1_nav_manual.egg-info/SOURCES.txt'
reading manifest file '../../../build/proy_eq1_nav_manual/proy_eq1_nav_manual.egg-info/SOURCES.txt'
writing manifest file '../../../build/proy_eq1_nav_manual/proy_eq1_nav_manual.egg-info/SOURCES.txt'
running build
running build_py
creating /home/vboxuser/turtlebot3_ws/build/proy_eq1_nav_manual/build
creating /home/vboxuser/turtlebot3_ws/build/proy_eq1_nav_manual/build/lib
creating /home/vboxuser/turtlebot3_ws/build/proy_eq1_nav_manual/build/lib/proy_eq1_nav_manual
copying proy_eq1_nav_manual/movement_client.py -> /home/vboxuser/turtlebot3_ws/build/proy_eq1_nav_manual/build/lib/proy_eq1_nav_manual
copying proy_eq1_nav_manual/__init__.py -> /home/vboxuser/turtlebot3_ws/build/proy_eq1_nav_manual/build/lib/proy_eq1_nav_manual
copying proy_eq1_nav_manual/movement_server.py -> /home/vboxuser/turtlebot3_ws/build/proy_eq1_nav_manual/build/lib/proy_eq1_nav_manual
running install
running install_lib
creating /home/vboxuser/turtlebot3_ws/install/proy_eq1_nav_manual/lib/python3.8/site-packages/proy_eq1_nav_manual
copying /home/vboxuser/turtlebot3_ws/build/proy_eq1_nav_manual/build/lib/proy_eq1_nav_manual/movement_client.py -> /home/vboxuser/turtlebot3_ws/install/proy_eq1_nav_manual/lib/python3.8/site-packages/proy_eq1_nav_manual
copying /home/vboxuser/turtlebot3_ws/build/proy_eq1_nav_manual/build/lib/proy_eq1_nav_manual/__init__.py -> /home/vboxuser/turtlebot3_ws/install/proy_eq1_nav_manual/lib/python3.8/site-packages/proy_eq1_nav_manual
copying /home/vboxuser/turtlebot3_ws/build/proy_eq1_nav_manual/build/lib/proy_eq1_nav_manual/movement_server.py -> /home/vboxuser/turtlebot3_ws/install/proy_eq1_nav_manual/lib/python3.8/site-packages/proy_eq1_nav_manual
byte-compiling /home/vboxuser/turtlebot3_ws/install/proy_eq1_nav_manual/lib/python3.8/site-packages/proy_eq1_nav_manual/movement_client.py to movement_client.cpython-38.pyc
byte-compiling /home/vboxuser/turtlebot3_ws/install/proy_eq1_nav_manual/lib/python3.8/site-packages/proy_eq1_nav_manual/__init__.py to __init__.cpython-38.pyc
byte-compiling /home/vboxuser/turtlebot3_ws/install/proy_eq1_nav_manual/lib/python3.8/site-packages/proy_eq1_nav_manual/movement_server.py to movement_server.cpython-38.pyc
running install_data
creating /home/vboxuser/turtlebot3_ws/install/proy_eq1_nav_manual/share/ament_index
creating /home/vboxuser/turtlebot3_ws/install/proy_eq1_nav_manual/share/ament_index/resource_index
creating /home/vboxuser/turtlebot3_ws/install/proy_eq1_nav_manual/share/ament_index/resource_index/packages
