[0.663s] Invoking command in '/home/vboxuser/turtlebot3_ws/src/proy_eq1111111/proy_eq1_nav_manual': CMAKE_PREFIX_PATH=/home/vboxuser/turtlebot3_ws/install/custom_interface:/home/vboxuser/turtlebot3_ws/install/turtlebot3_simulations:/home/vboxuser/turtlebot3_ws/install/my_world:/home/vboxuser/turtlebot3_ws/install/turtlebot3_gazebo:/home/vboxuser/turtlebot3_ws/install/turtlebot3_fake_node PYTHONPATH=/home/vboxuser/turtlebot3_ws/build/proy_eq1_nav_manual/prefix_override:/home/vboxuser/turtlebot3_ws/install/proy_eq1_nav_manual/lib/python3.8/site-packages:/home/vboxuser/turtlebot3_ws/install/custom_interface/lib/python3.8/site-packages:/home/vboxuser/turtlebot3_ws/install/proy_eq1/lib/python3.8/site-packages:/home/vboxuser/turtlebot3_ws/install/show_msg/lib/python3.8/site-packages:/home/vboxuser/turtlebot3_ws/install/my_first_subscriber/lib/python3.8/site-packages:/home/vboxuser/turtlebot3_ws/install/my_first_service/lib/python3.8/site-packages:/home/vboxuser/turtlebot3_ws/install/my_first_publisher/lib/python3.8/site-packages:/home/vboxuser/turtlebot3_ws/install/my_first_node/lib/python3.8/site-packages:/home/vboxuser/turtlebot3_ws/install/my_first_action/lib/python3.8/site-packages:/home/vboxuser/turtlebot3_ws/install/movimiento_manual_service/lib/python3.8/site-packages:/opt/ros/galactic/lib/python3.8/site-packages /usr/bin/python3 setup.py egg_info --egg-base ../../../build/proy_eq1_nav_manual build --build-base /home/vboxuser/turtlebot3_ws/build/proy_eq1_nav_manual/build install --record /home/vboxuser/turtlebot3_ws/build/proy_eq1_nav_manual/install.log --single-version-externally-managed
[0.810s] running egg_info
[0.810s] creating ../../../build/proy_eq1_nav_manual/proy_eq1_nav_manual.egg-info
[0.810s] writing ../../../build/proy_eq1_nav_manual/proy_eq1_nav_manual.egg-info/PKG-INFO
[0.810s] writing dependency_links to ../../../build/proy_eq1_nav_manual/proy_eq1_nav_manual.egg-info/dependency_links.txt
[0.810s] writing entry points to ../../../build/proy_eq1_nav_manual/proy_eq1_nav_manual.egg-info/entry_points.txt
[0.810s] writing requirements to ../../../build/proy_eq1_nav_manual/proy_eq1_nav_manual.egg-info/requires.txt
[0.811s] writing top-level names to ../../../build/proy_eq1_nav_manual/proy_eq1_nav_manual.egg-info/top_level.txt
[0.811s] writing manifest file '../../../build/proy_eq1_nav_manual/proy_eq1_nav_manual.egg-info/SOURCES.txt'
[0.832s] reading manifest file '../../../build/proy_eq1_nav_manual/proy_eq1_nav_manual.egg-info/SOURCES.txt'
[0.833s] writing manifest file '../../../build/proy_eq1_nav_manual/proy_eq1_nav_manual.egg-info/SOURCES.txt'
[0.834s] running build
[0.834s] running build_py
[0.834s] creating /home/vboxuser/turtlebot3_ws/build/proy_eq1_nav_manual/build
[0.834s] creating /home/vboxuser/turtlebot3_ws/build/proy_eq1_nav_manual/build/lib
[0.834s] creating /home/vboxuser/turtlebot3_ws/build/proy_eq1_nav_manual/build/lib/proy_eq1_nav_manual
[0.834s] copying proy_eq1_nav_manual/movement_client.py -> /home/vboxuser/turtlebot3_ws/build/proy_eq1_nav_manual/build/lib/proy_eq1_nav_manual
[0.834s] copying proy_eq1_nav_manual/__init__.py -> /home/vboxuser/turtlebot3_ws/build/proy_eq1_nav_manual/build/lib/proy_eq1_nav_manual
[0.835s] copying proy_eq1_nav_manual/movement_server.py -> /home/vboxuser/turtlebot3_ws/build/proy_eq1_nav_manual/build/lib/proy_eq1_nav_manual
[0.835s] running install
[0.835s] running install_lib
[0.835s] creating /home/vboxuser/turtlebot3_ws/install/proy_eq1_nav_manual/lib/python3.8/site-packages/proy_eq1_nav_manual
[0.835s] copying /home/vboxuser/turtlebot3_ws/build/proy_eq1_nav_manual/build/lib/proy_eq1_nav_manual/movement_client.py -> /home/vboxuser/turtlebot3_ws/install/proy_eq1_nav_manual/lib/python3.8/site-packages/proy_eq1_nav_manual
[0.835s] copying /home/vboxuser/turtlebot3_ws/build/proy_eq1_nav_manual/build/lib/proy_eq1_nav_manual/__init__.py -> /home/vboxuser/turtlebot3_ws/install/proy_eq1_nav_manual/lib/python3.8/site-packages/proy_eq1_nav_manual
[0.835s] copying /home/vboxuser/turtlebot3_ws/build/proy_eq1_nav_manual/build/lib/proy_eq1_nav_manual/movement_server.py -> /home/vboxuser/turtlebot3_ws/install/proy_eq1_nav_manual/lib/python3.8/site-packages/proy_eq1_nav_manual
[0.836s] byte-compiling /home/vboxuser/turtlebot3_ws/install/proy_eq1_nav_manual/lib/python3.8/site-packages/proy_eq1_nav_manual/movement_client.py to movement_client.cpython-38.pyc
[0.837s] byte-compiling /home/vboxuser/turtlebot3_ws/install/proy_eq1_nav_manual/lib/python3.8/site-packages/proy_eq1_nav_manual/__init__.py to __init__.cpython-38.pyc
[0.837s] byte-compiling /home/vboxuser/turtlebot3_ws/install/proy_eq1_nav_manual/lib/python3.8/site-packages/proy_eq1_nav_manual/movement_server.py to movement_server.cpython-38.pyc
[0.837s] running install_data
[0.838s] creating /home/vboxuser/turtlebot3_ws/install/proy_eq1_nav_manual/share/ament_index
[0.838s] creating /home/vboxuser/turtlebot3_ws/install/proy_eq1_nav_manual/share/ament_index/resource_index
[0.838s] creating /home/vboxuser/turtlebot3_ws/install/proy_eq1_nav_manual/share/ament_index/resource_index/packages
[0.838s] error: can't copy 'resource/proy_eq1_nav_manual': doesn't exist or not a regular file
[0.848s] Invoked command in '/home/vboxuser/turtlebot3_ws/src/proy_eq1111111/proy_eq1_nav_manual' returned '1': CMAKE_PREFIX_PATH=/home/vboxuser/turtlebot3_ws/install/custom_interface:/home/vboxuser/turtlebot3_ws/install/turtlebot3_simulations:/home/vboxuser/turtlebot3_ws/install/my_world:/home/vboxuser/turtlebot3_ws/install/turtlebot3_gazebo:/home/vboxuser/turtlebot3_ws/install/turtlebot3_fake_node PYTHONPATH=/home/vboxuser/turtlebot3_ws/build/proy_eq1_nav_manual/prefix_override:/home/vboxuser/turtlebot3_ws/install/proy_eq1_nav_manual/lib/python3.8/site-packages:/home/vboxuser/turtlebot3_ws/install/custom_interface/lib/python3.8/site-packages:/home/vboxuser/turtlebot3_ws/install/proy_eq1/lib/python3.8/site-packages:/home/vboxuser/turtlebot3_ws/install/show_msg/lib/python3.8/site-packages:/home/vboxuser/turtlebot3_ws/install/my_first_subscriber/lib/python3.8/site-packages:/home/vboxuser/turtlebot3_ws/install/my_first_service/lib/python3.8/site-packages:/home/vboxuser/turtlebot3_ws/install/my_first_publisher/lib/python3.8/site-packages:/home/vboxuser/turtlebot3_ws/install/my_first_node/lib/python3.8/site-packages:/home/vboxuser/turtlebot3_ws/install/my_first_action/lib/python3.8/site-packages:/home/vboxuser/turtlebot3_ws/install/movimiento_manual_service/lib/python3.8/site-packages:/opt/ros/galactic/lib/python3.8/site-packages /usr/bin/python3 setup.py egg_info --egg-base ../../../build/proy_eq1_nav_manual build --build-base /home/vboxuser/turtlebot3_ws/build/proy_eq1_nav_manual/build install --record /home/vboxuser/turtlebot3_ws/build/proy_eq1_nav_manual/install.log --single-version-externally-managed
