[2.021s] Invoking command in '/home/vboxuser/turtlebot3_ws/src/my_first_publisher': PYTHONPATH=/home/vboxuser/turtlebot3_ws/build/my_first_publisher/prefix_override:/home/vboxuser/turtlebot3_ws/install/my_first_publisher/lib/python3.8/site-packages:${PYTHONPATH} /usr/bin/python3 setup.py egg_info --egg-base ../../build/my_first_publisher build --build-base /home/vboxuser/turtlebot3_ws/build/my_first_publisher/build install --record /home/vboxuser/turtlebot3_ws/build/my_first_publisher/install.log --single-version-externally-managed
[2.286s] running egg_info
[2.289s] writing ../../build/my_first_publisher/my_first_publisher.egg-info/PKG-INFO
[2.291s] writing dependency_links to ../../build/my_first_publisher/my_first_publisher.egg-info/dependency_links.txt
[2.291s] writing entry points to ../../build/my_first_publisher/my_first_publisher.egg-info/entry_points.txt
[2.294s] writing requirements to ../../build/my_first_publisher/my_first_publisher.egg-info/requires.txt
[2.299s] writing top-level names to ../../build/my_first_publisher/my_first_publisher.egg-info/top_level.txt
[2.335s] reading manifest file '../../build/my_first_publisher/my_first_publisher.egg-info/SOURCES.txt'
[2.345s] writing manifest file '../../build/my_first_publisher/my_first_publisher.egg-info/SOURCES.txt'
[2.347s] running build
[2.348s] running build_py
[2.348s] copying my_first_publisher/simple_publisher.py -> /home/vboxuser/turtlebot3_ws/build/my_first_publisher/build/lib/my_first_publisher
[2.369s] running install
[2.372s] running install_lib
[2.373s] copying /home/vboxuser/turtlebot3_ws/build/my_first_publisher/build/lib/my_first_publisher/simple_publisher.py -> /home/vboxuser/turtlebot3_ws/install/my_first_publisher/lib/python3.8/site-packages/my_first_publisher
[2.377s] byte-compiling /home/vboxuser/turtlebot3_ws/install/my_first_publisher/lib/python3.8/site-packages/my_first_publisher/simple_publisher.py to simple_publisher.cpython-38.pyc
[2.379s] running install_data
[2.379s] running install_egg_info
[2.382s] removing '/home/vboxuser/turtlebot3_ws/install/my_first_publisher/lib/python3.8/site-packages/my_first_publisher-0.0.0-py3.8.egg-info' (and everything under it)
[2.384s] Copying ../../build/my_first_publisher/my_first_publisher.egg-info to /home/vboxuser/turtlebot3_ws/install/my_first_publisher/lib/python3.8/site-packages/my_first_publisher-0.0.0-py3.8.egg-info
[2.387s] running install_scripts
[2.390s] Installing simple_publisher script to /home/vboxuser/turtlebot3_ws/install/my_first_publisher/lib/my_first_publisher
[2.392s] writing list of installed files to '/home/vboxuser/turtlebot3_ws/build/my_first_publisher/install.log'
[2.435s] Invoked command in '/home/vboxuser/turtlebot3_ws/src/my_first_publisher' returned '0': PYTHONPATH=/home/vboxuser/turtlebot3_ws/build/my_first_publisher/prefix_override:/home/vboxuser/turtlebot3_ws/install/my_first_publisher/lib/python3.8/site-packages:${PYTHONPATH} /usr/bin/python3 setup.py egg_info --egg-base ../../build/my_first_publisher build --build-base /home/vboxuser/turtlebot3_ws/build/my_first_publisher/build install --record /home/vboxuser/turtlebot3_ws/build/my_first_publisher/install.log --single-version-externally-managed
