[0.656s] Invoking command in '/home/vboxuser/turtlebot3_ws/src/proy_eq1111111/proy_eq1_custom_interface': PYTHONPATH=/home/vboxuser/turtlebot3_ws/build/proy_eq1_custom_interface/prefix_override:/home/vboxuser/turtlebot3_ws/install/proy_eq1_custom_interface/lib/python3.8/site-packages:${PYTHONPATH} /usr/bin/python3 setup.py egg_info --egg-base ../../../build/proy_eq1_custom_interface build --build-base /home/vboxuser/turtlebot3_ws/build/proy_eq1_custom_interface/build install --record /home/vboxuser/turtlebot3_ws/build/proy_eq1_custom_interface/install.log --single-version-externally-managed
[0.802s] running egg_info
[0.802s] writing ../../../build/proy_eq1_custom_interface/proy_eq1_custom_interface.egg-info/PKG-INFO
[0.803s] writing dependency_links to ../../../build/proy_eq1_custom_interface/proy_eq1_custom_interface.egg-info/dependency_links.txt
[0.803s] writing entry points to ../../../build/proy_eq1_custom_interface/proy_eq1_custom_interface.egg-info/entry_points.txt
[0.803s] writing requirements to ../../../build/proy_eq1_custom_interface/proy_eq1_custom_interface.egg-info/requires.txt
[0.803s] writing top-level names to ../../../build/proy_eq1_custom_interface/proy_eq1_custom_interface.egg-info/top_level.txt
[0.825s] reading manifest file '../../../build/proy_eq1_custom_interface/proy_eq1_custom_interface.egg-info/SOURCES.txt'
[0.825s] writing manifest file '../../../build/proy_eq1_custom_interface/proy_eq1_custom_interface.egg-info/SOURCES.txt'
[0.825s] running build
[0.825s] running build_py
[0.826s] running install
[0.826s] running install_lib
[0.827s] running install_data
[0.827s] running install_egg_info
[0.828s] removing '/home/vboxuser/turtlebot3_ws/install/proy_eq1_custom_interface/lib/python3.8/site-packages/proy_eq1_custom_interface-0.0.0-py3.8.egg-info' (and everything under it)
[0.828s] Copying ../../../build/proy_eq1_custom_interface/proy_eq1_custom_interface.egg-info to /home/vboxuser/turtlebot3_ws/install/proy_eq1_custom_interface/lib/python3.8/site-packages/proy_eq1_custom_interface-0.0.0-py3.8.egg-info
[0.829s] running install_scripts
[0.840s] writing list of installed files to '/home/vboxuser/turtlebot3_ws/build/proy_eq1_custom_interface/install.log'
[0.852s] Invoked command in '/home/vboxuser/turtlebot3_ws/src/proy_eq1111111/proy_eq1_custom_interface' returned '0': PYTHONPATH=/home/vboxuser/turtlebot3_ws/build/proy_eq1_custom_interface/prefix_override:/home/vboxuser/turtlebot3_ws/install/proy_eq1_custom_interface/lib/python3.8/site-packages:${PYTHONPATH} /usr/bin/python3 setup.py egg_info --egg-base ../../../build/proy_eq1_custom_interface build --build-base /home/vboxuser/turtlebot3_ws/build/proy_eq1_custom_interface/build install --record /home/vboxuser/turtlebot3_ws/build/proy_eq1_custom_interface/install.log --single-version-externally-managed
