[1.798s] DEBUG:colcon:Command line arguments: ['/usr/bin/colcon', 'build', '--packages-select', 'movimiento_manual_service']
[1.798s] DEBUG:colcon:Parsed command line arguments: Namespace(allow_overriding=[], ament_cmake_args=None, base_paths=['.'], build_base='build', catkin_cmake_args=None, catkin_skip_building_tests=False, cmake_args=None, cmake_clean_cache=False, cmake_clean_first=False, cmake_force_configure=False, cmake_target=None, cmake_target_skip_unavailable=False, continue_on_error=False, event_handlers=None, executor='parallel', ignore_user_meta=False, install_base='install', log_base=None, log_level=None, main=<bound method BuildVerb.main of <colcon_core.verb.build.BuildVerb object at 0x7f282cd34d00>>, merge_install=False, metas=['./colcon.meta'], packages_above=None, packages_above_and_dependencies=None, packages_above_depth=None, packages_end=None, packages_ignore=None, packages_ignore_regex=None, packages_select=['movimiento_manual_service'], packages_select_build_failed=False, packages_select_by_dep=None, packages_select_regex=None, packages_select_test_failures=False, packages_skip=None, packages_skip_build_finished=False, packages_skip_by_dep=None, packages_skip_regex=None, packages_skip_test_passed=False, packages_skip_up_to=None, packages_start=None, packages_up_to=None, packages_up_to_regex=None, parallel_workers=4, paths=None, symlink_install=False, test_result_base=None, verb_extension=<colcon_core.verb.build.BuildVerb object at 0x7f282cd34d00>, verb_name='build', verb_parser=<colcon_defaults.argument_parser.defaults.DefaultArgumentsDecorator object at 0x7f282cd25070>)
[1.872s] Level 1:colcon.colcon_core.package_discovery:discover_packages(colcon_meta) check parameters
[1.872s] Level 1:colcon.colcon_core.package_discovery:discover_packages(recursive) check parameters
[1.872s] Level 1:colcon.colcon_core.package_discovery:discover_packages(ignore) check parameters
[1.872s] Level 1:colcon.colcon_core.package_discovery:discover_packages(path) check parameters
[1.872s] Level 1:colcon.colcon_core.package_discovery:discover_packages(colcon_meta) discover
[1.872s] Level 1:colcon.colcon_core.package_discovery:discover_packages(recursive) discover
[1.872s] INFO:colcon.colcon_core.package_discovery:Crawling recursively for packages in '/home/vboxuser/turtlebot3_ws'
[1.873s] Level 1:colcon.colcon_core.package_identification:_identify(.) by extensions ['ignore', 'ignore_ament_install']
[1.873s] Level 1:colcon.colcon_core.package_identification:_identify(.) by extension 'ignore'
[1.873s] Level 1:colcon.colcon_core.package_identification:_identify(.) by extension 'ignore_ament_install'
[1.873s] Level 1:colcon.colcon_core.package_identification:_identify(.) by extensions ['colcon_pkg']
[1.873s] Level 1:colcon.colcon_core.package_identification:_identify(.) by extension 'colcon_pkg'
[1.873s] Level 1:colcon.colcon_core.package_identification:_identify(.) by extensions ['colcon_meta']
[1.873s] Level 1:colcon.colcon_core.package_identification:_identify(.) by extension 'colcon_meta'
[1.873s] Level 1:colcon.colcon_core.package_identification:_identify(.) by extensions ['ros']
[1.873s] Level 1:colcon.colcon_core.package_identification:_identify(.) by extension 'ros'
[1.882s] Level 1:colcon.colcon_core.package_identification:_identify(.) by extensions ['cmake', 'python']
[1.882s] Level 1:colcon.colcon_core.package_identification:_identify(.) by extension 'cmake'
[1.882s] Level 1:colcon.colcon_core.package_identification:_identify(.) by extension 'python'
[1.882s] Level 1:colcon.colcon_core.package_identification:_identify(.) by extensions ['python_setup_py']
[1.882s] Level 1:colcon.colcon_core.package_identification:_identify(.) by extension 'python_setup_py'
[1.882s] Level 1:colcon.colcon_core.package_identification:_identify(build) by extensions ['ignore', 'ignore_ament_install']
[1.883s] Level 1:colcon.colcon_core.package_identification:_identify(build) by extension 'ignore'
[1.883s] Level 1:colcon.colcon_core.package_identification:_identify(build) ignored
[1.883s] Level 1:colcon.colcon_core.package_identification:_identify(install) by extensions ['ignore', 'ignore_ament_install']
[1.883s] Level 1:colcon.colcon_core.package_identification:_identify(install) by extension 'ignore'
[1.883s] Level 1:colcon.colcon_core.package_identification:_identify(install) ignored
[1.883s] Level 1:colcon.colcon_core.package_identification:_identify(log) by extensions ['ignore', 'ignore_ament_install']
[1.883s] Level 1:colcon.colcon_core.package_identification:_identify(log) by extension 'ignore'
[1.883s] Level 1:colcon.colcon_core.package_identification:_identify(log) ignored
[1.883s] Level 1:colcon.colcon_core.package_identification:_identify(src) by extensions ['ignore', 'ignore_ament_install']
[1.883s] Level 1:colcon.colcon_core.package_identification:_identify(src) by extension 'ignore'
[1.883s] Level 1:colcon.colcon_core.package_identification:_identify(src) by extension 'ignore_ament_install'
[1.883s] Level 1:colcon.colcon_core.package_identification:_identify(src) by extensions ['colcon_pkg']
[1.883s] Level 1:colcon.colcon_core.package_identification:_identify(src) by extension 'colcon_pkg'
[1.883s] Level 1:colcon.colcon_core.package_identification:_identify(src) by extensions ['colcon_meta']
[1.883s] Level 1:colcon.colcon_core.package_identification:_identify(src) by extension 'colcon_meta'
[1.883s] Level 1:colcon.colcon_core.package_identification:_identify(src) by extensions ['ros']
[1.883s] Level 1:colcon.colcon_core.package_identification:_identify(src) by extension 'ros'
[1.883s] Level 1:colcon.colcon_core.package_identification:_identify(src) by extensions ['cmake', 'python']
[1.883s] Level 1:colcon.colcon_core.package_identification:_identify(src) by extension 'cmake'
[1.883s] Level 1:colcon.colcon_core.package_identification:_identify(src) by extension 'python'
[1.884s] Level 1:colcon.colcon_core.package_identification:_identify(src) by extensions ['python_setup_py']
[1.884s] Level 1:colcon.colcon_core.package_identification:_identify(src) by extension 'python_setup_py'
[1.884s] Level 1:colcon.colcon_core.package_identification:_identify(src/custom_interface) by extensions ['ignore', 'ignore_ament_install']
[1.884s] Level 1:colcon.colcon_core.package_identification:_identify(src/custom_interface) by extension 'ignore'
[1.884s] Level 1:colcon.colcon_core.package_identification:_identify(src/custom_interface) by extension 'ignore_ament_install'
[1.884s] Level 1:colcon.colcon_core.package_identification:_identify(src/custom_interface) by extensions ['colcon_pkg']
[1.884s] Level 1:colcon.colcon_core.package_identification:_identify(src/custom_interface) by extension 'colcon_pkg'
[1.884s] Level 1:colcon.colcon_core.package_identification:_identify(src/custom_interface) by extensions ['colcon_meta']
[1.884s] Level 1:colcon.colcon_core.package_identification:_identify(src/custom_interface) by extension 'colcon_meta'
[1.884s] Level 1:colcon.colcon_core.package_identification:_identify(src/custom_interface) by extensions ['ros']
[1.884s] Level 1:colcon.colcon_core.package_identification:_identify(src/custom_interface) by extension 'ros'
[1.886s] DEBUG:colcon.colcon_core.package_identification:Package 'src/custom_interface' with type 'ros.ament_cmake' and name 'custom_interface'
[1.887s] Level 1:colcon.colcon_core.package_identification:_identify(src/movimiento_manual_service) by extensions ['ignore', 'ignore_ament_install']
[1.887s] Level 1:colcon.colcon_core.package_identification:_identify(src/movimiento_manual_service) by extension 'ignore'
[1.887s] Level 1:colcon.colcon_core.package_identification:_identify(src/movimiento_manual_service) by extension 'ignore_ament_install'
[1.887s] Level 1:colcon.colcon_core.package_identification:_identify(src/movimiento_manual_service) by extensions ['colcon_pkg']
[1.887s] Level 1:colcon.colcon_core.package_identification:_identify(src/movimiento_manual_service) by extension 'colcon_pkg'
[1.887s] Level 1:colcon.colcon_core.package_identification:_identify(src/movimiento_manual_service) by extensions ['colcon_meta']
[1.887s] Level 1:colcon.colcon_core.package_identification:_identify(src/movimiento_manual_service) by extension 'colcon_meta'
[1.887s] Level 1:colcon.colcon_core.package_identification:_identify(src/movimiento_manual_service) by extensions ['ros']
[1.887s] Level 1:colcon.colcon_core.package_identification:_identify(src/movimiento_manual_service) by extension 'ros'
[1.887s] DEBUG:colcon.colcon_core.package_identification:Package 'src/movimiento_manual_service' with type 'ros.ament_python' and name 'movimiento_manual_service'
[1.888s] Level 1:colcon.colcon_core.package_identification:_identify(src/my_first_action) by extensions ['ignore', 'ignore_ament_install']
[1.888s] Level 1:colcon.colcon_core.package_identification:_identify(src/my_first_action) by extension 'ignore'
[1.888s] Level 1:colcon.colcon_core.package_identification:_identify(src/my_first_action) by extension 'ignore_ament_install'
[1.888s] Level 1:colcon.colcon_core.package_identification:_identify(src/my_first_action) by extensions ['colcon_pkg']
[1.888s] Level 1:colcon.colcon_core.package_identification:_identify(src/my_first_action) by extension 'colcon_pkg'
[1.888s] Level 1:colcon.colcon_core.package_identification:_identify(src/my_first_action) by extensions ['colcon_meta']
[1.888s] Level 1:colcon.colcon_core.package_identification:_identify(src/my_first_action) by extension 'colcon_meta'
[1.888s] Level 1:colcon.colcon_core.package_identification:_identify(src/my_first_action) by extensions ['ros']
[1.888s] Level 1:colcon.colcon_core.package_identification:_identify(src/my_first_action) by extension 'ros'
[1.888s] DEBUG:colcon.colcon_core.package_identification:Package 'src/my_first_action' with type 'ros.ament_python' and name 'my_first_action'
[1.888s] Level 1:colcon.colcon_core.package_identification:_identify(src/my_first_node) by extensions ['ignore', 'ignore_ament_install']
[1.888s] Level 1:colcon.colcon_core.package_identification:_identify(src/my_first_node) by extension 'ignore'
[1.888s] Level 1:colcon.colcon_core.package_identification:_identify(src/my_first_node) by extension 'ignore_ament_install'
[1.889s] Level 1:colcon.colcon_core.package_identification:_identify(src/my_first_node) by extensions ['colcon_pkg']
[1.889s] Level 1:colcon.colcon_core.package_identification:_identify(src/my_first_node) by extension 'colcon_pkg'
[1.889s] Level 1:colcon.colcon_core.package_identification:_identify(src/my_first_node) by extensions ['colcon_meta']
[1.889s] Level 1:colcon.colcon_core.package_identification:_identify(src/my_first_node) by extension 'colcon_meta'
[1.889s] Level 1:colcon.colcon_core.package_identification:_identify(src/my_first_node) by extensions ['ros']
[1.889s] Level 1:colcon.colcon_core.package_identification:_identify(src/my_first_node) by extension 'ros'
[1.889s] DEBUG:colcon.colcon_core.package_identification:Package 'src/my_first_node' with type 'ros.ament_python' and name 'my_first_node'
[1.889s] Level 1:colcon.colcon_core.package_identification:_identify(src/my_first_publisher) by extensions ['ignore', 'ignore_ament_install']
[1.889s] Level 1:colcon.colcon_core.package_identification:_identify(src/my_first_publisher) by extension 'ignore'
[1.889s] Level 1:colcon.colcon_core.package_identification:_identify(src/my_first_publisher) by extension 'ignore_ament_install'
[1.889s] Level 1:colcon.colcon_core.package_identification:_identify(src/my_first_publisher) by extensions ['colcon_pkg']
[1.889s] Level 1:colcon.colcon_core.package_identification:_identify(src/my_first_publisher) by extension 'colcon_pkg'
[1.889s] Level 1:colcon.colcon_core.package_identification:_identify(src/my_first_publisher) by extensions ['colcon_meta']
[1.889s] Level 1:colcon.colcon_core.package_identification:_identify(src/my_first_publisher) by extension 'colcon_meta'
[1.889s] Level 1:colcon.colcon_core.package_identification:_identify(src/my_first_publisher) by extensions ['ros']
[1.889s] Level 1:colcon.colcon_core.package_identification:_identify(src/my_first_publisher) by extension 'ros'
[1.890s] DEBUG:colcon.colcon_core.package_identification:Package 'src/my_first_publisher' with type 'ros.ament_python' and name 'my_first_publisher'
[1.890s] Level 1:colcon.colcon_core.package_identification:_identify(src/my_first_subscriber) by extensions ['ignore', 'ignore_ament_install']
[1.890s] Level 1:colcon.colcon_core.package_identification:_identify(src/my_first_subscriber) by extension 'ignore'
[1.890s] Level 1:colcon.colcon_core.package_identification:_identify(src/my_first_subscriber) by extension 'ignore_ament_install'
[1.890s] Level 1:colcon.colcon_core.package_identification:_identify(src/my_first_subscriber) by extensions ['colcon_pkg']
[1.890s] Level 1:colcon.colcon_core.package_identification:_identify(src/my_first_subscriber) by extension 'colcon_pkg'
[1.890s] Level 1:colcon.colcon_core.package_identification:_identify(src/my_first_subscriber) by extensions ['colcon_meta']
[1.890s] Level 1:colcon.colcon_core.package_identification:_identify(src/my_first_subscriber) by extension 'colcon_meta'
[1.890s] Level 1:colcon.colcon_core.package_identification:_identify(src/my_first_subscriber) by extensions ['ros']
[1.890s] Level 1:colcon.colcon_core.package_identification:_identify(src/my_first_subscriber) by extension 'ros'
[1.891s] DEBUG:colcon.colcon_core.package_identification:Package 'src/my_first_subscriber' with type 'ros.ament_python' and name 'my_first_subscriber'
[1.891s] Level 1:colcon.colcon_core.package_identification:_identify(src/my_world) by extensions ['ignore', 'ignore_ament_install']
[1.891s] Level 1:colcon.colcon_core.package_identification:_identify(src/my_world) by extension 'ignore'
[1.891s] Level 1:colcon.colcon_core.package_identification:_identify(src/my_world) by extension 'ignore_ament_install'
[1.891s] Level 1:colcon.colcon_core.package_identification:_identify(src/my_world) by extensions ['colcon_pkg']
[1.891s] Level 1:colcon.colcon_core.package_identification:_identify(src/my_world) by extension 'colcon_pkg'
[1.891s] Level 1:colcon.colcon_core.package_identification:_identify(src/my_world) by extensions ['colcon_meta']
[1.891s] Level 1:colcon.colcon_core.package_identification:_identify(src/my_world) by extension 'colcon_meta'
[1.891s] Level 1:colcon.colcon_core.package_identification:_identify(src/my_world) by extensions ['ros']
[1.891s] Level 1:colcon.colcon_core.package_identification:_identify(src/my_world) by extension 'ros'
[1.892s] DEBUG:colcon.colcon_core.package_identification:Package 'src/my_world' with type 'ros.ament_cmake' and name 'my_world'
[1.892s] Level 1:colcon.colcon_core.package_identification:_identify(src/show_msg) by extensions ['ignore', 'ignore_ament_install']
[1.892s] Level 1:colcon.colcon_core.package_identification:_identify(src/show_msg) by extension 'ignore'
[1.892s] Level 1:colcon.colcon_core.package_identification:_identify(src/show_msg) by extension 'ignore_ament_install'
[1.892s] Level 1:colcon.colcon_core.package_identification:_identify(src/show_msg) by extensions ['colcon_pkg']
[1.892s] Level 1:colcon.colcon_core.package_identification:_identify(src/show_msg) by extension 'colcon_pkg'
[1.892s] Level 1:colcon.colcon_core.package_identification:_identify(src/show_msg) by extensions ['colcon_meta']
[1.892s] Level 1:colcon.colcon_core.package_identification:_identify(src/show_msg) by extension 'colcon_meta'
[1.892s] Level 1:colcon.colcon_core.package_identification:_identify(src/show_msg) by extensions ['ros']
[1.892s] Level 1:colcon.colcon_core.package_identification:_identify(src/show_msg) by extension 'ros'
[1.892s] DEBUG:colcon.colcon_core.package_identification:Package 'src/show_msg' with type 'ros.ament_python' and name 'show_msg'
[1.892s] Level 1:colcon.colcon_core.package_identification:_identify(src/turtlebot3_simulations) by extensions ['ignore', 'ignore_ament_install']
[1.892s] Level 1:colcon.colcon_core.package_identification:_identify(src/turtlebot3_simulations) by extension 'ignore'
[1.893s] Level 1:colcon.colcon_core.package_identification:_identify(src/turtlebot3_simulations) by extension 'ignore_ament_install'
[1.893s] Level 1:colcon.colcon_core.package_identification:_identify(src/turtlebot3_simulations) by extensions ['colcon_pkg']
[1.893s] Level 1:colcon.colcon_core.package_identification:_identify(src/turtlebot3_simulations) by extension 'colcon_pkg'
[1.893s] Level 1:colcon.colcon_core.package_identification:_identify(src/turtlebot3_simulations) by extensions ['colcon_meta']
[1.893s] Level 1:colcon.colcon_core.package_identification:_identify(src/turtlebot3_simulations) by extension 'colcon_meta'
[1.893s] Level 1:colcon.colcon_core.package_identification:_identify(src/turtlebot3_simulations) by extensions ['ros']
[1.893s] Level 1:colcon.colcon_core.package_identification:_identify(src/turtlebot3_simulations) by extension 'ros'
[1.893s] Level 1:colcon.colcon_core.package_identification:_identify(src/turtlebot3_simulations) by extensions ['cmake', 'python']
[1.893s] Level 1:colcon.colcon_core.package_identification:_identify(src/turtlebot3_simulations) by extension 'cmake'
[1.893s] Level 1:colcon.colcon_core.package_identification:_identify(src/turtlebot3_simulations) by extension 'python'
[1.893s] Level 1:colcon.colcon_core.package_identification:_identify(src/turtlebot3_simulations) by extensions ['python_setup_py']
[1.893s] Level 1:colcon.colcon_core.package_identification:_identify(src/turtlebot3_simulations) by extension 'python_setup_py'
[1.893s] Level 1:colcon.colcon_core.package_identification:_identify(src/turtlebot3_simulations/turtlebot3_fake_node) by extensions ['ignore', 'ignore_ament_install']
[1.893s] Level 1:colcon.colcon_core.package_identification:_identify(src/turtlebot3_simulations/turtlebot3_fake_node) by extension 'ignore'
[1.893s] Level 1:colcon.colcon_core.package_identification:_identify(src/turtlebot3_simulations/turtlebot3_fake_node) by extension 'ignore_ament_install'
[1.893s] Level 1:colcon.colcon_core.package_identification:_identify(src/turtlebot3_simulations/turtlebot3_fake_node) by extensions ['colcon_pkg']
[1.893s] Level 1:colcon.colcon_core.package_identification:_identify(src/turtlebot3_simulations/turtlebot3_fake_node) by extension 'colcon_pkg'
[1.893s] Level 1:colcon.colcon_core.package_identification:_identify(src/turtlebot3_simulations/turtlebot3_fake_node) by extensions ['colcon_meta']
[1.893s] Level 1:colcon.colcon_core.package_identification:_identify(src/turtlebot3_simulations/turtlebot3_fake_node) by extension 'colcon_meta'
[1.893s] Level 1:colcon.colcon_core.package_identification:_identify(src/turtlebot3_simulations/turtlebot3_fake_node) by extensions ['ros']
[1.893s] Level 1:colcon.colcon_core.package_identification:_identify(src/turtlebot3_simulations/turtlebot3_fake_node) by extension 'ros'
[1.894s] DEBUG:colcon.colcon_core.package_identification:Package 'src/turtlebot3_simulations/turtlebot3_fake_node' with type 'ros.ament_cmake' and name 'turtlebot3_fake_node'
[1.894s] Level 1:colcon.colcon_core.package_identification:_identify(src/turtlebot3_simulations/turtlebot3_gazebo) by extensions ['ignore', 'ignore_ament_install']
[1.894s] Level 1:colcon.colcon_core.package_identification:_identify(src/turtlebot3_simulations/turtlebot3_gazebo) by extension 'ignore'
[1.894s] Level 1:colcon.colcon_core.package_identification:_identify(src/turtlebot3_simulations/turtlebot3_gazebo) by extension 'ignore_ament_install'
[1.894s] Level 1:colcon.colcon_core.package_identification:_identify(src/turtlebot3_simulations/turtlebot3_gazebo) by extensions ['colcon_pkg']
[1.894s] Level 1:colcon.colcon_core.package_identification:_identify(src/turtlebot3_simulations/turtlebot3_gazebo) by extension 'colcon_pkg'
[1.894s] Level 1:colcon.colcon_core.package_identification:_identify(src/turtlebot3_simulations/turtlebot3_gazebo) by extensions ['colcon_meta']
[1.894s] Level 1:colcon.colcon_core.package_identification:_identify(src/turtlebot3_simulations/turtlebot3_gazebo) by extension 'colcon_meta'
[1.894s] Level 1:colcon.colcon_core.package_identification:_identify(src/turtlebot3_simulations/turtlebot3_gazebo) by extensions ['ros']
[1.894s] Level 1:colcon.colcon_core.package_identification:_identify(src/turtlebot3_simulations/turtlebot3_gazebo) by extension 'ros'
[1.895s] DEBUG:colcon.colcon_core.package_identification:Package 'src/turtlebot3_simulations/turtlebot3_gazebo' with type 'ros.ament_cmake' and name 'turtlebot3_gazebo'
[1.895s] Level 1:colcon.colcon_core.package_identification:_identify(src/turtlebot3_simulations/turtlebot3_simulations) by extensions ['ignore', 'ignore_ament_install']
[1.895s] Level 1:colcon.colcon_core.package_identification:_identify(src/turtlebot3_simulations/turtlebot3_simulations) by extension 'ignore'
[1.895s] Level 1:colcon.colcon_core.package_identification:_identify(src/turtlebot3_simulations/turtlebot3_simulations) by extension 'ignore_ament_install'
[1.895s] Level 1:colcon.colcon_core.package_identification:_identify(src/turtlebot3_simulations/turtlebot3_simulations) by extensions ['colcon_pkg']
[1.895s] Level 1:colcon.colcon_core.package_identification:_identify(src/turtlebot3_simulations/turtlebot3_simulations) by extension 'colcon_pkg'
[1.895s] Level 1:colcon.colcon_core.package_identification:_identify(src/turtlebot3_simulations/turtlebot3_simulations) by extensions ['colcon_meta']
[1.895s] Level 1:colcon.colcon_core.package_identification:_identify(src/turtlebot3_simulations/turtlebot3_simulations) by extension 'colcon_meta'
[1.895s] Level 1:colcon.colcon_core.package_identification:_identify(src/turtlebot3_simulations/turtlebot3_simulations) by extensions ['ros']
[1.895s] Level 1:colcon.colcon_core.package_identification:_identify(src/turtlebot3_simulations/turtlebot3_simulations) by extension 'ros'
[1.896s] DEBUG:colcon.colcon_core.package_identification:Package 'src/turtlebot3_simulations/turtlebot3_simulations' with type 'ros.ament_cmake' and name 'turtlebot3_simulations'
[1.896s] Level 1:colcon.colcon_core.package_discovery:discover_packages(recursive) using defaults
[1.896s] Level 1:colcon.colcon_core.package_discovery:discover_packages(ignore) discover
[1.896s] Level 1:colcon.colcon_core.package_discovery:discover_packages(ignore) using defaults
[1.896s] Level 1:colcon.colcon_core.package_discovery:discover_packages(path) discover
[1.896s] Level 1:colcon.colcon_core.package_discovery:discover_packages(path) using defaults
[2.006s] INFO:colcon.colcon_core.package_selection:Skipping not selected package 'custom_interface' in 'src/custom_interface'
[2.006s] INFO:colcon.colcon_core.package_selection:Skipping not selected package 'my_first_node' in 'src/my_first_node'
[2.007s] INFO:colcon.colcon_core.package_selection:Skipping not selected package 'my_first_publisher' in 'src/my_first_publisher'
[2.007s] INFO:colcon.colcon_core.package_selection:Skipping not selected package 'my_first_subscriber' in 'src/my_first_subscriber'
[2.007s] INFO:colcon.colcon_core.package_selection:Skipping not selected package 'turtlebot3_fake_node' in 'src/turtlebot3_simulations/turtlebot3_fake_node'
[2.007s] INFO:colcon.colcon_core.package_selection:Skipping not selected package 'turtlebot3_gazebo' in 'src/turtlebot3_simulations/turtlebot3_gazebo'
[2.007s] INFO:colcon.colcon_core.package_selection:Skipping not selected package 'my_first_action' in 'src/my_first_action'
[2.007s] INFO:colcon.colcon_core.package_selection:Skipping not selected package 'my_world' in 'src/my_world'
[2.007s] INFO:colcon.colcon_core.package_selection:Skipping not selected package 'show_msg' in 'src/show_msg'
[2.007s] INFO:colcon.colcon_core.package_selection:Skipping not selected package 'turtlebot3_simulations' in 'src/turtlebot3_simulations/turtlebot3_simulations'
[2.063s] Level 1:colcon.colcon_core.package_discovery:discover_packages(prefix_path) check parameters
[2.063s] Level 1:colcon.colcon_core.package_discovery:discover_packages(prefix_path) discover
[2.121s] DEBUG:colcon.colcon_installed_package_information.package_discovery:Found 12 installed packages in /home/vboxuser/turtlebot3_ws/install
[2.151s] DEBUG:colcon.colcon_installed_package_information.package_discovery:Found 336 installed packages in /opt/ros/galactic
[2.152s] Level 1:colcon.colcon_core.package_discovery:discover_packages(prefix_path) using defaults
[2.284s] Level 5:colcon.colcon_core.verb:set package 'movimiento_manual_service' build argument 'cmake_args' from command line to 'None'
[2.284s] Level 5:colcon.colcon_core.verb:set package 'movimiento_manual_service' build argument 'cmake_target' from command line to 'None'
[2.284s] Level 5:colcon.colcon_core.verb:set package 'movimiento_manual_service' build argument 'cmake_target_skip_unavailable' from command line to 'False'
[2.284s] Level 5:colcon.colcon_core.verb:set package 'movimiento_manual_service' build argument 'cmake_clean_cache' from command line to 'False'
[2.284s] Level 5:colcon.colcon_core.verb:set package 'movimiento_manual_service' build argument 'cmake_clean_first' from command line to 'False'
[2.284s] Level 5:colcon.colcon_core.verb:set package 'movimiento_manual_service' build argument 'cmake_force_configure' from command line to 'False'
[2.284s] Level 5:colcon.colcon_core.verb:set package 'movimiento_manual_service' build argument 'ament_cmake_args' from command line to 'None'
[2.284s] Level 5:colcon.colcon_core.verb:set package 'movimiento_manual_service' build argument 'catkin_cmake_args' from command line to 'None'
[2.284s] Level 5:colcon.colcon_core.verb:set package 'movimiento_manual_service' build argument 'catkin_skip_building_tests' from command line to 'False'
[2.285s] DEBUG:colcon.colcon_core.verb:Building package 'movimiento_manual_service' with the following arguments: {'ament_cmake_args': None, 'build_base': '/home/vboxuser/turtlebot3_ws/build/movimiento_manual_service', 'catkin_cmake_args': None, 'catkin_skip_building_tests': False, 'cmake_args': None, 'cmake_clean_cache': False, 'cmake_clean_first': False, 'cmake_force_configure': False, 'cmake_target': None, 'cmake_target_skip_unavailable': False, 'install_base': '/home/vboxuser/turtlebot3_ws/install/movimiento_manual_service', 'merge_install': False, 'path': '/home/vboxuser/turtlebot3_ws/src/movimiento_manual_service', 'symlink_install': False, 'test_result_base': None}
[2.322s] INFO:colcon.colcon_core.executor:Executing jobs using 'parallel' executor
[2.353s] DEBUG:colcon.colcon_parallel_executor.executor.parallel:run_until_complete
[2.354s] INFO:colcon.colcon_ros.task.ament_python.build:Building ROS package in '/home/vboxuser/turtlebot3_ws/src/movimiento_manual_service' with build type 'ament_python'
[2.354s] Level 1:colcon.colcon_core.shell:create_environment_hook('movimiento_manual_service', 'ament_prefix_path')
[2.387s] INFO:colcon.colcon_core.plugin_system:Skipping extension 'colcon_core.shell.bat': Not used on non-Windows systems
[2.387s] INFO:colcon.colcon_core.shell:Creating environment hook '/home/vboxuser/turtlebot3_ws/install/movimiento_manual_service/share/movimiento_manual_service/hook/ament_prefix_path.ps1'
[2.388s] INFO:colcon.colcon_core.shell:Creating environment descriptor '/home/vboxuser/turtlebot3_ws/install/movimiento_manual_service/share/movimiento_manual_service/hook/ament_prefix_path.dsv'
[2.388s] INFO:colcon.colcon_core.shell:Creating environment hook '/home/vboxuser/turtlebot3_ws/install/movimiento_manual_service/share/movimiento_manual_service/hook/ament_prefix_path.sh'
[2.434s] INFO:colcon.colcon_core.shell:Skip shell extension 'powershell' for command environment: Not usable outside of PowerShell
[2.434s] DEBUG:colcon.colcon_core.shell:Skip shell extension 'dsv' for command environment
[2.718s] INFO:colcon.colcon_core.task.python.build:Building Python package in '/home/vboxuser/turtlebot3_ws/src/movimiento_manual_service'
[2.750s] INFO:colcon.colcon_core.shell:Skip shell extension 'powershell' for command environment: Not usable outside of PowerShell
[2.750s] DEBUG:colcon.colcon_core.shell:Skip shell extension 'dsv' for command environment
[3.212s] DEBUG:colcon.colcon_core.event_handler.log_command:Invoking command in '/home/vboxuser/turtlebot3_ws/src/movimiento_manual_service': CMAKE_PREFIX_PATH=/home/vboxuser/turtlebot3_ws/install/custom_interface:/home/vboxuser/turtlebot3_ws/install/turtlebot3_simulations:/home/vboxuser/turtlebot3_ws/install/my_world:/home/vboxuser/turtlebot3_ws/install/turtlebot3_gazebo:/home/vboxuser/turtlebot3_ws/install/turtlebot3_fake_node PYTHONPATH=/home/vboxuser/turtlebot3_ws/build/movimiento_manual_service/prefix_override:/home/vboxuser/turtlebot3_ws/install/movimiento_manual_service/lib/python3.8/site-packages:/home/vboxuser/turtlebot3_ws/install/custom_interface/lib/python3.8/site-packages:/home/vboxuser/turtlebot3_ws/install/show_msg/lib/python3.8/site-packages:/home/vboxuser/turtlebot3_ws/install/my_first_subscriber/lib/python3.8/site-packages:/home/vboxuser/turtlebot3_ws/install/my_first_service/lib/python3.8/site-packages:/home/vboxuser/turtlebot3_ws/install/my_first_publisher/lib/python3.8/site-packages:/home/vboxuser/turtlebot3_ws/install/my_first_node/lib/python3.8/site-packages:/home/vboxuser/turtlebot3_ws/install/my_first_action/lib/python3.8/site-packages:/home/vboxuser/turtlebot3_ws/install/movimiento_manual_service/lib/python3.8/site-packages:/opt/ros/galactic/lib/python3.8/site-packages /usr/bin/python3 setup.py egg_info --egg-base ../../build/movimiento_manual_service build --build-base /home/vboxuser/turtlebot3_ws/build/movimiento_manual_service/build install --record /home/vboxuser/turtlebot3_ws/build/movimiento_manual_service/install.log --single-version-externally-managed
[3.464s] DEBUG:colcon.colcon_core.event_handler.log_command:Invoked command in '/home/vboxuser/turtlebot3_ws/src/movimiento_manual_service' returned '0': CMAKE_PREFIX_PATH=/home/vboxuser/turtlebot3_ws/install/custom_interface:/home/vboxuser/turtlebot3_ws/install/turtlebot3_simulations:/home/vboxuser/turtlebot3_ws/install/my_world:/home/vboxuser/turtlebot3_ws/install/turtlebot3_gazebo:/home/vboxuser/turtlebot3_ws/install/turtlebot3_fake_node PYTHONPATH=/home/vboxuser/turtlebot3_ws/build/movimiento_manual_service/prefix_override:/home/vboxuser/turtlebot3_ws/install/movimiento_manual_service/lib/python3.8/site-packages:/home/vboxuser/turtlebot3_ws/install/custom_interface/lib/python3.8/site-packages:/home/vboxuser/turtlebot3_ws/install/show_msg/lib/python3.8/site-packages:/home/vboxuser/turtlebot3_ws/install/my_first_subscriber/lib/python3.8/site-packages:/home/vboxuser/turtlebot3_ws/install/my_first_service/lib/python3.8/site-packages:/home/vboxuser/turtlebot3_ws/install/my_first_publisher/lib/python3.8/site-packages:/home/vboxuser/turtlebot3_ws/install/my_first_node/lib/python3.8/site-packages:/home/vboxuser/turtlebot3_ws/install/my_first_action/lib/python3.8/site-packages:/home/vboxuser/turtlebot3_ws/install/movimiento_manual_service/lib/python3.8/site-packages:/opt/ros/galactic/lib/python3.8/site-packages /usr/bin/python3 setup.py egg_info --egg-base ../../build/movimiento_manual_service build --build-base /home/vboxuser/turtlebot3_ws/build/movimiento_manual_service/build install --record /home/vboxuser/turtlebot3_ws/build/movimiento_manual_service/install.log --single-version-externally-managed
[3.498s] Level 1:colcon.colcon_core.environment:checking '/home/vboxuser/turtlebot3_ws/install/movimiento_manual_service' for CMake module files
[3.498s] Level 1:colcon.colcon_core.environment:checking '/home/vboxuser/turtlebot3_ws/install/movimiento_manual_service' for CMake config files
[3.499s] Level 1:colcon.colcon_core.environment:checking '/home/vboxuser/turtlebot3_ws/install/movimiento_manual_service/lib'
[3.499s] Level 1:colcon.colcon_core.environment:checking '/home/vboxuser/turtlebot3_ws/install/movimiento_manual_service/bin'
[3.499s] Level 1:colcon.colcon_core.environment:checking '/home/vboxuser/turtlebot3_ws/install/movimiento_manual_service/lib/pkgconfig/movimiento_manual_service.pc'
[3.499s] Level 1:colcon.colcon_core.environment:checking '/home/vboxuser/turtlebot3_ws/install/movimiento_manual_service/lib/python3.8/site-packages'
[3.499s] Level 1:colcon.colcon_core.shell:create_environment_hook('movimiento_manual_service', 'pythonpath')
[3.529s] INFO:colcon.colcon_core.shell:Creating environment hook '/home/vboxuser/turtlebot3_ws/install/movimiento_manual_service/share/movimiento_manual_service/hook/pythonpath.ps1'
[3.529s] INFO:colcon.colcon_core.shell:Creating environment descriptor '/home/vboxuser/turtlebot3_ws/install/movimiento_manual_service/share/movimiento_manual_service/hook/pythonpath.dsv'
[3.530s] INFO:colcon.colcon_core.shell:Creating environment hook '/home/vboxuser/turtlebot3_ws/install/movimiento_manual_service/share/movimiento_manual_service/hook/pythonpath.sh'
[3.530s] Level 1:colcon.colcon_core.environment:checking '/home/vboxuser/turtlebot3_ws/install/movimiento_manual_service/bin'
[3.530s] Level 1:colcon.colcon_core.environment:create_environment_scripts_only(movimiento_manual_service)
[3.560s] INFO:colcon.colcon_core.shell:Creating package script '/home/vboxuser/turtlebot3_ws/install/movimiento_manual_service/share/movimiento_manual_service/package.ps1'
[3.561s] INFO:colcon.colcon_core.shell:Creating package descriptor '/home/vboxuser/turtlebot3_ws/install/movimiento_manual_service/share/movimiento_manual_service/package.dsv'
[3.562s] INFO:colcon.colcon_core.shell:Creating package script '/home/vboxuser/turtlebot3_ws/install/movimiento_manual_service/share/movimiento_manual_service/package.sh'
[3.563s] INFO:colcon.colcon_core.shell:Creating package script '/home/vboxuser/turtlebot3_ws/install/movimiento_manual_service/share/movimiento_manual_service/package.bash'
[3.563s] INFO:colcon.colcon_core.shell:Creating package script '/home/vboxuser/turtlebot3_ws/install/movimiento_manual_service/share/movimiento_manual_service/package.zsh'
[3.564s] Level 1:colcon.colcon_core.environment:create_file_with_runtime_dependencies(/home/vboxuser/turtlebot3_ws/install/movimiento_manual_service/share/colcon-core/packages/movimiento_manual_service)
[3.564s] DEBUG:colcon.colcon_parallel_executor.executor.parallel:closing loop
[3.564s] DEBUG:colcon.colcon_parallel_executor.executor.parallel:loop closed
[3.565s] DEBUG:colcon.colcon_parallel_executor.executor.parallel:run_until_complete finished with '0'
[3.565s] DEBUG:colcon.colcon_core.event_reactor:joining thread
[3.603s] INFO:colcon.colcon_core.plugin_system:Skipping extension 'colcon_notification.desktop_notification.terminal_notifier': Not used on non-Darwin systems
[3.603s] INFO:colcon.colcon_core.plugin_system:Skipping extension 'colcon_notification.desktop_notification.win32': Not used on non-Windows systems
[3.603s] INFO:colcon.colcon_notification.desktop_notification:Sending desktop notification using 'notify2'
[3.621s] DEBUG:colcon.colcon_core.event_reactor:joined thread
[3.651s] INFO:colcon.colcon_core.shell:Creating prefix script '/home/vboxuser/turtlebot3_ws/install/local_setup.ps1'
[3.652s] INFO:colcon.colcon_core.shell:Creating prefix util module '/home/vboxuser/turtlebot3_ws/install/_local_setup_util_ps1.py'
[3.653s] INFO:colcon.colcon_core.shell:Creating prefix chain script '/home/vboxuser/turtlebot3_ws/install/setup.ps1'
[3.691s] INFO:colcon.colcon_core.shell:Creating prefix script '/home/vboxuser/turtlebot3_ws/install/local_setup.sh'
[3.691s] INFO:colcon.colcon_core.shell:Creating prefix util module '/home/vboxuser/turtlebot3_ws/install/_local_setup_util_sh.py'
[3.692s] INFO:colcon.colcon_core.shell:Creating prefix chain script '/home/vboxuser/turtlebot3_ws/install/setup.sh'
[3.725s] INFO:colcon.colcon_core.shell:Creating prefix script '/home/vboxuser/turtlebot3_ws/install/local_setup.bash'
[3.726s] INFO:colcon.colcon_core.shell:Creating prefix chain script '/home/vboxuser/turtlebot3_ws/install/setup.bash'
[3.758s] INFO:colcon.colcon_core.shell:Creating prefix script '/home/vboxuser/turtlebot3_ws/install/local_setup.zsh'
[3.759s] INFO:colcon.colcon_core.shell:Creating prefix chain script '/home/vboxuser/turtlebot3_ws/install/setup.zsh'
