[0.114s] Invoking command in '/home/vboxuser/turtlebot3_ws/build/proy_eq1_custom_interface': CMAKE_PREFIX_PATH=${CMAKE_PREFIX_PATH}:/home/vboxuser/turtlebot3_ws/install/show_msg:/home/vboxuser/turtlebot3_ws/install/proy_eq1_nav_manual:/home/vboxuser/turtlebot3_ws/install/proy_eq1_custom_interface:/home/vboxuser/turtlebot3_ws/install/my_first_subscriber:/home/vboxuser/turtlebot3_ws/install/my_first_service:/home/vboxuser/turtlebot3_ws/install/my_first_publisher:/home/vboxuser/turtlebot3_ws/install/my_first_node:/home/vboxuser/turtlebot3_ws/install/my_first_action:/home/vboxuser/turtlebot3_ws/install/movimiento_manual_service:/opt/ros/galactic /usr/bin/cmake /home/vboxuser/turtlebot3_ws/src/proy_eq1/proy_eq1_custom_interface -DCMAKE_INSTALL_PREFIX=/home/vboxuser/turtlebot3_ws/install/proy_eq1_custom_interface
[0.154s] -- The C compiler identification is GNU 9.4.0
[0.190s] -- The CXX compiler identification is GNU 9.4.0
[0.193s] -- Check for working C compiler: /usr/bin/cc
[0.238s] -- Check for working C compiler: /usr/bin/cc -- works
[0.239s] -- Detecting C compiler ABI info
[0.282s] -- Detecting C compiler ABI info - done
[0.289s] -- Detecting C compile features
[0.289s] -- Detecting C compile features - done
[0.291s] -- Check for working CXX compiler: /usr/bin/c++
[0.341s] -- Check for working CXX compiler: /usr/bin/c++ -- works
[0.342s] -- Detecting CXX compiler ABI info
[0.394s] -- Detecting CXX compiler ABI info - done
[0.402s] -- Detecting CXX compile features
[0.402s] -- Detecting CXX compile features - done
[0.405s] -- Found ament_cmake: 1.1.6 (/opt/ros/galactic/share/ament_cmake/cmake)
[0.425s] -- Found PythonInterp: /usr/bin/python3 (found suitable version "3.8.10", minimum required is "3") 
[0.425s] -- Using PYTHON_EXECUTABLE: /usr/bin/python3
[0.495s] -- Found rclcpp: 9.2.2 (/opt/ros/galactic/share/rclcpp/cmake)
[0.567s] -- Using all available rosidl_typesupport_c: rosidl_typesupport_fastrtps_c;rosidl_typesupport_introspection_c
[0.578s] -- Found rosidl_adapter: 2.2.3 (/opt/ros/galactic/share/rosidl_adapter/cmake)
[0.663s] -- Found OpenSSL: /usr/lib/x86_64-linux-gnu/libcrypto.so (found version "1.1.1f")  
[0.688s] -- Found FastRTPS: /opt/ros/galactic/include  
[0.765s] -- Using all available rosidl_typesupport_cpp: rosidl_typesupport_fastrtps_cpp;rosidl_typesupport_introspection_cpp
[0.840s] -- Found rmw_implementation_cmake: 3.3.1 (/opt/ros/galactic/share/rmw_implementation_cmake/cmake)
[0.844s] -- Found rmw_cyclonedds_cpp: 0.22.6 (/opt/ros/galactic/share/rmw_cyclonedds_cpp/cmake)
[0.863s] -- Using RMW implementation 'rmw_cyclonedds_cpp' as default
[0.865s] -- Looking for pthread.h
[0.920s] -- Looking for pthread.h - found
[0.920s] -- Performing Test CMAKE_HAVE_LIBC_PTHREAD
[0.969s] -- Performing Test CMAKE_HAVE_LIBC_PTHREAD - Failed
[0.969s] -- Looking for pthread_create in pthreads
[1.009s] -- Looking for pthread_create in pthreads - not found
[1.009s] -- Looking for pthread_create in pthread
[1.053s] -- Looking for pthread_create in pthread - found
[1.054s] -- Found Threads: TRUE  
[1.183s] -- Found rosidl_default_generators: 1.1.1 (/opt/ros/galactic/share/rosidl_default_generators/cmake)
[1.197s] -- Found ament_lint_auto: 0.10.7 (/opt/ros/galactic/share/ament_lint_auto/cmake)
[1.237s] CMake Error at /opt/ros/galactic/share/ament_cmake_core/cmake/core/ament_package_xml.cmake:53 (message):
[1.237s]   ament_package_xml() package name 'proy_eq1_custom_interface' in
[1.237s]   '/package.xml' does not match current PROJECT_NAME 'custom_interface'.  You
[1.237s]   must call project() with the same package name before.
[1.237s] Call Stack (most recent call first):
[1.237s]   /opt/ros/galactic/share/ament_lint_auto/cmake/ament_lint_auto_find_test_dependencies.cmake:31 (ament_package_xml)
[1.238s]   CMakeLists.txt:25 (ament_lint_auto_find_test_dependencies)
[1.238s] 
[1.238s] 
[1.239s] -- Configuring incomplete, errors occurred!
[1.239s] See also "/home/vboxuser/turtlebot3_ws/build/proy_eq1_custom_interface/CMakeFiles/CMakeOutput.log".
[1.239s] See also "/home/vboxuser/turtlebot3_ws/build/proy_eq1_custom_interface/CMakeFiles/CMakeError.log".
[1.245s] Invoked command in '/home/vboxuser/turtlebot3_ws/build/proy_eq1_custom_interface' returned '1': CMAKE_PREFIX_PATH=${CMAKE_PREFIX_PATH}:/home/vboxuser/turtlebot3_ws/install/show_msg:/home/vboxuser/turtlebot3_ws/install/proy_eq1_nav_manual:/home/vboxuser/turtlebot3_ws/install/proy_eq1_custom_interface:/home/vboxuser/turtlebot3_ws/install/my_first_subscriber:/home/vboxuser/turtlebot3_ws/install/my_first_service:/home/vboxuser/turtlebot3_ws/install/my_first_publisher:/home/vboxuser/turtlebot3_ws/install/my_first_node:/home/vboxuser/turtlebot3_ws/install/my_first_action:/home/vboxuser/turtlebot3_ws/install/movimiento_manual_service:/opt/ros/galactic /usr/bin/cmake /home/vboxuser/turtlebot3_ws/src/proy_eq1/proy_eq1_custom_interface -DCMAKE_INSTALL_PREFIX=/home/vboxuser/turtlebot3_ws/install/proy_eq1_custom_interface
