[0.520s] Invoking command in '/home/vboxuser/turtlebot3_ws/src/proy_eq1': PYTHONPATH=/home/vboxuser/turtlebot3_ws/build/proy_eq1/prefix_override:/home/vboxuser/turtlebot3_ws/install/proy_eq1/lib/python3.8/site-packages:${PYTHONPATH} /usr/bin/python3 setup.py egg_info --egg-base ../../build/proy_eq1 build --build-base /home/vboxuser/turtlebot3_ws/build/proy_eq1/build install --record /home/vboxuser/turtlebot3_ws/build/proy_eq1/install.log --single-version-externally-managed
[0.665s] running egg_info
[0.665s] creating ../../build/proy_eq1/proy_eq1.egg-info
[0.665s] writing ../../build/proy_eq1/proy_eq1.egg-info/PKG-INFO
[0.665s] writing dependency_links to ../../build/proy_eq1/proy_eq1.egg-info/dependency_links.txt
[0.665s] writing entry points to ../../build/proy_eq1/proy_eq1.egg-info/entry_points.txt
[0.666s] writing requirements to ../../build/proy_eq1/proy_eq1.egg-info/requires.txt
[0.666s] writing top-level names to ../../build/proy_eq1/proy_eq1.egg-info/top_level.txt
[0.667s] writing manifest file '../../build/proy_eq1/proy_eq1.egg-info/SOURCES.txt'
[0.688s] reading manifest file '../../build/proy_eq1/proy_eq1.egg-info/SOURCES.txt'
[0.689s] writing manifest file '../../build/proy_eq1/proy_eq1.egg-info/SOURCES.txt'
[0.689s] running build
[0.689s] running build_py
[0.689s] creating /home/vboxuser/turtlebot3_ws/build/proy_eq1/build
[0.689s] creating /home/vboxuser/turtlebot3_ws/build/proy_eq1/build/lib
[0.689s] creating /home/vboxuser/turtlebot3_ws/build/proy_eq1/build/lib/proy_eq1
[0.689s] copying proy_eq1/__init__.py -> /home/vboxuser/turtlebot3_ws/build/proy_eq1/build/lib/proy_eq1
[0.689s] running install
[0.690s] running install_lib
[0.690s] creating /home/vboxuser/turtlebot3_ws/install/proy_eq1/lib/python3.8/site-packages/proy_eq1
[0.690s] copying /home/vboxuser/turtlebot3_ws/build/proy_eq1/build/lib/proy_eq1/__init__.py -> /home/vboxuser/turtlebot3_ws/install/proy_eq1/lib/python3.8/site-packages/proy_eq1
[0.690s] byte-compiling /home/vboxuser/turtlebot3_ws/install/proy_eq1/lib/python3.8/site-packages/proy_eq1/__init__.py to __init__.cpython-38.pyc
[0.691s] running install_data
[0.691s] creating /home/vboxuser/turtlebot3_ws/install/proy_eq1/share
[0.691s] creating /home/vboxuser/turtlebot3_ws/install/proy_eq1/share/ament_index
[0.692s] creating /home/vboxuser/turtlebot3_ws/install/proy_eq1/share/ament_index/resource_index
[0.692s] creating /home/vboxuser/turtlebot3_ws/install/proy_eq1/share/ament_index/resource_index/packages
[0.692s] copying resource/proy_eq1 -> /home/vboxuser/turtlebot3_ws/install/proy_eq1/share/ament_index/resource_index/packages
[0.692s] creating /home/vboxuser/turtlebot3_ws/install/proy_eq1/share/proy_eq1
[0.692s] error: can't copy 'package.xml': doesn't exist or not a regular file
[0.703s] Invoked command in '/home/vboxuser/turtlebot3_ws/src/proy_eq1' returned '1': PYTHONPATH=/home/vboxuser/turtlebot3_ws/build/proy_eq1/prefix_override:/home/vboxuser/turtlebot3_ws/install/proy_eq1/lib/python3.8/site-packages:${PYTHONPATH} /usr/bin/python3 setup.py egg_info --egg-base ../../build/proy_eq1 build --build-base /home/vboxuser/turtlebot3_ws/build/proy_eq1/build install --record /home/vboxuser/turtlebot3_ws/build/proy_eq1/install.log --single-version-externally-managed
