[0.000000] (-) TimerEvent: {}
[0.000099] (-) JobUnselected: {'identifier': 'custom_interface'}
[0.000118] (-) JobUnselected: {'identifier': 'movimiento_manual_service'}
[0.000138] (-) JobUnselected: {'identifier': 'my_first_action'}
[0.000151] (-) JobUnselected: {'identifier': 'my_first_node'}
[0.000160] (-) JobUnselected: {'identifier': 'my_first_publisher'}
[0.000169] (-) JobUnselected: {'identifier': 'my_first_subscriber'}
[0.000196] (-) JobUnselected: {'identifier': 'my_world'}
[0.000205] (-) JobUnselected: {'identifier': 'proy_asun'}
[0.000214] (-) JobUnselected: {'identifier': 'proy_eq1_custom_interface'}
[0.000223] (-) JobUnselected: {'identifier': 'proy_eq1_custom_interface'}
[0.000232] (-) JobUnselected: {'identifier': 'proy_eq1_nav_manual'}
[0.000240] (-) JobUnselected: {'identifier': 'proy_eq1_nav_manual'}
[0.000249] (-) JobUnselected: {'identifier': 'show_msg'}
[0.000262] (-) JobUnselected: {'identifier': 'turtlebot3_fake_node'}
[0.000281] (-) JobUnselected: {'identifier': 'turtlebot3_gazebo'}
[0.000308] (-) JobUnselected: {'identifier': 'turtlebot3_simulations'}
[0.000321] (proy_eq1) JobQueued: {'identifier': 'proy_eq1', 'dependencies': OrderedDict([('custom_interface', '/home/vboxuser/turtlebot3_ws/install/custom_interface'), ('proy_eq1_custom_interface', '/home/vboxuser/turtlebot3_ws/install/proy_eq1_custom_interface'), ('proy_eq1_nav_manual', '/home/vboxuser/turtlebot3_ws/install/proy_eq1_nav_manual')])}
[0.000339] (proy_eq1) JobStarted: {'identifier': 'proy_eq1'}
[0.099619] (-) TimerEvent: {}
[0.201787] (-) TimerEvent: {}
[0.206368] (proy_eq1) JobEnded: {'identifier': 'proy_eq1', 'rc': 1}
[0.216706] (-) EventReactorShutdown: {}
